[2024-09-05T22:00:01.460+0000] {local_task_job_runner.py:123} INFO - ::group::Pre task execution logs
[2024-09-05T22:00:01.485+0000] {taskinstance.py:2603} INFO - Dependencies all met for dep_context=non-requeueable deps ti=<TaskInstance: user_input_2sum.get_sum scheduled__2024-09-05T21:00:00+00:00 [queued]>
[2024-09-05T22:00:01.493+0000] {taskinstance.py:2603} INFO - Dependencies all met for dep_context=requeueable deps ti=<TaskInstance: user_input_2sum.get_sum scheduled__2024-09-05T21:00:00+00:00 [queued]>
[2024-09-05T22:00:01.494+0000] {taskinstance.py:2856} INFO - Starting attempt 1 of 1
[2024-09-05T22:00:01.513+0000] {taskinstance.py:2879} INFO - Executing <Task(PythonOperator): get_sum> on 2024-09-05 21:00:00+00:00
[2024-09-05T22:00:01.527+0000] {standard_task_runner.py:104} INFO - Running: ['***', 'tasks', 'run', 'user_input_2sum', 'get_sum', 'scheduled__2024-09-05T21:00:00+00:00', '--job-id', '154', '--raw', '--subdir', 'DAGS_FOLDER/python_operator_dag_with_userinput.py', '--cfg-path', '/tmp/tmp9i5tjr4l']
[2024-09-05T22:00:01.531+0000] {standard_task_runner.py:105} INFO - Job 154: Subtask get_sum
[2024-09-05T22:00:01.536+0000] {logging_mixin.py:190} WARNING - /home/***/.local/lib/python3.12/site-packages/***/task/task_runner/standard_task_runner.py:70 DeprecationWarning: This process (pid=22586) is multi-threaded, use of fork() may lead to deadlocks in the child.
[2024-09-05T22:00:01.537+0000] {standard_task_runner.py:72} INFO - Started process 22587 to run task
[2024-09-05T22:00:01.587+0000] {task_command.py:467} INFO - Running <TaskInstance: user_input_2sum.get_sum scheduled__2024-09-05T21:00:00+00:00 [running]> on host 626f2e28dec2
[2024-09-05T22:00:01.662+0000] {taskinstance.py:3122} INFO - Exporting env vars: AIRFLOW_CTX_DAG_OWNER='abhay' AIRFLOW_CTX_DAG_ID='user_input_2sum' AIRFLOW_CTX_TASK_ID='get_sum' AIRFLOW_CTX_EXECUTION_DATE='2024-09-05T21:00:00+00:00' AIRFLOW_CTX_TRY_NUMBER='1' AIRFLOW_CTX_DAG_RUN_ID='scheduled__2024-09-05T21:00:00+00:00'
[2024-09-05T22:00:01.664+0000] {taskinstance.py:731} INFO - ::endgroup::
[2024-09-05T22:00:01.686+0000] {logging_mixin.py:190} INFO - Received num1: 0, num2: 0
[2024-09-05T22:00:01.687+0000] {logging_mixin.py:190} INFO - Sum: 0
[2024-09-05T22:00:01.688+0000] {python.py:240} INFO - Done. Returned value was: None
[2024-09-05T22:00:01.694+0000] {taskinstance.py:340} INFO - ::group::Post task execution logs
[2024-09-05T22:00:01.695+0000] {taskinstance.py:352} INFO - Marking task as SUCCESS. dag_id=user_input_2sum, task_id=get_sum, run_id=scheduled__2024-09-05T21:00:00+00:00, execution_date=20240905T210000, start_date=20240905T220001, end_date=20240905T220001
[2024-09-05T22:00:01.718+0000] {local_task_job_runner.py:261} INFO - Task exited with return code 0
[2024-09-05T22:00:01.730+0000] {taskinstance.py:3891} INFO - 0 downstream tasks scheduled from follow-on schedule check
[2024-09-05T22:00:01.731+0000] {local_task_job_runner.py:240} INFO - ::endgroup::
