[2024-09-02T01:41:20.402+0000] {local_task_job_runner.py:123} INFO - ::group::Pre task execution logs
[2024-09-02T01:41:20.432+0000] {taskinstance.py:2603} INFO - Dependencies all met for dep_context=non-requeueable deps ti=<TaskInstance: example_python_operator.sleep_for_0 manual__2024-09-02T01:41:15.472675+00:00 [queued]>
[2024-09-02T01:41:20.456+0000] {taskinstance.py:2603} INFO - Dependencies all met for dep_context=requeueable deps ti=<TaskInstance: example_python_operator.sleep_for_0 manual__2024-09-02T01:41:15.472675+00:00 [queued]>
[2024-09-02T01:41:20.458+0000] {taskinstance.py:2856} INFO - Starting attempt 1 of 1
[2024-09-02T01:41:20.491+0000] {taskinstance.py:2879} INFO - Executing <Task(PythonOperator): sleep_for_0> on 2024-09-02 01:41:15.472675+00:00
[2024-09-02T01:41:20.594+0000] {logging_mixin.py:190} WARNING - /home/***/.local/lib/python3.12/site-packages/***/task/task_runner/standard_task_runner.py:70 DeprecationWarning: This process (pid=1320) is multi-threaded, use of fork() may lead to deadlocks in the child.
[2024-09-02T01:41:20.602+0000] {standard_task_runner.py:72} INFO - Started process 1330 to run task
[2024-09-02T01:41:20.618+0000] {standard_task_runner.py:104} INFO - Running: ['***', 'tasks', 'run', 'example_python_operator', 'sleep_for_0', 'manual__2024-09-02T01:41:15.472675+00:00', '--job-id', '9', '--raw', '--subdir', '/home/***/.local/lib/python3.12/site-packages/***/example_dags/example_python_operator.py', '--cfg-path', '/tmp/tmpbnz0zcuu']
[2024-09-02T01:41:20.632+0000] {standard_task_runner.py:105} INFO - Job 9: Subtask sleep_for_0
[2024-09-02T01:41:20.787+0000] {task_command.py:467} INFO - Running <TaskInstance: example_python_operator.sleep_for_0 manual__2024-09-02T01:41:15.472675+00:00 [running]> on host 453e90e1ba4d
[2024-09-02T01:41:20.906+0000] {taskinstance.py:3122} INFO - Exporting env vars: AIRFLOW_CTX_DAG_OWNER='***' AIRFLOW_CTX_DAG_ID='example_python_operator' AIRFLOW_CTX_TASK_ID='sleep_for_0' AIRFLOW_CTX_EXECUTION_DATE='2024-09-02T01:41:15.472675+00:00' AIRFLOW_CTX_TRY_NUMBER='1' AIRFLOW_CTX_DAG_RUN_ID='manual__2024-09-02T01:41:15.472675+00:00'
[2024-09-02T01:41:20.914+0000] {logging_mixin.py:190} INFO - Task instance is in running state
[2024-09-02T01:41:20.916+0000] {logging_mixin.py:190} INFO -  Previous state of the Task instance: queued
[2024-09-02T01:41:20.918+0000] {logging_mixin.py:190} INFO - Current task name:sleep_for_0 state:running start_date:2024-09-02 01:41:20.437723+00:00
[2024-09-02T01:41:20.919+0000] {logging_mixin.py:190} INFO - Dag name:example_python_operator and current dag run status:running
[2024-09-02T01:41:20.921+0000] {taskinstance.py:731} INFO - ::endgroup::
[2024-09-02T01:41:20.923+0000] {python.py:240} INFO - Done. Returned value was: None
[2024-09-02T01:41:20.932+0000] {taskinstance.py:340} INFO - ::group::Post task execution logs
[2024-09-02T01:41:20.935+0000] {taskinstance.py:352} INFO - Marking task as SUCCESS. dag_id=example_python_operator, task_id=sleep_for_0, run_id=manual__2024-09-02T01:41:15.472675+00:00, execution_date=20240902T014115, start_date=20240902T014120, end_date=20240902T014120
[2024-09-02T01:41:20.944+0000] {logging_mixin.py:190} INFO - Task instance in success state
[2024-09-02T01:41:20.946+0000] {logging_mixin.py:190} INFO -  Previous state of the Task instance: running
[2024-09-02T01:41:20.947+0000] {logging_mixin.py:190} INFO - Dag name:example_python_operator queued_at:2024-09-02 01:41:15.600936+00:00
[2024-09-02T01:41:20.949+0000] {logging_mixin.py:190} INFO - Task hostname:453e90e1ba4d operator:PythonOperator
[2024-09-02T01:41:20.997+0000] {local_task_job_runner.py:261} INFO - Task exited with return code 0
[2024-09-02T01:41:21.024+0000] {taskinstance.py:3891} INFO - 0 downstream tasks scheduled from follow-on schedule check
[2024-09-02T01:41:21.028+0000] {local_task_job_runner.py:240} INFO - ::endgroup::
