[2024-09-02T01:39:21.023+0000] {processor.py:186} INFO - Started process (PID=206) to work on /home/airflow/.local/lib/python3.12/site-packages/airflow/example_dags/example_external_task_marker_dag.py
[2024-09-02T01:39:21.025+0000] {processor.py:914} INFO - Processing file /home/airflow/.local/lib/python3.12/site-packages/airflow/example_dags/example_external_task_marker_dag.py for tasks to queue
[2024-09-02T01:39:21.028+0000] {logging_mixin.py:190} INFO - [2024-09-02T01:39:21.028+0000] {dagbag.py:587} INFO - Filling up the DagBag from /home/airflow/.local/lib/python3.12/site-packages/airflow/example_dags/example_external_task_marker_dag.py
[2024-09-02T01:39:21.040+0000] {processor.py:925} INFO - DAG(s) 'example_external_task_marker_parent', 'example_external_task_marker_child' retrieved from /home/airflow/.local/lib/python3.12/site-packages/airflow/example_dags/example_external_task_marker_dag.py
[2024-09-02T01:39:21.117+0000] {logging_mixin.py:190} INFO - [2024-09-02T01:39:21.117+0000] {override.py:1858} INFO - Created Permission View: can edit on DAG:example_external_task_marker_parent
[2024-09-02T01:39:21.124+0000] {logging_mixin.py:190} INFO - [2024-09-02T01:39:21.123+0000] {override.py:1858} INFO - Created Permission View: can read on DAG:example_external_task_marker_parent
[2024-09-02T01:39:21.128+0000] {logging_mixin.py:190} INFO - [2024-09-02T01:39:21.128+0000] {override.py:1858} INFO - Created Permission View: can delete on DAG:example_external_task_marker_parent
[2024-09-02T01:39:21.139+0000] {logging_mixin.py:190} INFO - [2024-09-02T01:39:21.139+0000] {override.py:1858} INFO - Created Permission View: can edit on DAG:example_external_task_marker_child
[2024-09-02T01:39:21.144+0000] {logging_mixin.py:190} INFO - [2024-09-02T01:39:21.144+0000] {override.py:1858} INFO - Created Permission View: can read on DAG:example_external_task_marker_child
[2024-09-02T01:39:21.150+0000] {logging_mixin.py:190} INFO - [2024-09-02T01:39:21.150+0000] {override.py:1858} INFO - Created Permission View: can delete on DAG:example_external_task_marker_child
[2024-09-02T01:39:21.151+0000] {logging_mixin.py:190} INFO - [2024-09-02T01:39:21.151+0000] {dag.py:3211} INFO - Sync 2 DAGs
[2024-09-02T01:39:21.160+0000] {logging_mixin.py:190} INFO - [2024-09-02T01:39:21.160+0000] {dag.py:3234} INFO - Creating ORM DAG for example_external_task_marker_child
[2024-09-02T01:39:21.161+0000] {logging_mixin.py:190} INFO - [2024-09-02T01:39:21.161+0000] {dag.py:3234} INFO - Creating ORM DAG for example_external_task_marker_parent
[2024-09-02T01:39:21.163+0000] {logging_mixin.py:190} INFO - [2024-09-02T01:39:21.162+0000] {dag.py:4138} INFO - Setting next_dagrun for example_external_task_marker_child to None, run_after=None
[2024-09-02T01:39:21.164+0000] {logging_mixin.py:190} INFO - [2024-09-02T01:39:21.163+0000] {dag.py:4138} INFO - Setting next_dagrun for example_external_task_marker_parent to None, run_after=None
[2024-09-02T01:39:21.175+0000] {processor.py:208} INFO - Processing /home/airflow/.local/lib/python3.12/site-packages/airflow/example_dags/example_external_task_marker_dag.py took 0.161 seconds
[2024-09-02T01:39:51.546+0000] {processor.py:186} INFO - Started process (PID=492) to work on /home/airflow/.local/lib/python3.12/site-packages/airflow/example_dags/example_external_task_marker_dag.py
[2024-09-02T01:39:51.548+0000] {processor.py:914} INFO - Processing file /home/airflow/.local/lib/python3.12/site-packages/airflow/example_dags/example_external_task_marker_dag.py for tasks to queue
[2024-09-02T01:39:51.549+0000] {logging_mixin.py:190} INFO - [2024-09-02T01:39:51.549+0000] {dagbag.py:587} INFO - Filling up the DagBag from /home/airflow/.local/lib/python3.12/site-packages/airflow/example_dags/example_external_task_marker_dag.py
[2024-09-02T01:39:51.555+0000] {processor.py:925} INFO - DAG(s) 'example_external_task_marker_child', 'example_external_task_marker_parent' retrieved from /home/airflow/.local/lib/python3.12/site-packages/airflow/example_dags/example_external_task_marker_dag.py
[2024-09-02T01:39:51.569+0000] {logging_mixin.py:190} INFO - [2024-09-02T01:39:51.569+0000] {dag.py:3211} INFO - Sync 2 DAGs
[2024-09-02T01:39:51.579+0000] {logging_mixin.py:190} INFO - [2024-09-02T01:39:51.579+0000] {dag.py:4138} INFO - Setting next_dagrun for example_external_task_marker_child to None, run_after=None
[2024-09-02T01:39:51.582+0000] {logging_mixin.py:190} INFO - [2024-09-02T01:39:51.582+0000] {dag.py:4138} INFO - Setting next_dagrun for example_external_task_marker_parent to None, run_after=None
[2024-09-02T01:39:51.591+0000] {processor.py:208} INFO - Processing /home/airflow/.local/lib/python3.12/site-packages/airflow/example_dags/example_external_task_marker_dag.py took 0.049 seconds
[2024-09-02T01:40:22.712+0000] {processor.py:186} INFO - Started process (PID=775) to work on /home/airflow/.local/lib/python3.12/site-packages/airflow/example_dags/example_external_task_marker_dag.py
[2024-09-02T01:40:22.714+0000] {processor.py:914} INFO - Processing file /home/airflow/.local/lib/python3.12/site-packages/airflow/example_dags/example_external_task_marker_dag.py for tasks to queue
[2024-09-02T01:40:22.716+0000] {logging_mixin.py:190} INFO - [2024-09-02T01:40:22.716+0000] {dagbag.py:587} INFO - Filling up the DagBag from /home/airflow/.local/lib/python3.12/site-packages/airflow/example_dags/example_external_task_marker_dag.py
[2024-09-02T01:40:22.721+0000] {processor.py:925} INFO - DAG(s) 'example_external_task_marker_parent', 'example_external_task_marker_child' retrieved from /home/airflow/.local/lib/python3.12/site-packages/airflow/example_dags/example_external_task_marker_dag.py
[2024-09-02T01:40:22.737+0000] {logging_mixin.py:190} INFO - [2024-09-02T01:40:22.736+0000] {dag.py:3211} INFO - Sync 2 DAGs
[2024-09-02T01:40:22.745+0000] {logging_mixin.py:190} INFO - [2024-09-02T01:40:22.745+0000] {dag.py:4138} INFO - Setting next_dagrun for example_external_task_marker_child to None, run_after=None
[2024-09-02T01:40:22.748+0000] {logging_mixin.py:190} INFO - [2024-09-02T01:40:22.748+0000] {dag.py:4138} INFO - Setting next_dagrun for example_external_task_marker_parent to None, run_after=None
[2024-09-02T01:40:22.756+0000] {processor.py:208} INFO - Processing /home/airflow/.local/lib/python3.12/site-packages/airflow/example_dags/example_external_task_marker_dag.py took 0.048 seconds
[2024-09-02T01:40:53.367+0000] {processor.py:186} INFO - Started process (PID=1064) to work on /home/airflow/.local/lib/python3.12/site-packages/airflow/example_dags/example_external_task_marker_dag.py
[2024-09-02T01:40:53.368+0000] {processor.py:914} INFO - Processing file /home/airflow/.local/lib/python3.12/site-packages/airflow/example_dags/example_external_task_marker_dag.py for tasks to queue
[2024-09-02T01:40:53.370+0000] {logging_mixin.py:190} INFO - [2024-09-02T01:40:53.370+0000] {dagbag.py:587} INFO - Filling up the DagBag from /home/airflow/.local/lib/python3.12/site-packages/airflow/example_dags/example_external_task_marker_dag.py
[2024-09-02T01:40:53.376+0000] {processor.py:925} INFO - DAG(s) 'example_external_task_marker_child', 'example_external_task_marker_parent' retrieved from /home/airflow/.local/lib/python3.12/site-packages/airflow/example_dags/example_external_task_marker_dag.py
[2024-09-02T01:40:53.391+0000] {logging_mixin.py:190} INFO - [2024-09-02T01:40:53.391+0000] {dag.py:3211} INFO - Sync 2 DAGs
[2024-09-02T01:40:53.400+0000] {logging_mixin.py:190} INFO - [2024-09-02T01:40:53.400+0000] {dag.py:4138} INFO - Setting next_dagrun for example_external_task_marker_child to None, run_after=None
[2024-09-02T01:40:53.403+0000] {logging_mixin.py:190} INFO - [2024-09-02T01:40:53.403+0000] {dag.py:4138} INFO - Setting next_dagrun for example_external_task_marker_parent to None, run_after=None
[2024-09-02T01:40:53.412+0000] {processor.py:208} INFO - Processing /home/airflow/.local/lib/python3.12/site-packages/airflow/example_dags/example_external_task_marker_dag.py took 0.050 seconds
[2024-09-02T01:41:24.660+0000] {processor.py:186} INFO - Started process (PID=1381) to work on /home/airflow/.local/lib/python3.12/site-packages/airflow/example_dags/example_external_task_marker_dag.py
[2024-09-02T01:41:24.665+0000] {processor.py:914} INFO - Processing file /home/airflow/.local/lib/python3.12/site-packages/airflow/example_dags/example_external_task_marker_dag.py for tasks to queue
[2024-09-02T01:41:24.667+0000] {logging_mixin.py:190} INFO - [2024-09-02T01:41:24.667+0000] {dagbag.py:587} INFO - Filling up the DagBag from /home/airflow/.local/lib/python3.12/site-packages/airflow/example_dags/example_external_task_marker_dag.py
[2024-09-02T01:41:24.674+0000] {processor.py:925} INFO - DAG(s) 'example_external_task_marker_parent', 'example_external_task_marker_child' retrieved from /home/airflow/.local/lib/python3.12/site-packages/airflow/example_dags/example_external_task_marker_dag.py
[2024-09-02T01:41:24.689+0000] {logging_mixin.py:190} INFO - [2024-09-02T01:41:24.689+0000] {dag.py:3211} INFO - Sync 2 DAGs
[2024-09-02T01:41:24.700+0000] {logging_mixin.py:190} INFO - [2024-09-02T01:41:24.700+0000] {dag.py:4138} INFO - Setting next_dagrun for example_external_task_marker_child to None, run_after=None
[2024-09-02T01:41:24.703+0000] {logging_mixin.py:190} INFO - [2024-09-02T01:41:24.703+0000] {dag.py:4138} INFO - Setting next_dagrun for example_external_task_marker_parent to None, run_after=None
[2024-09-02T01:41:24.719+0000] {processor.py:208} INFO - Processing /home/airflow/.local/lib/python3.12/site-packages/airflow/example_dags/example_external_task_marker_dag.py took 0.062 seconds
[2024-09-02T01:41:54.847+0000] {processor.py:186} INFO - Started process (PID=1705) to work on /home/airflow/.local/lib/python3.12/site-packages/airflow/example_dags/example_external_task_marker_dag.py
[2024-09-02T01:41:54.848+0000] {processor.py:914} INFO - Processing file /home/airflow/.local/lib/python3.12/site-packages/airflow/example_dags/example_external_task_marker_dag.py for tasks to queue
[2024-09-02T01:41:54.854+0000] {logging_mixin.py:190} INFO - [2024-09-02T01:41:54.854+0000] {dagbag.py:587} INFO - Filling up the DagBag from /home/airflow/.local/lib/python3.12/site-packages/airflow/example_dags/example_external_task_marker_dag.py
[2024-09-02T01:41:54.860+0000] {processor.py:925} INFO - DAG(s) 'example_external_task_marker_child', 'example_external_task_marker_parent' retrieved from /home/airflow/.local/lib/python3.12/site-packages/airflow/example_dags/example_external_task_marker_dag.py
[2024-09-02T01:41:54.875+0000] {logging_mixin.py:190} INFO - [2024-09-02T01:41:54.875+0000] {dag.py:3211} INFO - Sync 2 DAGs
[2024-09-02T01:41:54.885+0000] {logging_mixin.py:190} INFO - [2024-09-02T01:41:54.885+0000] {dag.py:4138} INFO - Setting next_dagrun for example_external_task_marker_child to None, run_after=None
[2024-09-02T01:41:54.888+0000] {logging_mixin.py:190} INFO - [2024-09-02T01:41:54.887+0000] {dag.py:4138} INFO - Setting next_dagrun for example_external_task_marker_parent to None, run_after=None
[2024-09-02T01:41:54.895+0000] {processor.py:208} INFO - Processing /home/airflow/.local/lib/python3.12/site-packages/airflow/example_dags/example_external_task_marker_dag.py took 0.052 seconds
[2024-09-02T01:42:26.008+0000] {processor.py:186} INFO - Started process (PID=1995) to work on /home/airflow/.local/lib/python3.12/site-packages/airflow/example_dags/example_external_task_marker_dag.py
[2024-09-02T01:42:26.010+0000] {processor.py:914} INFO - Processing file /home/airflow/.local/lib/python3.12/site-packages/airflow/example_dags/example_external_task_marker_dag.py for tasks to queue
[2024-09-02T01:42:26.012+0000] {logging_mixin.py:190} INFO - [2024-09-02T01:42:26.012+0000] {dagbag.py:587} INFO - Filling up the DagBag from /home/airflow/.local/lib/python3.12/site-packages/airflow/example_dags/example_external_task_marker_dag.py
[2024-09-02T01:42:26.018+0000] {processor.py:925} INFO - DAG(s) 'example_external_task_marker_parent', 'example_external_task_marker_child' retrieved from /home/airflow/.local/lib/python3.12/site-packages/airflow/example_dags/example_external_task_marker_dag.py
[2024-09-02T01:42:26.033+0000] {logging_mixin.py:190} INFO - [2024-09-02T01:42:26.033+0000] {dag.py:3211} INFO - Sync 2 DAGs
[2024-09-02T01:42:26.042+0000] {logging_mixin.py:190} INFO - [2024-09-02T01:42:26.042+0000] {dag.py:4138} INFO - Setting next_dagrun for example_external_task_marker_child to None, run_after=None
[2024-09-02T01:42:26.046+0000] {logging_mixin.py:190} INFO - [2024-09-02T01:42:26.046+0000] {dag.py:4138} INFO - Setting next_dagrun for example_external_task_marker_parent to None, run_after=None
[2024-09-02T01:42:26.056+0000] {processor.py:208} INFO - Processing /home/airflow/.local/lib/python3.12/site-packages/airflow/example_dags/example_external_task_marker_dag.py took 0.051 seconds
[2024-09-02T01:42:57.041+0000] {processor.py:186} INFO - Started process (PID=2281) to work on /home/airflow/.local/lib/python3.12/site-packages/airflow/example_dags/example_external_task_marker_dag.py
[2024-09-02T01:42:57.043+0000] {processor.py:914} INFO - Processing file /home/airflow/.local/lib/python3.12/site-packages/airflow/example_dags/example_external_task_marker_dag.py for tasks to queue
[2024-09-02T01:42:57.045+0000] {logging_mixin.py:190} INFO - [2024-09-02T01:42:57.045+0000] {dagbag.py:587} INFO - Filling up the DagBag from /home/airflow/.local/lib/python3.12/site-packages/airflow/example_dags/example_external_task_marker_dag.py
[2024-09-02T01:42:57.051+0000] {processor.py:925} INFO - DAG(s) 'example_external_task_marker_parent', 'example_external_task_marker_child' retrieved from /home/airflow/.local/lib/python3.12/site-packages/airflow/example_dags/example_external_task_marker_dag.py
[2024-09-02T01:42:57.065+0000] {logging_mixin.py:190} INFO - [2024-09-02T01:42:57.065+0000] {dag.py:3211} INFO - Sync 2 DAGs
[2024-09-02T01:42:57.075+0000] {logging_mixin.py:190} INFO - [2024-09-02T01:42:57.075+0000] {dag.py:4138} INFO - Setting next_dagrun for example_external_task_marker_child to None, run_after=None
[2024-09-02T01:42:57.079+0000] {logging_mixin.py:190} INFO - [2024-09-02T01:42:57.079+0000] {dag.py:4138} INFO - Setting next_dagrun for example_external_task_marker_parent to None, run_after=None
[2024-09-02T01:42:57.088+0000] {processor.py:208} INFO - Processing /home/airflow/.local/lib/python3.12/site-packages/airflow/example_dags/example_external_task_marker_dag.py took 0.051 seconds
[2024-09-02T01:43:27.830+0000] {processor.py:186} INFO - Started process (PID=2567) to work on /home/airflow/.local/lib/python3.12/site-packages/airflow/example_dags/example_external_task_marker_dag.py
[2024-09-02T01:43:27.832+0000] {processor.py:914} INFO - Processing file /home/airflow/.local/lib/python3.12/site-packages/airflow/example_dags/example_external_task_marker_dag.py for tasks to queue
[2024-09-02T01:43:27.834+0000] {logging_mixin.py:190} INFO - [2024-09-02T01:43:27.834+0000] {dagbag.py:587} INFO - Filling up the DagBag from /home/airflow/.local/lib/python3.12/site-packages/airflow/example_dags/example_external_task_marker_dag.py
[2024-09-02T01:43:27.840+0000] {processor.py:925} INFO - DAG(s) 'example_external_task_marker_parent', 'example_external_task_marker_child' retrieved from /home/airflow/.local/lib/python3.12/site-packages/airflow/example_dags/example_external_task_marker_dag.py
[2024-09-02T01:43:27.855+0000] {logging_mixin.py:190} INFO - [2024-09-02T01:43:27.855+0000] {dag.py:3211} INFO - Sync 2 DAGs
[2024-09-02T01:43:27.864+0000] {logging_mixin.py:190} INFO - [2024-09-02T01:43:27.864+0000] {dag.py:4138} INFO - Setting next_dagrun for example_external_task_marker_child to None, run_after=None
[2024-09-02T01:43:27.867+0000] {logging_mixin.py:190} INFO - [2024-09-02T01:43:27.867+0000] {dag.py:4138} INFO - Setting next_dagrun for example_external_task_marker_parent to None, run_after=None
[2024-09-02T01:43:27.877+0000] {processor.py:208} INFO - Processing /home/airflow/.local/lib/python3.12/site-packages/airflow/example_dags/example_external_task_marker_dag.py took 0.050 seconds
[2024-09-02T01:43:58.820+0000] {processor.py:186} INFO - Started process (PID=2854) to work on /home/airflow/.local/lib/python3.12/site-packages/airflow/example_dags/example_external_task_marker_dag.py
[2024-09-02T01:43:58.821+0000] {processor.py:914} INFO - Processing file /home/airflow/.local/lib/python3.12/site-packages/airflow/example_dags/example_external_task_marker_dag.py for tasks to queue
[2024-09-02T01:43:58.824+0000] {logging_mixin.py:190} INFO - [2024-09-02T01:43:58.824+0000] {dagbag.py:587} INFO - Filling up the DagBag from /home/airflow/.local/lib/python3.12/site-packages/airflow/example_dags/example_external_task_marker_dag.py
[2024-09-02T01:43:58.829+0000] {processor.py:925} INFO - DAG(s) 'example_external_task_marker_child', 'example_external_task_marker_parent' retrieved from /home/airflow/.local/lib/python3.12/site-packages/airflow/example_dags/example_external_task_marker_dag.py
[2024-09-02T01:43:58.845+0000] {logging_mixin.py:190} INFO - [2024-09-02T01:43:58.845+0000] {dag.py:3211} INFO - Sync 2 DAGs
[2024-09-02T01:43:58.854+0000] {logging_mixin.py:190} INFO - [2024-09-02T01:43:58.854+0000] {dag.py:4138} INFO - Setting next_dagrun for example_external_task_marker_child to None, run_after=None
[2024-09-02T01:43:58.857+0000] {logging_mixin.py:190} INFO - [2024-09-02T01:43:58.857+0000] {dag.py:4138} INFO - Setting next_dagrun for example_external_task_marker_parent to None, run_after=None
[2024-09-02T01:43:58.868+0000] {processor.py:208} INFO - Processing /home/airflow/.local/lib/python3.12/site-packages/airflow/example_dags/example_external_task_marker_dag.py took 0.052 seconds
[2024-09-02T01:44:29.593+0000] {processor.py:186} INFO - Started process (PID=3142) to work on /home/airflow/.local/lib/python3.12/site-packages/airflow/example_dags/example_external_task_marker_dag.py
[2024-09-02T01:44:29.594+0000] {processor.py:914} INFO - Processing file /home/airflow/.local/lib/python3.12/site-packages/airflow/example_dags/example_external_task_marker_dag.py for tasks to queue
[2024-09-02T01:44:29.596+0000] {logging_mixin.py:190} INFO - [2024-09-02T01:44:29.596+0000] {dagbag.py:587} INFO - Filling up the DagBag from /home/airflow/.local/lib/python3.12/site-packages/airflow/example_dags/example_external_task_marker_dag.py
[2024-09-02T01:44:29.602+0000] {processor.py:925} INFO - DAG(s) 'example_external_task_marker_parent', 'example_external_task_marker_child' retrieved from /home/airflow/.local/lib/python3.12/site-packages/airflow/example_dags/example_external_task_marker_dag.py
[2024-09-02T01:44:29.617+0000] {logging_mixin.py:190} INFO - [2024-09-02T01:44:29.616+0000] {dag.py:3211} INFO - Sync 2 DAGs
[2024-09-02T01:44:29.626+0000] {logging_mixin.py:190} INFO - [2024-09-02T01:44:29.626+0000] {dag.py:4138} INFO - Setting next_dagrun for example_external_task_marker_child to None, run_after=None
[2024-09-02T01:44:29.629+0000] {logging_mixin.py:190} INFO - [2024-09-02T01:44:29.629+0000] {dag.py:4138} INFO - Setting next_dagrun for example_external_task_marker_parent to None, run_after=None
[2024-09-02T01:44:29.639+0000] {processor.py:208} INFO - Processing /home/airflow/.local/lib/python3.12/site-packages/airflow/example_dags/example_external_task_marker_dag.py took 0.051 seconds
[2024-09-02T01:44:59.991+0000] {processor.py:186} INFO - Started process (PID=3428) to work on /home/airflow/.local/lib/python3.12/site-packages/airflow/example_dags/example_external_task_marker_dag.py
[2024-09-02T01:44:59.993+0000] {processor.py:914} INFO - Processing file /home/airflow/.local/lib/python3.12/site-packages/airflow/example_dags/example_external_task_marker_dag.py for tasks to queue
[2024-09-02T01:44:59.995+0000] {logging_mixin.py:190} INFO - [2024-09-02T01:44:59.995+0000] {dagbag.py:587} INFO - Filling up the DagBag from /home/airflow/.local/lib/python3.12/site-packages/airflow/example_dags/example_external_task_marker_dag.py
[2024-09-02T01:45:00.001+0000] {processor.py:925} INFO - DAG(s) 'example_external_task_marker_parent', 'example_external_task_marker_child' retrieved from /home/airflow/.local/lib/python3.12/site-packages/airflow/example_dags/example_external_task_marker_dag.py
[2024-09-02T01:45:00.018+0000] {logging_mixin.py:190} INFO - [2024-09-02T01:45:00.018+0000] {dag.py:3211} INFO - Sync 2 DAGs
[2024-09-02T01:45:00.030+0000] {logging_mixin.py:190} INFO - [2024-09-02T01:45:00.030+0000] {dag.py:4138} INFO - Setting next_dagrun for example_external_task_marker_child to None, run_after=None
[2024-09-02T01:45:00.034+0000] {logging_mixin.py:190} INFO - [2024-09-02T01:45:00.034+0000] {dag.py:4138} INFO - Setting next_dagrun for example_external_task_marker_parent to None, run_after=None
[2024-09-02T01:45:00.044+0000] {processor.py:208} INFO - Processing /home/airflow/.local/lib/python3.12/site-packages/airflow/example_dags/example_external_task_marker_dag.py took 0.057 seconds
[2024-09-02T01:54:36.598+0000] {processor.py:186} INFO - Started process (PID=208) to work on /home/airflow/.local/lib/python3.12/site-packages/airflow/example_dags/example_external_task_marker_dag.py
[2024-09-02T01:54:36.600+0000] {processor.py:914} INFO - Processing file /home/airflow/.local/lib/python3.12/site-packages/airflow/example_dags/example_external_task_marker_dag.py for tasks to queue
[2024-09-02T01:54:36.605+0000] {logging_mixin.py:190} INFO - [2024-09-02T01:54:36.604+0000] {dagbag.py:587} INFO - Filling up the DagBag from /home/airflow/.local/lib/python3.12/site-packages/airflow/example_dags/example_external_task_marker_dag.py
[2024-09-02T01:54:36.612+0000] {processor.py:925} INFO - DAG(s) 'example_external_task_marker_child', 'example_external_task_marker_parent' retrieved from /home/airflow/.local/lib/python3.12/site-packages/airflow/example_dags/example_external_task_marker_dag.py
[2024-09-02T01:54:36.634+0000] {logging_mixin.py:190} INFO - [2024-09-02T01:54:36.634+0000] {dag.py:3211} INFO - Sync 2 DAGs
[2024-09-02T01:54:36.647+0000] {logging_mixin.py:190} INFO - [2024-09-02T01:54:36.647+0000] {dag.py:4138} INFO - Setting next_dagrun for example_external_task_marker_child to None, run_after=None
[2024-09-02T01:54:36.651+0000] {logging_mixin.py:190} INFO - [2024-09-02T01:54:36.650+0000] {dag.py:4138} INFO - Setting next_dagrun for example_external_task_marker_parent to None, run_after=None
[2024-09-02T01:54:36.663+0000] {processor.py:208} INFO - Processing /home/airflow/.local/lib/python3.12/site-packages/airflow/example_dags/example_external_task_marker_dag.py took 0.074 seconds
[2024-09-02T01:55:06.819+0000] {processor.py:186} INFO - Started process (PID=543) to work on /home/airflow/.local/lib/python3.12/site-packages/airflow/example_dags/example_external_task_marker_dag.py
[2024-09-02T01:55:06.821+0000] {processor.py:914} INFO - Processing file /home/airflow/.local/lib/python3.12/site-packages/airflow/example_dags/example_external_task_marker_dag.py for tasks to queue
[2024-09-02T01:55:06.823+0000] {logging_mixin.py:190} INFO - [2024-09-02T01:55:06.822+0000] {dagbag.py:587} INFO - Filling up the DagBag from /home/airflow/.local/lib/python3.12/site-packages/airflow/example_dags/example_external_task_marker_dag.py
[2024-09-02T01:55:06.827+0000] {processor.py:925} INFO - DAG(s) 'example_external_task_marker_parent', 'example_external_task_marker_child' retrieved from /home/airflow/.local/lib/python3.12/site-packages/airflow/example_dags/example_external_task_marker_dag.py
[2024-09-02T01:55:06.842+0000] {logging_mixin.py:190} INFO - [2024-09-02T01:55:06.841+0000] {dag.py:3211} INFO - Sync 2 DAGs
[2024-09-02T01:55:06.850+0000] {logging_mixin.py:190} INFO - [2024-09-02T01:55:06.850+0000] {dag.py:4138} INFO - Setting next_dagrun for example_external_task_marker_child to None, run_after=None
[2024-09-02T01:55:06.853+0000] {logging_mixin.py:190} INFO - [2024-09-02T01:55:06.853+0000] {dag.py:4138} INFO - Setting next_dagrun for example_external_task_marker_parent to None, run_after=None
[2024-09-02T01:55:06.861+0000] {processor.py:208} INFO - Processing /home/airflow/.local/lib/python3.12/site-packages/airflow/example_dags/example_external_task_marker_dag.py took 0.045 seconds
[2024-09-02T01:55:37.622+0000] {processor.py:186} INFO - Started process (PID=827) to work on /home/airflow/.local/lib/python3.12/site-packages/airflow/example_dags/example_external_task_marker_dag.py
[2024-09-02T01:55:37.625+0000] {processor.py:914} INFO - Processing file /home/airflow/.local/lib/python3.12/site-packages/airflow/example_dags/example_external_task_marker_dag.py for tasks to queue
[2024-09-02T01:55:37.629+0000] {logging_mixin.py:190} INFO - [2024-09-02T01:55:37.628+0000] {dagbag.py:587} INFO - Filling up the DagBag from /home/airflow/.local/lib/python3.12/site-packages/airflow/example_dags/example_external_task_marker_dag.py
[2024-09-02T01:55:37.636+0000] {processor.py:925} INFO - DAG(s) 'example_external_task_marker_child', 'example_external_task_marker_parent' retrieved from /home/airflow/.local/lib/python3.12/site-packages/airflow/example_dags/example_external_task_marker_dag.py
[2024-09-02T01:55:37.668+0000] {logging_mixin.py:190} INFO - [2024-09-02T01:55:37.668+0000] {dag.py:3211} INFO - Sync 2 DAGs
[2024-09-02T01:55:37.677+0000] {logging_mixin.py:190} INFO - [2024-09-02T01:55:37.677+0000] {dag.py:4138} INFO - Setting next_dagrun for example_external_task_marker_child to None, run_after=None
[2024-09-02T01:55:37.680+0000] {logging_mixin.py:190} INFO - [2024-09-02T01:55:37.680+0000] {dag.py:4138} INFO - Setting next_dagrun for example_external_task_marker_parent to None, run_after=None
[2024-09-02T01:55:37.690+0000] {processor.py:208} INFO - Processing /home/airflow/.local/lib/python3.12/site-packages/airflow/example_dags/example_external_task_marker_dag.py took 0.074 seconds
[2024-09-02T01:56:07.896+0000] {processor.py:186} INFO - Started process (PID=1113) to work on /home/airflow/.local/lib/python3.12/site-packages/airflow/example_dags/example_external_task_marker_dag.py
[2024-09-02T01:56:07.902+0000] {processor.py:914} INFO - Processing file /home/airflow/.local/lib/python3.12/site-packages/airflow/example_dags/example_external_task_marker_dag.py for tasks to queue
[2024-09-02T01:56:07.904+0000] {logging_mixin.py:190} INFO - [2024-09-02T01:56:07.904+0000] {dagbag.py:587} INFO - Filling up the DagBag from /home/airflow/.local/lib/python3.12/site-packages/airflow/example_dags/example_external_task_marker_dag.py
[2024-09-02T01:56:07.910+0000] {processor.py:925} INFO - DAG(s) 'example_external_task_marker_parent', 'example_external_task_marker_child' retrieved from /home/airflow/.local/lib/python3.12/site-packages/airflow/example_dags/example_external_task_marker_dag.py
[2024-09-02T01:56:07.925+0000] {logging_mixin.py:190} INFO - [2024-09-02T01:56:07.925+0000] {dag.py:3211} INFO - Sync 2 DAGs
[2024-09-02T01:56:07.933+0000] {logging_mixin.py:190} INFO - [2024-09-02T01:56:07.933+0000] {dag.py:4138} INFO - Setting next_dagrun for example_external_task_marker_child to None, run_after=None
[2024-09-02T01:56:07.936+0000] {logging_mixin.py:190} INFO - [2024-09-02T01:56:07.936+0000] {dag.py:4138} INFO - Setting next_dagrun for example_external_task_marker_parent to None, run_after=None
[2024-09-02T01:56:07.945+0000] {processor.py:208} INFO - Processing /home/airflow/.local/lib/python3.12/site-packages/airflow/example_dags/example_external_task_marker_dag.py took 0.053 seconds
[2024-09-02T01:56:38.385+0000] {processor.py:186} INFO - Started process (PID=1406) to work on /home/airflow/.local/lib/python3.12/site-packages/airflow/example_dags/example_external_task_marker_dag.py
[2024-09-02T01:56:38.387+0000] {processor.py:914} INFO - Processing file /home/airflow/.local/lib/python3.12/site-packages/airflow/example_dags/example_external_task_marker_dag.py for tasks to queue
[2024-09-02T01:56:38.389+0000] {logging_mixin.py:190} INFO - [2024-09-02T01:56:38.388+0000] {dagbag.py:587} INFO - Filling up the DagBag from /home/airflow/.local/lib/python3.12/site-packages/airflow/example_dags/example_external_task_marker_dag.py
[2024-09-02T01:56:38.394+0000] {processor.py:925} INFO - DAG(s) 'example_external_task_marker_child', 'example_external_task_marker_parent' retrieved from /home/airflow/.local/lib/python3.12/site-packages/airflow/example_dags/example_external_task_marker_dag.py
[2024-09-02T01:56:38.409+0000] {logging_mixin.py:190} INFO - [2024-09-02T01:56:38.409+0000] {dag.py:3211} INFO - Sync 2 DAGs
[2024-09-02T01:56:38.422+0000] {logging_mixin.py:190} INFO - [2024-09-02T01:56:38.421+0000] {dag.py:4138} INFO - Setting next_dagrun for example_external_task_marker_child to None, run_after=None
[2024-09-02T01:56:38.427+0000] {logging_mixin.py:190} INFO - [2024-09-02T01:56:38.427+0000] {dag.py:4138} INFO - Setting next_dagrun for example_external_task_marker_parent to None, run_after=None
[2024-09-02T01:56:38.441+0000] {processor.py:208} INFO - Processing /home/airflow/.local/lib/python3.12/site-packages/airflow/example_dags/example_external_task_marker_dag.py took 0.060 seconds
[2024-09-02T01:57:08.648+0000] {processor.py:186} INFO - Started process (PID=1689) to work on /home/airflow/.local/lib/python3.12/site-packages/airflow/example_dags/example_external_task_marker_dag.py
[2024-09-02T01:57:08.650+0000] {processor.py:914} INFO - Processing file /home/airflow/.local/lib/python3.12/site-packages/airflow/example_dags/example_external_task_marker_dag.py for tasks to queue
[2024-09-02T01:57:08.652+0000] {logging_mixin.py:190} INFO - [2024-09-02T01:57:08.651+0000] {dagbag.py:587} INFO - Filling up the DagBag from /home/airflow/.local/lib/python3.12/site-packages/airflow/example_dags/example_external_task_marker_dag.py
[2024-09-02T01:57:08.657+0000] {processor.py:925} INFO - DAG(s) 'example_external_task_marker_parent', 'example_external_task_marker_child' retrieved from /home/airflow/.local/lib/python3.12/site-packages/airflow/example_dags/example_external_task_marker_dag.py
[2024-09-02T01:57:08.673+0000] {logging_mixin.py:190} INFO - [2024-09-02T01:57:08.673+0000] {dag.py:3211} INFO - Sync 2 DAGs
[2024-09-02T01:57:08.681+0000] {logging_mixin.py:190} INFO - [2024-09-02T01:57:08.681+0000] {dag.py:4138} INFO - Setting next_dagrun for example_external_task_marker_child to None, run_after=None
[2024-09-02T01:57:08.684+0000] {logging_mixin.py:190} INFO - [2024-09-02T01:57:08.684+0000] {dag.py:4138} INFO - Setting next_dagrun for example_external_task_marker_parent to None, run_after=None
[2024-09-02T01:57:08.693+0000] {processor.py:208} INFO - Processing /home/airflow/.local/lib/python3.12/site-packages/airflow/example_dags/example_external_task_marker_dag.py took 0.051 seconds
[2024-09-02T01:57:39.198+0000] {processor.py:186} INFO - Started process (PID=1979) to work on /home/airflow/.local/lib/python3.12/site-packages/airflow/example_dags/example_external_task_marker_dag.py
[2024-09-02T01:57:39.200+0000] {processor.py:914} INFO - Processing file /home/airflow/.local/lib/python3.12/site-packages/airflow/example_dags/example_external_task_marker_dag.py for tasks to queue
[2024-09-02T01:57:39.202+0000] {logging_mixin.py:190} INFO - [2024-09-02T01:57:39.202+0000] {dagbag.py:587} INFO - Filling up the DagBag from /home/airflow/.local/lib/python3.12/site-packages/airflow/example_dags/example_external_task_marker_dag.py
[2024-09-02T01:57:39.207+0000] {processor.py:925} INFO - DAG(s) 'example_external_task_marker_child', 'example_external_task_marker_parent' retrieved from /home/airflow/.local/lib/python3.12/site-packages/airflow/example_dags/example_external_task_marker_dag.py
[2024-09-02T01:57:39.223+0000] {logging_mixin.py:190} INFO - [2024-09-02T01:57:39.223+0000] {dag.py:3211} INFO - Sync 2 DAGs
[2024-09-02T01:57:39.234+0000] {logging_mixin.py:190} INFO - [2024-09-02T01:57:39.234+0000] {dag.py:4138} INFO - Setting next_dagrun for example_external_task_marker_child to None, run_after=None
[2024-09-02T01:57:39.237+0000] {logging_mixin.py:190} INFO - [2024-09-02T01:57:39.237+0000] {dag.py:4138} INFO - Setting next_dagrun for example_external_task_marker_parent to None, run_after=None
[2024-09-02T01:57:39.247+0000] {processor.py:208} INFO - Processing /home/airflow/.local/lib/python3.12/site-packages/airflow/example_dags/example_external_task_marker_dag.py took 0.054 seconds
[2024-09-02T01:58:09.592+0000] {processor.py:186} INFO - Started process (PID=2265) to work on /home/airflow/.local/lib/python3.12/site-packages/airflow/example_dags/example_external_task_marker_dag.py
[2024-09-02T01:58:09.593+0000] {processor.py:914} INFO - Processing file /home/airflow/.local/lib/python3.12/site-packages/airflow/example_dags/example_external_task_marker_dag.py for tasks to queue
[2024-09-02T01:58:09.598+0000] {logging_mixin.py:190} INFO - [2024-09-02T01:58:09.597+0000] {dagbag.py:587} INFO - Filling up the DagBag from /home/airflow/.local/lib/python3.12/site-packages/airflow/example_dags/example_external_task_marker_dag.py
[2024-09-02T01:58:09.610+0000] {processor.py:925} INFO - DAG(s) 'example_external_task_marker_child', 'example_external_task_marker_parent' retrieved from /home/airflow/.local/lib/python3.12/site-packages/airflow/example_dags/example_external_task_marker_dag.py
[2024-09-02T01:58:09.630+0000] {logging_mixin.py:190} INFO - [2024-09-02T01:58:09.629+0000] {dag.py:3211} INFO - Sync 2 DAGs
[2024-09-02T01:58:09.640+0000] {logging_mixin.py:190} INFO - [2024-09-02T01:58:09.640+0000] {dag.py:4138} INFO - Setting next_dagrun for example_external_task_marker_child to None, run_after=None
[2024-09-02T01:58:09.644+0000] {logging_mixin.py:190} INFO - [2024-09-02T01:58:09.644+0000] {dag.py:4138} INFO - Setting next_dagrun for example_external_task_marker_parent to None, run_after=None
[2024-09-02T01:58:09.656+0000] {processor.py:208} INFO - Processing /home/airflow/.local/lib/python3.12/site-packages/airflow/example_dags/example_external_task_marker_dag.py took 0.068 seconds
