[2024-09-02T01:39:21.788+0000] {processor.py:186} INFO - Started process (PID=246) to work on /home/airflow/.local/lib/python3.12/site-packages/airflow/example_dags/example_branch_datetime_operator.py
[2024-09-02T01:39:21.790+0000] {processor.py:914} INFO - Processing file /home/airflow/.local/lib/python3.12/site-packages/airflow/example_dags/example_branch_datetime_operator.py for tasks to queue
[2024-09-02T01:39:21.793+0000] {logging_mixin.py:190} INFO - [2024-09-02T01:39:21.793+0000] {dagbag.py:587} INFO - Filling up the DagBag from /home/airflow/.local/lib/python3.12/site-packages/airflow/example_dags/example_branch_datetime_operator.py
[2024-09-02T01:39:21.807+0000] {processor.py:925} INFO - DAG(s) 'example_branch_datetime_operator_2', 'example_branch_datetime_operator', 'example_branch_datetime_operator_3' retrieved from /home/airflow/.local/lib/python3.12/site-packages/airflow/example_dags/example_branch_datetime_operator.py
[2024-09-02T01:39:21.891+0000] {logging_mixin.py:190} INFO - [2024-09-02T01:39:21.890+0000] {override.py:1858} INFO - Created Permission View: can edit on DAG:example_branch_datetime_operator_2
[2024-09-02T01:39:21.899+0000] {logging_mixin.py:190} INFO - [2024-09-02T01:39:21.899+0000] {override.py:1858} INFO - Created Permission View: can read on DAG:example_branch_datetime_operator_2
[2024-09-02T01:39:21.903+0000] {logging_mixin.py:190} INFO - [2024-09-02T01:39:21.903+0000] {override.py:1858} INFO - Created Permission View: can delete on DAG:example_branch_datetime_operator_2
[2024-09-02T01:39:21.911+0000] {logging_mixin.py:190} INFO - [2024-09-02T01:39:21.911+0000] {override.py:1858} INFO - Created Permission View: can edit on DAG:example_branch_datetime_operator
[2024-09-02T01:39:21.916+0000] {logging_mixin.py:190} INFO - [2024-09-02T01:39:21.915+0000] {override.py:1858} INFO - Created Permission View: can read on DAG:example_branch_datetime_operator
[2024-09-02T01:39:21.920+0000] {logging_mixin.py:190} INFO - [2024-09-02T01:39:21.919+0000] {override.py:1858} INFO - Created Permission View: can delete on DAG:example_branch_datetime_operator
[2024-09-02T01:39:21.928+0000] {logging_mixin.py:190} INFO - [2024-09-02T01:39:21.928+0000] {override.py:1858} INFO - Created Permission View: can edit on DAG:example_branch_datetime_operator_3
[2024-09-02T01:39:21.933+0000] {logging_mixin.py:190} INFO - [2024-09-02T01:39:21.932+0000] {override.py:1858} INFO - Created Permission View: can read on DAG:example_branch_datetime_operator_3
[2024-09-02T01:39:21.941+0000] {logging_mixin.py:190} INFO - [2024-09-02T01:39:21.941+0000] {override.py:1858} INFO - Created Permission View: can delete on DAG:example_branch_datetime_operator_3
[2024-09-02T01:39:21.942+0000] {logging_mixin.py:190} INFO - [2024-09-02T01:39:21.942+0000] {dag.py:3211} INFO - Sync 3 DAGs
[2024-09-02T01:39:21.954+0000] {logging_mixin.py:190} INFO - [2024-09-02T01:39:21.954+0000] {dag.py:3234} INFO - Creating ORM DAG for example_branch_datetime_operator_3
[2024-09-02T01:39:21.957+0000] {logging_mixin.py:190} INFO - [2024-09-02T01:39:21.956+0000] {dag.py:3234} INFO - Creating ORM DAG for example_branch_datetime_operator_2
[2024-09-02T01:39:21.958+0000] {logging_mixin.py:190} INFO - [2024-09-02T01:39:21.958+0000] {dag.py:3234} INFO - Creating ORM DAG for example_branch_datetime_operator
[2024-09-02T01:39:21.966+0000] {logging_mixin.py:190} INFO - [2024-09-02T01:39:21.966+0000] {dag.py:4138} INFO - Setting next_dagrun for example_branch_datetime_operator to 2024-09-01 00:00:00+00:00, run_after=2024-09-02 00:00:00+00:00
[2024-09-02T01:39:21.972+0000] {logging_mixin.py:190} INFO - [2024-09-02T01:39:21.971+0000] {dag.py:4138} INFO - Setting next_dagrun for example_branch_datetime_operator_2 to 2024-09-01 00:00:00+00:00, run_after=2024-09-02 00:00:00+00:00
[2024-09-02T01:39:21.974+0000] {logging_mixin.py:190} INFO - [2024-09-02T01:39:21.974+0000] {dag.py:4138} INFO - Setting next_dagrun for example_branch_datetime_operator_3 to 2024-09-01 00:00:00+00:00, run_after=2024-09-02 00:00:00+00:00
[2024-09-02T01:39:21.991+0000] {processor.py:208} INFO - Processing /home/airflow/.local/lib/python3.12/site-packages/airflow/example_dags/example_branch_datetime_operator.py took 0.210 seconds
[2024-09-02T01:39:52.933+0000] {processor.py:186} INFO - Started process (PID=532) to work on /home/airflow/.local/lib/python3.12/site-packages/airflow/example_dags/example_branch_datetime_operator.py
[2024-09-02T01:39:52.936+0000] {processor.py:914} INFO - Processing file /home/airflow/.local/lib/python3.12/site-packages/airflow/example_dags/example_branch_datetime_operator.py for tasks to queue
[2024-09-02T01:39:52.939+0000] {logging_mixin.py:190} INFO - [2024-09-02T01:39:52.939+0000] {dagbag.py:587} INFO - Filling up the DagBag from /home/airflow/.local/lib/python3.12/site-packages/airflow/example_dags/example_branch_datetime_operator.py
[2024-09-02T01:39:52.948+0000] {processor.py:925} INFO - DAG(s) 'example_branch_datetime_operator', 'example_branch_datetime_operator_2', 'example_branch_datetime_operator_3' retrieved from /home/airflow/.local/lib/python3.12/site-packages/airflow/example_dags/example_branch_datetime_operator.py
[2024-09-02T01:39:52.965+0000] {logging_mixin.py:190} INFO - [2024-09-02T01:39:52.965+0000] {dag.py:3211} INFO - Sync 3 DAGs
[2024-09-02T01:39:52.978+0000] {logging_mixin.py:190} INFO - [2024-09-02T01:39:52.978+0000] {dag.py:4138} INFO - Setting next_dagrun for example_branch_datetime_operator to 2024-09-01 00:00:00+00:00, run_after=2024-09-02 00:00:00+00:00
[2024-09-02T01:39:52.981+0000] {logging_mixin.py:190} INFO - [2024-09-02T01:39:52.981+0000] {dag.py:4138} INFO - Setting next_dagrun for example_branch_datetime_operator_2 to 2024-09-01 00:00:00+00:00, run_after=2024-09-02 00:00:00+00:00
[2024-09-02T01:39:52.983+0000] {logging_mixin.py:190} INFO - [2024-09-02T01:39:52.983+0000] {dag.py:4138} INFO - Setting next_dagrun for example_branch_datetime_operator_3 to 2024-09-01 00:00:00+00:00, run_after=2024-09-02 00:00:00+00:00
[2024-09-02T01:39:52.996+0000] {processor.py:208} INFO - Processing /home/airflow/.local/lib/python3.12/site-packages/airflow/example_dags/example_branch_datetime_operator.py took 0.070 seconds
[2024-09-02T01:40:23.146+0000] {processor.py:186} INFO - Started process (PID=818) to work on /home/airflow/.local/lib/python3.12/site-packages/airflow/example_dags/example_branch_datetime_operator.py
[2024-09-02T01:40:23.148+0000] {processor.py:914} INFO - Processing file /home/airflow/.local/lib/python3.12/site-packages/airflow/example_dags/example_branch_datetime_operator.py for tasks to queue
[2024-09-02T01:40:23.150+0000] {logging_mixin.py:190} INFO - [2024-09-02T01:40:23.150+0000] {dagbag.py:587} INFO - Filling up the DagBag from /home/airflow/.local/lib/python3.12/site-packages/airflow/example_dags/example_branch_datetime_operator.py
[2024-09-02T01:40:23.158+0000] {processor.py:925} INFO - DAG(s) 'example_branch_datetime_operator_3', 'example_branch_datetime_operator', 'example_branch_datetime_operator_2' retrieved from /home/airflow/.local/lib/python3.12/site-packages/airflow/example_dags/example_branch_datetime_operator.py
[2024-09-02T01:40:23.176+0000] {logging_mixin.py:190} INFO - [2024-09-02T01:40:23.176+0000] {dag.py:3211} INFO - Sync 3 DAGs
[2024-09-02T01:40:23.192+0000] {logging_mixin.py:190} INFO - [2024-09-02T01:40:23.192+0000] {dag.py:4138} INFO - Setting next_dagrun for example_branch_datetime_operator to 2024-09-01 00:00:00+00:00, run_after=2024-09-02 00:00:00+00:00
[2024-09-02T01:40:23.196+0000] {logging_mixin.py:190} INFO - [2024-09-02T01:40:23.195+0000] {dag.py:4138} INFO - Setting next_dagrun for example_branch_datetime_operator_2 to 2024-09-01 00:00:00+00:00, run_after=2024-09-02 00:00:00+00:00
[2024-09-02T01:40:23.198+0000] {logging_mixin.py:190} INFO - [2024-09-02T01:40:23.198+0000] {dag.py:4138} INFO - Setting next_dagrun for example_branch_datetime_operator_3 to 2024-09-01 00:00:00+00:00, run_after=2024-09-02 00:00:00+00:00
[2024-09-02T01:40:23.209+0000] {processor.py:208} INFO - Processing /home/airflow/.local/lib/python3.12/site-packages/airflow/example_dags/example_branch_datetime_operator.py took 0.067 seconds
[2024-09-02T01:40:53.769+0000] {processor.py:186} INFO - Started process (PID=1104) to work on /home/airflow/.local/lib/python3.12/site-packages/airflow/example_dags/example_branch_datetime_operator.py
[2024-09-02T01:40:53.772+0000] {processor.py:914} INFO - Processing file /home/airflow/.local/lib/python3.12/site-packages/airflow/example_dags/example_branch_datetime_operator.py for tasks to queue
[2024-09-02T01:40:53.775+0000] {logging_mixin.py:190} INFO - [2024-09-02T01:40:53.775+0000] {dagbag.py:587} INFO - Filling up the DagBag from /home/airflow/.local/lib/python3.12/site-packages/airflow/example_dags/example_branch_datetime_operator.py
[2024-09-02T01:40:53.786+0000] {processor.py:925} INFO - DAG(s) 'example_branch_datetime_operator_3', 'example_branch_datetime_operator', 'example_branch_datetime_operator_2' retrieved from /home/airflow/.local/lib/python3.12/site-packages/airflow/example_dags/example_branch_datetime_operator.py
[2024-09-02T01:40:53.807+0000] {logging_mixin.py:190} INFO - [2024-09-02T01:40:53.807+0000] {dag.py:3211} INFO - Sync 3 DAGs
[2024-09-02T01:40:53.822+0000] {logging_mixin.py:190} INFO - [2024-09-02T01:40:53.822+0000] {dag.py:4138} INFO - Setting next_dagrun for example_branch_datetime_operator to 2024-09-01 00:00:00+00:00, run_after=2024-09-02 00:00:00+00:00
[2024-09-02T01:40:53.826+0000] {logging_mixin.py:190} INFO - [2024-09-02T01:40:53.826+0000] {dag.py:4138} INFO - Setting next_dagrun for example_branch_datetime_operator_2 to 2024-09-01 00:00:00+00:00, run_after=2024-09-02 00:00:00+00:00
[2024-09-02T01:40:53.828+0000] {logging_mixin.py:190} INFO - [2024-09-02T01:40:53.828+0000] {dag.py:4138} INFO - Setting next_dagrun for example_branch_datetime_operator_3 to 2024-09-01 00:00:00+00:00, run_after=2024-09-02 00:00:00+00:00
[2024-09-02T01:40:53.838+0000] {processor.py:208} INFO - Processing /home/airflow/.local/lib/python3.12/site-packages/airflow/example_dags/example_branch_datetime_operator.py took 0.073 seconds
[2024-09-02T01:41:25.262+0000] {processor.py:186} INFO - Started process (PID=1423) to work on /home/airflow/.local/lib/python3.12/site-packages/airflow/example_dags/example_branch_datetime_operator.py
[2024-09-02T01:41:25.267+0000] {processor.py:914} INFO - Processing file /home/airflow/.local/lib/python3.12/site-packages/airflow/example_dags/example_branch_datetime_operator.py for tasks to queue
[2024-09-02T01:41:25.270+0000] {logging_mixin.py:190} INFO - [2024-09-02T01:41:25.269+0000] {dagbag.py:587} INFO - Filling up the DagBag from /home/airflow/.local/lib/python3.12/site-packages/airflow/example_dags/example_branch_datetime_operator.py
[2024-09-02T01:41:25.281+0000] {processor.py:925} INFO - DAG(s) 'example_branch_datetime_operator_2', 'example_branch_datetime_operator_3', 'example_branch_datetime_operator' retrieved from /home/airflow/.local/lib/python3.12/site-packages/airflow/example_dags/example_branch_datetime_operator.py
[2024-09-02T01:41:25.304+0000] {logging_mixin.py:190} INFO - [2024-09-02T01:41:25.304+0000] {dag.py:3211} INFO - Sync 3 DAGs
[2024-09-02T01:41:25.320+0000] {logging_mixin.py:190} INFO - [2024-09-02T01:41:25.320+0000] {dag.py:4138} INFO - Setting next_dagrun for example_branch_datetime_operator to 2024-09-01 00:00:00+00:00, run_after=2024-09-02 00:00:00+00:00
[2024-09-02T01:41:25.326+0000] {logging_mixin.py:190} INFO - [2024-09-02T01:41:25.326+0000] {dag.py:4138} INFO - Setting next_dagrun for example_branch_datetime_operator_2 to 2024-09-01 00:00:00+00:00, run_after=2024-09-02 00:00:00+00:00
[2024-09-02T01:41:25.328+0000] {logging_mixin.py:190} INFO - [2024-09-02T01:41:25.328+0000] {dag.py:4138} INFO - Setting next_dagrun for example_branch_datetime_operator_3 to 2024-09-01 00:00:00+00:00, run_after=2024-09-02 00:00:00+00:00
[2024-09-02T01:41:25.338+0000] {processor.py:208} INFO - Processing /home/airflow/.local/lib/python3.12/site-packages/airflow/example_dags/example_branch_datetime_operator.py took 0.081 seconds
[2024-09-02T01:41:55.367+0000] {processor.py:186} INFO - Started process (PID=1752) to work on /home/airflow/.local/lib/python3.12/site-packages/airflow/example_dags/example_branch_datetime_operator.py
[2024-09-02T01:41:55.370+0000] {processor.py:914} INFO - Processing file /home/airflow/.local/lib/python3.12/site-packages/airflow/example_dags/example_branch_datetime_operator.py for tasks to queue
[2024-09-02T01:41:55.372+0000] {logging_mixin.py:190} INFO - [2024-09-02T01:41:55.372+0000] {dagbag.py:587} INFO - Filling up the DagBag from /home/airflow/.local/lib/python3.12/site-packages/airflow/example_dags/example_branch_datetime_operator.py
[2024-09-02T01:41:55.378+0000] {processor.py:925} INFO - DAG(s) 'example_branch_datetime_operator_2', 'example_branch_datetime_operator_3', 'example_branch_datetime_operator' retrieved from /home/airflow/.local/lib/python3.12/site-packages/airflow/example_dags/example_branch_datetime_operator.py
[2024-09-02T01:41:55.394+0000] {logging_mixin.py:190} INFO - [2024-09-02T01:41:55.394+0000] {dag.py:3211} INFO - Sync 3 DAGs
[2024-09-02T01:41:55.406+0000] {logging_mixin.py:190} INFO - [2024-09-02T01:41:55.406+0000] {dag.py:4138} INFO - Setting next_dagrun for example_branch_datetime_operator to 2024-09-01 00:00:00+00:00, run_after=2024-09-02 00:00:00+00:00
[2024-09-02T01:41:55.410+0000] {logging_mixin.py:190} INFO - [2024-09-02T01:41:55.409+0000] {dag.py:4138} INFO - Setting next_dagrun for example_branch_datetime_operator_2 to 2024-09-01 00:00:00+00:00, run_after=2024-09-02 00:00:00+00:00
[2024-09-02T01:41:55.411+0000] {logging_mixin.py:190} INFO - [2024-09-02T01:41:55.411+0000] {dag.py:4138} INFO - Setting next_dagrun for example_branch_datetime_operator_3 to 2024-09-01 00:00:00+00:00, run_after=2024-09-02 00:00:00+00:00
[2024-09-02T01:41:55.419+0000] {processor.py:208} INFO - Processing /home/airflow/.local/lib/python3.12/site-packages/airflow/example_dags/example_branch_datetime_operator.py took 0.055 seconds
[2024-09-02T01:42:26.484+0000] {processor.py:186} INFO - Started process (PID=2035) to work on /home/airflow/.local/lib/python3.12/site-packages/airflow/example_dags/example_branch_datetime_operator.py
[2024-09-02T01:42:26.489+0000] {processor.py:914} INFO - Processing file /home/airflow/.local/lib/python3.12/site-packages/airflow/example_dags/example_branch_datetime_operator.py for tasks to queue
[2024-09-02T01:42:26.493+0000] {logging_mixin.py:190} INFO - [2024-09-02T01:42:26.492+0000] {dagbag.py:587} INFO - Filling up the DagBag from /home/airflow/.local/lib/python3.12/site-packages/airflow/example_dags/example_branch_datetime_operator.py
[2024-09-02T01:42:26.507+0000] {processor.py:925} INFO - DAG(s) 'example_branch_datetime_operator_3', 'example_branch_datetime_operator', 'example_branch_datetime_operator_2' retrieved from /home/airflow/.local/lib/python3.12/site-packages/airflow/example_dags/example_branch_datetime_operator.py
[2024-09-02T01:42:26.541+0000] {logging_mixin.py:190} INFO - [2024-09-02T01:42:26.540+0000] {dag.py:3211} INFO - Sync 3 DAGs
[2024-09-02T01:42:26.568+0000] {logging_mixin.py:190} INFO - [2024-09-02T01:42:26.568+0000] {dag.py:4138} INFO - Setting next_dagrun for example_branch_datetime_operator to 2024-09-01 00:00:00+00:00, run_after=2024-09-02 00:00:00+00:00
[2024-09-02T01:42:26.572+0000] {logging_mixin.py:190} INFO - [2024-09-02T01:42:26.572+0000] {dag.py:4138} INFO - Setting next_dagrun for example_branch_datetime_operator_2 to 2024-09-01 00:00:00+00:00, run_after=2024-09-02 00:00:00+00:00
[2024-09-02T01:42:26.574+0000] {logging_mixin.py:190} INFO - [2024-09-02T01:42:26.574+0000] {dag.py:4138} INFO - Setting next_dagrun for example_branch_datetime_operator_3 to 2024-09-01 00:00:00+00:00, run_after=2024-09-02 00:00:00+00:00
[2024-09-02T01:42:26.587+0000] {processor.py:208} INFO - Processing /home/airflow/.local/lib/python3.12/site-packages/airflow/example_dags/example_branch_datetime_operator.py took 0.111 seconds
[2024-09-02T01:42:57.407+0000] {processor.py:186} INFO - Started process (PID=2321) to work on /home/airflow/.local/lib/python3.12/site-packages/airflow/example_dags/example_branch_datetime_operator.py
[2024-09-02T01:42:57.412+0000] {processor.py:914} INFO - Processing file /home/airflow/.local/lib/python3.12/site-packages/airflow/example_dags/example_branch_datetime_operator.py for tasks to queue
[2024-09-02T01:42:57.415+0000] {logging_mixin.py:190} INFO - [2024-09-02T01:42:57.414+0000] {dagbag.py:587} INFO - Filling up the DagBag from /home/airflow/.local/lib/python3.12/site-packages/airflow/example_dags/example_branch_datetime_operator.py
[2024-09-02T01:42:57.423+0000] {processor.py:925} INFO - DAG(s) 'example_branch_datetime_operator_2', 'example_branch_datetime_operator_3', 'example_branch_datetime_operator' retrieved from /home/airflow/.local/lib/python3.12/site-packages/airflow/example_dags/example_branch_datetime_operator.py
[2024-09-02T01:42:57.440+0000] {logging_mixin.py:190} INFO - [2024-09-02T01:42:57.440+0000] {dag.py:3211} INFO - Sync 3 DAGs
[2024-09-02T01:42:57.456+0000] {logging_mixin.py:190} INFO - [2024-09-02T01:42:57.456+0000] {dag.py:4138} INFO - Setting next_dagrun for example_branch_datetime_operator to 2024-09-01 00:00:00+00:00, run_after=2024-09-02 00:00:00+00:00
[2024-09-02T01:42:57.462+0000] {logging_mixin.py:190} INFO - [2024-09-02T01:42:57.461+0000] {dag.py:4138} INFO - Setting next_dagrun for example_branch_datetime_operator_2 to 2024-09-01 00:00:00+00:00, run_after=2024-09-02 00:00:00+00:00
[2024-09-02T01:42:57.463+0000] {logging_mixin.py:190} INFO - [2024-09-02T01:42:57.463+0000] {dag.py:4138} INFO - Setting next_dagrun for example_branch_datetime_operator_3 to 2024-09-01 00:00:00+00:00, run_after=2024-09-02 00:00:00+00:00
[2024-09-02T01:42:57.474+0000] {processor.py:208} INFO - Processing /home/airflow/.local/lib/python3.12/site-packages/airflow/example_dags/example_branch_datetime_operator.py took 0.072 seconds
[2024-09-02T01:43:28.401+0000] {processor.py:186} INFO - Started process (PID=2607) to work on /home/airflow/.local/lib/python3.12/site-packages/airflow/example_dags/example_branch_datetime_operator.py
[2024-09-02T01:43:28.402+0000] {processor.py:914} INFO - Processing file /home/airflow/.local/lib/python3.12/site-packages/airflow/example_dags/example_branch_datetime_operator.py for tasks to queue
[2024-09-02T01:43:28.405+0000] {logging_mixin.py:190} INFO - [2024-09-02T01:43:28.405+0000] {dagbag.py:587} INFO - Filling up the DagBag from /home/airflow/.local/lib/python3.12/site-packages/airflow/example_dags/example_branch_datetime_operator.py
[2024-09-02T01:43:28.418+0000] {processor.py:925} INFO - DAG(s) 'example_branch_datetime_operator_3', 'example_branch_datetime_operator_2', 'example_branch_datetime_operator' retrieved from /home/airflow/.local/lib/python3.12/site-packages/airflow/example_dags/example_branch_datetime_operator.py
[2024-09-02T01:43:28.443+0000] {logging_mixin.py:190} INFO - [2024-09-02T01:43:28.443+0000] {dag.py:3211} INFO - Sync 3 DAGs
[2024-09-02T01:43:28.458+0000] {logging_mixin.py:190} INFO - [2024-09-02T01:43:28.458+0000] {dag.py:4138} INFO - Setting next_dagrun for example_branch_datetime_operator to 2024-09-01 00:00:00+00:00, run_after=2024-09-02 00:00:00+00:00
[2024-09-02T01:43:28.462+0000] {logging_mixin.py:190} INFO - [2024-09-02T01:43:28.462+0000] {dag.py:4138} INFO - Setting next_dagrun for example_branch_datetime_operator_2 to 2024-09-01 00:00:00+00:00, run_after=2024-09-02 00:00:00+00:00
[2024-09-02T01:43:28.465+0000] {logging_mixin.py:190} INFO - [2024-09-02T01:43:28.465+0000] {dag.py:4138} INFO - Setting next_dagrun for example_branch_datetime_operator_3 to 2024-09-01 00:00:00+00:00, run_after=2024-09-02 00:00:00+00:00
[2024-09-02T01:43:28.478+0000] {processor.py:208} INFO - Processing /home/airflow/.local/lib/python3.12/site-packages/airflow/example_dags/example_branch_datetime_operator.py took 0.081 seconds
[2024-09-02T01:43:59.332+0000] {processor.py:186} INFO - Started process (PID=2894) to work on /home/airflow/.local/lib/python3.12/site-packages/airflow/example_dags/example_branch_datetime_operator.py
[2024-09-02T01:43:59.336+0000] {processor.py:914} INFO - Processing file /home/airflow/.local/lib/python3.12/site-packages/airflow/example_dags/example_branch_datetime_operator.py for tasks to queue
[2024-09-02T01:43:59.341+0000] {logging_mixin.py:190} INFO - [2024-09-02T01:43:59.341+0000] {dagbag.py:587} INFO - Filling up the DagBag from /home/airflow/.local/lib/python3.12/site-packages/airflow/example_dags/example_branch_datetime_operator.py
[2024-09-02T01:43:59.355+0000] {processor.py:925} INFO - DAG(s) 'example_branch_datetime_operator', 'example_branch_datetime_operator_3', 'example_branch_datetime_operator_2' retrieved from /home/airflow/.local/lib/python3.12/site-packages/airflow/example_dags/example_branch_datetime_operator.py
[2024-09-02T01:43:59.399+0000] {logging_mixin.py:190} INFO - [2024-09-02T01:43:59.399+0000] {dag.py:3211} INFO - Sync 3 DAGs
[2024-09-02T01:43:59.415+0000] {logging_mixin.py:190} INFO - [2024-09-02T01:43:59.415+0000] {dag.py:4138} INFO - Setting next_dagrun for example_branch_datetime_operator to 2024-09-01 00:00:00+00:00, run_after=2024-09-02 00:00:00+00:00
[2024-09-02T01:43:59.419+0000] {logging_mixin.py:190} INFO - [2024-09-02T01:43:59.419+0000] {dag.py:4138} INFO - Setting next_dagrun for example_branch_datetime_operator_2 to 2024-09-01 00:00:00+00:00, run_after=2024-09-02 00:00:00+00:00
[2024-09-02T01:43:59.422+0000] {logging_mixin.py:190} INFO - [2024-09-02T01:43:59.422+0000] {dag.py:4138} INFO - Setting next_dagrun for example_branch_datetime_operator_3 to 2024-09-01 00:00:00+00:00, run_after=2024-09-02 00:00:00+00:00
[2024-09-02T01:43:59.434+0000] {processor.py:208} INFO - Processing /home/airflow/.local/lib/python3.12/site-packages/airflow/example_dags/example_branch_datetime_operator.py took 0.110 seconds
[2024-09-02T01:44:29.956+0000] {processor.py:186} INFO - Started process (PID=3180) to work on /home/airflow/.local/lib/python3.12/site-packages/airflow/example_dags/example_branch_datetime_operator.py
[2024-09-02T01:44:29.958+0000] {processor.py:914} INFO - Processing file /home/airflow/.local/lib/python3.12/site-packages/airflow/example_dags/example_branch_datetime_operator.py for tasks to queue
[2024-09-02T01:44:29.960+0000] {logging_mixin.py:190} INFO - [2024-09-02T01:44:29.959+0000] {dagbag.py:587} INFO - Filling up the DagBag from /home/airflow/.local/lib/python3.12/site-packages/airflow/example_dags/example_branch_datetime_operator.py
[2024-09-02T01:44:29.968+0000] {processor.py:925} INFO - DAG(s) 'example_branch_datetime_operator_3', 'example_branch_datetime_operator_2', 'example_branch_datetime_operator' retrieved from /home/airflow/.local/lib/python3.12/site-packages/airflow/example_dags/example_branch_datetime_operator.py
[2024-09-02T01:44:29.990+0000] {logging_mixin.py:190} INFO - [2024-09-02T01:44:29.990+0000] {dag.py:3211} INFO - Sync 3 DAGs
[2024-09-02T01:44:30.005+0000] {logging_mixin.py:190} INFO - [2024-09-02T01:44:30.005+0000] {dag.py:4138} INFO - Setting next_dagrun for example_branch_datetime_operator to 2024-09-01 00:00:00+00:00, run_after=2024-09-02 00:00:00+00:00
[2024-09-02T01:44:30.009+0000] {logging_mixin.py:190} INFO - [2024-09-02T01:44:30.009+0000] {dag.py:4138} INFO - Setting next_dagrun for example_branch_datetime_operator_2 to 2024-09-01 00:00:00+00:00, run_after=2024-09-02 00:00:00+00:00
[2024-09-02T01:44:30.011+0000] {logging_mixin.py:190} INFO - [2024-09-02T01:44:30.011+0000] {dag.py:4138} INFO - Setting next_dagrun for example_branch_datetime_operator_3 to 2024-09-01 00:00:00+00:00, run_after=2024-09-02 00:00:00+00:00
[2024-09-02T01:44:30.023+0000] {processor.py:208} INFO - Processing /home/airflow/.local/lib/python3.12/site-packages/airflow/example_dags/example_branch_datetime_operator.py took 0.071 seconds
[2024-09-02T01:45:00.357+0000] {processor.py:186} INFO - Started process (PID=3466) to work on /home/airflow/.local/lib/python3.12/site-packages/airflow/example_dags/example_branch_datetime_operator.py
[2024-09-02T01:45:00.358+0000] {processor.py:914} INFO - Processing file /home/airflow/.local/lib/python3.12/site-packages/airflow/example_dags/example_branch_datetime_operator.py for tasks to queue
[2024-09-02T01:45:00.360+0000] {logging_mixin.py:190} INFO - [2024-09-02T01:45:00.360+0000] {dagbag.py:587} INFO - Filling up the DagBag from /home/airflow/.local/lib/python3.12/site-packages/airflow/example_dags/example_branch_datetime_operator.py
[2024-09-02T01:45:00.369+0000] {processor.py:925} INFO - DAG(s) 'example_branch_datetime_operator_2', 'example_branch_datetime_operator', 'example_branch_datetime_operator_3' retrieved from /home/airflow/.local/lib/python3.12/site-packages/airflow/example_dags/example_branch_datetime_operator.py
[2024-09-02T01:45:00.386+0000] {logging_mixin.py:190} INFO - [2024-09-02T01:45:00.385+0000] {dag.py:3211} INFO - Sync 3 DAGs
[2024-09-02T01:45:00.401+0000] {logging_mixin.py:190} INFO - [2024-09-02T01:45:00.401+0000] {dag.py:4138} INFO - Setting next_dagrun for example_branch_datetime_operator to 2024-09-01 00:00:00+00:00, run_after=2024-09-02 00:00:00+00:00
[2024-09-02T01:45:00.404+0000] {logging_mixin.py:190} INFO - [2024-09-02T01:45:00.404+0000] {dag.py:4138} INFO - Setting next_dagrun for example_branch_datetime_operator_2 to 2024-09-01 00:00:00+00:00, run_after=2024-09-02 00:00:00+00:00
[2024-09-02T01:45:00.406+0000] {logging_mixin.py:190} INFO - [2024-09-02T01:45:00.406+0000] {dag.py:4138} INFO - Setting next_dagrun for example_branch_datetime_operator_3 to 2024-09-01 00:00:00+00:00, run_after=2024-09-02 00:00:00+00:00
[2024-09-02T01:45:00.416+0000] {processor.py:208} INFO - Processing /home/airflow/.local/lib/python3.12/site-packages/airflow/example_dags/example_branch_datetime_operator.py took 0.064 seconds
[2024-09-02T01:54:37.860+0000] {processor.py:186} INFO - Started process (PID=249) to work on /home/airflow/.local/lib/python3.12/site-packages/airflow/example_dags/example_branch_datetime_operator.py
[2024-09-02T01:54:37.864+0000] {processor.py:914} INFO - Processing file /home/airflow/.local/lib/python3.12/site-packages/airflow/example_dags/example_branch_datetime_operator.py for tasks to queue
[2024-09-02T01:54:37.876+0000] {logging_mixin.py:190} INFO - [2024-09-02T01:54:37.876+0000] {dagbag.py:587} INFO - Filling up the DagBag from /home/airflow/.local/lib/python3.12/site-packages/airflow/example_dags/example_branch_datetime_operator.py
[2024-09-02T01:54:37.888+0000] {processor.py:925} INFO - DAG(s) 'example_branch_datetime_operator_2', 'example_branch_datetime_operator', 'example_branch_datetime_operator_3' retrieved from /home/airflow/.local/lib/python3.12/site-packages/airflow/example_dags/example_branch_datetime_operator.py
[2024-09-02T01:54:37.930+0000] {logging_mixin.py:190} INFO - [2024-09-02T01:54:37.930+0000] {dag.py:3211} INFO - Sync 3 DAGs
[2024-09-02T01:54:37.956+0000] {logging_mixin.py:190} INFO - [2024-09-02T01:54:37.956+0000] {dag.py:4138} INFO - Setting next_dagrun for example_branch_datetime_operator to 2024-09-01 00:00:00+00:00, run_after=2024-09-02 00:00:00+00:00
[2024-09-02T01:54:37.971+0000] {logging_mixin.py:190} INFO - [2024-09-02T01:54:37.970+0000] {dag.py:4138} INFO - Setting next_dagrun for example_branch_datetime_operator_2 to 2024-09-01 00:00:00+00:00, run_after=2024-09-02 00:00:00+00:00
[2024-09-02T01:54:37.987+0000] {logging_mixin.py:190} INFO - [2024-09-02T01:54:37.987+0000] {dag.py:4138} INFO - Setting next_dagrun for example_branch_datetime_operator_3 to 2024-09-01 00:00:00+00:00, run_after=2024-09-02 00:00:00+00:00
[2024-09-02T01:54:38.010+0000] {processor.py:208} INFO - Processing /home/airflow/.local/lib/python3.12/site-packages/airflow/example_dags/example_branch_datetime_operator.py took 0.158 seconds
[2024-09-02T01:55:08.185+0000] {processor.py:186} INFO - Started process (PID=586) to work on /home/airflow/.local/lib/python3.12/site-packages/airflow/example_dags/example_branch_datetime_operator.py
[2024-09-02T01:55:08.187+0000] {processor.py:914} INFO - Processing file /home/airflow/.local/lib/python3.12/site-packages/airflow/example_dags/example_branch_datetime_operator.py for tasks to queue
[2024-09-02T01:55:08.189+0000] {logging_mixin.py:190} INFO - [2024-09-02T01:55:08.189+0000] {dagbag.py:587} INFO - Filling up the DagBag from /home/airflow/.local/lib/python3.12/site-packages/airflow/example_dags/example_branch_datetime_operator.py
[2024-09-02T01:55:08.198+0000] {processor.py:925} INFO - DAG(s) 'example_branch_datetime_operator_2', 'example_branch_datetime_operator', 'example_branch_datetime_operator_3' retrieved from /home/airflow/.local/lib/python3.12/site-packages/airflow/example_dags/example_branch_datetime_operator.py
[2024-09-02T01:55:08.215+0000] {logging_mixin.py:190} INFO - [2024-09-02T01:55:08.215+0000] {dag.py:3211} INFO - Sync 3 DAGs
[2024-09-02T01:55:08.229+0000] {logging_mixin.py:190} INFO - [2024-09-02T01:55:08.229+0000] {dag.py:4138} INFO - Setting next_dagrun for example_branch_datetime_operator to 2024-09-01 00:00:00+00:00, run_after=2024-09-02 00:00:00+00:00
[2024-09-02T01:55:08.233+0000] {logging_mixin.py:190} INFO - [2024-09-02T01:55:08.232+0000] {dag.py:4138} INFO - Setting next_dagrun for example_branch_datetime_operator_2 to 2024-09-01 00:00:00+00:00, run_after=2024-09-02 00:00:00+00:00
[2024-09-02T01:55:08.235+0000] {logging_mixin.py:190} INFO - [2024-09-02T01:55:08.235+0000] {dag.py:4138} INFO - Setting next_dagrun for example_branch_datetime_operator_3 to 2024-09-01 00:00:00+00:00, run_after=2024-09-02 00:00:00+00:00
[2024-09-02T01:55:08.245+0000] {processor.py:208} INFO - Processing /home/airflow/.local/lib/python3.12/site-packages/airflow/example_dags/example_branch_datetime_operator.py took 0.063 seconds
[2024-09-02T01:55:39.069+0000] {processor.py:186} INFO - Started process (PID=872) to work on /home/airflow/.local/lib/python3.12/site-packages/airflow/example_dags/example_branch_datetime_operator.py
[2024-09-02T01:55:39.071+0000] {processor.py:914} INFO - Processing file /home/airflow/.local/lib/python3.12/site-packages/airflow/example_dags/example_branch_datetime_operator.py for tasks to queue
[2024-09-02T01:55:39.073+0000] {logging_mixin.py:190} INFO - [2024-09-02T01:55:39.073+0000] {dagbag.py:587} INFO - Filling up the DagBag from /home/airflow/.local/lib/python3.12/site-packages/airflow/example_dags/example_branch_datetime_operator.py
[2024-09-02T01:55:39.080+0000] {processor.py:925} INFO - DAG(s) 'example_branch_datetime_operator', 'example_branch_datetime_operator_2', 'example_branch_datetime_operator_3' retrieved from /home/airflow/.local/lib/python3.12/site-packages/airflow/example_dags/example_branch_datetime_operator.py
[2024-09-02T01:55:39.114+0000] {logging_mixin.py:190} INFO - [2024-09-02T01:55:39.114+0000] {dag.py:3211} INFO - Sync 3 DAGs
[2024-09-02T01:55:39.156+0000] {logging_mixin.py:190} INFO - [2024-09-02T01:55:39.156+0000] {dag.py:4138} INFO - Setting next_dagrun for example_branch_datetime_operator to 2024-09-01 00:00:00+00:00, run_after=2024-09-02 00:00:00+00:00
[2024-09-02T01:55:39.161+0000] {logging_mixin.py:190} INFO - [2024-09-02T01:55:39.161+0000] {dag.py:4138} INFO - Setting next_dagrun for example_branch_datetime_operator_2 to 2024-09-01 00:00:00+00:00, run_after=2024-09-02 00:00:00+00:00
[2024-09-02T01:55:39.164+0000] {logging_mixin.py:190} INFO - [2024-09-02T01:55:39.164+0000] {dag.py:4138} INFO - Setting next_dagrun for example_branch_datetime_operator_3 to 2024-09-01 00:00:00+00:00, run_after=2024-09-02 00:00:00+00:00
[2024-09-02T01:55:39.176+0000] {processor.py:208} INFO - Processing /home/airflow/.local/lib/python3.12/site-packages/airflow/example_dags/example_branch_datetime_operator.py took 0.111 seconds
[2024-09-02T01:56:09.298+0000] {processor.py:186} INFO - Started process (PID=1158) to work on /home/airflow/.local/lib/python3.12/site-packages/airflow/example_dags/example_branch_datetime_operator.py
[2024-09-02T01:56:09.300+0000] {processor.py:914} INFO - Processing file /home/airflow/.local/lib/python3.12/site-packages/airflow/example_dags/example_branch_datetime_operator.py for tasks to queue
[2024-09-02T01:56:09.302+0000] {logging_mixin.py:190} INFO - [2024-09-02T01:56:09.301+0000] {dagbag.py:587} INFO - Filling up the DagBag from /home/airflow/.local/lib/python3.12/site-packages/airflow/example_dags/example_branch_datetime_operator.py
[2024-09-02T01:56:09.309+0000] {processor.py:925} INFO - DAG(s) 'example_branch_datetime_operator_2', 'example_branch_datetime_operator_3', 'example_branch_datetime_operator' retrieved from /home/airflow/.local/lib/python3.12/site-packages/airflow/example_dags/example_branch_datetime_operator.py
[2024-09-02T01:56:09.326+0000] {logging_mixin.py:190} INFO - [2024-09-02T01:56:09.325+0000] {dag.py:3211} INFO - Sync 3 DAGs
[2024-09-02T01:56:09.340+0000] {logging_mixin.py:190} INFO - [2024-09-02T01:56:09.340+0000] {dag.py:4138} INFO - Setting next_dagrun for example_branch_datetime_operator to 2024-09-01 00:00:00+00:00, run_after=2024-09-02 00:00:00+00:00
[2024-09-02T01:56:09.345+0000] {logging_mixin.py:190} INFO - [2024-09-02T01:56:09.345+0000] {dag.py:4138} INFO - Setting next_dagrun for example_branch_datetime_operator_2 to 2024-09-01 00:00:00+00:00, run_after=2024-09-02 00:00:00+00:00
[2024-09-02T01:56:09.348+0000] {logging_mixin.py:190} INFO - [2024-09-02T01:56:09.348+0000] {dag.py:4138} INFO - Setting next_dagrun for example_branch_datetime_operator_3 to 2024-09-01 00:00:00+00:00, run_after=2024-09-02 00:00:00+00:00
[2024-09-02T01:56:09.359+0000] {processor.py:208} INFO - Processing /home/airflow/.local/lib/python3.12/site-packages/airflow/example_dags/example_branch_datetime_operator.py took 0.065 seconds
[2024-09-02T01:56:39.995+0000] {processor.py:186} INFO - Started process (PID=1448) to work on /home/airflow/.local/lib/python3.12/site-packages/airflow/example_dags/example_branch_datetime_operator.py
[2024-09-02T01:56:39.997+0000] {processor.py:914} INFO - Processing file /home/airflow/.local/lib/python3.12/site-packages/airflow/example_dags/example_branch_datetime_operator.py for tasks to queue
[2024-09-02T01:56:40.001+0000] {logging_mixin.py:190} INFO - [2024-09-02T01:56:40.001+0000] {dagbag.py:587} INFO - Filling up the DagBag from /home/airflow/.local/lib/python3.12/site-packages/airflow/example_dags/example_branch_datetime_operator.py
[2024-09-02T01:56:40.008+0000] {processor.py:925} INFO - DAG(s) 'example_branch_datetime_operator_2', 'example_branch_datetime_operator_3', 'example_branch_datetime_operator' retrieved from /home/airflow/.local/lib/python3.12/site-packages/airflow/example_dags/example_branch_datetime_operator.py
[2024-09-02T01:56:40.039+0000] {logging_mixin.py:190} INFO - [2024-09-02T01:56:40.039+0000] {dag.py:3211} INFO - Sync 3 DAGs
[2024-09-02T01:56:40.056+0000] {logging_mixin.py:190} INFO - [2024-09-02T01:56:40.055+0000] {dag.py:4138} INFO - Setting next_dagrun for example_branch_datetime_operator to 2024-09-01 00:00:00+00:00, run_after=2024-09-02 00:00:00+00:00
[2024-09-02T01:56:40.059+0000] {logging_mixin.py:190} INFO - [2024-09-02T01:56:40.059+0000] {dag.py:4138} INFO - Setting next_dagrun for example_branch_datetime_operator_2 to 2024-09-01 00:00:00+00:00, run_after=2024-09-02 00:00:00+00:00
[2024-09-02T01:56:40.061+0000] {logging_mixin.py:190} INFO - [2024-09-02T01:56:40.061+0000] {dag.py:4138} INFO - Setting next_dagrun for example_branch_datetime_operator_3 to 2024-09-01 00:00:00+00:00, run_after=2024-09-02 00:00:00+00:00
[2024-09-02T01:56:40.071+0000] {processor.py:208} INFO - Processing /home/airflow/.local/lib/python3.12/site-packages/airflow/example_dags/example_branch_datetime_operator.py took 0.079 seconds
[2024-09-02T01:57:10.101+0000] {processor.py:186} INFO - Started process (PID=1734) to work on /home/airflow/.local/lib/python3.12/site-packages/airflow/example_dags/example_branch_datetime_operator.py
[2024-09-02T01:57:10.103+0000] {processor.py:914} INFO - Processing file /home/airflow/.local/lib/python3.12/site-packages/airflow/example_dags/example_branch_datetime_operator.py for tasks to queue
[2024-09-02T01:57:10.105+0000] {logging_mixin.py:190} INFO - [2024-09-02T01:57:10.105+0000] {dagbag.py:587} INFO - Filling up the DagBag from /home/airflow/.local/lib/python3.12/site-packages/airflow/example_dags/example_branch_datetime_operator.py
[2024-09-02T01:57:10.112+0000] {processor.py:925} INFO - DAG(s) 'example_branch_datetime_operator_2', 'example_branch_datetime_operator_3', 'example_branch_datetime_operator' retrieved from /home/airflow/.local/lib/python3.12/site-packages/airflow/example_dags/example_branch_datetime_operator.py
[2024-09-02T01:57:10.127+0000] {logging_mixin.py:190} INFO - [2024-09-02T01:57:10.127+0000] {dag.py:3211} INFO - Sync 3 DAGs
[2024-09-02T01:57:10.141+0000] {logging_mixin.py:190} INFO - [2024-09-02T01:57:10.140+0000] {dag.py:4138} INFO - Setting next_dagrun for example_branch_datetime_operator to 2024-09-01 00:00:00+00:00, run_after=2024-09-02 00:00:00+00:00
[2024-09-02T01:57:10.143+0000] {logging_mixin.py:190} INFO - [2024-09-02T01:57:10.143+0000] {dag.py:4138} INFO - Setting next_dagrun for example_branch_datetime_operator_2 to 2024-09-01 00:00:00+00:00, run_after=2024-09-02 00:00:00+00:00
[2024-09-02T01:57:10.145+0000] {logging_mixin.py:190} INFO - [2024-09-02T01:57:10.145+0000] {dag.py:4138} INFO - Setting next_dagrun for example_branch_datetime_operator_3 to 2024-09-01 00:00:00+00:00, run_after=2024-09-02 00:00:00+00:00
[2024-09-02T01:57:10.153+0000] {processor.py:208} INFO - Processing /home/airflow/.local/lib/python3.12/site-packages/airflow/example_dags/example_branch_datetime_operator.py took 0.055 seconds
[2024-09-02T01:57:40.543+0000] {processor.py:186} INFO - Started process (PID=2019) to work on /home/airflow/.local/lib/python3.12/site-packages/airflow/example_dags/example_branch_datetime_operator.py
[2024-09-02T01:57:40.544+0000] {processor.py:914} INFO - Processing file /home/airflow/.local/lib/python3.12/site-packages/airflow/example_dags/example_branch_datetime_operator.py for tasks to queue
[2024-09-02T01:57:40.546+0000] {logging_mixin.py:190} INFO - [2024-09-02T01:57:40.546+0000] {dagbag.py:587} INFO - Filling up the DagBag from /home/airflow/.local/lib/python3.12/site-packages/airflow/example_dags/example_branch_datetime_operator.py
[2024-09-02T01:57:40.553+0000] {processor.py:925} INFO - DAG(s) 'example_branch_datetime_operator_2', 'example_branch_datetime_operator', 'example_branch_datetime_operator_3' retrieved from /home/airflow/.local/lib/python3.12/site-packages/airflow/example_dags/example_branch_datetime_operator.py
[2024-09-02T01:57:40.571+0000] {logging_mixin.py:190} INFO - [2024-09-02T01:57:40.571+0000] {dag.py:3211} INFO - Sync 3 DAGs
[2024-09-02T01:57:40.588+0000] {logging_mixin.py:190} INFO - [2024-09-02T01:57:40.588+0000] {dag.py:4138} INFO - Setting next_dagrun for example_branch_datetime_operator to 2024-09-01 00:00:00+00:00, run_after=2024-09-02 00:00:00+00:00
[2024-09-02T01:57:40.592+0000] {logging_mixin.py:190} INFO - [2024-09-02T01:57:40.592+0000] {dag.py:4138} INFO - Setting next_dagrun for example_branch_datetime_operator_2 to 2024-09-01 00:00:00+00:00, run_after=2024-09-02 00:00:00+00:00
[2024-09-02T01:57:40.594+0000] {logging_mixin.py:190} INFO - [2024-09-02T01:57:40.594+0000] {dag.py:4138} INFO - Setting next_dagrun for example_branch_datetime_operator_3 to 2024-09-01 00:00:00+00:00, run_after=2024-09-02 00:00:00+00:00
[2024-09-02T01:57:40.603+0000] {processor.py:208} INFO - Processing /home/airflow/.local/lib/python3.12/site-packages/airflow/example_dags/example_branch_datetime_operator.py took 0.064 seconds
[2024-09-02T01:58:11.178+0000] {processor.py:186} INFO - Started process (PID=2305) to work on /home/airflow/.local/lib/python3.12/site-packages/airflow/example_dags/example_branch_datetime_operator.py
[2024-09-02T01:58:11.180+0000] {processor.py:914} INFO - Processing file /home/airflow/.local/lib/python3.12/site-packages/airflow/example_dags/example_branch_datetime_operator.py for tasks to queue
[2024-09-02T01:58:11.182+0000] {logging_mixin.py:190} INFO - [2024-09-02T01:58:11.182+0000] {dagbag.py:587} INFO - Filling up the DagBag from /home/airflow/.local/lib/python3.12/site-packages/airflow/example_dags/example_branch_datetime_operator.py
[2024-09-02T01:58:11.190+0000] {processor.py:925} INFO - DAG(s) 'example_branch_datetime_operator', 'example_branch_datetime_operator_2', 'example_branch_datetime_operator_3' retrieved from /home/airflow/.local/lib/python3.12/site-packages/airflow/example_dags/example_branch_datetime_operator.py
[2024-09-02T01:58:11.208+0000] {logging_mixin.py:190} INFO - [2024-09-02T01:58:11.208+0000] {dag.py:3211} INFO - Sync 3 DAGs
[2024-09-02T01:58:11.367+0000] {logging_mixin.py:190} INFO - [2024-09-02T01:58:11.365+0000] {dag.py:4138} INFO - Setting next_dagrun for example_branch_datetime_operator to 2024-09-01 00:00:00+00:00, run_after=2024-09-02 00:00:00+00:00
[2024-09-02T01:58:11.379+0000] {logging_mixin.py:190} INFO - [2024-09-02T01:58:11.379+0000] {dag.py:4138} INFO - Setting next_dagrun for example_branch_datetime_operator_2 to 2024-09-01 00:00:00+00:00, run_after=2024-09-02 00:00:00+00:00
[2024-09-02T01:58:11.383+0000] {logging_mixin.py:190} INFO - [2024-09-02T01:58:11.382+0000] {dag.py:4138} INFO - Setting next_dagrun for example_branch_datetime_operator_3 to 2024-09-01 00:00:00+00:00, run_after=2024-09-02 00:00:00+00:00
[2024-09-02T01:58:11.414+0000] {processor.py:208} INFO - Processing /home/airflow/.local/lib/python3.12/site-packages/airflow/example_dags/example_branch_datetime_operator.py took 0.240 seconds
