[2024-09-02T01:39:25.155+0000] {processor.py:186} INFO - Started process (PID=381) to work on /home/airflow/.local/lib/python3.12/site-packages/airflow/example_dags/example_task_group_decorator.py
[2024-09-02T01:39:25.167+0000] {processor.py:914} INFO - Processing file /home/airflow/.local/lib/python3.12/site-packages/airflow/example_dags/example_task_group_decorator.py for tasks to queue
[2024-09-02T01:39:25.183+0000] {logging_mixin.py:190} INFO - [2024-09-02T01:39:25.180+0000] {dagbag.py:587} INFO - Filling up the DagBag from /home/airflow/.local/lib/python3.12/site-packages/airflow/example_dags/example_task_group_decorator.py
[2024-09-02T01:39:25.218+0000] {processor.py:925} INFO - DAG(s) 'example_task_group_decorator' retrieved from /home/airflow/.local/lib/python3.12/site-packages/airflow/example_dags/example_task_group_decorator.py
[2024-09-02T01:39:25.398+0000] {logging_mixin.py:190} INFO - [2024-09-02T01:39:25.397+0000] {override.py:1858} INFO - Created Permission View: can edit on DAG:example_task_group_decorator
[2024-09-02T01:39:25.408+0000] {logging_mixin.py:190} INFO - [2024-09-02T01:39:25.407+0000] {override.py:1858} INFO - Created Permission View: can read on DAG:example_task_group_decorator
[2024-09-02T01:39:25.416+0000] {logging_mixin.py:190} INFO - [2024-09-02T01:39:25.416+0000] {override.py:1858} INFO - Created Permission View: can delete on DAG:example_task_group_decorator
[2024-09-02T01:39:25.418+0000] {logging_mixin.py:190} INFO - [2024-09-02T01:39:25.418+0000] {dag.py:3211} INFO - Sync 1 DAGs
[2024-09-02T01:39:25.435+0000] {logging_mixin.py:190} INFO - [2024-09-02T01:39:25.435+0000] {dag.py:3234} INFO - Creating ORM DAG for example_task_group_decorator
[2024-09-02T01:39:25.447+0000] {logging_mixin.py:190} INFO - [2024-09-02T01:39:25.447+0000] {dag.py:4138} INFO - Setting next_dagrun for example_task_group_decorator to 2024-09-01 00:00:00+00:00, run_after=2024-09-02 00:00:00+00:00
[2024-09-02T01:39:25.468+0000] {processor.py:208} INFO - Processing /home/airflow/.local/lib/python3.12/site-packages/airflow/example_dags/example_task_group_decorator.py took 0.326 seconds
[2024-09-02T01:39:55.605+0000] {processor.py:186} INFO - Started process (PID=669) to work on /home/airflow/.local/lib/python3.12/site-packages/airflow/example_dags/example_task_group_decorator.py
[2024-09-02T01:39:55.607+0000] {processor.py:914} INFO - Processing file /home/airflow/.local/lib/python3.12/site-packages/airflow/example_dags/example_task_group_decorator.py for tasks to queue
[2024-09-02T01:39:55.609+0000] {logging_mixin.py:190} INFO - [2024-09-02T01:39:55.609+0000] {dagbag.py:587} INFO - Filling up the DagBag from /home/airflow/.local/lib/python3.12/site-packages/airflow/example_dags/example_task_group_decorator.py
[2024-09-02T01:39:55.619+0000] {processor.py:925} INFO - DAG(s) 'example_task_group_decorator' retrieved from /home/airflow/.local/lib/python3.12/site-packages/airflow/example_dags/example_task_group_decorator.py
[2024-09-02T01:39:55.638+0000] {logging_mixin.py:190} INFO - [2024-09-02T01:39:55.638+0000] {dag.py:3211} INFO - Sync 1 DAGs
[2024-09-02T01:39:55.650+0000] {logging_mixin.py:190} INFO - [2024-09-02T01:39:55.650+0000] {dag.py:4138} INFO - Setting next_dagrun for example_task_group_decorator to 2024-09-01 00:00:00+00:00, run_after=2024-09-02 00:00:00+00:00
[2024-09-02T01:39:55.660+0000] {processor.py:208} INFO - Processing /home/airflow/.local/lib/python3.12/site-packages/airflow/example_dags/example_task_group_decorator.py took 0.060 seconds
[2024-09-02T01:40:26.984+0000] {processor.py:186} INFO - Started process (PID=953) to work on /home/airflow/.local/lib/python3.12/site-packages/airflow/example_dags/example_task_group_decorator.py
[2024-09-02T01:40:26.986+0000] {processor.py:914} INFO - Processing file /home/airflow/.local/lib/python3.12/site-packages/airflow/example_dags/example_task_group_decorator.py for tasks to queue
[2024-09-02T01:40:26.990+0000] {logging_mixin.py:190} INFO - [2024-09-02T01:40:26.989+0000] {dagbag.py:587} INFO - Filling up the DagBag from /home/airflow/.local/lib/python3.12/site-packages/airflow/example_dags/example_task_group_decorator.py
[2024-09-02T01:40:27.014+0000] {processor.py:925} INFO - DAG(s) 'example_task_group_decorator' retrieved from /home/airflow/.local/lib/python3.12/site-packages/airflow/example_dags/example_task_group_decorator.py
[2024-09-02T01:40:27.037+0000] {logging_mixin.py:190} INFO - [2024-09-02T01:40:27.037+0000] {dag.py:3211} INFO - Sync 1 DAGs
[2024-09-02T01:40:27.053+0000] {logging_mixin.py:190} INFO - [2024-09-02T01:40:27.053+0000] {dag.py:4138} INFO - Setting next_dagrun for example_task_group_decorator to 2024-09-01 00:00:00+00:00, run_after=2024-09-02 00:00:00+00:00
[2024-09-02T01:40:27.076+0000] {processor.py:208} INFO - Processing /home/airflow/.local/lib/python3.12/site-packages/airflow/example_dags/example_task_group_decorator.py took 0.097 seconds
[2024-09-02T01:40:57.210+0000] {processor.py:186} INFO - Started process (PID=1239) to work on /home/airflow/.local/lib/python3.12/site-packages/airflow/example_dags/example_task_group_decorator.py
[2024-09-02T01:40:57.212+0000] {processor.py:914} INFO - Processing file /home/airflow/.local/lib/python3.12/site-packages/airflow/example_dags/example_task_group_decorator.py for tasks to queue
[2024-09-02T01:40:57.214+0000] {logging_mixin.py:190} INFO - [2024-09-02T01:40:57.214+0000] {dagbag.py:587} INFO - Filling up the DagBag from /home/airflow/.local/lib/python3.12/site-packages/airflow/example_dags/example_task_group_decorator.py
[2024-09-02T01:40:57.224+0000] {processor.py:925} INFO - DAG(s) 'example_task_group_decorator' retrieved from /home/airflow/.local/lib/python3.12/site-packages/airflow/example_dags/example_task_group_decorator.py
[2024-09-02T01:40:57.239+0000] {logging_mixin.py:190} INFO - [2024-09-02T01:40:57.239+0000] {dag.py:3211} INFO - Sync 1 DAGs
[2024-09-02T01:40:57.253+0000] {logging_mixin.py:190} INFO - [2024-09-02T01:40:57.253+0000] {dag.py:4138} INFO - Setting next_dagrun for example_task_group_decorator to 2024-09-01 00:00:00+00:00, run_after=2024-09-02 00:00:00+00:00
[2024-09-02T01:40:57.264+0000] {processor.py:208} INFO - Processing /home/airflow/.local/lib/python3.12/site-packages/airflow/example_dags/example_task_group_decorator.py took 0.058 seconds
[2024-09-02T01:41:28.161+0000] {processor.py:186} INFO - Started process (PID=1559) to work on /home/airflow/.local/lib/python3.12/site-packages/airflow/example_dags/example_task_group_decorator.py
[2024-09-02T01:41:28.164+0000] {processor.py:914} INFO - Processing file /home/airflow/.local/lib/python3.12/site-packages/airflow/example_dags/example_task_group_decorator.py for tasks to queue
[2024-09-02T01:41:28.167+0000] {logging_mixin.py:190} INFO - [2024-09-02T01:41:28.167+0000] {dagbag.py:587} INFO - Filling up the DagBag from /home/airflow/.local/lib/python3.12/site-packages/airflow/example_dags/example_task_group_decorator.py
[2024-09-02T01:41:28.214+0000] {processor.py:925} INFO - DAG(s) 'example_task_group_decorator' retrieved from /home/airflow/.local/lib/python3.12/site-packages/airflow/example_dags/example_task_group_decorator.py
[2024-09-02T01:41:28.238+0000] {logging_mixin.py:190} INFO - [2024-09-02T01:41:28.238+0000] {dag.py:3211} INFO - Sync 1 DAGs
[2024-09-02T01:41:28.259+0000] {logging_mixin.py:190} INFO - [2024-09-02T01:41:28.258+0000] {dag.py:4138} INFO - Setting next_dagrun for example_task_group_decorator to 2024-09-01 00:00:00+00:00, run_after=2024-09-02 00:00:00+00:00
[2024-09-02T01:41:28.276+0000] {processor.py:208} INFO - Processing /home/airflow/.local/lib/python3.12/site-packages/airflow/example_dags/example_task_group_decorator.py took 0.120 seconds
[2024-09-02T01:41:59.265+0000] {processor.py:186} INFO - Started process (PID=1887) to work on /home/airflow/.local/lib/python3.12/site-packages/airflow/example_dags/example_task_group_decorator.py
[2024-09-02T01:41:59.267+0000] {processor.py:914} INFO - Processing file /home/airflow/.local/lib/python3.12/site-packages/airflow/example_dags/example_task_group_decorator.py for tasks to queue
[2024-09-02T01:41:59.269+0000] {logging_mixin.py:190} INFO - [2024-09-02T01:41:59.269+0000] {dagbag.py:587} INFO - Filling up the DagBag from /home/airflow/.local/lib/python3.12/site-packages/airflow/example_dags/example_task_group_decorator.py
[2024-09-02T01:41:59.279+0000] {processor.py:925} INFO - DAG(s) 'example_task_group_decorator' retrieved from /home/airflow/.local/lib/python3.12/site-packages/airflow/example_dags/example_task_group_decorator.py
[2024-09-02T01:41:59.296+0000] {logging_mixin.py:190} INFO - [2024-09-02T01:41:59.296+0000] {dag.py:3211} INFO - Sync 1 DAGs
[2024-09-02T01:41:59.311+0000] {logging_mixin.py:190} INFO - [2024-09-02T01:41:59.311+0000] {dag.py:4138} INFO - Setting next_dagrun for example_task_group_decorator to 2024-09-01 00:00:00+00:00, run_after=2024-09-02 00:00:00+00:00
[2024-09-02T01:41:59.322+0000] {processor.py:208} INFO - Processing /home/airflow/.local/lib/python3.12/site-packages/airflow/example_dags/example_task_group_decorator.py took 0.061 seconds
[2024-09-02T01:42:30.181+0000] {processor.py:186} INFO - Started process (PID=2170) to work on /home/airflow/.local/lib/python3.12/site-packages/airflow/example_dags/example_task_group_decorator.py
[2024-09-02T01:42:30.182+0000] {processor.py:914} INFO - Processing file /home/airflow/.local/lib/python3.12/site-packages/airflow/example_dags/example_task_group_decorator.py for tasks to queue
[2024-09-02T01:42:30.184+0000] {logging_mixin.py:190} INFO - [2024-09-02T01:42:30.184+0000] {dagbag.py:587} INFO - Filling up the DagBag from /home/airflow/.local/lib/python3.12/site-packages/airflow/example_dags/example_task_group_decorator.py
[2024-09-02T01:42:30.194+0000] {processor.py:925} INFO - DAG(s) 'example_task_group_decorator' retrieved from /home/airflow/.local/lib/python3.12/site-packages/airflow/example_dags/example_task_group_decorator.py
[2024-09-02T01:42:30.217+0000] {logging_mixin.py:190} INFO - [2024-09-02T01:42:30.217+0000] {dag.py:3211} INFO - Sync 1 DAGs
[2024-09-02T01:42:30.235+0000] {logging_mixin.py:190} INFO - [2024-09-02T01:42:30.235+0000] {dag.py:4138} INFO - Setting next_dagrun for example_task_group_decorator to 2024-09-01 00:00:00+00:00, run_after=2024-09-02 00:00:00+00:00
[2024-09-02T01:42:30.261+0000] {processor.py:208} INFO - Processing /home/airflow/.local/lib/python3.12/site-packages/airflow/example_dags/example_task_group_decorator.py took 0.084 seconds
[2024-09-02T01:43:01.597+0000] {processor.py:186} INFO - Started process (PID=2456) to work on /home/airflow/.local/lib/python3.12/site-packages/airflow/example_dags/example_task_group_decorator.py
[2024-09-02T01:43:01.599+0000] {processor.py:914} INFO - Processing file /home/airflow/.local/lib/python3.12/site-packages/airflow/example_dags/example_task_group_decorator.py for tasks to queue
[2024-09-02T01:43:01.602+0000] {logging_mixin.py:190} INFO - [2024-09-02T01:43:01.602+0000] {dagbag.py:587} INFO - Filling up the DagBag from /home/airflow/.local/lib/python3.12/site-packages/airflow/example_dags/example_task_group_decorator.py
[2024-09-02T01:43:01.614+0000] {processor.py:925} INFO - DAG(s) 'example_task_group_decorator' retrieved from /home/airflow/.local/lib/python3.12/site-packages/airflow/example_dags/example_task_group_decorator.py
[2024-09-02T01:43:01.632+0000] {logging_mixin.py:190} INFO - [2024-09-02T01:43:01.632+0000] {dag.py:3211} INFO - Sync 1 DAGs
[2024-09-02T01:43:01.646+0000] {logging_mixin.py:190} INFO - [2024-09-02T01:43:01.646+0000] {dag.py:4138} INFO - Setting next_dagrun for example_task_group_decorator to 2024-09-01 00:00:00+00:00, run_after=2024-09-02 00:00:00+00:00
[2024-09-02T01:43:01.658+0000] {processor.py:208} INFO - Processing /home/airflow/.local/lib/python3.12/site-packages/airflow/example_dags/example_task_group_decorator.py took 0.066 seconds
[2024-09-02T01:43:31.916+0000] {processor.py:186} INFO - Started process (PID=2744) to work on /home/airflow/.local/lib/python3.12/site-packages/airflow/example_dags/example_task_group_decorator.py
[2024-09-02T01:43:31.919+0000] {processor.py:914} INFO - Processing file /home/airflow/.local/lib/python3.12/site-packages/airflow/example_dags/example_task_group_decorator.py for tasks to queue
[2024-09-02T01:43:31.923+0000] {logging_mixin.py:190} INFO - [2024-09-02T01:43:31.922+0000] {dagbag.py:587} INFO - Filling up the DagBag from /home/airflow/.local/lib/python3.12/site-packages/airflow/example_dags/example_task_group_decorator.py
[2024-09-02T01:43:31.934+0000] {processor.py:925} INFO - DAG(s) 'example_task_group_decorator' retrieved from /home/airflow/.local/lib/python3.12/site-packages/airflow/example_dags/example_task_group_decorator.py
[2024-09-02T01:43:31.951+0000] {logging_mixin.py:190} INFO - [2024-09-02T01:43:31.951+0000] {dag.py:3211} INFO - Sync 1 DAGs
[2024-09-02T01:43:31.965+0000] {logging_mixin.py:190} INFO - [2024-09-02T01:43:31.965+0000] {dag.py:4138} INFO - Setting next_dagrun for example_task_group_decorator to 2024-09-01 00:00:00+00:00, run_after=2024-09-02 00:00:00+00:00
[2024-09-02T01:43:31.980+0000] {processor.py:208} INFO - Processing /home/airflow/.local/lib/python3.12/site-packages/airflow/example_dags/example_task_group_decorator.py took 0.068 seconds
[2024-09-02T01:44:02.810+0000] {processor.py:186} INFO - Started process (PID=3031) to work on /home/airflow/.local/lib/python3.12/site-packages/airflow/example_dags/example_task_group_decorator.py
[2024-09-02T01:44:02.812+0000] {processor.py:914} INFO - Processing file /home/airflow/.local/lib/python3.12/site-packages/airflow/example_dags/example_task_group_decorator.py for tasks to queue
[2024-09-02T01:44:02.814+0000] {logging_mixin.py:190} INFO - [2024-09-02T01:44:02.814+0000] {dagbag.py:587} INFO - Filling up the DagBag from /home/airflow/.local/lib/python3.12/site-packages/airflow/example_dags/example_task_group_decorator.py
[2024-09-02T01:44:02.824+0000] {processor.py:925} INFO - DAG(s) 'example_task_group_decorator' retrieved from /home/airflow/.local/lib/python3.12/site-packages/airflow/example_dags/example_task_group_decorator.py
[2024-09-02T01:44:02.841+0000] {logging_mixin.py:190} INFO - [2024-09-02T01:44:02.841+0000] {dag.py:3211} INFO - Sync 1 DAGs
[2024-09-02T01:44:02.855+0000] {logging_mixin.py:190} INFO - [2024-09-02T01:44:02.854+0000] {dag.py:4138} INFO - Setting next_dagrun for example_task_group_decorator to 2024-09-01 00:00:00+00:00, run_after=2024-09-02 00:00:00+00:00
[2024-09-02T01:44:02.868+0000] {processor.py:208} INFO - Processing /home/airflow/.local/lib/python3.12/site-packages/airflow/example_dags/example_task_group_decorator.py took 0.062 seconds
[2024-09-02T01:44:33.276+0000] {processor.py:186} INFO - Started process (PID=3315) to work on /home/airflow/.local/lib/python3.12/site-packages/airflow/example_dags/example_task_group_decorator.py
[2024-09-02T01:44:33.277+0000] {processor.py:914} INFO - Processing file /home/airflow/.local/lib/python3.12/site-packages/airflow/example_dags/example_task_group_decorator.py for tasks to queue
[2024-09-02T01:44:33.280+0000] {logging_mixin.py:190} INFO - [2024-09-02T01:44:33.280+0000] {dagbag.py:587} INFO - Filling up the DagBag from /home/airflow/.local/lib/python3.12/site-packages/airflow/example_dags/example_task_group_decorator.py
[2024-09-02T01:44:33.290+0000] {processor.py:925} INFO - DAG(s) 'example_task_group_decorator' retrieved from /home/airflow/.local/lib/python3.12/site-packages/airflow/example_dags/example_task_group_decorator.py
[2024-09-02T01:44:33.307+0000] {logging_mixin.py:190} INFO - [2024-09-02T01:44:33.307+0000] {dag.py:3211} INFO - Sync 1 DAGs
[2024-09-02T01:44:33.321+0000] {logging_mixin.py:190} INFO - [2024-09-02T01:44:33.321+0000] {dag.py:4138} INFO - Setting next_dagrun for example_task_group_decorator to 2024-09-01 00:00:00+00:00, run_after=2024-09-02 00:00:00+00:00
[2024-09-02T01:44:33.333+0000] {processor.py:208} INFO - Processing /home/airflow/.local/lib/python3.12/site-packages/airflow/example_dags/example_task_group_decorator.py took 0.062 seconds
[2024-09-02T01:45:03.659+0000] {processor.py:186} INFO - Started process (PID=3601) to work on /home/airflow/.local/lib/python3.12/site-packages/airflow/example_dags/example_task_group_decorator.py
[2024-09-02T01:45:03.661+0000] {processor.py:914} INFO - Processing file /home/airflow/.local/lib/python3.12/site-packages/airflow/example_dags/example_task_group_decorator.py for tasks to queue
[2024-09-02T01:45:03.664+0000] {logging_mixin.py:190} INFO - [2024-09-02T01:45:03.663+0000] {dagbag.py:587} INFO - Filling up the DagBag from /home/airflow/.local/lib/python3.12/site-packages/airflow/example_dags/example_task_group_decorator.py
[2024-09-02T01:45:03.675+0000] {processor.py:925} INFO - DAG(s) 'example_task_group_decorator' retrieved from /home/airflow/.local/lib/python3.12/site-packages/airflow/example_dags/example_task_group_decorator.py
[2024-09-02T01:45:03.695+0000] {logging_mixin.py:190} INFO - [2024-09-02T01:45:03.695+0000] {dag.py:3211} INFO - Sync 1 DAGs
[2024-09-02T01:45:03.719+0000] {logging_mixin.py:190} INFO - [2024-09-02T01:45:03.719+0000] {dag.py:4138} INFO - Setting next_dagrun for example_task_group_decorator to 2024-09-01 00:00:00+00:00, run_after=2024-09-02 00:00:00+00:00
[2024-09-02T01:45:03.732+0000] {processor.py:208} INFO - Processing /home/airflow/.local/lib/python3.12/site-packages/airflow/example_dags/example_task_group_decorator.py took 0.078 seconds
[2024-09-02T01:54:42.667+0000] {processor.py:186} INFO - Started process (PID=407) to work on /home/airflow/.local/lib/python3.12/site-packages/airflow/example_dags/example_task_group_decorator.py
[2024-09-02T01:54:42.669+0000] {processor.py:914} INFO - Processing file /home/airflow/.local/lib/python3.12/site-packages/airflow/example_dags/example_task_group_decorator.py for tasks to queue
[2024-09-02T01:54:42.673+0000] {logging_mixin.py:190} INFO - [2024-09-02T01:54:42.673+0000] {dagbag.py:587} INFO - Filling up the DagBag from /home/airflow/.local/lib/python3.12/site-packages/airflow/example_dags/example_task_group_decorator.py
[2024-09-02T01:54:42.685+0000] {processor.py:925} INFO - DAG(s) 'example_task_group_decorator' retrieved from /home/airflow/.local/lib/python3.12/site-packages/airflow/example_dags/example_task_group_decorator.py
[2024-09-02T01:54:42.712+0000] {logging_mixin.py:190} INFO - [2024-09-02T01:54:42.712+0000] {dag.py:3211} INFO - Sync 1 DAGs
[2024-09-02T01:54:42.764+0000] {logging_mixin.py:190} INFO - [2024-09-02T01:54:42.764+0000] {dag.py:4138} INFO - Setting next_dagrun for example_task_group_decorator to 2024-09-01 00:00:00+00:00, run_after=2024-09-02 00:00:00+00:00
[2024-09-02T01:54:42.784+0000] {processor.py:208} INFO - Processing /home/airflow/.local/lib/python3.12/site-packages/airflow/example_dags/example_task_group_decorator.py took 0.123 seconds
[2024-09-02T01:55:12.872+0000] {processor.py:186} INFO - Started process (PID=723) to work on /home/airflow/.local/lib/python3.12/site-packages/airflow/example_dags/example_task_group_decorator.py
[2024-09-02T01:55:12.873+0000] {processor.py:914} INFO - Processing file /home/airflow/.local/lib/python3.12/site-packages/airflow/example_dags/example_task_group_decorator.py for tasks to queue
[2024-09-02T01:55:12.875+0000] {logging_mixin.py:190} INFO - [2024-09-02T01:55:12.875+0000] {dagbag.py:587} INFO - Filling up the DagBag from /home/airflow/.local/lib/python3.12/site-packages/airflow/example_dags/example_task_group_decorator.py
[2024-09-02T01:55:12.885+0000] {processor.py:925} INFO - DAG(s) 'example_task_group_decorator' retrieved from /home/airflow/.local/lib/python3.12/site-packages/airflow/example_dags/example_task_group_decorator.py
[2024-09-02T01:55:12.905+0000] {logging_mixin.py:190} INFO - [2024-09-02T01:55:12.905+0000] {dag.py:3211} INFO - Sync 1 DAGs
[2024-09-02T01:55:12.917+0000] {logging_mixin.py:190} INFO - [2024-09-02T01:55:12.917+0000] {dag.py:4138} INFO - Setting next_dagrun for example_task_group_decorator to 2024-09-01 00:00:00+00:00, run_after=2024-09-02 00:00:00+00:00
[2024-09-02T01:55:12.928+0000] {processor.py:208} INFO - Processing /home/airflow/.local/lib/python3.12/site-packages/airflow/example_dags/example_task_group_decorator.py took 0.061 seconds
[2024-09-02T01:55:43.393+0000] {processor.py:186} INFO - Started process (PID=1007) to work on /home/airflow/.local/lib/python3.12/site-packages/airflow/example_dags/example_task_group_decorator.py
[2024-09-02T01:55:43.395+0000] {processor.py:914} INFO - Processing file /home/airflow/.local/lib/python3.12/site-packages/airflow/example_dags/example_task_group_decorator.py for tasks to queue
[2024-09-02T01:55:43.397+0000] {logging_mixin.py:190} INFO - [2024-09-02T01:55:43.397+0000] {dagbag.py:587} INFO - Filling up the DagBag from /home/airflow/.local/lib/python3.12/site-packages/airflow/example_dags/example_task_group_decorator.py
[2024-09-02T01:55:43.406+0000] {processor.py:925} INFO - DAG(s) 'example_task_group_decorator' retrieved from /home/airflow/.local/lib/python3.12/site-packages/airflow/example_dags/example_task_group_decorator.py
[2024-09-02T01:55:43.424+0000] {logging_mixin.py:190} INFO - [2024-09-02T01:55:43.424+0000] {dag.py:3211} INFO - Sync 1 DAGs
[2024-09-02T01:55:43.438+0000] {logging_mixin.py:190} INFO - [2024-09-02T01:55:43.438+0000] {dag.py:4138} INFO - Setting next_dagrun for example_task_group_decorator to 2024-09-01 00:00:00+00:00, run_after=2024-09-02 00:00:00+00:00
[2024-09-02T01:55:43.453+0000] {processor.py:208} INFO - Processing /home/airflow/.local/lib/python3.12/site-packages/airflow/example_dags/example_task_group_decorator.py took 0.063 seconds
[2024-09-02T01:56:13.626+0000] {processor.py:186} INFO - Started process (PID=1293) to work on /home/airflow/.local/lib/python3.12/site-packages/airflow/example_dags/example_task_group_decorator.py
[2024-09-02T01:56:13.628+0000] {processor.py:914} INFO - Processing file /home/airflow/.local/lib/python3.12/site-packages/airflow/example_dags/example_task_group_decorator.py for tasks to queue
[2024-09-02T01:56:13.630+0000] {logging_mixin.py:190} INFO - [2024-09-02T01:56:13.630+0000] {dagbag.py:587} INFO - Filling up the DagBag from /home/airflow/.local/lib/python3.12/site-packages/airflow/example_dags/example_task_group_decorator.py
[2024-09-02T01:56:13.639+0000] {processor.py:925} INFO - DAG(s) 'example_task_group_decorator' retrieved from /home/airflow/.local/lib/python3.12/site-packages/airflow/example_dags/example_task_group_decorator.py
[2024-09-02T01:56:13.656+0000] {logging_mixin.py:190} INFO - [2024-09-02T01:56:13.656+0000] {dag.py:3211} INFO - Sync 1 DAGs
[2024-09-02T01:56:13.671+0000] {logging_mixin.py:190} INFO - [2024-09-02T01:56:13.671+0000] {dag.py:4138} INFO - Setting next_dagrun for example_task_group_decorator to 2024-09-01 00:00:00+00:00, run_after=2024-09-02 00:00:00+00:00
[2024-09-02T01:56:13.683+0000] {processor.py:208} INFO - Processing /home/airflow/.local/lib/python3.12/site-packages/airflow/example_dags/example_task_group_decorator.py took 0.062 seconds
[2024-09-02T01:56:43.999+0000] {processor.py:186} INFO - Started process (PID=1583) to work on /home/airflow/.local/lib/python3.12/site-packages/airflow/example_dags/example_task_group_decorator.py
[2024-09-02T01:56:44.000+0000] {processor.py:914} INFO - Processing file /home/airflow/.local/lib/python3.12/site-packages/airflow/example_dags/example_task_group_decorator.py for tasks to queue
[2024-09-02T01:56:44.002+0000] {logging_mixin.py:190} INFO - [2024-09-02T01:56:44.002+0000] {dagbag.py:587} INFO - Filling up the DagBag from /home/airflow/.local/lib/python3.12/site-packages/airflow/example_dags/example_task_group_decorator.py
[2024-09-02T01:56:44.011+0000] {processor.py:925} INFO - DAG(s) 'example_task_group_decorator' retrieved from /home/airflow/.local/lib/python3.12/site-packages/airflow/example_dags/example_task_group_decorator.py
[2024-09-02T01:56:44.027+0000] {logging_mixin.py:190} INFO - [2024-09-02T01:56:44.027+0000] {dag.py:3211} INFO - Sync 1 DAGs
[2024-09-02T01:56:44.044+0000] {logging_mixin.py:190} INFO - [2024-09-02T01:56:44.044+0000] {dag.py:4138} INFO - Setting next_dagrun for example_task_group_decorator to 2024-09-01 00:00:00+00:00, run_after=2024-09-02 00:00:00+00:00
[2024-09-02T01:56:44.054+0000] {processor.py:208} INFO - Processing /home/airflow/.local/lib/python3.12/site-packages/airflow/example_dags/example_task_group_decorator.py took 0.059 seconds
[2024-09-02T01:57:14.497+0000] {processor.py:186} INFO - Started process (PID=1867) to work on /home/airflow/.local/lib/python3.12/site-packages/airflow/example_dags/example_task_group_decorator.py
[2024-09-02T01:57:14.499+0000] {processor.py:914} INFO - Processing file /home/airflow/.local/lib/python3.12/site-packages/airflow/example_dags/example_task_group_decorator.py for tasks to queue
[2024-09-02T01:57:14.501+0000] {logging_mixin.py:190} INFO - [2024-09-02T01:57:14.501+0000] {dagbag.py:587} INFO - Filling up the DagBag from /home/airflow/.local/lib/python3.12/site-packages/airflow/example_dags/example_task_group_decorator.py
[2024-09-02T01:57:14.511+0000] {processor.py:925} INFO - DAG(s) 'example_task_group_decorator' retrieved from /home/airflow/.local/lib/python3.12/site-packages/airflow/example_dags/example_task_group_decorator.py
[2024-09-02T01:57:14.526+0000] {logging_mixin.py:190} INFO - [2024-09-02T01:57:14.526+0000] {dag.py:3211} INFO - Sync 1 DAGs
[2024-09-02T01:57:14.539+0000] {logging_mixin.py:190} INFO - [2024-09-02T01:57:14.539+0000] {dag.py:4138} INFO - Setting next_dagrun for example_task_group_decorator to 2024-09-01 00:00:00+00:00, run_after=2024-09-02 00:00:00+00:00
[2024-09-02T01:57:14.551+0000] {processor.py:208} INFO - Processing /home/airflow/.local/lib/python3.12/site-packages/airflow/example_dags/example_task_group_decorator.py took 0.058 seconds
[2024-09-02T01:57:44.854+0000] {processor.py:186} INFO - Started process (PID=2154) to work on /home/airflow/.local/lib/python3.12/site-packages/airflow/example_dags/example_task_group_decorator.py
[2024-09-02T01:57:44.856+0000] {processor.py:914} INFO - Processing file /home/airflow/.local/lib/python3.12/site-packages/airflow/example_dags/example_task_group_decorator.py for tasks to queue
[2024-09-02T01:57:44.859+0000] {logging_mixin.py:190} INFO - [2024-09-02T01:57:44.858+0000] {dagbag.py:587} INFO - Filling up the DagBag from /home/airflow/.local/lib/python3.12/site-packages/airflow/example_dags/example_task_group_decorator.py
[2024-09-02T01:57:44.868+0000] {processor.py:925} INFO - DAG(s) 'example_task_group_decorator' retrieved from /home/airflow/.local/lib/python3.12/site-packages/airflow/example_dags/example_task_group_decorator.py
[2024-09-02T01:57:44.883+0000] {logging_mixin.py:190} INFO - [2024-09-02T01:57:44.883+0000] {dag.py:3211} INFO - Sync 1 DAGs
[2024-09-02T01:57:44.897+0000] {logging_mixin.py:190} INFO - [2024-09-02T01:57:44.897+0000] {dag.py:4138} INFO - Setting next_dagrun for example_task_group_decorator to 2024-09-01 00:00:00+00:00, run_after=2024-09-02 00:00:00+00:00
[2024-09-02T01:57:44.908+0000] {processor.py:208} INFO - Processing /home/airflow/.local/lib/python3.12/site-packages/airflow/example_dags/example_task_group_decorator.py took 0.057 seconds
[2024-09-02T01:58:15.815+0000] {processor.py:186} INFO - Started process (PID=2440) to work on /home/airflow/.local/lib/python3.12/site-packages/airflow/example_dags/example_task_group_decorator.py
[2024-09-02T01:58:15.816+0000] {processor.py:914} INFO - Processing file /home/airflow/.local/lib/python3.12/site-packages/airflow/example_dags/example_task_group_decorator.py for tasks to queue
[2024-09-02T01:58:15.819+0000] {logging_mixin.py:190} INFO - [2024-09-02T01:58:15.818+0000] {dagbag.py:587} INFO - Filling up the DagBag from /home/airflow/.local/lib/python3.12/site-packages/airflow/example_dags/example_task_group_decorator.py
[2024-09-02T01:58:15.828+0000] {processor.py:925} INFO - DAG(s) 'example_task_group_decorator' retrieved from /home/airflow/.local/lib/python3.12/site-packages/airflow/example_dags/example_task_group_decorator.py
[2024-09-02T01:58:15.843+0000] {logging_mixin.py:190} INFO - [2024-09-02T01:58:15.843+0000] {dag.py:3211} INFO - Sync 1 DAGs
[2024-09-02T01:58:15.857+0000] {logging_mixin.py:190} INFO - [2024-09-02T01:58:15.857+0000] {dag.py:4138} INFO - Setting next_dagrun for example_task_group_decorator to 2024-09-01 00:00:00+00:00, run_after=2024-09-02 00:00:00+00:00
[2024-09-02T01:58:15.869+0000] {processor.py:208} INFO - Processing /home/airflow/.local/lib/python3.12/site-packages/airflow/example_dags/example_task_group_decorator.py took 0.059 seconds
