[2024-09-02T01:39:25.877+0000] {processor.py:186} INFO - Started process (PID=403) to work on /home/airflow/.local/lib/python3.12/site-packages/airflow/example_dags/example_inlet_event_extra.py
[2024-09-02T01:39:25.878+0000] {processor.py:914} INFO - Processing file /home/airflow/.local/lib/python3.12/site-packages/airflow/example_dags/example_inlet_event_extra.py for tasks to queue
[2024-09-02T01:39:25.881+0000] {logging_mixin.py:190} INFO - [2024-09-02T01:39:25.880+0000] {dagbag.py:587} INFO - Filling up the DagBag from /home/airflow/.local/lib/python3.12/site-packages/airflow/example_dags/example_inlet_event_extra.py
[2024-09-02T01:39:25.968+0000] {processor.py:925} INFO - DAG(s) 'read_dataset_event_from_classic', 'read_dataset_event' retrieved from /home/airflow/.local/lib/python3.12/site-packages/airflow/example_dags/example_inlet_event_extra.py
[2024-09-02T01:39:26.031+0000] {logging_mixin.py:190} INFO - [2024-09-02T01:39:26.031+0000] {override.py:1858} INFO - Created Permission View: can edit on DAG:read_dataset_event_from_classic
[2024-09-02T01:39:26.039+0000] {logging_mixin.py:190} INFO - [2024-09-02T01:39:26.038+0000] {override.py:1858} INFO - Created Permission View: can read on DAG:read_dataset_event_from_classic
[2024-09-02T01:39:26.043+0000] {logging_mixin.py:190} INFO - [2024-09-02T01:39:26.043+0000] {override.py:1858} INFO - Created Permission View: can delete on DAG:read_dataset_event_from_classic
[2024-09-02T01:39:26.050+0000] {logging_mixin.py:190} INFO - [2024-09-02T01:39:26.050+0000] {override.py:1858} INFO - Created Permission View: can edit on DAG:read_dataset_event
[2024-09-02T01:39:26.054+0000] {logging_mixin.py:190} INFO - [2024-09-02T01:39:26.054+0000] {override.py:1858} INFO - Created Permission View: can read on DAG:read_dataset_event
[2024-09-02T01:39:26.058+0000] {logging_mixin.py:190} INFO - [2024-09-02T01:39:26.058+0000] {override.py:1858} INFO - Created Permission View: can delete on DAG:read_dataset_event
[2024-09-02T01:39:26.059+0000] {logging_mixin.py:190} INFO - [2024-09-02T01:39:26.059+0000] {dag.py:3211} INFO - Sync 2 DAGs
[2024-09-02T01:39:26.067+0000] {logging_mixin.py:190} INFO - [2024-09-02T01:39:26.066+0000] {dag.py:3234} INFO - Creating ORM DAG for read_dataset_event
[2024-09-02T01:39:26.068+0000] {logging_mixin.py:190} INFO - [2024-09-02T01:39:26.068+0000] {dag.py:3234} INFO - Creating ORM DAG for read_dataset_event_from_classic
[2024-09-02T01:39:26.075+0000] {logging_mixin.py:190} INFO - [2024-09-02T01:39:26.074+0000] {dag.py:4138} INFO - Setting next_dagrun for read_dataset_event to 2024-09-01 00:00:00+00:00, run_after=2024-09-02 00:00:00+00:00
[2024-09-02T01:39:26.076+0000] {logging_mixin.py:190} INFO - [2024-09-02T01:39:26.076+0000] {dag.py:4138} INFO - Setting next_dagrun for read_dataset_event_from_classic to 2024-09-01 00:00:00+00:00, run_after=2024-09-02 00:00:00+00:00
[2024-09-02T01:39:26.087+0000] {processor.py:208} INFO - Processing /home/airflow/.local/lib/python3.12/site-packages/airflow/example_dags/example_inlet_event_extra.py took 0.215 seconds
[2024-09-02T01:39:56.720+0000] {processor.py:186} INFO - Started process (PID=687) to work on /home/airflow/.local/lib/python3.12/site-packages/airflow/example_dags/example_inlet_event_extra.py
[2024-09-02T01:39:56.722+0000] {processor.py:914} INFO - Processing file /home/airflow/.local/lib/python3.12/site-packages/airflow/example_dags/example_inlet_event_extra.py for tasks to queue
[2024-09-02T01:39:56.724+0000] {logging_mixin.py:190} INFO - [2024-09-02T01:39:56.724+0000] {dagbag.py:587} INFO - Filling up the DagBag from /home/airflow/.local/lib/python3.12/site-packages/airflow/example_dags/example_inlet_event_extra.py
[2024-09-02T01:39:56.818+0000] {processor.py:925} INFO - DAG(s) 'read_dataset_event', 'read_dataset_event_from_classic' retrieved from /home/airflow/.local/lib/python3.12/site-packages/airflow/example_dags/example_inlet_event_extra.py
[2024-09-02T01:39:56.838+0000] {logging_mixin.py:190} INFO - [2024-09-02T01:39:56.838+0000] {dag.py:3211} INFO - Sync 2 DAGs
[2024-09-02T01:39:56.853+0000] {logging_mixin.py:190} INFO - [2024-09-02T01:39:56.853+0000] {dag.py:4138} INFO - Setting next_dagrun for read_dataset_event to 2024-09-01 00:00:00+00:00, run_after=2024-09-02 00:00:00+00:00
[2024-09-02T01:39:56.857+0000] {logging_mixin.py:190} INFO - [2024-09-02T01:39:56.856+0000] {dag.py:4138} INFO - Setting next_dagrun for read_dataset_event_from_classic to 2024-09-01 00:00:00+00:00, run_after=2024-09-02 00:00:00+00:00
[2024-09-02T01:39:56.865+0000] {processor.py:208} INFO - Processing /home/airflow/.local/lib/python3.12/site-packages/airflow/example_dags/example_inlet_event_extra.py took 0.149 seconds
[2024-09-02T01:40:27.289+0000] {processor.py:186} INFO - Started process (PID=973) to work on /home/airflow/.local/lib/python3.12/site-packages/airflow/example_dags/example_inlet_event_extra.py
[2024-09-02T01:40:27.291+0000] {processor.py:914} INFO - Processing file /home/airflow/.local/lib/python3.12/site-packages/airflow/example_dags/example_inlet_event_extra.py for tasks to queue
[2024-09-02T01:40:27.293+0000] {logging_mixin.py:190} INFO - [2024-09-02T01:40:27.293+0000] {dagbag.py:587} INFO - Filling up the DagBag from /home/airflow/.local/lib/python3.12/site-packages/airflow/example_dags/example_inlet_event_extra.py
[2024-09-02T01:40:27.653+0000] {processor.py:925} INFO - DAG(s) 'read_dataset_event_from_classic', 'read_dataset_event' retrieved from /home/airflow/.local/lib/python3.12/site-packages/airflow/example_dags/example_inlet_event_extra.py
[2024-09-02T01:40:27.693+0000] {logging_mixin.py:190} INFO - [2024-09-02T01:40:27.692+0000] {dag.py:3211} INFO - Sync 2 DAGs
[2024-09-02T01:40:27.720+0000] {logging_mixin.py:190} INFO - [2024-09-02T01:40:27.720+0000] {dag.py:4138} INFO - Setting next_dagrun for read_dataset_event to 2024-09-01 00:00:00+00:00, run_after=2024-09-02 00:00:00+00:00
[2024-09-02T01:40:27.725+0000] {logging_mixin.py:190} INFO - [2024-09-02T01:40:27.725+0000] {dag.py:4138} INFO - Setting next_dagrun for read_dataset_event_from_classic to 2024-09-01 00:00:00+00:00, run_after=2024-09-02 00:00:00+00:00
[2024-09-02T01:40:27.738+0000] {processor.py:208} INFO - Processing /home/airflow/.local/lib/python3.12/site-packages/airflow/example_dags/example_inlet_event_extra.py took 0.454 seconds
[2024-09-02T01:40:58.713+0000] {processor.py:186} INFO - Started process (PID=1261) to work on /home/airflow/.local/lib/python3.12/site-packages/airflow/example_dags/example_inlet_event_extra.py
[2024-09-02T01:40:58.717+0000] {processor.py:914} INFO - Processing file /home/airflow/.local/lib/python3.12/site-packages/airflow/example_dags/example_inlet_event_extra.py for tasks to queue
[2024-09-02T01:40:58.723+0000] {logging_mixin.py:190} INFO - [2024-09-02T01:40:58.722+0000] {dagbag.py:587} INFO - Filling up the DagBag from /home/airflow/.local/lib/python3.12/site-packages/airflow/example_dags/example_inlet_event_extra.py
[2024-09-02T01:40:58.904+0000] {processor.py:925} INFO - DAG(s) 'read_dataset_event', 'read_dataset_event_from_classic' retrieved from /home/airflow/.local/lib/python3.12/site-packages/airflow/example_dags/example_inlet_event_extra.py
[2024-09-02T01:40:58.938+0000] {logging_mixin.py:190} INFO - [2024-09-02T01:40:58.937+0000] {dag.py:3211} INFO - Sync 2 DAGs
[2024-09-02T01:40:58.964+0000] {logging_mixin.py:190} INFO - [2024-09-02T01:40:58.964+0000] {dag.py:4138} INFO - Setting next_dagrun for read_dataset_event to 2024-09-01 00:00:00+00:00, run_after=2024-09-02 00:00:00+00:00
[2024-09-02T01:40:58.969+0000] {logging_mixin.py:190} INFO - [2024-09-02T01:40:58.969+0000] {dag.py:4138} INFO - Setting next_dagrun for read_dataset_event_from_classic to 2024-09-01 00:00:00+00:00, run_after=2024-09-02 00:00:00+00:00
[2024-09-02T01:40:58.981+0000] {processor.py:208} INFO - Processing /home/airflow/.local/lib/python3.12/site-packages/airflow/example_dags/example_inlet_event_extra.py took 0.295 seconds
[2024-09-02T01:41:29.408+0000] {processor.py:186} INFO - Started process (PID=1586) to work on /home/airflow/.local/lib/python3.12/site-packages/airflow/example_dags/example_inlet_event_extra.py
[2024-09-02T01:41:29.410+0000] {processor.py:914} INFO - Processing file /home/airflow/.local/lib/python3.12/site-packages/airflow/example_dags/example_inlet_event_extra.py for tasks to queue
[2024-09-02T01:41:29.416+0000] {logging_mixin.py:190} INFO - [2024-09-02T01:41:29.415+0000] {dagbag.py:587} INFO - Filling up the DagBag from /home/airflow/.local/lib/python3.12/site-packages/airflow/example_dags/example_inlet_event_extra.py
[2024-09-02T01:41:29.526+0000] {processor.py:925} INFO - DAG(s) 'read_dataset_event_from_classic', 'read_dataset_event' retrieved from /home/airflow/.local/lib/python3.12/site-packages/airflow/example_dags/example_inlet_event_extra.py
[2024-09-02T01:41:29.544+0000] {logging_mixin.py:190} INFO - [2024-09-02T01:41:29.544+0000] {dag.py:3211} INFO - Sync 2 DAGs
[2024-09-02T01:41:29.563+0000] {logging_mixin.py:190} INFO - [2024-09-02T01:41:29.562+0000] {dag.py:4138} INFO - Setting next_dagrun for read_dataset_event to 2024-09-01 00:00:00+00:00, run_after=2024-09-02 00:00:00+00:00
[2024-09-02T01:41:29.567+0000] {logging_mixin.py:190} INFO - [2024-09-02T01:41:29.566+0000] {dag.py:4138} INFO - Setting next_dagrun for read_dataset_event_from_classic to 2024-09-01 00:00:00+00:00, run_after=2024-09-02 00:00:00+00:00
[2024-09-02T01:41:29.579+0000] {processor.py:208} INFO - Processing /home/airflow/.local/lib/python3.12/site-packages/airflow/example_dags/example_inlet_event_extra.py took 0.179 seconds
[2024-09-02T01:42:00.452+0000] {processor.py:186} INFO - Started process (PID=1907) to work on /home/airflow/.local/lib/python3.12/site-packages/airflow/example_dags/example_inlet_event_extra.py
[2024-09-02T01:42:00.454+0000] {processor.py:914} INFO - Processing file /home/airflow/.local/lib/python3.12/site-packages/airflow/example_dags/example_inlet_event_extra.py for tasks to queue
[2024-09-02T01:42:00.457+0000] {logging_mixin.py:190} INFO - [2024-09-02T01:42:00.457+0000] {dagbag.py:587} INFO - Filling up the DagBag from /home/airflow/.local/lib/python3.12/site-packages/airflow/example_dags/example_inlet_event_extra.py
[2024-09-02T01:42:00.555+0000] {processor.py:925} INFO - DAG(s) 'read_dataset_event_from_classic', 'read_dataset_event' retrieved from /home/airflow/.local/lib/python3.12/site-packages/airflow/example_dags/example_inlet_event_extra.py
[2024-09-02T01:42:00.571+0000] {logging_mixin.py:190} INFO - [2024-09-02T01:42:00.570+0000] {dag.py:3211} INFO - Sync 2 DAGs
[2024-09-02T01:42:00.590+0000] {logging_mixin.py:190} INFO - [2024-09-02T01:42:00.590+0000] {dag.py:4138} INFO - Setting next_dagrun for read_dataset_event to 2024-09-01 00:00:00+00:00, run_after=2024-09-02 00:00:00+00:00
[2024-09-02T01:42:00.594+0000] {logging_mixin.py:190} INFO - [2024-09-02T01:42:00.594+0000] {dag.py:4138} INFO - Setting next_dagrun for read_dataset_event_from_classic to 2024-09-01 00:00:00+00:00, run_after=2024-09-02 00:00:00+00:00
[2024-09-02T01:42:00.609+0000] {processor.py:208} INFO - Processing /home/airflow/.local/lib/python3.12/site-packages/airflow/example_dags/example_inlet_event_extra.py took 0.163 seconds
[2024-09-02T01:42:31.425+0000] {processor.py:186} INFO - Started process (PID=2192) to work on /home/airflow/.local/lib/python3.12/site-packages/airflow/example_dags/example_inlet_event_extra.py
[2024-09-02T01:42:31.428+0000] {processor.py:914} INFO - Processing file /home/airflow/.local/lib/python3.12/site-packages/airflow/example_dags/example_inlet_event_extra.py for tasks to queue
[2024-09-02T01:42:31.432+0000] {logging_mixin.py:190} INFO - [2024-09-02T01:42:31.432+0000] {dagbag.py:587} INFO - Filling up the DagBag from /home/airflow/.local/lib/python3.12/site-packages/airflow/example_dags/example_inlet_event_extra.py
[2024-09-02T01:42:31.571+0000] {processor.py:925} INFO - DAG(s) 'read_dataset_event', 'read_dataset_event_from_classic' retrieved from /home/airflow/.local/lib/python3.12/site-packages/airflow/example_dags/example_inlet_event_extra.py
[2024-09-02T01:42:31.586+0000] {logging_mixin.py:190} INFO - [2024-09-02T01:42:31.586+0000] {dag.py:3211} INFO - Sync 2 DAGs
[2024-09-02T01:42:31.616+0000] {logging_mixin.py:190} INFO - [2024-09-02T01:42:31.615+0000] {dag.py:4138} INFO - Setting next_dagrun for read_dataset_event to 2024-09-01 00:00:00+00:00, run_after=2024-09-02 00:00:00+00:00
[2024-09-02T01:42:31.624+0000] {logging_mixin.py:190} INFO - [2024-09-02T01:42:31.624+0000] {dag.py:4138} INFO - Setting next_dagrun for read_dataset_event_from_classic to 2024-09-01 00:00:00+00:00, run_after=2024-09-02 00:00:00+00:00
[2024-09-02T01:42:31.638+0000] {processor.py:208} INFO - Processing /home/airflow/.local/lib/python3.12/site-packages/airflow/example_dags/example_inlet_event_extra.py took 0.221 seconds
[2024-09-02T01:43:01.789+0000] {processor.py:186} INFO - Started process (PID=2476) to work on /home/airflow/.local/lib/python3.12/site-packages/airflow/example_dags/example_inlet_event_extra.py
[2024-09-02T01:43:01.791+0000] {processor.py:914} INFO - Processing file /home/airflow/.local/lib/python3.12/site-packages/airflow/example_dags/example_inlet_event_extra.py for tasks to queue
[2024-09-02T01:43:01.796+0000] {logging_mixin.py:190} INFO - [2024-09-02T01:43:01.794+0000] {dagbag.py:587} INFO - Filling up the DagBag from /home/airflow/.local/lib/python3.12/site-packages/airflow/example_dags/example_inlet_event_extra.py
[2024-09-02T01:43:01.930+0000] {processor.py:925} INFO - DAG(s) 'read_dataset_event_from_classic', 'read_dataset_event' retrieved from /home/airflow/.local/lib/python3.12/site-packages/airflow/example_dags/example_inlet_event_extra.py
[2024-09-02T01:43:01.952+0000] {logging_mixin.py:190} INFO - [2024-09-02T01:43:01.952+0000] {dag.py:3211} INFO - Sync 2 DAGs
[2024-09-02T01:43:02.220+0000] {logging_mixin.py:190} INFO - [2024-09-02T01:43:02.220+0000] {dag.py:4138} INFO - Setting next_dagrun for read_dataset_event to 2024-09-01 00:00:00+00:00, run_after=2024-09-02 00:00:00+00:00
[2024-09-02T01:43:02.229+0000] {logging_mixin.py:190} INFO - [2024-09-02T01:43:02.228+0000] {dag.py:4138} INFO - Setting next_dagrun for read_dataset_event_from_classic to 2024-09-01 00:00:00+00:00, run_after=2024-09-02 00:00:00+00:00
[2024-09-02T01:43:02.245+0000] {processor.py:208} INFO - Processing /home/airflow/.local/lib/python3.12/site-packages/airflow/example_dags/example_inlet_event_extra.py took 0.461 seconds
[2024-09-02T01:43:33.115+0000] {processor.py:186} INFO - Started process (PID=2764) to work on /home/airflow/.local/lib/python3.12/site-packages/airflow/example_dags/example_inlet_event_extra.py
[2024-09-02T01:43:33.120+0000] {processor.py:914} INFO - Processing file /home/airflow/.local/lib/python3.12/site-packages/airflow/example_dags/example_inlet_event_extra.py for tasks to queue
[2024-09-02T01:43:33.124+0000] {logging_mixin.py:190} INFO - [2024-09-02T01:43:33.124+0000] {dagbag.py:587} INFO - Filling up the DagBag from /home/airflow/.local/lib/python3.12/site-packages/airflow/example_dags/example_inlet_event_extra.py
[2024-09-02T01:43:33.244+0000] {processor.py:925} INFO - DAG(s) 'read_dataset_event_from_classic', 'read_dataset_event' retrieved from /home/airflow/.local/lib/python3.12/site-packages/airflow/example_dags/example_inlet_event_extra.py
[2024-09-02T01:43:33.263+0000] {logging_mixin.py:190} INFO - [2024-09-02T01:43:33.262+0000] {dag.py:3211} INFO - Sync 2 DAGs
[2024-09-02T01:43:33.284+0000] {logging_mixin.py:190} INFO - [2024-09-02T01:43:33.284+0000] {dag.py:4138} INFO - Setting next_dagrun for read_dataset_event to 2024-09-01 00:00:00+00:00, run_after=2024-09-02 00:00:00+00:00
[2024-09-02T01:43:33.288+0000] {logging_mixin.py:190} INFO - [2024-09-02T01:43:33.288+0000] {dag.py:4138} INFO - Setting next_dagrun for read_dataset_event_from_classic to 2024-09-01 00:00:00+00:00, run_after=2024-09-02 00:00:00+00:00
[2024-09-02T01:43:33.300+0000] {processor.py:208} INFO - Processing /home/airflow/.local/lib/python3.12/site-packages/airflow/example_dags/example_inlet_event_extra.py took 0.193 seconds
[2024-09-02T01:44:04.016+0000] {processor.py:186} INFO - Started process (PID=3051) to work on /home/airflow/.local/lib/python3.12/site-packages/airflow/example_dags/example_inlet_event_extra.py
[2024-09-02T01:44:04.019+0000] {processor.py:914} INFO - Processing file /home/airflow/.local/lib/python3.12/site-packages/airflow/example_dags/example_inlet_event_extra.py for tasks to queue
[2024-09-02T01:44:04.024+0000] {logging_mixin.py:190} INFO - [2024-09-02T01:44:04.023+0000] {dagbag.py:587} INFO - Filling up the DagBag from /home/airflow/.local/lib/python3.12/site-packages/airflow/example_dags/example_inlet_event_extra.py
[2024-09-02T01:44:04.124+0000] {processor.py:925} INFO - DAG(s) 'read_dataset_event', 'read_dataset_event_from_classic' retrieved from /home/airflow/.local/lib/python3.12/site-packages/airflow/example_dags/example_inlet_event_extra.py
[2024-09-02T01:44:04.139+0000] {logging_mixin.py:190} INFO - [2024-09-02T01:44:04.138+0000] {dag.py:3211} INFO - Sync 2 DAGs
[2024-09-02T01:44:04.158+0000] {logging_mixin.py:190} INFO - [2024-09-02T01:44:04.158+0000] {dag.py:4138} INFO - Setting next_dagrun for read_dataset_event to 2024-09-01 00:00:00+00:00, run_after=2024-09-02 00:00:00+00:00
[2024-09-02T01:44:04.162+0000] {logging_mixin.py:190} INFO - [2024-09-02T01:44:04.162+0000] {dag.py:4138} INFO - Setting next_dagrun for read_dataset_event_from_classic to 2024-09-01 00:00:00+00:00, run_after=2024-09-02 00:00:00+00:00
[2024-09-02T01:44:04.175+0000] {processor.py:208} INFO - Processing /home/airflow/.local/lib/python3.12/site-packages/airflow/example_dags/example_inlet_event_extra.py took 0.167 seconds
[2024-09-02T01:44:34.492+0000] {processor.py:186} INFO - Started process (PID=3337) to work on /home/airflow/.local/lib/python3.12/site-packages/airflow/example_dags/example_inlet_event_extra.py
[2024-09-02T01:44:34.495+0000] {processor.py:914} INFO - Processing file /home/airflow/.local/lib/python3.12/site-packages/airflow/example_dags/example_inlet_event_extra.py for tasks to queue
[2024-09-02T01:44:34.500+0000] {logging_mixin.py:190} INFO - [2024-09-02T01:44:34.500+0000] {dagbag.py:587} INFO - Filling up the DagBag from /home/airflow/.local/lib/python3.12/site-packages/airflow/example_dags/example_inlet_event_extra.py
[2024-09-02T01:44:34.617+0000] {processor.py:925} INFO - DAG(s) 'read_dataset_event_from_classic', 'read_dataset_event' retrieved from /home/airflow/.local/lib/python3.12/site-packages/airflow/example_dags/example_inlet_event_extra.py
[2024-09-02T01:44:34.637+0000] {logging_mixin.py:190} INFO - [2024-09-02T01:44:34.636+0000] {dag.py:3211} INFO - Sync 2 DAGs
[2024-09-02T01:44:34.657+0000] {logging_mixin.py:190} INFO - [2024-09-02T01:44:34.657+0000] {dag.py:4138} INFO - Setting next_dagrun for read_dataset_event to 2024-09-01 00:00:00+00:00, run_after=2024-09-02 00:00:00+00:00
[2024-09-02T01:44:34.661+0000] {logging_mixin.py:190} INFO - [2024-09-02T01:44:34.661+0000] {dag.py:4138} INFO - Setting next_dagrun for read_dataset_event_from_classic to 2024-09-01 00:00:00+00:00, run_after=2024-09-02 00:00:00+00:00
[2024-09-02T01:44:34.675+0000] {processor.py:208} INFO - Processing /home/airflow/.local/lib/python3.12/site-packages/airflow/example_dags/example_inlet_event_extra.py took 0.195 seconds
[2024-09-02T01:54:42.985+0000] {processor.py:186} INFO - Started process (PID=431) to work on /home/airflow/.local/lib/python3.12/site-packages/airflow/example_dags/example_inlet_event_extra.py
[2024-09-02T01:54:42.988+0000] {processor.py:914} INFO - Processing file /home/airflow/.local/lib/python3.12/site-packages/airflow/example_dags/example_inlet_event_extra.py for tasks to queue
[2024-09-02T01:54:42.992+0000] {logging_mixin.py:190} INFO - [2024-09-02T01:54:42.992+0000] {dagbag.py:587} INFO - Filling up the DagBag from /home/airflow/.local/lib/python3.12/site-packages/airflow/example_dags/example_inlet_event_extra.py
[2024-09-02T01:54:43.132+0000] {processor.py:925} INFO - DAG(s) 'read_dataset_event', 'read_dataset_event_from_classic' retrieved from /home/airflow/.local/lib/python3.12/site-packages/airflow/example_dags/example_inlet_event_extra.py
[2024-09-02T01:54:43.162+0000] {logging_mixin.py:190} INFO - [2024-09-02T01:54:43.162+0000] {dag.py:3211} INFO - Sync 2 DAGs
[2024-09-02T01:54:43.186+0000] {logging_mixin.py:190} INFO - [2024-09-02T01:54:43.186+0000] {dag.py:4138} INFO - Setting next_dagrun for read_dataset_event to 2024-09-01 00:00:00+00:00, run_after=2024-09-02 00:00:00+00:00
[2024-09-02T01:54:43.192+0000] {logging_mixin.py:190} INFO - [2024-09-02T01:54:43.192+0000] {dag.py:4138} INFO - Setting next_dagrun for read_dataset_event_from_classic to 2024-09-01 00:00:00+00:00, run_after=2024-09-02 00:00:00+00:00
[2024-09-02T01:54:43.214+0000] {processor.py:208} INFO - Processing /home/airflow/.local/lib/python3.12/site-packages/airflow/example_dags/example_inlet_event_extra.py took 0.233 seconds
[2024-09-02T01:55:14.094+0000] {processor.py:186} INFO - Started process (PID=741) to work on /home/airflow/.local/lib/python3.12/site-packages/airflow/example_dags/example_inlet_event_extra.py
[2024-09-02T01:55:14.097+0000] {processor.py:914} INFO - Processing file /home/airflow/.local/lib/python3.12/site-packages/airflow/example_dags/example_inlet_event_extra.py for tasks to queue
[2024-09-02T01:55:14.103+0000] {logging_mixin.py:190} INFO - [2024-09-02T01:55:14.103+0000] {dagbag.py:587} INFO - Filling up the DagBag from /home/airflow/.local/lib/python3.12/site-packages/airflow/example_dags/example_inlet_event_extra.py
[2024-09-02T01:55:14.220+0000] {processor.py:925} INFO - DAG(s) 'read_dataset_event', 'read_dataset_event_from_classic' retrieved from /home/airflow/.local/lib/python3.12/site-packages/airflow/example_dags/example_inlet_event_extra.py
[2024-09-02T01:55:14.236+0000] {logging_mixin.py:190} INFO - [2024-09-02T01:55:14.236+0000] {dag.py:3211} INFO - Sync 2 DAGs
[2024-09-02T01:55:14.250+0000] {logging_mixin.py:190} INFO - [2024-09-02T01:55:14.250+0000] {dag.py:4138} INFO - Setting next_dagrun for read_dataset_event to 2024-09-01 00:00:00+00:00, run_after=2024-09-02 00:00:00+00:00
[2024-09-02T01:55:14.255+0000] {logging_mixin.py:190} INFO - [2024-09-02T01:55:14.254+0000] {dag.py:4138} INFO - Setting next_dagrun for read_dataset_event_from_classic to 2024-09-01 00:00:00+00:00, run_after=2024-09-02 00:00:00+00:00
[2024-09-02T01:55:14.271+0000] {processor.py:208} INFO - Processing /home/airflow/.local/lib/python3.12/site-packages/airflow/example_dags/example_inlet_event_extra.py took 0.187 seconds
[2024-09-02T01:55:44.640+0000] {processor.py:186} INFO - Started process (PID=1027) to work on /home/airflow/.local/lib/python3.12/site-packages/airflow/example_dags/example_inlet_event_extra.py
[2024-09-02T01:55:44.642+0000] {processor.py:914} INFO - Processing file /home/airflow/.local/lib/python3.12/site-packages/airflow/example_dags/example_inlet_event_extra.py for tasks to queue
[2024-09-02T01:55:44.645+0000] {logging_mixin.py:190} INFO - [2024-09-02T01:55:44.644+0000] {dagbag.py:587} INFO - Filling up the DagBag from /home/airflow/.local/lib/python3.12/site-packages/airflow/example_dags/example_inlet_event_extra.py
[2024-09-02T01:55:44.741+0000] {processor.py:925} INFO - DAG(s) 'read_dataset_event', 'read_dataset_event_from_classic' retrieved from /home/airflow/.local/lib/python3.12/site-packages/airflow/example_dags/example_inlet_event_extra.py
[2024-09-02T01:55:44.757+0000] {logging_mixin.py:190} INFO - [2024-09-02T01:55:44.756+0000] {dag.py:3211} INFO - Sync 2 DAGs
[2024-09-02T01:55:44.774+0000] {logging_mixin.py:190} INFO - [2024-09-02T01:55:44.774+0000] {dag.py:4138} INFO - Setting next_dagrun for read_dataset_event to 2024-09-01 00:00:00+00:00, run_after=2024-09-02 00:00:00+00:00
[2024-09-02T01:55:44.777+0000] {logging_mixin.py:190} INFO - [2024-09-02T01:55:44.777+0000] {dag.py:4138} INFO - Setting next_dagrun for read_dataset_event_from_classic to 2024-09-01 00:00:00+00:00, run_after=2024-09-02 00:00:00+00:00
[2024-09-02T01:55:44.787+0000] {processor.py:208} INFO - Processing /home/airflow/.local/lib/python3.12/site-packages/airflow/example_dags/example_inlet_event_extra.py took 0.151 seconds
[2024-09-02T01:56:14.911+0000] {processor.py:186} INFO - Started process (PID=1315) to work on /home/airflow/.local/lib/python3.12/site-packages/airflow/example_dags/example_inlet_event_extra.py
[2024-09-02T01:56:14.914+0000] {processor.py:914} INFO - Processing file /home/airflow/.local/lib/python3.12/site-packages/airflow/example_dags/example_inlet_event_extra.py for tasks to queue
[2024-09-02T01:56:14.918+0000] {logging_mixin.py:190} INFO - [2024-09-02T01:56:14.917+0000] {dagbag.py:587} INFO - Filling up the DagBag from /home/airflow/.local/lib/python3.12/site-packages/airflow/example_dags/example_inlet_event_extra.py
[2024-09-02T01:56:15.015+0000] {processor.py:925} INFO - DAG(s) 'read_dataset_event', 'read_dataset_event_from_classic' retrieved from /home/airflow/.local/lib/python3.12/site-packages/airflow/example_dags/example_inlet_event_extra.py
[2024-09-02T01:56:15.031+0000] {logging_mixin.py:190} INFO - [2024-09-02T01:56:15.031+0000] {dag.py:3211} INFO - Sync 2 DAGs
[2024-09-02T01:56:15.055+0000] {logging_mixin.py:190} INFO - [2024-09-02T01:56:15.055+0000] {dag.py:4138} INFO - Setting next_dagrun for read_dataset_event to 2024-09-01 00:00:00+00:00, run_after=2024-09-02 00:00:00+00:00
[2024-09-02T01:56:15.059+0000] {logging_mixin.py:190} INFO - [2024-09-02T01:56:15.059+0000] {dag.py:4138} INFO - Setting next_dagrun for read_dataset_event_from_classic to 2024-09-01 00:00:00+00:00, run_after=2024-09-02 00:00:00+00:00
[2024-09-02T01:56:15.071+0000] {processor.py:208} INFO - Processing /home/airflow/.local/lib/python3.12/site-packages/airflow/example_dags/example_inlet_event_extra.py took 0.167 seconds
[2024-09-02T01:56:45.275+0000] {processor.py:186} INFO - Started process (PID=1611) to work on /home/airflow/.local/lib/python3.12/site-packages/airflow/example_dags/example_inlet_event_extra.py
[2024-09-02T01:56:45.277+0000] {processor.py:914} INFO - Processing file /home/airflow/.local/lib/python3.12/site-packages/airflow/example_dags/example_inlet_event_extra.py for tasks to queue
[2024-09-02T01:56:45.280+0000] {logging_mixin.py:190} INFO - [2024-09-02T01:56:45.279+0000] {dagbag.py:587} INFO - Filling up the DagBag from /home/airflow/.local/lib/python3.12/site-packages/airflow/example_dags/example_inlet_event_extra.py
[2024-09-02T01:56:45.402+0000] {processor.py:925} INFO - DAG(s) 'read_dataset_event_from_classic', 'read_dataset_event' retrieved from /home/airflow/.local/lib/python3.12/site-packages/airflow/example_dags/example_inlet_event_extra.py
[2024-09-02T01:56:45.417+0000] {logging_mixin.py:190} INFO - [2024-09-02T01:56:45.417+0000] {dag.py:3211} INFO - Sync 2 DAGs
[2024-09-02T01:56:45.443+0000] {logging_mixin.py:190} INFO - [2024-09-02T01:56:45.443+0000] {dag.py:4138} INFO - Setting next_dagrun for read_dataset_event to 2024-09-01 00:00:00+00:00, run_after=2024-09-02 00:00:00+00:00
[2024-09-02T01:56:45.447+0000] {logging_mixin.py:190} INFO - [2024-09-02T01:56:45.447+0000] {dag.py:4138} INFO - Setting next_dagrun for read_dataset_event_from_classic to 2024-09-01 00:00:00+00:00, run_after=2024-09-02 00:00:00+00:00
[2024-09-02T01:56:45.459+0000] {processor.py:208} INFO - Processing /home/airflow/.local/lib/python3.12/site-packages/airflow/example_dags/example_inlet_event_extra.py took 0.190 seconds
[2024-09-02T01:57:15.734+0000] {processor.py:186} INFO - Started process (PID=1887) to work on /home/airflow/.local/lib/python3.12/site-packages/airflow/example_dags/example_inlet_event_extra.py
[2024-09-02T01:57:15.737+0000] {processor.py:914} INFO - Processing file /home/airflow/.local/lib/python3.12/site-packages/airflow/example_dags/example_inlet_event_extra.py for tasks to queue
[2024-09-02T01:57:15.741+0000] {logging_mixin.py:190} INFO - [2024-09-02T01:57:15.741+0000] {dagbag.py:587} INFO - Filling up the DagBag from /home/airflow/.local/lib/python3.12/site-packages/airflow/example_dags/example_inlet_event_extra.py
[2024-09-02T01:57:15.866+0000] {processor.py:925} INFO - DAG(s) 'read_dataset_event_from_classic', 'read_dataset_event' retrieved from /home/airflow/.local/lib/python3.12/site-packages/airflow/example_dags/example_inlet_event_extra.py
[2024-09-02T01:57:15.884+0000] {logging_mixin.py:190} INFO - [2024-09-02T01:57:15.884+0000] {dag.py:3211} INFO - Sync 2 DAGs
[2024-09-02T01:57:15.899+0000] {logging_mixin.py:190} INFO - [2024-09-02T01:57:15.899+0000] {dag.py:4138} INFO - Setting next_dagrun for read_dataset_event to 2024-09-01 00:00:00+00:00, run_after=2024-09-02 00:00:00+00:00
[2024-09-02T01:57:15.904+0000] {logging_mixin.py:190} INFO - [2024-09-02T01:57:15.904+0000] {dag.py:4138} INFO - Setting next_dagrun for read_dataset_event_from_classic to 2024-09-01 00:00:00+00:00, run_after=2024-09-02 00:00:00+00:00
[2024-09-02T01:57:15.915+0000] {processor.py:208} INFO - Processing /home/airflow/.local/lib/python3.12/site-packages/airflow/example_dags/example_inlet_event_extra.py took 0.186 seconds
[2024-09-02T01:57:45.991+0000] {processor.py:186} INFO - Started process (PID=2174) to work on /home/airflow/.local/lib/python3.12/site-packages/airflow/example_dags/example_inlet_event_extra.py
[2024-09-02T01:57:45.993+0000] {processor.py:914} INFO - Processing file /home/airflow/.local/lib/python3.12/site-packages/airflow/example_dags/example_inlet_event_extra.py for tasks to queue
[2024-09-02T01:57:45.997+0000] {logging_mixin.py:190} INFO - [2024-09-02T01:57:45.997+0000] {dagbag.py:587} INFO - Filling up the DagBag from /home/airflow/.local/lib/python3.12/site-packages/airflow/example_dags/example_inlet_event_extra.py
[2024-09-02T01:57:46.102+0000] {processor.py:925} INFO - DAG(s) 'read_dataset_event_from_classic', 'read_dataset_event' retrieved from /home/airflow/.local/lib/python3.12/site-packages/airflow/example_dags/example_inlet_event_extra.py
[2024-09-02T01:57:46.115+0000] {logging_mixin.py:190} INFO - [2024-09-02T01:57:46.115+0000] {dag.py:3211} INFO - Sync 2 DAGs
[2024-09-02T01:57:46.132+0000] {logging_mixin.py:190} INFO - [2024-09-02T01:57:46.132+0000] {dag.py:4138} INFO - Setting next_dagrun for read_dataset_event to 2024-09-01 00:00:00+00:00, run_after=2024-09-02 00:00:00+00:00
[2024-09-02T01:57:46.136+0000] {logging_mixin.py:190} INFO - [2024-09-02T01:57:46.136+0000] {dag.py:4138} INFO - Setting next_dagrun for read_dataset_event_from_classic to 2024-09-01 00:00:00+00:00, run_after=2024-09-02 00:00:00+00:00
[2024-09-02T01:57:46.154+0000] {processor.py:208} INFO - Processing /home/airflow/.local/lib/python3.12/site-packages/airflow/example_dags/example_inlet_event_extra.py took 0.170 seconds
[2024-09-02T01:58:16.959+0000] {processor.py:186} INFO - Started process (PID=2460) to work on /home/airflow/.local/lib/python3.12/site-packages/airflow/example_dags/example_inlet_event_extra.py
[2024-09-02T01:58:16.962+0000] {processor.py:914} INFO - Processing file /home/airflow/.local/lib/python3.12/site-packages/airflow/example_dags/example_inlet_event_extra.py for tasks to queue
[2024-09-02T01:58:16.966+0000] {logging_mixin.py:190} INFO - [2024-09-02T01:58:16.965+0000] {dagbag.py:587} INFO - Filling up the DagBag from /home/airflow/.local/lib/python3.12/site-packages/airflow/example_dags/example_inlet_event_extra.py
[2024-09-02T01:58:17.095+0000] {processor.py:925} INFO - DAG(s) 'read_dataset_event', 'read_dataset_event_from_classic' retrieved from /home/airflow/.local/lib/python3.12/site-packages/airflow/example_dags/example_inlet_event_extra.py
[2024-09-02T01:58:17.109+0000] {logging_mixin.py:190} INFO - [2024-09-02T01:58:17.109+0000] {dag.py:3211} INFO - Sync 2 DAGs
[2024-09-02T01:58:17.126+0000] {logging_mixin.py:190} INFO - [2024-09-02T01:58:17.126+0000] {dag.py:4138} INFO - Setting next_dagrun for read_dataset_event to 2024-09-01 00:00:00+00:00, run_after=2024-09-02 00:00:00+00:00
[2024-09-02T01:58:17.129+0000] {logging_mixin.py:190} INFO - [2024-09-02T01:58:17.129+0000] {dag.py:4138} INFO - Setting next_dagrun for read_dataset_event_from_classic to 2024-09-01 00:00:00+00:00, run_after=2024-09-02 00:00:00+00:00
[2024-09-02T01:58:17.139+0000] {processor.py:208} INFO - Processing /home/airflow/.local/lib/python3.12/site-packages/airflow/example_dags/example_inlet_event_extra.py took 0.187 seconds
