[2024-09-02T01:39:20.692+0000] {processor.py:186} INFO - Started process (PID=191) to work on /home/airflow/.local/lib/python3.12/site-packages/airflow/example_dags/example_branch_python_dop_operator_3.py
[2024-09-02T01:39:20.693+0000] {processor.py:914} INFO - Processing file /home/airflow/.local/lib/python3.12/site-packages/airflow/example_dags/example_branch_python_dop_operator_3.py for tasks to queue
[2024-09-02T01:39:20.696+0000] {logging_mixin.py:190} INFO - [2024-09-02T01:39:20.696+0000] {dagbag.py:587} INFO - Filling up the DagBag from /home/airflow/.local/lib/python3.12/site-packages/airflow/example_dags/example_branch_python_dop_operator_3.py
[2024-09-02T01:39:20.704+0000] {processor.py:925} INFO - DAG(s) 'example_branch_dop_operator_v3' retrieved from /home/airflow/.local/lib/python3.12/site-packages/airflow/example_dags/example_branch_python_dop_operator_3.py
[2024-09-02T01:39:20.771+0000] {logging_mixin.py:190} INFO - [2024-09-02T01:39:20.771+0000] {override.py:1858} INFO - Created Permission View: can edit on DAG:example_branch_dop_operator_v3
[2024-09-02T01:39:20.779+0000] {logging_mixin.py:190} INFO - [2024-09-02T01:39:20.779+0000] {override.py:1858} INFO - Created Permission View: can read on DAG:example_branch_dop_operator_v3
[2024-09-02T01:39:20.783+0000] {logging_mixin.py:190} INFO - [2024-09-02T01:39:20.783+0000] {override.py:1858} INFO - Created Permission View: can delete on DAG:example_branch_dop_operator_v3
[2024-09-02T01:39:20.784+0000] {logging_mixin.py:190} INFO - [2024-09-02T01:39:20.784+0000] {dag.py:3211} INFO - Sync 1 DAGs
[2024-09-02T01:39:20.793+0000] {logging_mixin.py:190} INFO - [2024-09-02T01:39:20.793+0000] {dag.py:3234} INFO - Creating ORM DAG for example_branch_dop_operator_v3
[2024-09-02T01:39:20.801+0000] {logging_mixin.py:190} INFO - [2024-09-02T01:39:20.801+0000] {dag.py:4138} INFO - Setting next_dagrun for example_branch_dop_operator_v3 to 2024-09-02 01:38:00+00:00, run_after=2024-09-02 01:39:00+00:00
[2024-09-02T01:39:20.813+0000] {processor.py:208} INFO - Processing /home/airflow/.local/lib/python3.12/site-packages/airflow/example_dags/example_branch_python_dop_operator_3.py took 0.125 seconds
[2024-09-02T01:39:51.390+0000] {processor.py:186} INFO - Started process (PID=477) to work on /home/airflow/.local/lib/python3.12/site-packages/airflow/example_dags/example_branch_python_dop_operator_3.py
[2024-09-02T01:39:51.392+0000] {processor.py:914} INFO - Processing file /home/airflow/.local/lib/python3.12/site-packages/airflow/example_dags/example_branch_python_dop_operator_3.py for tasks to queue
[2024-09-02T01:39:51.394+0000] {logging_mixin.py:190} INFO - [2024-09-02T01:39:51.394+0000] {dagbag.py:587} INFO - Filling up the DagBag from /home/airflow/.local/lib/python3.12/site-packages/airflow/example_dags/example_branch_python_dop_operator_3.py
[2024-09-02T01:39:51.401+0000] {processor.py:925} INFO - DAG(s) 'example_branch_dop_operator_v3' retrieved from /home/airflow/.local/lib/python3.12/site-packages/airflow/example_dags/example_branch_python_dop_operator_3.py
[2024-09-02T01:39:51.414+0000] {logging_mixin.py:190} INFO - [2024-09-02T01:39:51.414+0000] {dag.py:3211} INFO - Sync 1 DAGs
[2024-09-02T01:39:51.429+0000] {logging_mixin.py:190} INFO - [2024-09-02T01:39:51.429+0000] {dag.py:4138} INFO - Setting next_dagrun for example_branch_dop_operator_v3 to 2024-09-02 01:38:00+00:00, run_after=2024-09-02 01:39:00+00:00
[2024-09-02T01:39:51.439+0000] {processor.py:208} INFO - Processing /home/airflow/.local/lib/python3.12/site-packages/airflow/example_dags/example_branch_python_dop_operator_3.py took 0.053 seconds
[2024-09-02T01:40:22.556+0000] {processor.py:186} INFO - Started process (PID=763) to work on /home/airflow/.local/lib/python3.12/site-packages/airflow/example_dags/example_branch_python_dop_operator_3.py
[2024-09-02T01:40:22.558+0000] {processor.py:914} INFO - Processing file /home/airflow/.local/lib/python3.12/site-packages/airflow/example_dags/example_branch_python_dop_operator_3.py for tasks to queue
[2024-09-02T01:40:22.560+0000] {logging_mixin.py:190} INFO - [2024-09-02T01:40:22.559+0000] {dagbag.py:587} INFO - Filling up the DagBag from /home/airflow/.local/lib/python3.12/site-packages/airflow/example_dags/example_branch_python_dop_operator_3.py
[2024-09-02T01:40:22.568+0000] {processor.py:925} INFO - DAG(s) 'example_branch_dop_operator_v3' retrieved from /home/airflow/.local/lib/python3.12/site-packages/airflow/example_dags/example_branch_python_dop_operator_3.py
[2024-09-02T01:40:22.583+0000] {logging_mixin.py:190} INFO - [2024-09-02T01:40:22.582+0000] {dag.py:3211} INFO - Sync 1 DAGs
[2024-09-02T01:40:22.599+0000] {logging_mixin.py:190} INFO - [2024-09-02T01:40:22.598+0000] {dag.py:4138} INFO - Setting next_dagrun for example_branch_dop_operator_v3 to 2024-09-02 01:39:00+00:00, run_after=2024-09-02 01:40:00+00:00
[2024-09-02T01:40:22.610+0000] {processor.py:208} INFO - Processing /home/airflow/.local/lib/python3.12/site-packages/airflow/example_dags/example_branch_python_dop_operator_3.py took 0.058 seconds
[2024-09-02T01:40:53.270+0000] {processor.py:186} INFO - Started process (PID=1049) to work on /home/airflow/.local/lib/python3.12/site-packages/airflow/example_dags/example_branch_python_dop_operator_3.py
[2024-09-02T01:40:53.272+0000] {processor.py:914} INFO - Processing file /home/airflow/.local/lib/python3.12/site-packages/airflow/example_dags/example_branch_python_dop_operator_3.py for tasks to queue
[2024-09-02T01:40:53.274+0000] {logging_mixin.py:190} INFO - [2024-09-02T01:40:53.273+0000] {dagbag.py:587} INFO - Filling up the DagBag from /home/airflow/.local/lib/python3.12/site-packages/airflow/example_dags/example_branch_python_dop_operator_3.py
[2024-09-02T01:40:53.281+0000] {processor.py:925} INFO - DAG(s) 'example_branch_dop_operator_v3' retrieved from /home/airflow/.local/lib/python3.12/site-packages/airflow/example_dags/example_branch_python_dop_operator_3.py
[2024-09-02T01:40:53.295+0000] {logging_mixin.py:190} INFO - [2024-09-02T01:40:53.295+0000] {dag.py:3211} INFO - Sync 1 DAGs
[2024-09-02T01:40:53.310+0000] {logging_mixin.py:190} INFO - [2024-09-02T01:40:53.310+0000] {dag.py:4138} INFO - Setting next_dagrun for example_branch_dop_operator_v3 to 2024-09-02 01:39:00+00:00, run_after=2024-09-02 01:40:00+00:00
[2024-09-02T01:40:53.321+0000] {processor.py:208} INFO - Processing /home/airflow/.local/lib/python3.12/site-packages/airflow/example_dags/example_branch_python_dop_operator_3.py took 0.055 seconds
[2024-09-02T01:41:24.520+0000] {processor.py:186} INFO - Started process (PID=1366) to work on /home/airflow/.local/lib/python3.12/site-packages/airflow/example_dags/example_branch_python_dop_operator_3.py
[2024-09-02T01:41:24.524+0000] {processor.py:914} INFO - Processing file /home/airflow/.local/lib/python3.12/site-packages/airflow/example_dags/example_branch_python_dop_operator_3.py for tasks to queue
[2024-09-02T01:41:24.528+0000] {logging_mixin.py:190} INFO - [2024-09-02T01:41:24.527+0000] {dagbag.py:587} INFO - Filling up the DagBag from /home/airflow/.local/lib/python3.12/site-packages/airflow/example_dags/example_branch_python_dop_operator_3.py
[2024-09-02T01:41:24.539+0000] {processor.py:925} INFO - DAG(s) 'example_branch_dop_operator_v3' retrieved from /home/airflow/.local/lib/python3.12/site-packages/airflow/example_dags/example_branch_python_dop_operator_3.py
[2024-09-02T01:41:24.554+0000] {logging_mixin.py:190} INFO - [2024-09-02T01:41:24.554+0000] {dag.py:3211} INFO - Sync 1 DAGs
[2024-09-02T01:41:24.574+0000] {logging_mixin.py:190} INFO - [2024-09-02T01:41:24.574+0000] {dag.py:4138} INFO - Setting next_dagrun for example_branch_dop_operator_v3 to 2024-09-02 01:40:00+00:00, run_after=2024-09-02 01:41:00+00:00
[2024-09-02T01:41:24.588+0000] {processor.py:208} INFO - Processing /home/airflow/.local/lib/python3.12/site-packages/airflow/example_dags/example_branch_python_dop_operator_3.py took 0.077 seconds
[2024-09-02T01:41:54.761+0000] {processor.py:186} INFO - Started process (PID=1695) to work on /home/airflow/.local/lib/python3.12/site-packages/airflow/example_dags/example_branch_python_dop_operator_3.py
[2024-09-02T01:41:54.763+0000] {processor.py:914} INFO - Processing file /home/airflow/.local/lib/python3.12/site-packages/airflow/example_dags/example_branch_python_dop_operator_3.py for tasks to queue
[2024-09-02T01:41:54.766+0000] {logging_mixin.py:190} INFO - [2024-09-02T01:41:54.766+0000] {dagbag.py:587} INFO - Filling up the DagBag from /home/airflow/.local/lib/python3.12/site-packages/airflow/example_dags/example_branch_python_dop_operator_3.py
[2024-09-02T01:41:54.774+0000] {processor.py:925} INFO - DAG(s) 'example_branch_dop_operator_v3' retrieved from /home/airflow/.local/lib/python3.12/site-packages/airflow/example_dags/example_branch_python_dop_operator_3.py
[2024-09-02T01:41:54.788+0000] {logging_mixin.py:190} INFO - [2024-09-02T01:41:54.788+0000] {dag.py:3211} INFO - Sync 1 DAGs
[2024-09-02T01:41:54.808+0000] {logging_mixin.py:190} INFO - [2024-09-02T01:41:54.808+0000] {dag.py:4138} INFO - Setting next_dagrun for example_branch_dop_operator_v3 to 2024-09-02 01:40:00+00:00, run_after=2024-09-02 01:41:00+00:00
[2024-09-02T01:41:54.818+0000] {processor.py:208} INFO - Processing /home/airflow/.local/lib/python3.12/site-packages/airflow/example_dags/example_branch_python_dop_operator_3.py took 0.061 seconds
[2024-09-02T01:42:25.903+0000] {processor.py:186} INFO - Started process (PID=1980) to work on /home/airflow/.local/lib/python3.12/site-packages/airflow/example_dags/example_branch_python_dop_operator_3.py
[2024-09-02T01:42:25.905+0000] {processor.py:914} INFO - Processing file /home/airflow/.local/lib/python3.12/site-packages/airflow/example_dags/example_branch_python_dop_operator_3.py for tasks to queue
[2024-09-02T01:42:25.907+0000] {logging_mixin.py:190} INFO - [2024-09-02T01:42:25.907+0000] {dagbag.py:587} INFO - Filling up the DagBag from /home/airflow/.local/lib/python3.12/site-packages/airflow/example_dags/example_branch_python_dop_operator_3.py
[2024-09-02T01:42:25.916+0000] {processor.py:925} INFO - DAG(s) 'example_branch_dop_operator_v3' retrieved from /home/airflow/.local/lib/python3.12/site-packages/airflow/example_dags/example_branch_python_dop_operator_3.py
[2024-09-02T01:42:25.930+0000] {logging_mixin.py:190} INFO - [2024-09-02T01:42:25.930+0000] {dag.py:3211} INFO - Sync 1 DAGs
[2024-09-02T01:42:25.946+0000] {logging_mixin.py:190} INFO - [2024-09-02T01:42:25.946+0000] {dag.py:4138} INFO - Setting next_dagrun for example_branch_dop_operator_v3 to 2024-09-02 01:41:00+00:00, run_after=2024-09-02 01:42:00+00:00
[2024-09-02T01:42:25.957+0000] {processor.py:208} INFO - Processing /home/airflow/.local/lib/python3.12/site-packages/airflow/example_dags/example_branch_python_dop_operator_3.py took 0.058 seconds
[2024-09-02T01:42:56.935+0000] {processor.py:186} INFO - Started process (PID=2266) to work on /home/airflow/.local/lib/python3.12/site-packages/airflow/example_dags/example_branch_python_dop_operator_3.py
[2024-09-02T01:42:56.937+0000] {processor.py:914} INFO - Processing file /home/airflow/.local/lib/python3.12/site-packages/airflow/example_dags/example_branch_python_dop_operator_3.py for tasks to queue
[2024-09-02T01:42:56.939+0000] {logging_mixin.py:190} INFO - [2024-09-02T01:42:56.939+0000] {dagbag.py:587} INFO - Filling up the DagBag from /home/airflow/.local/lib/python3.12/site-packages/airflow/example_dags/example_branch_python_dop_operator_3.py
[2024-09-02T01:42:56.946+0000] {processor.py:925} INFO - DAG(s) 'example_branch_dop_operator_v3' retrieved from /home/airflow/.local/lib/python3.12/site-packages/airflow/example_dags/example_branch_python_dop_operator_3.py
[2024-09-02T01:42:56.960+0000] {logging_mixin.py:190} INFO - [2024-09-02T01:42:56.960+0000] {dag.py:3211} INFO - Sync 1 DAGs
[2024-09-02T01:42:56.976+0000] {logging_mixin.py:190} INFO - [2024-09-02T01:42:56.976+0000] {dag.py:4138} INFO - Setting next_dagrun for example_branch_dop_operator_v3 to 2024-09-02 01:41:00+00:00, run_after=2024-09-02 01:42:00+00:00
[2024-09-02T01:42:56.987+0000] {processor.py:208} INFO - Processing /home/airflow/.local/lib/python3.12/site-packages/airflow/example_dags/example_branch_python_dop_operator_3.py took 0.056 seconds
[2024-09-02T01:43:27.672+0000] {processor.py:186} INFO - Started process (PID=2552) to work on /home/airflow/.local/lib/python3.12/site-packages/airflow/example_dags/example_branch_python_dop_operator_3.py
[2024-09-02T01:43:27.674+0000] {processor.py:914} INFO - Processing file /home/airflow/.local/lib/python3.12/site-packages/airflow/example_dags/example_branch_python_dop_operator_3.py for tasks to queue
[2024-09-02T01:43:27.677+0000] {logging_mixin.py:190} INFO - [2024-09-02T01:43:27.676+0000] {dagbag.py:587} INFO - Filling up the DagBag from /home/airflow/.local/lib/python3.12/site-packages/airflow/example_dags/example_branch_python_dop_operator_3.py
[2024-09-02T01:43:27.687+0000] {processor.py:925} INFO - DAG(s) 'example_branch_dop_operator_v3' retrieved from /home/airflow/.local/lib/python3.12/site-packages/airflow/example_dags/example_branch_python_dop_operator_3.py
[2024-09-02T01:43:27.701+0000] {logging_mixin.py:190} INFO - [2024-09-02T01:43:27.701+0000] {dag.py:3211} INFO - Sync 1 DAGs
[2024-09-02T01:43:27.716+0000] {logging_mixin.py:190} INFO - [2024-09-02T01:43:27.716+0000] {dag.py:4138} INFO - Setting next_dagrun for example_branch_dop_operator_v3 to 2024-09-02 01:42:00+00:00, run_after=2024-09-02 01:43:00+00:00
[2024-09-02T01:43:27.726+0000] {processor.py:208} INFO - Processing /home/airflow/.local/lib/python3.12/site-packages/airflow/example_dags/example_branch_python_dop_operator_3.py took 0.059 seconds
[2024-09-02T01:43:58.703+0000] {processor.py:186} INFO - Started process (PID=2839) to work on /home/airflow/.local/lib/python3.12/site-packages/airflow/example_dags/example_branch_python_dop_operator_3.py
[2024-09-02T01:43:58.705+0000] {processor.py:914} INFO - Processing file /home/airflow/.local/lib/python3.12/site-packages/airflow/example_dags/example_branch_python_dop_operator_3.py for tasks to queue
[2024-09-02T01:43:58.707+0000] {logging_mixin.py:190} INFO - [2024-09-02T01:43:58.707+0000] {dagbag.py:587} INFO - Filling up the DagBag from /home/airflow/.local/lib/python3.12/site-packages/airflow/example_dags/example_branch_python_dop_operator_3.py
[2024-09-02T01:43:58.715+0000] {processor.py:925} INFO - DAG(s) 'example_branch_dop_operator_v3' retrieved from /home/airflow/.local/lib/python3.12/site-packages/airflow/example_dags/example_branch_python_dop_operator_3.py
[2024-09-02T01:43:58.728+0000] {logging_mixin.py:190} INFO - [2024-09-02T01:43:58.728+0000] {dag.py:3211} INFO - Sync 1 DAGs
[2024-09-02T01:43:58.745+0000] {logging_mixin.py:190} INFO - [2024-09-02T01:43:58.744+0000] {dag.py:4138} INFO - Setting next_dagrun for example_branch_dop_operator_v3 to 2024-09-02 01:42:00+00:00, run_after=2024-09-02 01:43:00+00:00
[2024-09-02T01:43:58.755+0000] {processor.py:208} INFO - Processing /home/airflow/.local/lib/python3.12/site-packages/airflow/example_dags/example_branch_python_dop_operator_3.py took 0.056 seconds
[2024-09-02T01:44:29.355+0000] {processor.py:186} INFO - Started process (PID=3127) to work on /home/airflow/.local/lib/python3.12/site-packages/airflow/example_dags/example_branch_python_dop_operator_3.py
[2024-09-02T01:44:29.357+0000] {processor.py:914} INFO - Processing file /home/airflow/.local/lib/python3.12/site-packages/airflow/example_dags/example_branch_python_dop_operator_3.py for tasks to queue
[2024-09-02T01:44:29.359+0000] {logging_mixin.py:190} INFO - [2024-09-02T01:44:29.359+0000] {dagbag.py:587} INFO - Filling up the DagBag from /home/airflow/.local/lib/python3.12/site-packages/airflow/example_dags/example_branch_python_dop_operator_3.py
[2024-09-02T01:44:29.370+0000] {processor.py:925} INFO - DAG(s) 'example_branch_dop_operator_v3' retrieved from /home/airflow/.local/lib/python3.12/site-packages/airflow/example_dags/example_branch_python_dop_operator_3.py
[2024-09-02T01:44:29.390+0000] {logging_mixin.py:190} INFO - [2024-09-02T01:44:29.390+0000] {dag.py:3211} INFO - Sync 1 DAGs
[2024-09-02T01:44:29.406+0000] {logging_mixin.py:190} INFO - [2024-09-02T01:44:29.406+0000] {dag.py:4138} INFO - Setting next_dagrun for example_branch_dop_operator_v3 to 2024-09-02 01:43:00+00:00, run_after=2024-09-02 01:44:00+00:00
[2024-09-02T01:44:29.419+0000] {processor.py:208} INFO - Processing /home/airflow/.local/lib/python3.12/site-packages/airflow/example_dags/example_branch_python_dop_operator_3.py took 0.068 seconds
[2024-09-02T01:44:59.706+0000] {processor.py:186} INFO - Started process (PID=3411) to work on /home/airflow/.local/lib/python3.12/site-packages/airflow/example_dags/example_branch_python_dop_operator_3.py
[2024-09-02T01:44:59.708+0000] {processor.py:914} INFO - Processing file /home/airflow/.local/lib/python3.12/site-packages/airflow/example_dags/example_branch_python_dop_operator_3.py for tasks to queue
[2024-09-02T01:44:59.710+0000] {logging_mixin.py:190} INFO - [2024-09-02T01:44:59.709+0000] {dagbag.py:587} INFO - Filling up the DagBag from /home/airflow/.local/lib/python3.12/site-packages/airflow/example_dags/example_branch_python_dop_operator_3.py
[2024-09-02T01:44:59.717+0000] {processor.py:925} INFO - DAG(s) 'example_branch_dop_operator_v3' retrieved from /home/airflow/.local/lib/python3.12/site-packages/airflow/example_dags/example_branch_python_dop_operator_3.py
[2024-09-02T01:44:59.730+0000] {logging_mixin.py:190} INFO - [2024-09-02T01:44:59.730+0000] {dag.py:3211} INFO - Sync 1 DAGs
[2024-09-02T01:44:59.746+0000] {logging_mixin.py:190} INFO - [2024-09-02T01:44:59.746+0000] {dag.py:4138} INFO - Setting next_dagrun for example_branch_dop_operator_v3 to 2024-09-02 01:43:00+00:00, run_after=2024-09-02 01:44:00+00:00
[2024-09-02T01:44:59.756+0000] {processor.py:208} INFO - Processing /home/airflow/.local/lib/python3.12/site-packages/airflow/example_dags/example_branch_python_dop_operator_3.py took 0.055 seconds
[2024-09-02T01:54:36.320+0000] {processor.py:186} INFO - Started process (PID=193) to work on /home/airflow/.local/lib/python3.12/site-packages/airflow/example_dags/example_branch_python_dop_operator_3.py
[2024-09-02T01:54:36.323+0000] {processor.py:914} INFO - Processing file /home/airflow/.local/lib/python3.12/site-packages/airflow/example_dags/example_branch_python_dop_operator_3.py for tasks to queue
[2024-09-02T01:54:36.327+0000] {logging_mixin.py:190} INFO - [2024-09-02T01:54:36.327+0000] {dagbag.py:587} INFO - Filling up the DagBag from /home/airflow/.local/lib/python3.12/site-packages/airflow/example_dags/example_branch_python_dop_operator_3.py
[2024-09-02T01:54:36.348+0000] {processor.py:925} INFO - DAG(s) 'example_branch_dop_operator_v3' retrieved from /home/airflow/.local/lib/python3.12/site-packages/airflow/example_dags/example_branch_python_dop_operator_3.py
[2024-09-02T01:54:36.395+0000] {logging_mixin.py:190} INFO - [2024-09-02T01:54:36.395+0000] {dag.py:3211} INFO - Sync 1 DAGs
[2024-09-02T01:54:36.445+0000] {logging_mixin.py:190} INFO - [2024-09-02T01:54:36.445+0000] {dag.py:4138} INFO - Setting next_dagrun for example_branch_dop_operator_v3 to 2024-09-02 01:53:00+00:00, run_after=2024-09-02 01:54:00+00:00
[2024-09-02T01:54:36.471+0000] {processor.py:208} INFO - Processing /home/airflow/.local/lib/python3.12/site-packages/airflow/example_dags/example_branch_python_dop_operator_3.py took 0.156 seconds
[2024-09-02T01:55:06.709+0000] {processor.py:186} INFO - Started process (PID=531) to work on /home/airflow/.local/lib/python3.12/site-packages/airflow/example_dags/example_branch_python_dop_operator_3.py
[2024-09-02T01:55:06.710+0000] {processor.py:914} INFO - Processing file /home/airflow/.local/lib/python3.12/site-packages/airflow/example_dags/example_branch_python_dop_operator_3.py for tasks to queue
[2024-09-02T01:55:06.712+0000] {logging_mixin.py:190} INFO - [2024-09-02T01:55:06.712+0000] {dagbag.py:587} INFO - Filling up the DagBag from /home/airflow/.local/lib/python3.12/site-packages/airflow/example_dags/example_branch_python_dop_operator_3.py
[2024-09-02T01:55:06.726+0000] {processor.py:925} INFO - DAG(s) 'example_branch_dop_operator_v3' retrieved from /home/airflow/.local/lib/python3.12/site-packages/airflow/example_dags/example_branch_python_dop_operator_3.py
[2024-09-02T01:55:06.750+0000] {logging_mixin.py:190} INFO - [2024-09-02T01:55:06.750+0000] {dag.py:3211} INFO - Sync 1 DAGs
[2024-09-02T01:55:06.769+0000] {logging_mixin.py:190} INFO - [2024-09-02T01:55:06.769+0000] {dag.py:4138} INFO - Setting next_dagrun for example_branch_dop_operator_v3 to 2024-09-02 01:54:00+00:00, run_after=2024-09-02 01:55:00+00:00
[2024-09-02T01:55:06.785+0000] {processor.py:208} INFO - Processing /home/airflow/.local/lib/python3.12/site-packages/airflow/example_dags/example_branch_python_dop_operator_3.py took 0.080 seconds
[2024-09-02T01:55:37.526+0000] {processor.py:186} INFO - Started process (PID=817) to work on /home/airflow/.local/lib/python3.12/site-packages/airflow/example_dags/example_branch_python_dop_operator_3.py
[2024-09-02T01:55:37.529+0000] {processor.py:914} INFO - Processing file /home/airflow/.local/lib/python3.12/site-packages/airflow/example_dags/example_branch_python_dop_operator_3.py for tasks to queue
[2024-09-02T01:55:37.532+0000] {logging_mixin.py:190} INFO - [2024-09-02T01:55:37.532+0000] {dagbag.py:587} INFO - Filling up the DagBag from /home/airflow/.local/lib/python3.12/site-packages/airflow/example_dags/example_branch_python_dop_operator_3.py
[2024-09-02T01:55:37.542+0000] {processor.py:925} INFO - DAG(s) 'example_branch_dop_operator_v3' retrieved from /home/airflow/.local/lib/python3.12/site-packages/airflow/example_dags/example_branch_python_dop_operator_3.py
[2024-09-02T01:55:37.559+0000] {logging_mixin.py:190} INFO - [2024-09-02T01:55:37.559+0000] {dag.py:3211} INFO - Sync 1 DAGs
[2024-09-02T01:55:37.574+0000] {logging_mixin.py:190} INFO - [2024-09-02T01:55:37.574+0000] {dag.py:4138} INFO - Setting next_dagrun for example_branch_dop_operator_v3 to 2024-09-02 01:54:00+00:00, run_after=2024-09-02 01:55:00+00:00
[2024-09-02T01:55:37.589+0000] {processor.py:208} INFO - Processing /home/airflow/.local/lib/python3.12/site-packages/airflow/example_dags/example_branch_python_dop_operator_3.py took 0.066 seconds
[2024-09-02T01:56:07.819+0000] {processor.py:186} INFO - Started process (PID=1103) to work on /home/airflow/.local/lib/python3.12/site-packages/airflow/example_dags/example_branch_python_dop_operator_3.py
[2024-09-02T01:56:07.821+0000] {processor.py:914} INFO - Processing file /home/airflow/.local/lib/python3.12/site-packages/airflow/example_dags/example_branch_python_dop_operator_3.py for tasks to queue
[2024-09-02T01:56:07.823+0000] {logging_mixin.py:190} INFO - [2024-09-02T01:56:07.823+0000] {dagbag.py:587} INFO - Filling up the DagBag from /home/airflow/.local/lib/python3.12/site-packages/airflow/example_dags/example_branch_python_dop_operator_3.py
[2024-09-02T01:56:07.830+0000] {processor.py:925} INFO - DAG(s) 'example_branch_dop_operator_v3' retrieved from /home/airflow/.local/lib/python3.12/site-packages/airflow/example_dags/example_branch_python_dop_operator_3.py
[2024-09-02T01:56:07.844+0000] {logging_mixin.py:190} INFO - [2024-09-02T01:56:07.844+0000] {dag.py:3211} INFO - Sync 1 DAGs
[2024-09-02T01:56:07.858+0000] {logging_mixin.py:190} INFO - [2024-09-02T01:56:07.858+0000] {dag.py:4138} INFO - Setting next_dagrun for example_branch_dop_operator_v3 to 2024-09-02 01:55:00+00:00, run_after=2024-09-02 01:56:00+00:00
[2024-09-02T01:56:07.869+0000] {processor.py:208} INFO - Processing /home/airflow/.local/lib/python3.12/site-packages/airflow/example_dags/example_branch_python_dop_operator_3.py took 0.054 seconds
[2024-09-02T01:56:38.255+0000] {processor.py:186} INFO - Started process (PID=1391) to work on /home/airflow/.local/lib/python3.12/site-packages/airflow/example_dags/example_branch_python_dop_operator_3.py
[2024-09-02T01:56:38.256+0000] {processor.py:914} INFO - Processing file /home/airflow/.local/lib/python3.12/site-packages/airflow/example_dags/example_branch_python_dop_operator_3.py for tasks to queue
[2024-09-02T01:56:38.259+0000] {logging_mixin.py:190} INFO - [2024-09-02T01:56:38.258+0000] {dagbag.py:587} INFO - Filling up the DagBag from /home/airflow/.local/lib/python3.12/site-packages/airflow/example_dags/example_branch_python_dop_operator_3.py
[2024-09-02T01:56:38.266+0000] {processor.py:925} INFO - DAG(s) 'example_branch_dop_operator_v3' retrieved from /home/airflow/.local/lib/python3.12/site-packages/airflow/example_dags/example_branch_python_dop_operator_3.py
[2024-09-02T01:56:38.280+0000] {logging_mixin.py:190} INFO - [2024-09-02T01:56:38.280+0000] {dag.py:3211} INFO - Sync 1 DAGs
[2024-09-02T01:56:38.296+0000] {logging_mixin.py:190} INFO - [2024-09-02T01:56:38.296+0000] {dag.py:4138} INFO - Setting next_dagrun for example_branch_dop_operator_v3 to 2024-09-02 01:55:00+00:00, run_after=2024-09-02 01:56:00+00:00
[2024-09-02T01:56:38.308+0000] {processor.py:208} INFO - Processing /home/airflow/.local/lib/python3.12/site-packages/airflow/example_dags/example_branch_python_dop_operator_3.py took 0.057 seconds
[2024-09-02T01:57:08.497+0000] {processor.py:186} INFO - Started process (PID=1677) to work on /home/airflow/.local/lib/python3.12/site-packages/airflow/example_dags/example_branch_python_dop_operator_3.py
[2024-09-02T01:57:08.499+0000] {processor.py:914} INFO - Processing file /home/airflow/.local/lib/python3.12/site-packages/airflow/example_dags/example_branch_python_dop_operator_3.py for tasks to queue
[2024-09-02T01:57:08.501+0000] {logging_mixin.py:190} INFO - [2024-09-02T01:57:08.500+0000] {dagbag.py:587} INFO - Filling up the DagBag from /home/airflow/.local/lib/python3.12/site-packages/airflow/example_dags/example_branch_python_dop_operator_3.py
[2024-09-02T01:57:08.508+0000] {processor.py:925} INFO - DAG(s) 'example_branch_dop_operator_v3' retrieved from /home/airflow/.local/lib/python3.12/site-packages/airflow/example_dags/example_branch_python_dop_operator_3.py
[2024-09-02T01:57:08.522+0000] {logging_mixin.py:190} INFO - [2024-09-02T01:57:08.522+0000] {dag.py:3211} INFO - Sync 1 DAGs
[2024-09-02T01:57:08.538+0000] {logging_mixin.py:190} INFO - [2024-09-02T01:57:08.538+0000] {dag.py:4138} INFO - Setting next_dagrun for example_branch_dop_operator_v3 to 2024-09-02 01:56:00+00:00, run_after=2024-09-02 01:57:00+00:00
[2024-09-02T01:57:08.550+0000] {processor.py:208} INFO - Processing /home/airflow/.local/lib/python3.12/site-packages/airflow/example_dags/example_branch_python_dop_operator_3.py took 0.056 seconds
[2024-09-02T01:57:39.028+0000] {processor.py:186} INFO - Started process (PID=1964) to work on /home/airflow/.local/lib/python3.12/site-packages/airflow/example_dags/example_branch_python_dop_operator_3.py
[2024-09-02T01:57:39.029+0000] {processor.py:914} INFO - Processing file /home/airflow/.local/lib/python3.12/site-packages/airflow/example_dags/example_branch_python_dop_operator_3.py for tasks to queue
[2024-09-02T01:57:39.031+0000] {logging_mixin.py:190} INFO - [2024-09-02T01:57:39.031+0000] {dagbag.py:587} INFO - Filling up the DagBag from /home/airflow/.local/lib/python3.12/site-packages/airflow/example_dags/example_branch_python_dop_operator_3.py
[2024-09-02T01:57:39.038+0000] {processor.py:925} INFO - DAG(s) 'example_branch_dop_operator_v3' retrieved from /home/airflow/.local/lib/python3.12/site-packages/airflow/example_dags/example_branch_python_dop_operator_3.py
[2024-09-02T01:57:39.051+0000] {logging_mixin.py:190} INFO - [2024-09-02T01:57:39.051+0000] {dag.py:3211} INFO - Sync 1 DAGs
[2024-09-02T01:57:39.067+0000] {logging_mixin.py:190} INFO - [2024-09-02T01:57:39.067+0000] {dag.py:4138} INFO - Setting next_dagrun for example_branch_dop_operator_v3 to 2024-09-02 01:56:00+00:00, run_after=2024-09-02 01:57:00+00:00
[2024-09-02T01:57:39.077+0000] {processor.py:208} INFO - Processing /home/airflow/.local/lib/python3.12/site-packages/airflow/example_dags/example_branch_python_dop_operator_3.py took 0.054 seconds
[2024-09-02T01:58:09.433+0000] {processor.py:186} INFO - Started process (PID=2250) to work on /home/airflow/.local/lib/python3.12/site-packages/airflow/example_dags/example_branch_python_dop_operator_3.py
[2024-09-02T01:58:09.436+0000] {processor.py:914} INFO - Processing file /home/airflow/.local/lib/python3.12/site-packages/airflow/example_dags/example_branch_python_dop_operator_3.py for tasks to queue
[2024-09-02T01:58:09.439+0000] {logging_mixin.py:190} INFO - [2024-09-02T01:58:09.438+0000] {dagbag.py:587} INFO - Filling up the DagBag from /home/airflow/.local/lib/python3.12/site-packages/airflow/example_dags/example_branch_python_dop_operator_3.py
[2024-09-02T01:58:09.448+0000] {processor.py:925} INFO - DAG(s) 'example_branch_dop_operator_v3' retrieved from /home/airflow/.local/lib/python3.12/site-packages/airflow/example_dags/example_branch_python_dop_operator_3.py
[2024-09-02T01:58:09.474+0000] {logging_mixin.py:190} INFO - [2024-09-02T01:58:09.474+0000] {dag.py:3211} INFO - Sync 1 DAGs
[2024-09-02T01:58:09.504+0000] {logging_mixin.py:190} INFO - [2024-09-02T01:58:09.504+0000] {dag.py:4138} INFO - Setting next_dagrun for example_branch_dop_operator_v3 to 2024-09-02 01:57:00+00:00, run_after=2024-09-02 01:58:00+00:00
[2024-09-02T01:58:09.518+0000] {processor.py:208} INFO - Processing /home/airflow/.local/lib/python3.12/site-packages/airflow/example_dags/example_branch_python_dop_operator_3.py took 0.092 seconds
