[2024-09-02T01:39:21.601+0000] {processor.py:186} INFO - Started process (PID=236) to work on /home/airflow/.local/lib/python3.12/site-packages/airflow/example_dags/example_task_group.py
[2024-09-02T01:39:21.604+0000] {processor.py:914} INFO - Processing file /home/airflow/.local/lib/python3.12/site-packages/airflow/example_dags/example_task_group.py for tasks to queue
[2024-09-02T01:39:21.607+0000] {logging_mixin.py:190} INFO - [2024-09-02T01:39:21.606+0000] {dagbag.py:587} INFO - Filling up the DagBag from /home/airflow/.local/lib/python3.12/site-packages/airflow/example_dags/example_task_group.py
[2024-09-02T01:39:21.616+0000] {processor.py:925} INFO - DAG(s) 'example_task_group' retrieved from /home/airflow/.local/lib/python3.12/site-packages/airflow/example_dags/example_task_group.py
[2024-09-02T01:39:21.679+0000] {logging_mixin.py:190} INFO - [2024-09-02T01:39:21.678+0000] {override.py:1858} INFO - Created Permission View: can edit on DAG:example_task_group
[2024-09-02T01:39:21.685+0000] {logging_mixin.py:190} INFO - [2024-09-02T01:39:21.685+0000] {override.py:1858} INFO - Created Permission View: can read on DAG:example_task_group
[2024-09-02T01:39:21.689+0000] {logging_mixin.py:190} INFO - [2024-09-02T01:39:21.689+0000] {override.py:1858} INFO - Created Permission View: can delete on DAG:example_task_group
[2024-09-02T01:39:21.690+0000] {logging_mixin.py:190} INFO - [2024-09-02T01:39:21.690+0000] {dag.py:3211} INFO - Sync 1 DAGs
[2024-09-02T01:39:21.701+0000] {logging_mixin.py:190} INFO - [2024-09-02T01:39:21.700+0000] {dag.py:3234} INFO - Creating ORM DAG for example_task_group
[2024-09-02T01:39:21.710+0000] {logging_mixin.py:190} INFO - [2024-09-02T01:39:21.710+0000] {dag.py:4138} INFO - Setting next_dagrun for example_task_group to 2024-09-01 00:00:00+00:00, run_after=2024-09-02 00:00:00+00:00
[2024-09-02T01:39:21.726+0000] {processor.py:208} INFO - Processing /home/airflow/.local/lib/python3.12/site-packages/airflow/example_dags/example_task_group.py took 0.129 seconds
[2024-09-02T01:39:51.876+0000] {processor.py:186} INFO - Started process (PID=522) to work on /home/airflow/.local/lib/python3.12/site-packages/airflow/example_dags/example_task_group.py
[2024-09-02T01:39:51.878+0000] {processor.py:914} INFO - Processing file /home/airflow/.local/lib/python3.12/site-packages/airflow/example_dags/example_task_group.py for tasks to queue
[2024-09-02T01:39:51.881+0000] {logging_mixin.py:190} INFO - [2024-09-02T01:39:51.880+0000] {dagbag.py:587} INFO - Filling up the DagBag from /home/airflow/.local/lib/python3.12/site-packages/airflow/example_dags/example_task_group.py
[2024-09-02T01:39:51.887+0000] {processor.py:925} INFO - DAG(s) 'example_task_group' retrieved from /home/airflow/.local/lib/python3.12/site-packages/airflow/example_dags/example_task_group.py
[2024-09-02T01:39:51.900+0000] {logging_mixin.py:190} INFO - [2024-09-02T01:39:51.900+0000] {dag.py:3211} INFO - Sync 1 DAGs
[2024-09-02T01:39:51.912+0000] {logging_mixin.py:190} INFO - [2024-09-02T01:39:51.912+0000] {dag.py:4138} INFO - Setting next_dagrun for example_task_group to 2024-09-01 00:00:00+00:00, run_after=2024-09-02 00:00:00+00:00
[2024-09-02T01:39:51.922+0000] {processor.py:208} INFO - Processing /home/airflow/.local/lib/python3.12/site-packages/airflow/example_dags/example_task_group.py took 0.050 seconds
[2024-09-02T01:40:23.042+0000] {processor.py:186} INFO - Started process (PID=808) to work on /home/airflow/.local/lib/python3.12/site-packages/airflow/example_dags/example_task_group.py
[2024-09-02T01:40:23.044+0000] {processor.py:914} INFO - Processing file /home/airflow/.local/lib/python3.12/site-packages/airflow/example_dags/example_task_group.py for tasks to queue
[2024-09-02T01:40:23.046+0000] {logging_mixin.py:190} INFO - [2024-09-02T01:40:23.046+0000] {dagbag.py:587} INFO - Filling up the DagBag from /home/airflow/.local/lib/python3.12/site-packages/airflow/example_dags/example_task_group.py
[2024-09-02T01:40:23.053+0000] {processor.py:925} INFO - DAG(s) 'example_task_group' retrieved from /home/airflow/.local/lib/python3.12/site-packages/airflow/example_dags/example_task_group.py
[2024-09-02T01:40:23.075+0000] {logging_mixin.py:190} INFO - [2024-09-02T01:40:23.074+0000] {dag.py:3211} INFO - Sync 1 DAGs
[2024-09-02T01:40:23.099+0000] {logging_mixin.py:190} INFO - [2024-09-02T01:40:23.098+0000] {dag.py:4138} INFO - Setting next_dagrun for example_task_group to 2024-09-01 00:00:00+00:00, run_after=2024-09-02 00:00:00+00:00
[2024-09-02T01:40:23.113+0000] {processor.py:208} INFO - Processing /home/airflow/.local/lib/python3.12/site-packages/airflow/example_dags/example_task_group.py took 0.074 seconds
[2024-09-02T01:40:53.690+0000] {processor.py:186} INFO - Started process (PID=1094) to work on /home/airflow/.local/lib/python3.12/site-packages/airflow/example_dags/example_task_group.py
[2024-09-02T01:40:53.692+0000] {processor.py:914} INFO - Processing file /home/airflow/.local/lib/python3.12/site-packages/airflow/example_dags/example_task_group.py for tasks to queue
[2024-09-02T01:40:53.694+0000] {logging_mixin.py:190} INFO - [2024-09-02T01:40:53.694+0000] {dagbag.py:587} INFO - Filling up the DagBag from /home/airflow/.local/lib/python3.12/site-packages/airflow/example_dags/example_task_group.py
[2024-09-02T01:40:53.702+0000] {processor.py:925} INFO - DAG(s) 'example_task_group' retrieved from /home/airflow/.local/lib/python3.12/site-packages/airflow/example_dags/example_task_group.py
[2024-09-02T01:40:53.717+0000] {logging_mixin.py:190} INFO - [2024-09-02T01:40:53.717+0000] {dag.py:3211} INFO - Sync 1 DAGs
[2024-09-02T01:40:53.731+0000] {logging_mixin.py:190} INFO - [2024-09-02T01:40:53.731+0000] {dag.py:4138} INFO - Setting next_dagrun for example_task_group to 2024-09-01 00:00:00+00:00, run_after=2024-09-02 00:00:00+00:00
[2024-09-02T01:40:53.742+0000] {processor.py:208} INFO - Processing /home/airflow/.local/lib/python3.12/site-packages/airflow/example_dags/example_task_group.py took 0.057 seconds
[2024-09-02T01:41:25.158+0000] {processor.py:186} INFO - Started process (PID=1413) to work on /home/airflow/.local/lib/python3.12/site-packages/airflow/example_dags/example_task_group.py
[2024-09-02T01:41:25.160+0000] {processor.py:914} INFO - Processing file /home/airflow/.local/lib/python3.12/site-packages/airflow/example_dags/example_task_group.py for tasks to queue
[2024-09-02T01:41:25.162+0000] {logging_mixin.py:190} INFO - [2024-09-02T01:41:25.161+0000] {dagbag.py:587} INFO - Filling up the DagBag from /home/airflow/.local/lib/python3.12/site-packages/airflow/example_dags/example_task_group.py
[2024-09-02T01:41:25.168+0000] {processor.py:925} INFO - DAG(s) 'example_task_group' retrieved from /home/airflow/.local/lib/python3.12/site-packages/airflow/example_dags/example_task_group.py
[2024-09-02T01:41:25.183+0000] {logging_mixin.py:190} INFO - [2024-09-02T01:41:25.182+0000] {dag.py:3211} INFO - Sync 1 DAGs
[2024-09-02T01:41:25.197+0000] {logging_mixin.py:190} INFO - [2024-09-02T01:41:25.197+0000] {dag.py:4138} INFO - Setting next_dagrun for example_task_group to 2024-09-01 00:00:00+00:00, run_after=2024-09-02 00:00:00+00:00
[2024-09-02T01:41:25.209+0000] {processor.py:208} INFO - Processing /home/airflow/.local/lib/python3.12/site-packages/airflow/example_dags/example_task_group.py took 0.056 seconds
[2024-09-02T01:41:55.270+0000] {processor.py:186} INFO - Started process (PID=1742) to work on /home/airflow/.local/lib/python3.12/site-packages/airflow/example_dags/example_task_group.py
[2024-09-02T01:41:55.272+0000] {processor.py:914} INFO - Processing file /home/airflow/.local/lib/python3.12/site-packages/airflow/example_dags/example_task_group.py for tasks to queue
[2024-09-02T01:41:55.275+0000] {logging_mixin.py:190} INFO - [2024-09-02T01:41:55.274+0000] {dagbag.py:587} INFO - Filling up the DagBag from /home/airflow/.local/lib/python3.12/site-packages/airflow/example_dags/example_task_group.py
[2024-09-02T01:41:55.282+0000] {processor.py:925} INFO - DAG(s) 'example_task_group' retrieved from /home/airflow/.local/lib/python3.12/site-packages/airflow/example_dags/example_task_group.py
[2024-09-02T01:41:55.296+0000] {logging_mixin.py:190} INFO - [2024-09-02T01:41:55.296+0000] {dag.py:3211} INFO - Sync 1 DAGs
[2024-09-02T01:41:55.311+0000] {logging_mixin.py:190} INFO - [2024-09-02T01:41:55.311+0000] {dag.py:4138} INFO - Setting next_dagrun for example_task_group to 2024-09-01 00:00:00+00:00, run_after=2024-09-02 00:00:00+00:00
[2024-09-02T01:41:55.325+0000] {processor.py:208} INFO - Processing /home/airflow/.local/lib/python3.12/site-packages/airflow/example_dags/example_task_group.py took 0.059 seconds
[2024-09-02T01:42:26.368+0000] {processor.py:186} INFO - Started process (PID=2025) to work on /home/airflow/.local/lib/python3.12/site-packages/airflow/example_dags/example_task_group.py
[2024-09-02T01:42:26.370+0000] {processor.py:914} INFO - Processing file /home/airflow/.local/lib/python3.12/site-packages/airflow/example_dags/example_task_group.py for tasks to queue
[2024-09-02T01:42:26.374+0000] {logging_mixin.py:190} INFO - [2024-09-02T01:42:26.374+0000] {dagbag.py:587} INFO - Filling up the DagBag from /home/airflow/.local/lib/python3.12/site-packages/airflow/example_dags/example_task_group.py
[2024-09-02T01:42:26.383+0000] {processor.py:925} INFO - DAG(s) 'example_task_group' retrieved from /home/airflow/.local/lib/python3.12/site-packages/airflow/example_dags/example_task_group.py
[2024-09-02T01:42:26.403+0000] {logging_mixin.py:190} INFO - [2024-09-02T01:42:26.402+0000] {dag.py:3211} INFO - Sync 1 DAGs
[2024-09-02T01:42:26.422+0000] {logging_mixin.py:190} INFO - [2024-09-02T01:42:26.422+0000] {dag.py:4138} INFO - Setting next_dagrun for example_task_group to 2024-09-01 00:00:00+00:00, run_after=2024-09-02 00:00:00+00:00
[2024-09-02T01:42:26.440+0000] {processor.py:208} INFO - Processing /home/airflow/.local/lib/python3.12/site-packages/airflow/example_dags/example_task_group.py took 0.081 seconds
[2024-09-02T01:42:57.327+0000] {processor.py:186} INFO - Started process (PID=2311) to work on /home/airflow/.local/lib/python3.12/site-packages/airflow/example_dags/example_task_group.py
[2024-09-02T01:42:57.329+0000] {processor.py:914} INFO - Processing file /home/airflow/.local/lib/python3.12/site-packages/airflow/example_dags/example_task_group.py for tasks to queue
[2024-09-02T01:42:57.331+0000] {logging_mixin.py:190} INFO - [2024-09-02T01:42:57.331+0000] {dagbag.py:587} INFO - Filling up the DagBag from /home/airflow/.local/lib/python3.12/site-packages/airflow/example_dags/example_task_group.py
[2024-09-02T01:42:57.337+0000] {processor.py:925} INFO - DAG(s) 'example_task_group' retrieved from /home/airflow/.local/lib/python3.12/site-packages/airflow/example_dags/example_task_group.py
[2024-09-02T01:42:57.351+0000] {logging_mixin.py:190} INFO - [2024-09-02T01:42:57.351+0000] {dag.py:3211} INFO - Sync 1 DAGs
[2024-09-02T01:42:57.365+0000] {logging_mixin.py:190} INFO - [2024-09-02T01:42:57.365+0000] {dag.py:4138} INFO - Setting next_dagrun for example_task_group to 2024-09-01 00:00:00+00:00, run_after=2024-09-02 00:00:00+00:00
[2024-09-02T01:42:57.379+0000] {processor.py:208} INFO - Processing /home/airflow/.local/lib/python3.12/site-packages/airflow/example_dags/example_task_group.py took 0.056 seconds
[2024-09-02T01:43:28.204+0000] {processor.py:186} INFO - Started process (PID=2597) to work on /home/airflow/.local/lib/python3.12/site-packages/airflow/example_dags/example_task_group.py
[2024-09-02T01:43:28.206+0000] {processor.py:914} INFO - Processing file /home/airflow/.local/lib/python3.12/site-packages/airflow/example_dags/example_task_group.py for tasks to queue
[2024-09-02T01:43:28.209+0000] {logging_mixin.py:190} INFO - [2024-09-02T01:43:28.209+0000] {dagbag.py:587} INFO - Filling up the DagBag from /home/airflow/.local/lib/python3.12/site-packages/airflow/example_dags/example_task_group.py
[2024-09-02T01:43:28.227+0000] {processor.py:925} INFO - DAG(s) 'example_task_group' retrieved from /home/airflow/.local/lib/python3.12/site-packages/airflow/example_dags/example_task_group.py
[2024-09-02T01:43:28.255+0000] {logging_mixin.py:190} INFO - [2024-09-02T01:43:28.254+0000] {dag.py:3211} INFO - Sync 1 DAGs
[2024-09-02T01:43:28.276+0000] {logging_mixin.py:190} INFO - [2024-09-02T01:43:28.276+0000] {dag.py:4138} INFO - Setting next_dagrun for example_task_group to 2024-09-01 00:00:00+00:00, run_after=2024-09-02 00:00:00+00:00
[2024-09-02T01:43:28.353+0000] {processor.py:208} INFO - Processing /home/airflow/.local/lib/python3.12/site-packages/airflow/example_dags/example_task_group.py took 0.155 seconds
[2024-09-02T01:43:59.248+0000] {processor.py:186} INFO - Started process (PID=2884) to work on /home/airflow/.local/lib/python3.12/site-packages/airflow/example_dags/example_task_group.py
[2024-09-02T01:43:59.249+0000] {processor.py:914} INFO - Processing file /home/airflow/.local/lib/python3.12/site-packages/airflow/example_dags/example_task_group.py for tasks to queue
[2024-09-02T01:43:59.252+0000] {logging_mixin.py:190} INFO - [2024-09-02T01:43:59.251+0000] {dagbag.py:587} INFO - Filling up the DagBag from /home/airflow/.local/lib/python3.12/site-packages/airflow/example_dags/example_task_group.py
[2024-09-02T01:43:59.258+0000] {processor.py:925} INFO - DAG(s) 'example_task_group' retrieved from /home/airflow/.local/lib/python3.12/site-packages/airflow/example_dags/example_task_group.py
[2024-09-02T01:43:59.273+0000] {logging_mixin.py:190} INFO - [2024-09-02T01:43:59.272+0000] {dag.py:3211} INFO - Sync 1 DAGs
[2024-09-02T01:43:59.287+0000] {logging_mixin.py:190} INFO - [2024-09-02T01:43:59.287+0000] {dag.py:4138} INFO - Setting next_dagrun for example_task_group to 2024-09-01 00:00:00+00:00, run_after=2024-09-02 00:00:00+00:00
[2024-09-02T01:43:59.299+0000] {processor.py:208} INFO - Processing /home/airflow/.local/lib/python3.12/site-packages/airflow/example_dags/example_task_group.py took 0.055 seconds
[2024-09-02T01:44:29.873+0000] {processor.py:186} INFO - Started process (PID=3170) to work on /home/airflow/.local/lib/python3.12/site-packages/airflow/example_dags/example_task_group.py
[2024-09-02T01:44:29.874+0000] {processor.py:914} INFO - Processing file /home/airflow/.local/lib/python3.12/site-packages/airflow/example_dags/example_task_group.py for tasks to queue
[2024-09-02T01:44:29.877+0000] {logging_mixin.py:190} INFO - [2024-09-02T01:44:29.877+0000] {dagbag.py:587} INFO - Filling up the DagBag from /home/airflow/.local/lib/python3.12/site-packages/airflow/example_dags/example_task_group.py
[2024-09-02T01:44:29.883+0000] {processor.py:925} INFO - DAG(s) 'example_task_group' retrieved from /home/airflow/.local/lib/python3.12/site-packages/airflow/example_dags/example_task_group.py
[2024-09-02T01:44:29.898+0000] {logging_mixin.py:190} INFO - [2024-09-02T01:44:29.898+0000] {dag.py:3211} INFO - Sync 1 DAGs
[2024-09-02T01:44:29.915+0000] {logging_mixin.py:190} INFO - [2024-09-02T01:44:29.914+0000] {dag.py:4138} INFO - Setting next_dagrun for example_task_group to 2024-09-01 00:00:00+00:00, run_after=2024-09-02 00:00:00+00:00
[2024-09-02T01:44:29.926+0000] {processor.py:208} INFO - Processing /home/airflow/.local/lib/python3.12/site-packages/airflow/example_dags/example_task_group.py took 0.058 seconds
[2024-09-02T01:45:00.278+0000] {processor.py:186} INFO - Started process (PID=3456) to work on /home/airflow/.local/lib/python3.12/site-packages/airflow/example_dags/example_task_group.py
[2024-09-02T01:45:00.280+0000] {processor.py:914} INFO - Processing file /home/airflow/.local/lib/python3.12/site-packages/airflow/example_dags/example_task_group.py for tasks to queue
[2024-09-02T01:45:00.282+0000] {logging_mixin.py:190} INFO - [2024-09-02T01:45:00.281+0000] {dagbag.py:587} INFO - Filling up the DagBag from /home/airflow/.local/lib/python3.12/site-packages/airflow/example_dags/example_task_group.py
[2024-09-02T01:45:00.288+0000] {processor.py:925} INFO - DAG(s) 'example_task_group' retrieved from /home/airflow/.local/lib/python3.12/site-packages/airflow/example_dags/example_task_group.py
[2024-09-02T01:45:00.303+0000] {logging_mixin.py:190} INFO - [2024-09-02T01:45:00.302+0000] {dag.py:3211} INFO - Sync 1 DAGs
[2024-09-02T01:45:00.317+0000] {logging_mixin.py:190} INFO - [2024-09-02T01:45:00.317+0000] {dag.py:4138} INFO - Setting next_dagrun for example_task_group to 2024-09-01 00:00:00+00:00, run_after=2024-09-02 00:00:00+00:00
[2024-09-02T01:45:00.328+0000] {processor.py:208} INFO - Processing /home/airflow/.local/lib/python3.12/site-packages/airflow/example_dags/example_task_group.py took 0.053 seconds
[2024-09-02T01:54:37.585+0000] {processor.py:186} INFO - Started process (PID=240) to work on /home/airflow/.local/lib/python3.12/site-packages/airflow/example_dags/example_task_group.py
[2024-09-02T01:54:37.591+0000] {processor.py:914} INFO - Processing file /home/airflow/.local/lib/python3.12/site-packages/airflow/example_dags/example_task_group.py for tasks to queue
[2024-09-02T01:54:37.602+0000] {logging_mixin.py:190} INFO - [2024-09-02T01:54:37.601+0000] {dagbag.py:587} INFO - Filling up the DagBag from /home/airflow/.local/lib/python3.12/site-packages/airflow/example_dags/example_task_group.py
[2024-09-02T01:54:37.654+0000] {processor.py:925} INFO - DAG(s) 'example_task_group' retrieved from /home/airflow/.local/lib/python3.12/site-packages/airflow/example_dags/example_task_group.py
[2024-09-02T01:54:37.722+0000] {logging_mixin.py:190} INFO - [2024-09-02T01:54:37.722+0000] {dag.py:3211} INFO - Sync 1 DAGs
[2024-09-02T01:54:37.749+0000] {logging_mixin.py:190} INFO - [2024-09-02T01:54:37.749+0000] {dag.py:4138} INFO - Setting next_dagrun for example_task_group to 2024-09-01 00:00:00+00:00, run_after=2024-09-02 00:00:00+00:00
[2024-09-02T01:54:37.784+0000] {processor.py:208} INFO - Processing /home/airflow/.local/lib/python3.12/site-packages/airflow/example_dags/example_task_group.py took 0.226 seconds
[2024-09-02T01:55:08.107+0000] {processor.py:186} INFO - Started process (PID=576) to work on /home/airflow/.local/lib/python3.12/site-packages/airflow/example_dags/example_task_group.py
[2024-09-02T01:55:08.109+0000] {processor.py:914} INFO - Processing file /home/airflow/.local/lib/python3.12/site-packages/airflow/example_dags/example_task_group.py for tasks to queue
[2024-09-02T01:55:08.111+0000] {logging_mixin.py:190} INFO - [2024-09-02T01:55:08.111+0000] {dagbag.py:587} INFO - Filling up the DagBag from /home/airflow/.local/lib/python3.12/site-packages/airflow/example_dags/example_task_group.py
[2024-09-02T01:55:08.117+0000] {processor.py:925} INFO - DAG(s) 'example_task_group' retrieved from /home/airflow/.local/lib/python3.12/site-packages/airflow/example_dags/example_task_group.py
[2024-09-02T01:55:08.130+0000] {logging_mixin.py:190} INFO - [2024-09-02T01:55:08.130+0000] {dag.py:3211} INFO - Sync 1 DAGs
[2024-09-02T01:55:08.144+0000] {logging_mixin.py:190} INFO - [2024-09-02T01:55:08.144+0000] {dag.py:4138} INFO - Setting next_dagrun for example_task_group to 2024-09-01 00:00:00+00:00, run_after=2024-09-02 00:00:00+00:00
[2024-09-02T01:55:08.156+0000] {processor.py:208} INFO - Processing /home/airflow/.local/lib/python3.12/site-packages/airflow/example_dags/example_task_group.py took 0.052 seconds
[2024-09-02T01:55:38.978+0000] {processor.py:186} INFO - Started process (PID=862) to work on /home/airflow/.local/lib/python3.12/site-packages/airflow/example_dags/example_task_group.py
[2024-09-02T01:55:38.979+0000] {processor.py:914} INFO - Processing file /home/airflow/.local/lib/python3.12/site-packages/airflow/example_dags/example_task_group.py for tasks to queue
[2024-09-02T01:55:38.982+0000] {logging_mixin.py:190} INFO - [2024-09-02T01:55:38.981+0000] {dagbag.py:587} INFO - Filling up the DagBag from /home/airflow/.local/lib/python3.12/site-packages/airflow/example_dags/example_task_group.py
[2024-09-02T01:55:38.988+0000] {processor.py:925} INFO - DAG(s) 'example_task_group' retrieved from /home/airflow/.local/lib/python3.12/site-packages/airflow/example_dags/example_task_group.py
[2024-09-02T01:55:39.006+0000] {logging_mixin.py:190} INFO - [2024-09-02T01:55:39.006+0000] {dag.py:3211} INFO - Sync 1 DAGs
[2024-09-02T01:55:39.022+0000] {logging_mixin.py:190} INFO - [2024-09-02T01:55:39.022+0000] {dag.py:4138} INFO - Setting next_dagrun for example_task_group to 2024-09-01 00:00:00+00:00, run_after=2024-09-02 00:00:00+00:00
[2024-09-02T01:55:39.037+0000] {processor.py:208} INFO - Processing /home/airflow/.local/lib/python3.12/site-packages/airflow/example_dags/example_task_group.py took 0.063 seconds
[2024-09-02T01:56:09.213+0000] {processor.py:186} INFO - Started process (PID=1148) to work on /home/airflow/.local/lib/python3.12/site-packages/airflow/example_dags/example_task_group.py
[2024-09-02T01:56:09.215+0000] {processor.py:914} INFO - Processing file /home/airflow/.local/lib/python3.12/site-packages/airflow/example_dags/example_task_group.py for tasks to queue
[2024-09-02T01:56:09.217+0000] {logging_mixin.py:190} INFO - [2024-09-02T01:56:09.216+0000] {dagbag.py:587} INFO - Filling up the DagBag from /home/airflow/.local/lib/python3.12/site-packages/airflow/example_dags/example_task_group.py
[2024-09-02T01:56:09.222+0000] {processor.py:925} INFO - DAG(s) 'example_task_group' retrieved from /home/airflow/.local/lib/python3.12/site-packages/airflow/example_dags/example_task_group.py
[2024-09-02T01:56:09.240+0000] {logging_mixin.py:190} INFO - [2024-09-02T01:56:09.240+0000] {dag.py:3211} INFO - Sync 1 DAGs
[2024-09-02T01:56:09.256+0000] {logging_mixin.py:190} INFO - [2024-09-02T01:56:09.256+0000] {dag.py:4138} INFO - Setting next_dagrun for example_task_group to 2024-09-01 00:00:00+00:00, run_after=2024-09-02 00:00:00+00:00
[2024-09-02T01:56:09.268+0000] {processor.py:208} INFO - Processing /home/airflow/.local/lib/python3.12/site-packages/airflow/example_dags/example_task_group.py took 0.059 seconds
[2024-09-02T01:56:39.893+0000] {processor.py:186} INFO - Started process (PID=1438) to work on /home/airflow/.local/lib/python3.12/site-packages/airflow/example_dags/example_task_group.py
[2024-09-02T01:56:39.898+0000] {processor.py:914} INFO - Processing file /home/airflow/.local/lib/python3.12/site-packages/airflow/example_dags/example_task_group.py for tasks to queue
[2024-09-02T01:56:39.903+0000] {logging_mixin.py:190} INFO - [2024-09-02T01:56:39.902+0000] {dagbag.py:587} INFO - Filling up the DagBag from /home/airflow/.local/lib/python3.12/site-packages/airflow/example_dags/example_task_group.py
[2024-09-02T01:56:39.911+0000] {processor.py:925} INFO - DAG(s) 'example_task_group' retrieved from /home/airflow/.local/lib/python3.12/site-packages/airflow/example_dags/example_task_group.py
[2024-09-02T01:56:39.932+0000] {logging_mixin.py:190} INFO - [2024-09-02T01:56:39.932+0000] {dag.py:3211} INFO - Sync 1 DAGs
[2024-09-02T01:56:39.952+0000] {logging_mixin.py:190} INFO - [2024-09-02T01:56:39.951+0000] {dag.py:4138} INFO - Setting next_dagrun for example_task_group to 2024-09-01 00:00:00+00:00, run_after=2024-09-02 00:00:00+00:00
[2024-09-02T01:56:39.965+0000] {processor.py:208} INFO - Processing /home/airflow/.local/lib/python3.12/site-packages/airflow/example_dags/example_task_group.py took 0.081 seconds
[2024-09-02T01:57:10.020+0000] {processor.py:186} INFO - Started process (PID=1724) to work on /home/airflow/.local/lib/python3.12/site-packages/airflow/example_dags/example_task_group.py
[2024-09-02T01:57:10.021+0000] {processor.py:914} INFO - Processing file /home/airflow/.local/lib/python3.12/site-packages/airflow/example_dags/example_task_group.py for tasks to queue
[2024-09-02T01:57:10.023+0000] {logging_mixin.py:190} INFO - [2024-09-02T01:57:10.023+0000] {dagbag.py:587} INFO - Filling up the DagBag from /home/airflow/.local/lib/python3.12/site-packages/airflow/example_dags/example_task_group.py
[2024-09-02T01:57:10.029+0000] {processor.py:925} INFO - DAG(s) 'example_task_group' retrieved from /home/airflow/.local/lib/python3.12/site-packages/airflow/example_dags/example_task_group.py
[2024-09-02T01:57:10.044+0000] {logging_mixin.py:190} INFO - [2024-09-02T01:57:10.044+0000] {dag.py:3211} INFO - Sync 1 DAGs
[2024-09-02T01:57:10.058+0000] {logging_mixin.py:190} INFO - [2024-09-02T01:57:10.058+0000] {dag.py:4138} INFO - Setting next_dagrun for example_task_group to 2024-09-01 00:00:00+00:00, run_after=2024-09-02 00:00:00+00:00
[2024-09-02T01:57:10.070+0000] {processor.py:208} INFO - Processing /home/airflow/.local/lib/python3.12/site-packages/airflow/example_dags/example_task_group.py took 0.054 seconds
[2024-09-02T01:57:40.467+0000] {processor.py:186} INFO - Started process (PID=2009) to work on /home/airflow/.local/lib/python3.12/site-packages/airflow/example_dags/example_task_group.py
[2024-09-02T01:57:40.469+0000] {processor.py:914} INFO - Processing file /home/airflow/.local/lib/python3.12/site-packages/airflow/example_dags/example_task_group.py for tasks to queue
[2024-09-02T01:57:40.471+0000] {logging_mixin.py:190} INFO - [2024-09-02T01:57:40.471+0000] {dagbag.py:587} INFO - Filling up the DagBag from /home/airflow/.local/lib/python3.12/site-packages/airflow/example_dags/example_task_group.py
[2024-09-02T01:57:40.477+0000] {processor.py:925} INFO - DAG(s) 'example_task_group' retrieved from /home/airflow/.local/lib/python3.12/site-packages/airflow/example_dags/example_task_group.py
[2024-09-02T01:57:40.490+0000] {logging_mixin.py:190} INFO - [2024-09-02T01:57:40.490+0000] {dag.py:3211} INFO - Sync 1 DAGs
[2024-09-02T01:57:40.503+0000] {logging_mixin.py:190} INFO - [2024-09-02T01:57:40.502+0000] {dag.py:4138} INFO - Setting next_dagrun for example_task_group to 2024-09-01 00:00:00+00:00, run_after=2024-09-02 00:00:00+00:00
[2024-09-02T01:57:40.515+0000] {processor.py:208} INFO - Processing /home/airflow/.local/lib/python3.12/site-packages/airflow/example_dags/example_task_group.py took 0.051 seconds
[2024-09-02T01:58:11.089+0000] {processor.py:186} INFO - Started process (PID=2297) to work on /home/airflow/.local/lib/python3.12/site-packages/airflow/example_dags/example_task_group.py
[2024-09-02T01:58:11.091+0000] {processor.py:914} INFO - Processing file /home/airflow/.local/lib/python3.12/site-packages/airflow/example_dags/example_task_group.py for tasks to queue
[2024-09-02T01:58:11.093+0000] {logging_mixin.py:190} INFO - [2024-09-02T01:58:11.093+0000] {dagbag.py:587} INFO - Filling up the DagBag from /home/airflow/.local/lib/python3.12/site-packages/airflow/example_dags/example_task_group.py
[2024-09-02T01:58:11.099+0000] {processor.py:925} INFO - DAG(s) 'example_task_group' retrieved from /home/airflow/.local/lib/python3.12/site-packages/airflow/example_dags/example_task_group.py
[2024-09-02T01:58:11.121+0000] {logging_mixin.py:190} INFO - [2024-09-02T01:58:11.121+0000] {dag.py:3211} INFO - Sync 1 DAGs
[2024-09-02T01:58:11.134+0000] {logging_mixin.py:190} INFO - [2024-09-02T01:58:11.134+0000] {dag.py:4138} INFO - Setting next_dagrun for example_task_group to 2024-09-01 00:00:00+00:00, run_after=2024-09-02 00:00:00+00:00
[2024-09-02T01:58:11.144+0000] {processor.py:208} INFO - Processing /home/airflow/.local/lib/python3.12/site-packages/airflow/example_dags/example_task_group.py took 0.060 seconds
