[2024-09-02T01:39:23.955+0000] {processor.py:186} INFO - Started process (PID=323) to work on /home/airflow/.local/lib/python3.12/site-packages/airflow/example_dags/example_xcomargs.py
[2024-09-02T01:39:23.956+0000] {processor.py:914} INFO - Processing file /home/airflow/.local/lib/python3.12/site-packages/airflow/example_dags/example_xcomargs.py for tasks to queue
[2024-09-02T01:39:23.958+0000] {logging_mixin.py:190} INFO - [2024-09-02T01:39:23.958+0000] {dagbag.py:587} INFO - Filling up the DagBag from /home/airflow/.local/lib/python3.12/site-packages/airflow/example_dags/example_xcomargs.py
[2024-09-02T01:39:23.966+0000] {processor.py:925} INFO - DAG(s) 'example_xcom_args', 'example_xcom_args_with_operators' retrieved from /home/airflow/.local/lib/python3.12/site-packages/airflow/example_dags/example_xcomargs.py
[2024-09-02T01:39:24.025+0000] {logging_mixin.py:190} INFO - [2024-09-02T01:39:24.025+0000] {override.py:1858} INFO - Created Permission View: can edit on DAG:example_xcom_args
[2024-09-02T01:39:24.031+0000] {logging_mixin.py:190} INFO - [2024-09-02T01:39:24.031+0000] {override.py:1858} INFO - Created Permission View: can read on DAG:example_xcom_args
[2024-09-02T01:39:24.035+0000] {logging_mixin.py:190} INFO - [2024-09-02T01:39:24.034+0000] {override.py:1858} INFO - Created Permission View: can delete on DAG:example_xcom_args
[2024-09-02T01:39:24.041+0000] {logging_mixin.py:190} INFO - [2024-09-02T01:39:24.041+0000] {override.py:1858} INFO - Created Permission View: can edit on DAG:example_xcom_args_with_operators
[2024-09-02T01:39:24.045+0000] {logging_mixin.py:190} INFO - [2024-09-02T01:39:24.045+0000] {override.py:1858} INFO - Created Permission View: can read on DAG:example_xcom_args_with_operators
[2024-09-02T01:39:24.049+0000] {logging_mixin.py:190} INFO - [2024-09-02T01:39:24.049+0000] {override.py:1858} INFO - Created Permission View: can delete on DAG:example_xcom_args_with_operators
[2024-09-02T01:39:24.050+0000] {logging_mixin.py:190} INFO - [2024-09-02T01:39:24.050+0000] {dag.py:3211} INFO - Sync 2 DAGs
[2024-09-02T01:39:24.058+0000] {logging_mixin.py:190} INFO - [2024-09-02T01:39:24.058+0000] {dag.py:3234} INFO - Creating ORM DAG for example_xcom_args
[2024-09-02T01:39:24.061+0000] {logging_mixin.py:190} INFO - [2024-09-02T01:39:24.061+0000] {dag.py:3234} INFO - Creating ORM DAG for example_xcom_args_with_operators
[2024-09-02T01:39:24.063+0000] {logging_mixin.py:190} INFO - [2024-09-02T01:39:24.063+0000] {dag.py:4138} INFO - Setting next_dagrun for example_xcom_args to None, run_after=None
[2024-09-02T01:39:24.067+0000] {logging_mixin.py:190} INFO - [2024-09-02T01:39:24.066+0000] {dag.py:4138} INFO - Setting next_dagrun for example_xcom_args_with_operators to None, run_after=None
[2024-09-02T01:39:24.083+0000] {processor.py:208} INFO - Processing /home/airflow/.local/lib/python3.12/site-packages/airflow/example_dags/example_xcomargs.py took 0.132 seconds
[2024-09-02T01:39:54.929+0000] {processor.py:186} INFO - Started process (PID=607) to work on /home/airflow/.local/lib/python3.12/site-packages/airflow/example_dags/example_xcomargs.py
[2024-09-02T01:39:54.931+0000] {processor.py:914} INFO - Processing file /home/airflow/.local/lib/python3.12/site-packages/airflow/example_dags/example_xcomargs.py for tasks to queue
[2024-09-02T01:39:54.939+0000] {logging_mixin.py:190} INFO - [2024-09-02T01:39:54.939+0000] {dagbag.py:587} INFO - Filling up the DagBag from /home/airflow/.local/lib/python3.12/site-packages/airflow/example_dags/example_xcomargs.py
[2024-09-02T01:39:54.948+0000] {processor.py:925} INFO - DAG(s) 'example_xcom_args_with_operators', 'example_xcom_args' retrieved from /home/airflow/.local/lib/python3.12/site-packages/airflow/example_dags/example_xcomargs.py
[2024-09-02T01:39:54.966+0000] {logging_mixin.py:190} INFO - [2024-09-02T01:39:54.965+0000] {dag.py:3211} INFO - Sync 2 DAGs
[2024-09-02T01:39:54.975+0000] {logging_mixin.py:190} INFO - [2024-09-02T01:39:54.975+0000] {dag.py:4138} INFO - Setting next_dagrun for example_xcom_args to None, run_after=None
[2024-09-02T01:39:54.979+0000] {logging_mixin.py:190} INFO - [2024-09-02T01:39:54.979+0000] {dag.py:4138} INFO - Setting next_dagrun for example_xcom_args_with_operators to None, run_after=None
[2024-09-02T01:39:54.992+0000] {processor.py:208} INFO - Processing /home/airflow/.local/lib/python3.12/site-packages/airflow/example_dags/example_xcomargs.py took 0.066 seconds
[2024-09-02T01:40:25.919+0000] {processor.py:186} INFO - Started process (PID=895) to work on /home/airflow/.local/lib/python3.12/site-packages/airflow/example_dags/example_xcomargs.py
[2024-09-02T01:40:25.926+0000] {processor.py:914} INFO - Processing file /home/airflow/.local/lib/python3.12/site-packages/airflow/example_dags/example_xcomargs.py for tasks to queue
[2024-09-02T01:40:25.930+0000] {logging_mixin.py:190} INFO - [2024-09-02T01:40:25.929+0000] {dagbag.py:587} INFO - Filling up the DagBag from /home/airflow/.local/lib/python3.12/site-packages/airflow/example_dags/example_xcomargs.py
[2024-09-02T01:40:25.949+0000] {processor.py:925} INFO - DAG(s) 'example_xcom_args_with_operators', 'example_xcom_args' retrieved from /home/airflow/.local/lib/python3.12/site-packages/airflow/example_dags/example_xcomargs.py
[2024-09-02T01:40:26.028+0000] {logging_mixin.py:190} INFO - [2024-09-02T01:40:26.027+0000] {dag.py:3211} INFO - Sync 2 DAGs
[2024-09-02T01:40:26.056+0000] {logging_mixin.py:190} INFO - [2024-09-02T01:40:26.055+0000] {dag.py:4138} INFO - Setting next_dagrun for example_xcom_args to None, run_after=None
[2024-09-02T01:40:26.065+0000] {logging_mixin.py:190} INFO - [2024-09-02T01:40:26.065+0000] {dag.py:4138} INFO - Setting next_dagrun for example_xcom_args_with_operators to None, run_after=None
[2024-09-02T01:40:26.092+0000] {processor.py:208} INFO - Processing /home/airflow/.local/lib/python3.12/site-packages/airflow/example_dags/example_xcomargs.py took 0.180 seconds
[2024-09-02T01:40:56.636+0000] {processor.py:186} INFO - Started process (PID=1181) to work on /home/airflow/.local/lib/python3.12/site-packages/airflow/example_dags/example_xcomargs.py
[2024-09-02T01:40:56.637+0000] {processor.py:914} INFO - Processing file /home/airflow/.local/lib/python3.12/site-packages/airflow/example_dags/example_xcomargs.py for tasks to queue
[2024-09-02T01:40:56.640+0000] {logging_mixin.py:190} INFO - [2024-09-02T01:40:56.639+0000] {dagbag.py:587} INFO - Filling up the DagBag from /home/airflow/.local/lib/python3.12/site-packages/airflow/example_dags/example_xcomargs.py
[2024-09-02T01:40:56.647+0000] {processor.py:925} INFO - DAG(s) 'example_xcom_args', 'example_xcom_args_with_operators' retrieved from /home/airflow/.local/lib/python3.12/site-packages/airflow/example_dags/example_xcomargs.py
[2024-09-02T01:40:56.663+0000] {logging_mixin.py:190} INFO - [2024-09-02T01:40:56.663+0000] {dag.py:3211} INFO - Sync 2 DAGs
[2024-09-02T01:40:56.671+0000] {logging_mixin.py:190} INFO - [2024-09-02T01:40:56.671+0000] {dag.py:4138} INFO - Setting next_dagrun for example_xcom_args to None, run_after=None
[2024-09-02T01:40:56.674+0000] {logging_mixin.py:190} INFO - [2024-09-02T01:40:56.674+0000] {dag.py:4138} INFO - Setting next_dagrun for example_xcom_args_with_operators to None, run_after=None
[2024-09-02T01:40:56.683+0000] {processor.py:208} INFO - Processing /home/airflow/.local/lib/python3.12/site-packages/airflow/example_dags/example_xcomargs.py took 0.051 seconds
[2024-09-02T01:41:27.442+0000] {processor.py:186} INFO - Started process (PID=1496) to work on /home/airflow/.local/lib/python3.12/site-packages/airflow/example_dags/example_xcomargs.py
[2024-09-02T01:41:27.444+0000] {processor.py:914} INFO - Processing file /home/airflow/.local/lib/python3.12/site-packages/airflow/example_dags/example_xcomargs.py for tasks to queue
[2024-09-02T01:41:27.447+0000] {logging_mixin.py:190} INFO - [2024-09-02T01:41:27.446+0000] {dagbag.py:587} INFO - Filling up the DagBag from /home/airflow/.local/lib/python3.12/site-packages/airflow/example_dags/example_xcomargs.py
[2024-09-02T01:41:27.456+0000] {processor.py:925} INFO - DAG(s) 'example_xcom_args', 'example_xcom_args_with_operators' retrieved from /home/airflow/.local/lib/python3.12/site-packages/airflow/example_dags/example_xcomargs.py
[2024-09-02T01:41:27.477+0000] {logging_mixin.py:190} INFO - [2024-09-02T01:41:27.477+0000] {dag.py:3211} INFO - Sync 2 DAGs
[2024-09-02T01:41:27.491+0000] {logging_mixin.py:190} INFO - [2024-09-02T01:41:27.491+0000] {dag.py:4138} INFO - Setting next_dagrun for example_xcom_args to None, run_after=None
[2024-09-02T01:41:27.495+0000] {logging_mixin.py:190} INFO - [2024-09-02T01:41:27.495+0000] {dag.py:4138} INFO - Setting next_dagrun for example_xcom_args_with_operators to None, run_after=None
[2024-09-02T01:41:27.508+0000] {processor.py:208} INFO - Processing /home/airflow/.local/lib/python3.12/site-packages/airflow/example_dags/example_xcomargs.py took 0.070 seconds
[2024-09-02T01:41:58.551+0000] {processor.py:186} INFO - Started process (PID=1827) to work on /home/airflow/.local/lib/python3.12/site-packages/airflow/example_dags/example_xcomargs.py
[2024-09-02T01:41:58.554+0000] {processor.py:914} INFO - Processing file /home/airflow/.local/lib/python3.12/site-packages/airflow/example_dags/example_xcomargs.py for tasks to queue
[2024-09-02T01:41:58.558+0000] {logging_mixin.py:190} INFO - [2024-09-02T01:41:58.558+0000] {dagbag.py:587} INFO - Filling up the DagBag from /home/airflow/.local/lib/python3.12/site-packages/airflow/example_dags/example_xcomargs.py
[2024-09-02T01:41:58.571+0000] {processor.py:925} INFO - DAG(s) 'example_xcom_args_with_operators', 'example_xcom_args' retrieved from /home/airflow/.local/lib/python3.12/site-packages/airflow/example_dags/example_xcomargs.py
[2024-09-02T01:41:58.598+0000] {logging_mixin.py:190} INFO - [2024-09-02T01:41:58.598+0000] {dag.py:3211} INFO - Sync 2 DAGs
[2024-09-02T01:41:58.612+0000] {logging_mixin.py:190} INFO - [2024-09-02T01:41:58.612+0000] {dag.py:4138} INFO - Setting next_dagrun for example_xcom_args to None, run_after=None
[2024-09-02T01:41:58.616+0000] {logging_mixin.py:190} INFO - [2024-09-02T01:41:58.616+0000] {dag.py:4138} INFO - Setting next_dagrun for example_xcom_args_with_operators to None, run_after=None
[2024-09-02T01:41:58.640+0000] {processor.py:208} INFO - Processing /home/airflow/.local/lib/python3.12/site-packages/airflow/example_dags/example_xcomargs.py took 0.097 seconds
[2024-09-02T01:42:29.657+0000] {processor.py:186} INFO - Started process (PID=2112) to work on /home/airflow/.local/lib/python3.12/site-packages/airflow/example_dags/example_xcomargs.py
[2024-09-02T01:42:29.659+0000] {processor.py:914} INFO - Processing file /home/airflow/.local/lib/python3.12/site-packages/airflow/example_dags/example_xcomargs.py for tasks to queue
[2024-09-02T01:42:29.662+0000] {logging_mixin.py:190} INFO - [2024-09-02T01:42:29.662+0000] {dagbag.py:587} INFO - Filling up the DagBag from /home/airflow/.local/lib/python3.12/site-packages/airflow/example_dags/example_xcomargs.py
[2024-09-02T01:42:29.669+0000] {processor.py:925} INFO - DAG(s) 'example_xcom_args_with_operators', 'example_xcom_args' retrieved from /home/airflow/.local/lib/python3.12/site-packages/airflow/example_dags/example_xcomargs.py
[2024-09-02T01:42:29.684+0000] {logging_mixin.py:190} INFO - [2024-09-02T01:42:29.684+0000] {dag.py:3211} INFO - Sync 2 DAGs
[2024-09-02T01:42:29.693+0000] {logging_mixin.py:190} INFO - [2024-09-02T01:42:29.693+0000] {dag.py:4138} INFO - Setting next_dagrun for example_xcom_args to None, run_after=None
[2024-09-02T01:42:29.696+0000] {logging_mixin.py:190} INFO - [2024-09-02T01:42:29.696+0000] {dag.py:4138} INFO - Setting next_dagrun for example_xcom_args_with_operators to None, run_after=None
[2024-09-02T01:42:29.705+0000] {processor.py:208} INFO - Processing /home/airflow/.local/lib/python3.12/site-packages/airflow/example_dags/example_xcomargs.py took 0.052 seconds
[2024-09-02T01:43:00.736+0000] {processor.py:186} INFO - Started process (PID=2396) to work on /home/airflow/.local/lib/python3.12/site-packages/airflow/example_dags/example_xcomargs.py
[2024-09-02T01:43:00.738+0000] {processor.py:914} INFO - Processing file /home/airflow/.local/lib/python3.12/site-packages/airflow/example_dags/example_xcomargs.py for tasks to queue
[2024-09-02T01:43:00.740+0000] {logging_mixin.py:190} INFO - [2024-09-02T01:43:00.740+0000] {dagbag.py:587} INFO - Filling up the DagBag from /home/airflow/.local/lib/python3.12/site-packages/airflow/example_dags/example_xcomargs.py
[2024-09-02T01:43:00.748+0000] {processor.py:925} INFO - DAG(s) 'example_xcom_args', 'example_xcom_args_with_operators' retrieved from /home/airflow/.local/lib/python3.12/site-packages/airflow/example_dags/example_xcomargs.py
[2024-09-02T01:43:00.766+0000] {logging_mixin.py:190} INFO - [2024-09-02T01:43:00.766+0000] {dag.py:3211} INFO - Sync 2 DAGs
[2024-09-02T01:43:00.776+0000] {logging_mixin.py:190} INFO - [2024-09-02T01:43:00.776+0000] {dag.py:4138} INFO - Setting next_dagrun for example_xcom_args to None, run_after=None
[2024-09-02T01:43:00.781+0000] {logging_mixin.py:190} INFO - [2024-09-02T01:43:00.780+0000] {dag.py:4138} INFO - Setting next_dagrun for example_xcom_args_with_operators to None, run_after=None
[2024-09-02T01:43:00.791+0000] {processor.py:208} INFO - Processing /home/airflow/.local/lib/python3.12/site-packages/airflow/example_dags/example_xcomargs.py took 0.059 seconds
[2024-09-02T01:43:31.267+0000] {processor.py:186} INFO - Started process (PID=2682) to work on /home/airflow/.local/lib/python3.12/site-packages/airflow/example_dags/example_xcomargs.py
[2024-09-02T01:43:31.268+0000] {processor.py:914} INFO - Processing file /home/airflow/.local/lib/python3.12/site-packages/airflow/example_dags/example_xcomargs.py for tasks to queue
[2024-09-02T01:43:31.271+0000] {logging_mixin.py:190} INFO - [2024-09-02T01:43:31.271+0000] {dagbag.py:587} INFO - Filling up the DagBag from /home/airflow/.local/lib/python3.12/site-packages/airflow/example_dags/example_xcomargs.py
[2024-09-02T01:43:31.279+0000] {processor.py:925} INFO - DAG(s) 'example_xcom_args_with_operators', 'example_xcom_args' retrieved from /home/airflow/.local/lib/python3.12/site-packages/airflow/example_dags/example_xcomargs.py
[2024-09-02T01:43:31.299+0000] {logging_mixin.py:190} INFO - [2024-09-02T01:43:31.299+0000] {dag.py:3211} INFO - Sync 2 DAGs
[2024-09-02T01:43:31.309+0000] {logging_mixin.py:190} INFO - [2024-09-02T01:43:31.309+0000] {dag.py:4138} INFO - Setting next_dagrun for example_xcom_args to None, run_after=None
[2024-09-02T01:43:31.312+0000] {logging_mixin.py:190} INFO - [2024-09-02T01:43:31.312+0000] {dag.py:4138} INFO - Setting next_dagrun for example_xcom_args_with_operators to None, run_after=None
[2024-09-02T01:43:31.323+0000] {processor.py:208} INFO - Processing /home/airflow/.local/lib/python3.12/site-packages/airflow/example_dags/example_xcomargs.py took 0.060 seconds
[2024-09-02T01:44:02.214+0000] {processor.py:186} INFO - Started process (PID=2969) to work on /home/airflow/.local/lib/python3.12/site-packages/airflow/example_dags/example_xcomargs.py
[2024-09-02T01:44:02.216+0000] {processor.py:914} INFO - Processing file /home/airflow/.local/lib/python3.12/site-packages/airflow/example_dags/example_xcomargs.py for tasks to queue
[2024-09-02T01:44:02.219+0000] {logging_mixin.py:190} INFO - [2024-09-02T01:44:02.219+0000] {dagbag.py:587} INFO - Filling up the DagBag from /home/airflow/.local/lib/python3.12/site-packages/airflow/example_dags/example_xcomargs.py
[2024-09-02T01:44:02.226+0000] {processor.py:925} INFO - DAG(s) 'example_xcom_args_with_operators', 'example_xcom_args' retrieved from /home/airflow/.local/lib/python3.12/site-packages/airflow/example_dags/example_xcomargs.py
[2024-09-02T01:44:02.241+0000] {logging_mixin.py:190} INFO - [2024-09-02T01:44:02.241+0000] {dag.py:3211} INFO - Sync 2 DAGs
[2024-09-02T01:44:02.252+0000] {logging_mixin.py:190} INFO - [2024-09-02T01:44:02.252+0000] {dag.py:4138} INFO - Setting next_dagrun for example_xcom_args to None, run_after=None
[2024-09-02T01:44:02.255+0000] {logging_mixin.py:190} INFO - [2024-09-02T01:44:02.255+0000] {dag.py:4138} INFO - Setting next_dagrun for example_xcom_args_with_operators to None, run_after=None
[2024-09-02T01:44:02.265+0000] {processor.py:208} INFO - Processing /home/airflow/.local/lib/python3.12/site-packages/airflow/example_dags/example_xcomargs.py took 0.056 seconds
[2024-09-02T01:44:32.730+0000] {processor.py:186} INFO - Started process (PID=3255) to work on /home/airflow/.local/lib/python3.12/site-packages/airflow/example_dags/example_xcomargs.py
[2024-09-02T01:44:32.732+0000] {processor.py:914} INFO - Processing file /home/airflow/.local/lib/python3.12/site-packages/airflow/example_dags/example_xcomargs.py for tasks to queue
[2024-09-02T01:44:32.735+0000] {logging_mixin.py:190} INFO - [2024-09-02T01:44:32.734+0000] {dagbag.py:587} INFO - Filling up the DagBag from /home/airflow/.local/lib/python3.12/site-packages/airflow/example_dags/example_xcomargs.py
[2024-09-02T01:44:32.743+0000] {processor.py:925} INFO - DAG(s) 'example_xcom_args_with_operators', 'example_xcom_args' retrieved from /home/airflow/.local/lib/python3.12/site-packages/airflow/example_dags/example_xcomargs.py
[2024-09-02T01:44:32.758+0000] {logging_mixin.py:190} INFO - [2024-09-02T01:44:32.758+0000] {dag.py:3211} INFO - Sync 2 DAGs
[2024-09-02T01:44:32.769+0000] {logging_mixin.py:190} INFO - [2024-09-02T01:44:32.769+0000] {dag.py:4138} INFO - Setting next_dagrun for example_xcom_args to None, run_after=None
[2024-09-02T01:44:32.772+0000] {logging_mixin.py:190} INFO - [2024-09-02T01:44:32.772+0000] {dag.py:4138} INFO - Setting next_dagrun for example_xcom_args_with_operators to None, run_after=None
[2024-09-02T01:44:32.788+0000] {processor.py:208} INFO - Processing /home/airflow/.local/lib/python3.12/site-packages/airflow/example_dags/example_xcomargs.py took 0.062 seconds
[2024-09-02T01:45:03.144+0000] {processor.py:186} INFO - Started process (PID=3543) to work on /home/airflow/.local/lib/python3.12/site-packages/airflow/example_dags/example_xcomargs.py
[2024-09-02T01:45:03.146+0000] {processor.py:914} INFO - Processing file /home/airflow/.local/lib/python3.12/site-packages/airflow/example_dags/example_xcomargs.py for tasks to queue
[2024-09-02T01:45:03.150+0000] {logging_mixin.py:190} INFO - [2024-09-02T01:45:03.150+0000] {dagbag.py:587} INFO - Filling up the DagBag from /home/airflow/.local/lib/python3.12/site-packages/airflow/example_dags/example_xcomargs.py
[2024-09-02T01:45:03.164+0000] {processor.py:925} INFO - DAG(s) 'example_xcom_args_with_operators', 'example_xcom_args' retrieved from /home/airflow/.local/lib/python3.12/site-packages/airflow/example_dags/example_xcomargs.py
[2024-09-02T01:45:03.185+0000] {logging_mixin.py:190} INFO - [2024-09-02T01:45:03.185+0000] {dag.py:3211} INFO - Sync 2 DAGs
[2024-09-02T01:45:03.198+0000] {logging_mixin.py:190} INFO - [2024-09-02T01:45:03.198+0000] {dag.py:4138} INFO - Setting next_dagrun for example_xcom_args to None, run_after=None
[2024-09-02T01:45:03.201+0000] {logging_mixin.py:190} INFO - [2024-09-02T01:45:03.201+0000] {dag.py:4138} INFO - Setting next_dagrun for example_xcom_args_with_operators to None, run_after=None
[2024-09-02T01:45:03.214+0000] {processor.py:208} INFO - Processing /home/airflow/.local/lib/python3.12/site-packages/airflow/example_dags/example_xcomargs.py took 0.073 seconds
[2024-09-02T01:54:40.721+0000] {processor.py:186} INFO - Started process (PID=344) to work on /home/airflow/.local/lib/python3.12/site-packages/airflow/example_dags/example_xcomargs.py
[2024-09-02T01:54:40.723+0000] {processor.py:914} INFO - Processing file /home/airflow/.local/lib/python3.12/site-packages/airflow/example_dags/example_xcomargs.py for tasks to queue
[2024-09-02T01:54:40.725+0000] {logging_mixin.py:190} INFO - [2024-09-02T01:54:40.725+0000] {dagbag.py:587} INFO - Filling up the DagBag from /home/airflow/.local/lib/python3.12/site-packages/airflow/example_dags/example_xcomargs.py
[2024-09-02T01:54:40.759+0000] {processor.py:925} INFO - DAG(s) 'example_xcom_args_with_operators', 'example_xcom_args' retrieved from /home/airflow/.local/lib/python3.12/site-packages/airflow/example_dags/example_xcomargs.py
[2024-09-02T01:54:40.840+0000] {logging_mixin.py:190} INFO - [2024-09-02T01:54:40.836+0000] {dag.py:3211} INFO - Sync 2 DAGs
[2024-09-02T01:54:40.870+0000] {logging_mixin.py:190} INFO - [2024-09-02T01:54:40.869+0000] {dag.py:4138} INFO - Setting next_dagrun for example_xcom_args to None, run_after=None
[2024-09-02T01:54:40.885+0000] {logging_mixin.py:190} INFO - [2024-09-02T01:54:40.884+0000] {dag.py:4138} INFO - Setting next_dagrun for example_xcom_args_with_operators to None, run_after=None
[2024-09-02T01:54:40.907+0000] {processor.py:208} INFO - Processing /home/airflow/.local/lib/python3.12/site-packages/airflow/example_dags/example_xcomargs.py took 0.192 seconds
[2024-09-02T01:55:11.247+0000] {processor.py:186} INFO - Started process (PID=663) to work on /home/airflow/.local/lib/python3.12/site-packages/airflow/example_dags/example_xcomargs.py
[2024-09-02T01:55:11.249+0000] {processor.py:914} INFO - Processing file /home/airflow/.local/lib/python3.12/site-packages/airflow/example_dags/example_xcomargs.py for tasks to queue
[2024-09-02T01:55:11.251+0000] {logging_mixin.py:190} INFO - [2024-09-02T01:55:11.251+0000] {dagbag.py:587} INFO - Filling up the DagBag from /home/airflow/.local/lib/python3.12/site-packages/airflow/example_dags/example_xcomargs.py
[2024-09-02T01:55:11.261+0000] {processor.py:925} INFO - DAG(s) 'example_xcom_args_with_operators', 'example_xcom_args' retrieved from /home/airflow/.local/lib/python3.12/site-packages/airflow/example_dags/example_xcomargs.py
[2024-09-02T01:55:11.277+0000] {logging_mixin.py:190} INFO - [2024-09-02T01:55:11.277+0000] {dag.py:3211} INFO - Sync 2 DAGs
[2024-09-02T01:55:11.288+0000] {logging_mixin.py:190} INFO - [2024-09-02T01:55:11.286+0000] {dag.py:4138} INFO - Setting next_dagrun for example_xcom_args to None, run_after=None
[2024-09-02T01:55:11.294+0000] {logging_mixin.py:190} INFO - [2024-09-02T01:55:11.294+0000] {dag.py:4138} INFO - Setting next_dagrun for example_xcom_args_with_operators to None, run_after=None
[2024-09-02T01:55:11.306+0000] {processor.py:208} INFO - Processing /home/airflow/.local/lib/python3.12/site-packages/airflow/example_dags/example_xcomargs.py took 0.064 seconds
[2024-09-02T01:55:41.847+0000] {processor.py:186} INFO - Started process (PID=947) to work on /home/airflow/.local/lib/python3.12/site-packages/airflow/example_dags/example_xcomargs.py
[2024-09-02T01:55:41.848+0000] {processor.py:914} INFO - Processing file /home/airflow/.local/lib/python3.12/site-packages/airflow/example_dags/example_xcomargs.py for tasks to queue
[2024-09-02T01:55:41.851+0000] {logging_mixin.py:190} INFO - [2024-09-02T01:55:41.851+0000] {dagbag.py:587} INFO - Filling up the DagBag from /home/airflow/.local/lib/python3.12/site-packages/airflow/example_dags/example_xcomargs.py
[2024-09-02T01:55:41.857+0000] {processor.py:925} INFO - DAG(s) 'example_xcom_args_with_operators', 'example_xcom_args' retrieved from /home/airflow/.local/lib/python3.12/site-packages/airflow/example_dags/example_xcomargs.py
[2024-09-02T01:55:41.874+0000] {logging_mixin.py:190} INFO - [2024-09-02T01:55:41.874+0000] {dag.py:3211} INFO - Sync 2 DAGs
[2024-09-02T01:55:41.883+0000] {logging_mixin.py:190} INFO - [2024-09-02T01:55:41.882+0000] {dag.py:4138} INFO - Setting next_dagrun for example_xcom_args to None, run_after=None
[2024-09-02T01:55:41.886+0000] {logging_mixin.py:190} INFO - [2024-09-02T01:55:41.886+0000] {dag.py:4138} INFO - Setting next_dagrun for example_xcom_args_with_operators to None, run_after=None
[2024-09-02T01:55:41.897+0000] {processor.py:208} INFO - Processing /home/airflow/.local/lib/python3.12/site-packages/airflow/example_dags/example_xcomargs.py took 0.055 seconds
[2024-09-02T01:56:12.150+0000] {processor.py:186} INFO - Started process (PID=1235) to work on /home/airflow/.local/lib/python3.12/site-packages/airflow/example_dags/example_xcomargs.py
[2024-09-02T01:56:12.152+0000] {processor.py:914} INFO - Processing file /home/airflow/.local/lib/python3.12/site-packages/airflow/example_dags/example_xcomargs.py for tasks to queue
[2024-09-02T01:56:12.154+0000] {logging_mixin.py:190} INFO - [2024-09-02T01:56:12.154+0000] {dagbag.py:587} INFO - Filling up the DagBag from /home/airflow/.local/lib/python3.12/site-packages/airflow/example_dags/example_xcomargs.py
[2024-09-02T01:56:12.161+0000] {processor.py:925} INFO - DAG(s) 'example_xcom_args_with_operators', 'example_xcom_args' retrieved from /home/airflow/.local/lib/python3.12/site-packages/airflow/example_dags/example_xcomargs.py
[2024-09-02T01:56:12.175+0000] {logging_mixin.py:190} INFO - [2024-09-02T01:56:12.175+0000] {dag.py:3211} INFO - Sync 2 DAGs
[2024-09-02T01:56:12.184+0000] {logging_mixin.py:190} INFO - [2024-09-02T01:56:12.184+0000] {dag.py:4138} INFO - Setting next_dagrun for example_xcom_args to None, run_after=None
[2024-09-02T01:56:12.187+0000] {logging_mixin.py:190} INFO - [2024-09-02T01:56:12.187+0000] {dag.py:4138} INFO - Setting next_dagrun for example_xcom_args_with_operators to None, run_after=None
[2024-09-02T01:56:12.195+0000] {processor.py:208} INFO - Processing /home/airflow/.local/lib/python3.12/site-packages/airflow/example_dags/example_xcomargs.py took 0.047 seconds
[2024-09-02T01:56:43.269+0000] {processor.py:186} INFO - Started process (PID=1523) to work on /home/airflow/.local/lib/python3.12/site-packages/airflow/example_dags/example_xcomargs.py
[2024-09-02T01:56:43.271+0000] {processor.py:914} INFO - Processing file /home/airflow/.local/lib/python3.12/site-packages/airflow/example_dags/example_xcomargs.py for tasks to queue
[2024-09-02T01:56:43.273+0000] {logging_mixin.py:190} INFO - [2024-09-02T01:56:43.272+0000] {dagbag.py:587} INFO - Filling up the DagBag from /home/airflow/.local/lib/python3.12/site-packages/airflow/example_dags/example_xcomargs.py
[2024-09-02T01:56:43.279+0000] {processor.py:925} INFO - DAG(s) 'example_xcom_args', 'example_xcom_args_with_operators' retrieved from /home/airflow/.local/lib/python3.12/site-packages/airflow/example_dags/example_xcomargs.py
[2024-09-02T01:56:43.295+0000] {logging_mixin.py:190} INFO - [2024-09-02T01:56:43.295+0000] {dag.py:3211} INFO - Sync 2 DAGs
[2024-09-02T01:56:43.304+0000] {logging_mixin.py:190} INFO - [2024-09-02T01:56:43.304+0000] {dag.py:4138} INFO - Setting next_dagrun for example_xcom_args to None, run_after=None
[2024-09-02T01:56:43.307+0000] {logging_mixin.py:190} INFO - [2024-09-02T01:56:43.307+0000] {dag.py:4138} INFO - Setting next_dagrun for example_xcom_args_with_operators to None, run_after=None
[2024-09-02T01:56:43.315+0000] {processor.py:208} INFO - Processing /home/airflow/.local/lib/python3.12/site-packages/airflow/example_dags/example_xcomargs.py took 0.049 seconds
[2024-09-02T01:57:13.927+0000] {processor.py:186} INFO - Started process (PID=1807) to work on /home/airflow/.local/lib/python3.12/site-packages/airflow/example_dags/example_xcomargs.py
[2024-09-02T01:57:13.929+0000] {processor.py:914} INFO - Processing file /home/airflow/.local/lib/python3.12/site-packages/airflow/example_dags/example_xcomargs.py for tasks to queue
[2024-09-02T01:57:13.932+0000] {logging_mixin.py:190} INFO - [2024-09-02T01:57:13.932+0000] {dagbag.py:587} INFO - Filling up the DagBag from /home/airflow/.local/lib/python3.12/site-packages/airflow/example_dags/example_xcomargs.py
[2024-09-02T01:57:13.939+0000] {processor.py:925} INFO - DAG(s) 'example_xcom_args_with_operators', 'example_xcom_args' retrieved from /home/airflow/.local/lib/python3.12/site-packages/airflow/example_dags/example_xcomargs.py
[2024-09-02T01:57:13.962+0000] {logging_mixin.py:190} INFO - [2024-09-02T01:57:13.962+0000] {dag.py:3211} INFO - Sync 2 DAGs
[2024-09-02T01:57:13.972+0000] {logging_mixin.py:190} INFO - [2024-09-02T01:57:13.971+0000] {dag.py:4138} INFO - Setting next_dagrun for example_xcom_args to None, run_after=None
[2024-09-02T01:57:13.975+0000] {logging_mixin.py:190} INFO - [2024-09-02T01:57:13.975+0000] {dag.py:4138} INFO - Setting next_dagrun for example_xcom_args_with_operators to None, run_after=None
[2024-09-02T01:57:13.987+0000] {processor.py:208} INFO - Processing /home/airflow/.local/lib/python3.12/site-packages/airflow/example_dags/example_xcomargs.py took 0.064 seconds
[2024-09-02T01:57:44.268+0000] {processor.py:186} INFO - Started process (PID=2094) to work on /home/airflow/.local/lib/python3.12/site-packages/airflow/example_dags/example_xcomargs.py
[2024-09-02T01:57:44.270+0000] {processor.py:914} INFO - Processing file /home/airflow/.local/lib/python3.12/site-packages/airflow/example_dags/example_xcomargs.py for tasks to queue
[2024-09-02T01:57:44.273+0000] {logging_mixin.py:190} INFO - [2024-09-02T01:57:44.272+0000] {dagbag.py:587} INFO - Filling up the DagBag from /home/airflow/.local/lib/python3.12/site-packages/airflow/example_dags/example_xcomargs.py
[2024-09-02T01:57:44.280+0000] {processor.py:925} INFO - DAG(s) 'example_xcom_args_with_operators', 'example_xcom_args' retrieved from /home/airflow/.local/lib/python3.12/site-packages/airflow/example_dags/example_xcomargs.py
[2024-09-02T01:57:44.296+0000] {logging_mixin.py:190} INFO - [2024-09-02T01:57:44.296+0000] {dag.py:3211} INFO - Sync 2 DAGs
[2024-09-02T01:57:44.305+0000] {logging_mixin.py:190} INFO - [2024-09-02T01:57:44.305+0000] {dag.py:4138} INFO - Setting next_dagrun for example_xcom_args to None, run_after=None
[2024-09-02T01:57:44.308+0000] {logging_mixin.py:190} INFO - [2024-09-02T01:57:44.308+0000] {dag.py:4138} INFO - Setting next_dagrun for example_xcom_args_with_operators to None, run_after=None
[2024-09-02T01:57:44.322+0000] {processor.py:208} INFO - Processing /home/airflow/.local/lib/python3.12/site-packages/airflow/example_dags/example_xcomargs.py took 0.058 seconds
[2024-09-02T01:58:15.102+0000] {processor.py:186} INFO - Started process (PID=2380) to work on /home/airflow/.local/lib/python3.12/site-packages/airflow/example_dags/example_xcomargs.py
[2024-09-02T01:58:15.104+0000] {processor.py:914} INFO - Processing file /home/airflow/.local/lib/python3.12/site-packages/airflow/example_dags/example_xcomargs.py for tasks to queue
[2024-09-02T01:58:15.106+0000] {logging_mixin.py:190} INFO - [2024-09-02T01:58:15.106+0000] {dagbag.py:587} INFO - Filling up the DagBag from /home/airflow/.local/lib/python3.12/site-packages/airflow/example_dags/example_xcomargs.py
[2024-09-02T01:58:15.113+0000] {processor.py:925} INFO - DAG(s) 'example_xcom_args_with_operators', 'example_xcom_args' retrieved from /home/airflow/.local/lib/python3.12/site-packages/airflow/example_dags/example_xcomargs.py
[2024-09-02T01:58:15.138+0000] {logging_mixin.py:190} INFO - [2024-09-02T01:58:15.137+0000] {dag.py:3211} INFO - Sync 2 DAGs
[2024-09-02T01:58:15.148+0000] {logging_mixin.py:190} INFO - [2024-09-02T01:58:15.148+0000] {dag.py:4138} INFO - Setting next_dagrun for example_xcom_args to None, run_after=None
[2024-09-02T01:58:15.154+0000] {logging_mixin.py:190} INFO - [2024-09-02T01:58:15.154+0000] {dag.py:4138} INFO - Setting next_dagrun for example_xcom_args_with_operators to None, run_after=None
[2024-09-02T01:58:15.173+0000] {processor.py:208} INFO - Processing /home/airflow/.local/lib/python3.12/site-packages/airflow/example_dags/example_xcomargs.py took 0.074 seconds
