[2024-09-02T01:39:24.299+0000] {processor.py:186} INFO - Started process (PID=336) to work on /home/airflow/.local/lib/python3.12/site-packages/airflow/example_dags/example_branch_labels.py
[2024-09-02T01:39:24.302+0000] {processor.py:914} INFO - Processing file /home/airflow/.local/lib/python3.12/site-packages/airflow/example_dags/example_branch_labels.py for tasks to queue
[2024-09-02T01:39:24.304+0000] {logging_mixin.py:190} INFO - [2024-09-02T01:39:24.304+0000] {dagbag.py:587} INFO - Filling up the DagBag from /home/airflow/.local/lib/python3.12/site-packages/airflow/example_dags/example_branch_labels.py
[2024-09-02T01:39:24.313+0000] {processor.py:925} INFO - DAG(s) 'example_branch_labels' retrieved from /home/airflow/.local/lib/python3.12/site-packages/airflow/example_dags/example_branch_labels.py
[2024-09-02T01:39:24.372+0000] {logging_mixin.py:190} INFO - [2024-09-02T01:39:24.372+0000] {override.py:1858} INFO - Created Permission View: can edit on DAG:example_branch_labels
[2024-09-02T01:39:24.379+0000] {logging_mixin.py:190} INFO - [2024-09-02T01:39:24.379+0000] {override.py:1858} INFO - Created Permission View: can read on DAG:example_branch_labels
[2024-09-02T01:39:24.384+0000] {logging_mixin.py:190} INFO - [2024-09-02T01:39:24.384+0000] {override.py:1858} INFO - Created Permission View: can delete on DAG:example_branch_labels
[2024-09-02T01:39:24.385+0000] {logging_mixin.py:190} INFO - [2024-09-02T01:39:24.385+0000] {dag.py:3211} INFO - Sync 1 DAGs
[2024-09-02T01:39:24.393+0000] {logging_mixin.py:190} INFO - [2024-09-02T01:39:24.393+0000] {dag.py:3234} INFO - Creating ORM DAG for example_branch_labels
[2024-09-02T01:39:24.401+0000] {logging_mixin.py:190} INFO - [2024-09-02T01:39:24.401+0000] {dag.py:4138} INFO - Setting next_dagrun for example_branch_labels to 2024-09-01 00:00:00+00:00, run_after=2024-09-02 00:00:00+00:00
[2024-09-02T01:39:24.414+0000] {processor.py:208} INFO - Processing /home/airflow/.local/lib/python3.12/site-packages/airflow/example_dags/example_branch_labels.py took 0.118 seconds
[2024-09-02T01:39:55.108+0000] {processor.py:186} INFO - Started process (PID=624) to work on /home/airflow/.local/lib/python3.12/site-packages/airflow/example_dags/example_branch_labels.py
[2024-09-02T01:39:55.110+0000] {processor.py:914} INFO - Processing file /home/airflow/.local/lib/python3.12/site-packages/airflow/example_dags/example_branch_labels.py for tasks to queue
[2024-09-02T01:39:55.113+0000] {logging_mixin.py:190} INFO - [2024-09-02T01:39:55.113+0000] {dagbag.py:587} INFO - Filling up the DagBag from /home/airflow/.local/lib/python3.12/site-packages/airflow/example_dags/example_branch_labels.py
[2024-09-02T01:39:55.123+0000] {processor.py:925} INFO - DAG(s) 'example_branch_labels' retrieved from /home/airflow/.local/lib/python3.12/site-packages/airflow/example_dags/example_branch_labels.py
[2024-09-02T01:39:55.148+0000] {logging_mixin.py:190} INFO - [2024-09-02T01:39:55.148+0000] {dag.py:3211} INFO - Sync 1 DAGs
[2024-09-02T01:39:55.172+0000] {logging_mixin.py:190} INFO - [2024-09-02T01:39:55.171+0000] {dag.py:4138} INFO - Setting next_dagrun for example_branch_labels to 2024-09-01 00:00:00+00:00, run_after=2024-09-02 00:00:00+00:00
[2024-09-02T01:39:55.186+0000] {processor.py:208} INFO - Processing /home/airflow/.local/lib/python3.12/site-packages/airflow/example_dags/example_branch_labels.py took 0.082 seconds
[2024-09-02T01:40:26.260+0000] {processor.py:186} INFO - Started process (PID=910) to work on /home/airflow/.local/lib/python3.12/site-packages/airflow/example_dags/example_branch_labels.py
[2024-09-02T01:40:26.262+0000] {processor.py:914} INFO - Processing file /home/airflow/.local/lib/python3.12/site-packages/airflow/example_dags/example_branch_labels.py for tasks to queue
[2024-09-02T01:40:26.264+0000] {logging_mixin.py:190} INFO - [2024-09-02T01:40:26.264+0000] {dagbag.py:587} INFO - Filling up the DagBag from /home/airflow/.local/lib/python3.12/site-packages/airflow/example_dags/example_branch_labels.py
[2024-09-02T01:40:26.272+0000] {processor.py:925} INFO - DAG(s) 'example_branch_labels' retrieved from /home/airflow/.local/lib/python3.12/site-packages/airflow/example_dags/example_branch_labels.py
[2024-09-02T01:40:26.287+0000] {logging_mixin.py:190} INFO - [2024-09-02T01:40:26.287+0000] {dag.py:3211} INFO - Sync 1 DAGs
[2024-09-02T01:40:26.302+0000] {logging_mixin.py:190} INFO - [2024-09-02T01:40:26.301+0000] {dag.py:4138} INFO - Setting next_dagrun for example_branch_labels to 2024-09-01 00:00:00+00:00, run_after=2024-09-02 00:00:00+00:00
[2024-09-02T01:40:26.312+0000] {processor.py:208} INFO - Processing /home/airflow/.local/lib/python3.12/site-packages/airflow/example_dags/example_branch_labels.py took 0.056 seconds
[2024-09-02T01:40:56.809+0000] {processor.py:186} INFO - Started process (PID=1196) to work on /home/airflow/.local/lib/python3.12/site-packages/airflow/example_dags/example_branch_labels.py
[2024-09-02T01:40:56.810+0000] {processor.py:914} INFO - Processing file /home/airflow/.local/lib/python3.12/site-packages/airflow/example_dags/example_branch_labels.py for tasks to queue
[2024-09-02T01:40:56.812+0000] {logging_mixin.py:190} INFO - [2024-09-02T01:40:56.812+0000] {dagbag.py:587} INFO - Filling up the DagBag from /home/airflow/.local/lib/python3.12/site-packages/airflow/example_dags/example_branch_labels.py
[2024-09-02T01:40:56.819+0000] {processor.py:925} INFO - DAG(s) 'example_branch_labels' retrieved from /home/airflow/.local/lib/python3.12/site-packages/airflow/example_dags/example_branch_labels.py
[2024-09-02T01:40:56.832+0000] {logging_mixin.py:190} INFO - [2024-09-02T01:40:56.832+0000] {dag.py:3211} INFO - Sync 1 DAGs
[2024-09-02T01:40:56.847+0000] {logging_mixin.py:190} INFO - [2024-09-02T01:40:56.846+0000] {dag.py:4138} INFO - Setting next_dagrun for example_branch_labels to 2024-09-01 00:00:00+00:00, run_after=2024-09-02 00:00:00+00:00
[2024-09-02T01:40:56.857+0000] {processor.py:208} INFO - Processing /home/airflow/.local/lib/python3.12/site-packages/airflow/example_dags/example_branch_labels.py took 0.051 seconds
[2024-09-02T01:41:27.653+0000] {processor.py:186} INFO - Started process (PID=1511) to work on /home/airflow/.local/lib/python3.12/site-packages/airflow/example_dags/example_branch_labels.py
[2024-09-02T01:41:27.657+0000] {processor.py:914} INFO - Processing file /home/airflow/.local/lib/python3.12/site-packages/airflow/example_dags/example_branch_labels.py for tasks to queue
[2024-09-02T01:41:27.661+0000] {logging_mixin.py:190} INFO - [2024-09-02T01:41:27.660+0000] {dagbag.py:587} INFO - Filling up the DagBag from /home/airflow/.local/lib/python3.12/site-packages/airflow/example_dags/example_branch_labels.py
[2024-09-02T01:41:27.671+0000] {processor.py:925} INFO - DAG(s) 'example_branch_labels' retrieved from /home/airflow/.local/lib/python3.12/site-packages/airflow/example_dags/example_branch_labels.py
[2024-09-02T01:41:27.690+0000] {logging_mixin.py:190} INFO - [2024-09-02T01:41:27.689+0000] {dag.py:3211} INFO - Sync 1 DAGs
[2024-09-02T01:41:27.709+0000] {logging_mixin.py:190} INFO - [2024-09-02T01:41:27.708+0000] {dag.py:4138} INFO - Setting next_dagrun for example_branch_labels to 2024-09-01 00:00:00+00:00, run_after=2024-09-02 00:00:00+00:00
[2024-09-02T01:41:27.721+0000] {processor.py:208} INFO - Processing /home/airflow/.local/lib/python3.12/site-packages/airflow/example_dags/example_branch_labels.py took 0.075 seconds
[2024-09-02T01:41:58.760+0000] {processor.py:186} INFO - Started process (PID=1842) to work on /home/airflow/.local/lib/python3.12/site-packages/airflow/example_dags/example_branch_labels.py
[2024-09-02T01:41:58.762+0000] {processor.py:914} INFO - Processing file /home/airflow/.local/lib/python3.12/site-packages/airflow/example_dags/example_branch_labels.py for tasks to queue
[2024-09-02T01:41:58.765+0000] {logging_mixin.py:190} INFO - [2024-09-02T01:41:58.765+0000] {dagbag.py:587} INFO - Filling up the DagBag from /home/airflow/.local/lib/python3.12/site-packages/airflow/example_dags/example_branch_labels.py
[2024-09-02T01:41:58.773+0000] {processor.py:925} INFO - DAG(s) 'example_branch_labels' retrieved from /home/airflow/.local/lib/python3.12/site-packages/airflow/example_dags/example_branch_labels.py
[2024-09-02T01:41:58.790+0000] {logging_mixin.py:190} INFO - [2024-09-02T01:41:58.790+0000] {dag.py:3211} INFO - Sync 1 DAGs
[2024-09-02T01:41:58.806+0000] {logging_mixin.py:190} INFO - [2024-09-02T01:41:58.806+0000] {dag.py:4138} INFO - Setting next_dagrun for example_branch_labels to 2024-09-01 00:00:00+00:00, run_after=2024-09-02 00:00:00+00:00
[2024-09-02T01:41:58.817+0000] {processor.py:208} INFO - Processing /home/airflow/.local/lib/python3.12/site-packages/airflow/example_dags/example_branch_labels.py took 0.062 seconds
[2024-09-02T01:42:29.843+0000] {processor.py:186} INFO - Started process (PID=2127) to work on /home/airflow/.local/lib/python3.12/site-packages/airflow/example_dags/example_branch_labels.py
[2024-09-02T01:42:29.845+0000] {processor.py:914} INFO - Processing file /home/airflow/.local/lib/python3.12/site-packages/airflow/example_dags/example_branch_labels.py for tasks to queue
[2024-09-02T01:42:29.847+0000] {logging_mixin.py:190} INFO - [2024-09-02T01:42:29.847+0000] {dagbag.py:587} INFO - Filling up the DagBag from /home/airflow/.local/lib/python3.12/site-packages/airflow/example_dags/example_branch_labels.py
[2024-09-02T01:42:29.856+0000] {processor.py:925} INFO - DAG(s) 'example_branch_labels' retrieved from /home/airflow/.local/lib/python3.12/site-packages/airflow/example_dags/example_branch_labels.py
[2024-09-02T01:42:29.873+0000] {logging_mixin.py:190} INFO - [2024-09-02T01:42:29.873+0000] {dag.py:3211} INFO - Sync 1 DAGs
[2024-09-02T01:42:29.889+0000] {logging_mixin.py:190} INFO - [2024-09-02T01:42:29.889+0000] {dag.py:4138} INFO - Setting next_dagrun for example_branch_labels to 2024-09-01 00:00:00+00:00, run_after=2024-09-02 00:00:00+00:00
[2024-09-02T01:42:29.900+0000] {processor.py:208} INFO - Processing /home/airflow/.local/lib/python3.12/site-packages/airflow/example_dags/example_branch_labels.py took 0.061 seconds
[2024-09-02T01:43:01.088+0000] {processor.py:186} INFO - Started process (PID=2411) to work on /home/airflow/.local/lib/python3.12/site-packages/airflow/example_dags/example_branch_labels.py
[2024-09-02T01:43:01.092+0000] {processor.py:914} INFO - Processing file /home/airflow/.local/lib/python3.12/site-packages/airflow/example_dags/example_branch_labels.py for tasks to queue
[2024-09-02T01:43:01.104+0000] {logging_mixin.py:190} INFO - [2024-09-02T01:43:01.104+0000] {dagbag.py:587} INFO - Filling up the DagBag from /home/airflow/.local/lib/python3.12/site-packages/airflow/example_dags/example_branch_labels.py
[2024-09-02T01:43:01.119+0000] {processor.py:925} INFO - DAG(s) 'example_branch_labels' retrieved from /home/airflow/.local/lib/python3.12/site-packages/airflow/example_dags/example_branch_labels.py
[2024-09-02T01:43:01.152+0000] {logging_mixin.py:190} INFO - [2024-09-02T01:43:01.151+0000] {dag.py:3211} INFO - Sync 1 DAGs
[2024-09-02T01:43:01.201+0000] {logging_mixin.py:190} INFO - [2024-09-02T01:43:01.201+0000] {dag.py:4138} INFO - Setting next_dagrun for example_branch_labels to 2024-09-01 00:00:00+00:00, run_after=2024-09-02 00:00:00+00:00
[2024-09-02T01:43:01.218+0000] {processor.py:208} INFO - Processing /home/airflow/.local/lib/python3.12/site-packages/airflow/example_dags/example_branch_labels.py took 0.136 seconds
[2024-09-02T01:43:31.446+0000] {processor.py:186} INFO - Started process (PID=2697) to work on /home/airflow/.local/lib/python3.12/site-packages/airflow/example_dags/example_branch_labels.py
[2024-09-02T01:43:31.448+0000] {processor.py:914} INFO - Processing file /home/airflow/.local/lib/python3.12/site-packages/airflow/example_dags/example_branch_labels.py for tasks to queue
[2024-09-02T01:43:31.450+0000] {logging_mixin.py:190} INFO - [2024-09-02T01:43:31.450+0000] {dagbag.py:587} INFO - Filling up the DagBag from /home/airflow/.local/lib/python3.12/site-packages/airflow/example_dags/example_branch_labels.py
[2024-09-02T01:43:31.457+0000] {processor.py:925} INFO - DAG(s) 'example_branch_labels' retrieved from /home/airflow/.local/lib/python3.12/site-packages/airflow/example_dags/example_branch_labels.py
[2024-09-02T01:43:31.471+0000] {logging_mixin.py:190} INFO - [2024-09-02T01:43:31.471+0000] {dag.py:3211} INFO - Sync 1 DAGs
[2024-09-02T01:43:31.485+0000] {logging_mixin.py:190} INFO - [2024-09-02T01:43:31.485+0000] {dag.py:4138} INFO - Setting next_dagrun for example_branch_labels to 2024-09-01 00:00:00+00:00, run_after=2024-09-02 00:00:00+00:00
[2024-09-02T01:43:31.496+0000] {processor.py:208} INFO - Processing /home/airflow/.local/lib/python3.12/site-packages/airflow/example_dags/example_branch_labels.py took 0.055 seconds
[2024-09-02T01:44:02.372+0000] {processor.py:186} INFO - Started process (PID=2984) to work on /home/airflow/.local/lib/python3.12/site-packages/airflow/example_dags/example_branch_labels.py
[2024-09-02T01:44:02.373+0000] {processor.py:914} INFO - Processing file /home/airflow/.local/lib/python3.12/site-packages/airflow/example_dags/example_branch_labels.py for tasks to queue
[2024-09-02T01:44:02.376+0000] {logging_mixin.py:190} INFO - [2024-09-02T01:44:02.375+0000] {dagbag.py:587} INFO - Filling up the DagBag from /home/airflow/.local/lib/python3.12/site-packages/airflow/example_dags/example_branch_labels.py
[2024-09-02T01:44:02.382+0000] {processor.py:925} INFO - DAG(s) 'example_branch_labels' retrieved from /home/airflow/.local/lib/python3.12/site-packages/airflow/example_dags/example_branch_labels.py
[2024-09-02T01:44:02.399+0000] {logging_mixin.py:190} INFO - [2024-09-02T01:44:02.399+0000] {dag.py:3211} INFO - Sync 1 DAGs
[2024-09-02T01:44:02.415+0000] {logging_mixin.py:190} INFO - [2024-09-02T01:44:02.415+0000] {dag.py:4138} INFO - Setting next_dagrun for example_branch_labels to 2024-09-01 00:00:00+00:00, run_after=2024-09-02 00:00:00+00:00
[2024-09-02T01:44:02.426+0000] {processor.py:208} INFO - Processing /home/airflow/.local/lib/python3.12/site-packages/airflow/example_dags/example_branch_labels.py took 0.060 seconds
[2024-09-02T01:44:32.898+0000] {processor.py:186} INFO - Started process (PID=3272) to work on /home/airflow/.local/lib/python3.12/site-packages/airflow/example_dags/example_branch_labels.py
[2024-09-02T01:44:32.900+0000] {processor.py:914} INFO - Processing file /home/airflow/.local/lib/python3.12/site-packages/airflow/example_dags/example_branch_labels.py for tasks to queue
[2024-09-02T01:44:32.903+0000] {logging_mixin.py:190} INFO - [2024-09-02T01:44:32.902+0000] {dagbag.py:587} INFO - Filling up the DagBag from /home/airflow/.local/lib/python3.12/site-packages/airflow/example_dags/example_branch_labels.py
[2024-09-02T01:44:32.910+0000] {processor.py:925} INFO - DAG(s) 'example_branch_labels' retrieved from /home/airflow/.local/lib/python3.12/site-packages/airflow/example_dags/example_branch_labels.py
[2024-09-02T01:44:32.925+0000] {logging_mixin.py:190} INFO - [2024-09-02T01:44:32.925+0000] {dag.py:3211} INFO - Sync 1 DAGs
[2024-09-02T01:44:32.963+0000] {logging_mixin.py:190} INFO - [2024-09-02T01:44:32.963+0000] {dag.py:4138} INFO - Setting next_dagrun for example_branch_labels to 2024-09-01 00:00:00+00:00, run_after=2024-09-02 00:00:00+00:00
[2024-09-02T01:44:32.980+0000] {processor.py:208} INFO - Processing /home/airflow/.local/lib/python3.12/site-packages/airflow/example_dags/example_branch_labels.py took 0.085 seconds
[2024-09-02T01:45:03.271+0000] {processor.py:186} INFO - Started process (PID=3556) to work on /home/airflow/.local/lib/python3.12/site-packages/airflow/example_dags/example_branch_labels.py
[2024-09-02T01:45:03.273+0000] {processor.py:914} INFO - Processing file /home/airflow/.local/lib/python3.12/site-packages/airflow/example_dags/example_branch_labels.py for tasks to queue
[2024-09-02T01:45:03.276+0000] {logging_mixin.py:190} INFO - [2024-09-02T01:45:03.275+0000] {dagbag.py:587} INFO - Filling up the DagBag from /home/airflow/.local/lib/python3.12/site-packages/airflow/example_dags/example_branch_labels.py
[2024-09-02T01:45:03.286+0000] {processor.py:925} INFO - DAG(s) 'example_branch_labels' retrieved from /home/airflow/.local/lib/python3.12/site-packages/airflow/example_dags/example_branch_labels.py
[2024-09-02T01:45:03.302+0000] {logging_mixin.py:190} INFO - [2024-09-02T01:45:03.302+0000] {dag.py:3211} INFO - Sync 1 DAGs
[2024-09-02T01:45:03.320+0000] {logging_mixin.py:190} INFO - [2024-09-02T01:45:03.320+0000] {dag.py:4138} INFO - Setting next_dagrun for example_branch_labels to 2024-09-01 00:00:00+00:00, run_after=2024-09-02 00:00:00+00:00
[2024-09-02T01:45:03.331+0000] {processor.py:208} INFO - Processing /home/airflow/.local/lib/python3.12/site-packages/airflow/example_dags/example_branch_labels.py took 0.064 seconds
[2024-09-02T01:54:41.694+0000] {processor.py:186} INFO - Started process (PID=364) to work on /home/airflow/.local/lib/python3.12/site-packages/airflow/example_dags/example_branch_labels.py
[2024-09-02T01:54:41.698+0000] {processor.py:914} INFO - Processing file /home/airflow/.local/lib/python3.12/site-packages/airflow/example_dags/example_branch_labels.py for tasks to queue
[2024-09-02T01:54:41.710+0000] {logging_mixin.py:190} INFO - [2024-09-02T01:54:41.708+0000] {dagbag.py:587} INFO - Filling up the DagBag from /home/airflow/.local/lib/python3.12/site-packages/airflow/example_dags/example_branch_labels.py
[2024-09-02T01:54:41.731+0000] {processor.py:925} INFO - DAG(s) 'example_branch_labels' retrieved from /home/airflow/.local/lib/python3.12/site-packages/airflow/example_dags/example_branch_labels.py
[2024-09-02T01:54:41.776+0000] {logging_mixin.py:190} INFO - [2024-09-02T01:54:41.775+0000] {dag.py:3211} INFO - Sync 1 DAGs
[2024-09-02T01:54:41.814+0000] {logging_mixin.py:190} INFO - [2024-09-02T01:54:41.814+0000] {dag.py:4138} INFO - Setting next_dagrun for example_branch_labels to 2024-09-01 00:00:00+00:00, run_after=2024-09-02 00:00:00+00:00
[2024-09-02T01:54:41.834+0000] {processor.py:208} INFO - Processing /home/airflow/.local/lib/python3.12/site-packages/airflow/example_dags/example_branch_labels.py took 0.147 seconds
[2024-09-02T01:55:12.399+0000] {processor.py:186} INFO - Started process (PID=678) to work on /home/airflow/.local/lib/python3.12/site-packages/airflow/example_dags/example_branch_labels.py
[2024-09-02T01:55:12.400+0000] {processor.py:914} INFO - Processing file /home/airflow/.local/lib/python3.12/site-packages/airflow/example_dags/example_branch_labels.py for tasks to queue
[2024-09-02T01:55:12.402+0000] {logging_mixin.py:190} INFO - [2024-09-02T01:55:12.402+0000] {dagbag.py:587} INFO - Filling up the DagBag from /home/airflow/.local/lib/python3.12/site-packages/airflow/example_dags/example_branch_labels.py
[2024-09-02T01:55:12.409+0000] {processor.py:925} INFO - DAG(s) 'example_branch_labels' retrieved from /home/airflow/.local/lib/python3.12/site-packages/airflow/example_dags/example_branch_labels.py
[2024-09-02T01:55:12.425+0000] {logging_mixin.py:190} INFO - [2024-09-02T01:55:12.425+0000] {dag.py:3211} INFO - Sync 1 DAGs
[2024-09-02T01:55:12.439+0000] {logging_mixin.py:190} INFO - [2024-09-02T01:55:12.439+0000] {dag.py:4138} INFO - Setting next_dagrun for example_branch_labels to 2024-09-01 00:00:00+00:00, run_after=2024-09-02 00:00:00+00:00
[2024-09-02T01:55:12.450+0000] {processor.py:208} INFO - Processing /home/airflow/.local/lib/python3.12/site-packages/airflow/example_dags/example_branch_labels.py took 0.054 seconds
[2024-09-02T01:55:43.055+0000] {processor.py:186} INFO - Started process (PID=964) to work on /home/airflow/.local/lib/python3.12/site-packages/airflow/example_dags/example_branch_labels.py
[2024-09-02T01:55:43.056+0000] {processor.py:914} INFO - Processing file /home/airflow/.local/lib/python3.12/site-packages/airflow/example_dags/example_branch_labels.py for tasks to queue
[2024-09-02T01:55:43.058+0000] {logging_mixin.py:190} INFO - [2024-09-02T01:55:43.058+0000] {dagbag.py:587} INFO - Filling up the DagBag from /home/airflow/.local/lib/python3.12/site-packages/airflow/example_dags/example_branch_labels.py
[2024-09-02T01:55:43.065+0000] {processor.py:925} INFO - DAG(s) 'example_branch_labels' retrieved from /home/airflow/.local/lib/python3.12/site-packages/airflow/example_dags/example_branch_labels.py
[2024-09-02T01:55:43.081+0000] {logging_mixin.py:190} INFO - [2024-09-02T01:55:43.080+0000] {dag.py:3211} INFO - Sync 1 DAGs
[2024-09-02T01:55:43.096+0000] {logging_mixin.py:190} INFO - [2024-09-02T01:55:43.096+0000] {dag.py:4138} INFO - Setting next_dagrun for example_branch_labels to 2024-09-01 00:00:00+00:00, run_after=2024-09-02 00:00:00+00:00
[2024-09-02T01:55:43.109+0000] {processor.py:208} INFO - Processing /home/airflow/.local/lib/python3.12/site-packages/airflow/example_dags/example_branch_labels.py took 0.058 seconds
[2024-09-02T01:56:13.273+0000] {processor.py:186} INFO - Started process (PID=1250) to work on /home/airflow/.local/lib/python3.12/site-packages/airflow/example_dags/example_branch_labels.py
[2024-09-02T01:56:13.275+0000] {processor.py:914} INFO - Processing file /home/airflow/.local/lib/python3.12/site-packages/airflow/example_dags/example_branch_labels.py for tasks to queue
[2024-09-02T01:56:13.277+0000] {logging_mixin.py:190} INFO - [2024-09-02T01:56:13.277+0000] {dagbag.py:587} INFO - Filling up the DagBag from /home/airflow/.local/lib/python3.12/site-packages/airflow/example_dags/example_branch_labels.py
[2024-09-02T01:56:13.284+0000] {processor.py:925} INFO - DAG(s) 'example_branch_labels' retrieved from /home/airflow/.local/lib/python3.12/site-packages/airflow/example_dags/example_branch_labels.py
[2024-09-02T01:56:13.299+0000] {logging_mixin.py:190} INFO - [2024-09-02T01:56:13.299+0000] {dag.py:3211} INFO - Sync 1 DAGs
[2024-09-02T01:56:13.313+0000] {logging_mixin.py:190} INFO - [2024-09-02T01:56:13.313+0000] {dag.py:4138} INFO - Setting next_dagrun for example_branch_labels to 2024-09-01 00:00:00+00:00, run_after=2024-09-02 00:00:00+00:00
[2024-09-02T01:56:13.328+0000] {processor.py:208} INFO - Processing /home/airflow/.local/lib/python3.12/site-packages/airflow/example_dags/example_branch_labels.py took 0.058 seconds
[2024-09-02T01:56:43.434+0000] {processor.py:186} INFO - Started process (PID=1538) to work on /home/airflow/.local/lib/python3.12/site-packages/airflow/example_dags/example_branch_labels.py
[2024-09-02T01:56:43.435+0000] {processor.py:914} INFO - Processing file /home/airflow/.local/lib/python3.12/site-packages/airflow/example_dags/example_branch_labels.py for tasks to queue
[2024-09-02T01:56:43.437+0000] {logging_mixin.py:190} INFO - [2024-09-02T01:56:43.437+0000] {dagbag.py:587} INFO - Filling up the DagBag from /home/airflow/.local/lib/python3.12/site-packages/airflow/example_dags/example_branch_labels.py
[2024-09-02T01:56:43.443+0000] {processor.py:925} INFO - DAG(s) 'example_branch_labels' retrieved from /home/airflow/.local/lib/python3.12/site-packages/airflow/example_dags/example_branch_labels.py
[2024-09-02T01:56:43.456+0000] {logging_mixin.py:190} INFO - [2024-09-02T01:56:43.455+0000] {dag.py:3211} INFO - Sync 1 DAGs
[2024-09-02T01:56:43.468+0000] {logging_mixin.py:190} INFO - [2024-09-02T01:56:43.468+0000] {dag.py:4138} INFO - Setting next_dagrun for example_branch_labels to 2024-09-01 00:00:00+00:00, run_after=2024-09-02 00:00:00+00:00
[2024-09-02T01:56:43.477+0000] {processor.py:208} INFO - Processing /home/airflow/.local/lib/python3.12/site-packages/airflow/example_dags/example_branch_labels.py took 0.047 seconds
[2024-09-02T01:57:14.092+0000] {processor.py:186} INFO - Started process (PID=1824) to work on /home/airflow/.local/lib/python3.12/site-packages/airflow/example_dags/example_branch_labels.py
[2024-09-02T01:57:14.093+0000] {processor.py:914} INFO - Processing file /home/airflow/.local/lib/python3.12/site-packages/airflow/example_dags/example_branch_labels.py for tasks to queue
[2024-09-02T01:57:14.095+0000] {logging_mixin.py:190} INFO - [2024-09-02T01:57:14.095+0000] {dagbag.py:587} INFO - Filling up the DagBag from /home/airflow/.local/lib/python3.12/site-packages/airflow/example_dags/example_branch_labels.py
[2024-09-02T01:57:14.102+0000] {processor.py:925} INFO - DAG(s) 'example_branch_labels' retrieved from /home/airflow/.local/lib/python3.12/site-packages/airflow/example_dags/example_branch_labels.py
[2024-09-02T01:57:14.119+0000] {logging_mixin.py:190} INFO - [2024-09-02T01:57:14.119+0000] {dag.py:3211} INFO - Sync 1 DAGs
[2024-09-02T01:57:14.134+0000] {logging_mixin.py:190} INFO - [2024-09-02T01:57:14.134+0000] {dag.py:4138} INFO - Setting next_dagrun for example_branch_labels to 2024-09-01 00:00:00+00:00, run_after=2024-09-02 00:00:00+00:00
[2024-09-02T01:57:14.145+0000] {processor.py:208} INFO - Processing /home/airflow/.local/lib/python3.12/site-packages/airflow/example_dags/example_branch_labels.py took 0.056 seconds
[2024-09-02T01:57:44.454+0000] {processor.py:186} INFO - Started process (PID=2111) to work on /home/airflow/.local/lib/python3.12/site-packages/airflow/example_dags/example_branch_labels.py
[2024-09-02T01:57:44.456+0000] {processor.py:914} INFO - Processing file /home/airflow/.local/lib/python3.12/site-packages/airflow/example_dags/example_branch_labels.py for tasks to queue
[2024-09-02T01:57:44.458+0000] {logging_mixin.py:190} INFO - [2024-09-02T01:57:44.458+0000] {dagbag.py:587} INFO - Filling up the DagBag from /home/airflow/.local/lib/python3.12/site-packages/airflow/example_dags/example_branch_labels.py
[2024-09-02T01:57:44.464+0000] {processor.py:925} INFO - DAG(s) 'example_branch_labels' retrieved from /home/airflow/.local/lib/python3.12/site-packages/airflow/example_dags/example_branch_labels.py
[2024-09-02T01:57:44.478+0000] {logging_mixin.py:190} INFO - [2024-09-02T01:57:44.478+0000] {dag.py:3211} INFO - Sync 1 DAGs
[2024-09-02T01:57:44.490+0000] {logging_mixin.py:190} INFO - [2024-09-02T01:57:44.490+0000] {dag.py:4138} INFO - Setting next_dagrun for example_branch_labels to 2024-09-01 00:00:00+00:00, run_after=2024-09-02 00:00:00+00:00
[2024-09-02T01:57:44.500+0000] {processor.py:208} INFO - Processing /home/airflow/.local/lib/python3.12/site-packages/airflow/example_dags/example_branch_labels.py took 0.050 seconds
[2024-09-02T01:58:15.327+0000] {processor.py:186} INFO - Started process (PID=2397) to work on /home/airflow/.local/lib/python3.12/site-packages/airflow/example_dags/example_branch_labels.py
[2024-09-02T01:58:15.329+0000] {processor.py:914} INFO - Processing file /home/airflow/.local/lib/python3.12/site-packages/airflow/example_dags/example_branch_labels.py for tasks to queue
[2024-09-02T01:58:15.331+0000] {logging_mixin.py:190} INFO - [2024-09-02T01:58:15.330+0000] {dagbag.py:587} INFO - Filling up the DagBag from /home/airflow/.local/lib/python3.12/site-packages/airflow/example_dags/example_branch_labels.py
[2024-09-02T01:58:15.336+0000] {processor.py:925} INFO - DAG(s) 'example_branch_labels' retrieved from /home/airflow/.local/lib/python3.12/site-packages/airflow/example_dags/example_branch_labels.py
[2024-09-02T01:58:15.349+0000] {logging_mixin.py:190} INFO - [2024-09-02T01:58:15.349+0000] {dag.py:3211} INFO - Sync 1 DAGs
[2024-09-02T01:58:15.363+0000] {logging_mixin.py:190} INFO - [2024-09-02T01:58:15.363+0000] {dag.py:4138} INFO - Setting next_dagrun for example_branch_labels to 2024-09-01 00:00:00+00:00, run_after=2024-09-02 00:00:00+00:00
[2024-09-02T01:58:15.372+0000] {processor.py:208} INFO - Processing /home/airflow/.local/lib/python3.12/site-packages/airflow/example_dags/example_branch_labels.py took 0.049 seconds
