[2024-09-02T01:39:22.301+0000] {processor.py:186} INFO - Started process (PID=266) to work on /home/airflow/.local/lib/python3.12/site-packages/airflow/example_dags/example_python_decorator.py
[2024-09-02T01:39:22.305+0000] {processor.py:914} INFO - Processing file /home/airflow/.local/lib/python3.12/site-packages/airflow/example_dags/example_python_decorator.py for tasks to queue
[2024-09-02T01:39:22.308+0000] {logging_mixin.py:190} INFO - [2024-09-02T01:39:22.308+0000] {dagbag.py:587} INFO - Filling up the DagBag from /home/airflow/.local/lib/python3.12/site-packages/airflow/example_dags/example_python_decorator.py
[2024-09-02T01:39:22.330+0000] {processor.py:925} INFO - DAG(s) 'example_python_decorator' retrieved from /home/airflow/.local/lib/python3.12/site-packages/airflow/example_dags/example_python_decorator.py
[2024-09-02T01:39:22.555+0000] {logging_mixin.py:190} INFO - [2024-09-02T01:39:22.555+0000] {override.py:1858} INFO - Created Permission View: can edit on DAG:example_python_decorator
[2024-09-02T01:39:22.563+0000] {logging_mixin.py:190} INFO - [2024-09-02T01:39:22.562+0000] {override.py:1858} INFO - Created Permission View: can read on DAG:example_python_decorator
[2024-09-02T01:39:22.581+0000] {logging_mixin.py:190} INFO - [2024-09-02T01:39:22.581+0000] {override.py:1858} INFO - Created Permission View: can delete on DAG:example_python_decorator
[2024-09-02T01:39:22.582+0000] {logging_mixin.py:190} INFO - [2024-09-02T01:39:22.582+0000] {dag.py:3211} INFO - Sync 1 DAGs
[2024-09-02T01:39:22.597+0000] {logging_mixin.py:190} INFO - [2024-09-02T01:39:22.596+0000] {dag.py:3234} INFO - Creating ORM DAG for example_python_decorator
[2024-09-02T01:39:22.599+0000] {logging_mixin.py:190} INFO - [2024-09-02T01:39:22.599+0000] {dag.py:4138} INFO - Setting next_dagrun for example_python_decorator to None, run_after=None
[2024-09-02T01:39:22.615+0000] {processor.py:208} INFO - Processing /home/airflow/.local/lib/python3.12/site-packages/airflow/example_dags/example_python_decorator.py took 0.318 seconds
[2024-09-02T01:39:53.175+0000] {processor.py:186} INFO - Started process (PID=554) to work on /home/airflow/.local/lib/python3.12/site-packages/airflow/example_dags/example_python_decorator.py
[2024-09-02T01:39:53.177+0000] {processor.py:914} INFO - Processing file /home/airflow/.local/lib/python3.12/site-packages/airflow/example_dags/example_python_decorator.py for tasks to queue
[2024-09-02T01:39:53.179+0000] {logging_mixin.py:190} INFO - [2024-09-02T01:39:53.179+0000] {dagbag.py:587} INFO - Filling up the DagBag from /home/airflow/.local/lib/python3.12/site-packages/airflow/example_dags/example_python_decorator.py
[2024-09-02T01:39:53.188+0000] {processor.py:925} INFO - DAG(s) 'example_python_decorator' retrieved from /home/airflow/.local/lib/python3.12/site-packages/airflow/example_dags/example_python_decorator.py
[2024-09-02T01:39:53.209+0000] {logging_mixin.py:190} INFO - [2024-09-02T01:39:53.209+0000] {dag.py:3211} INFO - Sync 1 DAGs
[2024-09-02T01:39:53.220+0000] {logging_mixin.py:190} INFO - [2024-09-02T01:39:53.220+0000] {dag.py:4138} INFO - Setting next_dagrun for example_python_decorator to None, run_after=None
[2024-09-02T01:39:53.234+0000] {processor.py:208} INFO - Processing /home/airflow/.local/lib/python3.12/site-packages/airflow/example_dags/example_python_decorator.py took 0.062 seconds
[2024-09-02T01:40:23.340+0000] {processor.py:186} INFO - Started process (PID=838) to work on /home/airflow/.local/lib/python3.12/site-packages/airflow/example_dags/example_python_decorator.py
[2024-09-02T01:40:23.342+0000] {processor.py:914} INFO - Processing file /home/airflow/.local/lib/python3.12/site-packages/airflow/example_dags/example_python_decorator.py for tasks to queue
[2024-09-02T01:40:23.344+0000] {logging_mixin.py:190} INFO - [2024-09-02T01:40:23.344+0000] {dagbag.py:587} INFO - Filling up the DagBag from /home/airflow/.local/lib/python3.12/site-packages/airflow/example_dags/example_python_decorator.py
[2024-09-02T01:40:23.356+0000] {processor.py:925} INFO - DAG(s) 'example_python_decorator' retrieved from /home/airflow/.local/lib/python3.12/site-packages/airflow/example_dags/example_python_decorator.py
[2024-09-02T01:40:23.372+0000] {logging_mixin.py:190} INFO - [2024-09-02T01:40:23.372+0000] {dag.py:3211} INFO - Sync 1 DAGs
[2024-09-02T01:40:23.381+0000] {logging_mixin.py:190} INFO - [2024-09-02T01:40:23.381+0000] {dag.py:4138} INFO - Setting next_dagrun for example_python_decorator to None, run_after=None
[2024-09-02T01:40:23.394+0000] {processor.py:208} INFO - Processing /home/airflow/.local/lib/python3.12/site-packages/airflow/example_dags/example_python_decorator.py took 0.057 seconds
[2024-09-02T01:40:53.956+0000] {processor.py:186} INFO - Started process (PID=1124) to work on /home/airflow/.local/lib/python3.12/site-packages/airflow/example_dags/example_python_decorator.py
[2024-09-02T01:40:53.958+0000] {processor.py:914} INFO - Processing file /home/airflow/.local/lib/python3.12/site-packages/airflow/example_dags/example_python_decorator.py for tasks to queue
[2024-09-02T01:40:53.961+0000] {logging_mixin.py:190} INFO - [2024-09-02T01:40:53.961+0000] {dagbag.py:587} INFO - Filling up the DagBag from /home/airflow/.local/lib/python3.12/site-packages/airflow/example_dags/example_python_decorator.py
[2024-09-02T01:40:53.971+0000] {processor.py:925} INFO - DAG(s) 'example_python_decorator' retrieved from /home/airflow/.local/lib/python3.12/site-packages/airflow/example_dags/example_python_decorator.py
[2024-09-02T01:40:53.986+0000] {logging_mixin.py:190} INFO - [2024-09-02T01:40:53.986+0000] {dag.py:3211} INFO - Sync 1 DAGs
[2024-09-02T01:40:53.995+0000] {logging_mixin.py:190} INFO - [2024-09-02T01:40:53.995+0000] {dag.py:4138} INFO - Setting next_dagrun for example_python_decorator to None, run_after=None
[2024-09-02T01:40:54.006+0000] {processor.py:208} INFO - Processing /home/airflow/.local/lib/python3.12/site-packages/airflow/example_dags/example_python_decorator.py took 0.053 seconds
[2024-09-02T01:41:25.483+0000] {processor.py:186} INFO - Started process (PID=1443) to work on /home/airflow/.local/lib/python3.12/site-packages/airflow/example_dags/example_python_decorator.py
[2024-09-02T01:41:25.485+0000] {processor.py:914} INFO - Processing file /home/airflow/.local/lib/python3.12/site-packages/airflow/example_dags/example_python_decorator.py for tasks to queue
[2024-09-02T01:41:25.488+0000] {logging_mixin.py:190} INFO - [2024-09-02T01:41:25.487+0000] {dagbag.py:587} INFO - Filling up the DagBag from /home/airflow/.local/lib/python3.12/site-packages/airflow/example_dags/example_python_decorator.py
[2024-09-02T01:41:25.517+0000] {processor.py:925} INFO - DAG(s) 'example_python_decorator' retrieved from /home/airflow/.local/lib/python3.12/site-packages/airflow/example_dags/example_python_decorator.py
[2024-09-02T01:41:25.538+0000] {logging_mixin.py:190} INFO - [2024-09-02T01:41:25.538+0000] {dag.py:3211} INFO - Sync 1 DAGs
[2024-09-02T01:41:25.548+0000] {logging_mixin.py:190} INFO - [2024-09-02T01:41:25.548+0000] {dag.py:4138} INFO - Setting next_dagrun for example_python_decorator to None, run_after=None
[2024-09-02T01:41:25.559+0000] {processor.py:208} INFO - Processing /home/airflow/.local/lib/python3.12/site-packages/airflow/example_dags/example_python_decorator.py took 0.081 seconds
[2024-09-02T01:41:55.630+0000] {processor.py:186} INFO - Started process (PID=1772) to work on /home/airflow/.local/lib/python3.12/site-packages/airflow/example_dags/example_python_decorator.py
[2024-09-02T01:41:55.632+0000] {processor.py:914} INFO - Processing file /home/airflow/.local/lib/python3.12/site-packages/airflow/example_dags/example_python_decorator.py for tasks to queue
[2024-09-02T01:41:55.635+0000] {logging_mixin.py:190} INFO - [2024-09-02T01:41:55.634+0000] {dagbag.py:587} INFO - Filling up the DagBag from /home/airflow/.local/lib/python3.12/site-packages/airflow/example_dags/example_python_decorator.py
[2024-09-02T01:41:55.645+0000] {processor.py:925} INFO - DAG(s) 'example_python_decorator' retrieved from /home/airflow/.local/lib/python3.12/site-packages/airflow/example_dags/example_python_decorator.py
[2024-09-02T01:41:55.663+0000] {logging_mixin.py:190} INFO - [2024-09-02T01:41:55.663+0000] {dag.py:3211} INFO - Sync 1 DAGs
[2024-09-02T01:41:55.672+0000] {logging_mixin.py:190} INFO - [2024-09-02T01:41:55.672+0000] {dag.py:4138} INFO - Setting next_dagrun for example_python_decorator to None, run_after=None
[2024-09-02T01:41:55.683+0000] {processor.py:208} INFO - Processing /home/airflow/.local/lib/python3.12/site-packages/airflow/example_dags/example_python_decorator.py took 0.059 seconds
[2024-09-02T01:42:26.737+0000] {processor.py:186} INFO - Started process (PID=2055) to work on /home/airflow/.local/lib/python3.12/site-packages/airflow/example_dags/example_python_decorator.py
[2024-09-02T01:42:26.739+0000] {processor.py:914} INFO - Processing file /home/airflow/.local/lib/python3.12/site-packages/airflow/example_dags/example_python_decorator.py for tasks to queue
[2024-09-02T01:42:26.741+0000] {logging_mixin.py:190} INFO - [2024-09-02T01:42:26.741+0000] {dagbag.py:587} INFO - Filling up the DagBag from /home/airflow/.local/lib/python3.12/site-packages/airflow/example_dags/example_python_decorator.py
[2024-09-02T01:42:26.753+0000] {processor.py:925} INFO - DAG(s) 'example_python_decorator' retrieved from /home/airflow/.local/lib/python3.12/site-packages/airflow/example_dags/example_python_decorator.py
[2024-09-02T01:42:26.788+0000] {logging_mixin.py:190} INFO - [2024-09-02T01:42:26.788+0000] {dag.py:3211} INFO - Sync 1 DAGs
[2024-09-02T01:42:26.802+0000] {logging_mixin.py:190} INFO - [2024-09-02T01:42:26.802+0000] {dag.py:4138} INFO - Setting next_dagrun for example_python_decorator to None, run_after=None
[2024-09-02T01:42:26.817+0000] {processor.py:208} INFO - Processing /home/airflow/.local/lib/python3.12/site-packages/airflow/example_dags/example_python_decorator.py took 0.085 seconds
[2024-09-02T01:42:57.583+0000] {processor.py:186} INFO - Started process (PID=2341) to work on /home/airflow/.local/lib/python3.12/site-packages/airflow/example_dags/example_python_decorator.py
[2024-09-02T01:42:57.585+0000] {processor.py:914} INFO - Processing file /home/airflow/.local/lib/python3.12/site-packages/airflow/example_dags/example_python_decorator.py for tasks to queue
[2024-09-02T01:42:57.588+0000] {logging_mixin.py:190} INFO - [2024-09-02T01:42:57.587+0000] {dagbag.py:587} INFO - Filling up the DagBag from /home/airflow/.local/lib/python3.12/site-packages/airflow/example_dags/example_python_decorator.py
[2024-09-02T01:42:57.597+0000] {processor.py:925} INFO - DAG(s) 'example_python_decorator' retrieved from /home/airflow/.local/lib/python3.12/site-packages/airflow/example_dags/example_python_decorator.py
[2024-09-02T01:42:57.613+0000] {logging_mixin.py:190} INFO - [2024-09-02T01:42:57.613+0000] {dag.py:3211} INFO - Sync 1 DAGs
[2024-09-02T01:42:57.624+0000] {logging_mixin.py:190} INFO - [2024-09-02T01:42:57.624+0000] {dag.py:4138} INFO - Setting next_dagrun for example_python_decorator to None, run_after=None
[2024-09-02T01:42:57.636+0000] {processor.py:208} INFO - Processing /home/airflow/.local/lib/python3.12/site-packages/airflow/example_dags/example_python_decorator.py took 0.056 seconds
[2024-09-02T01:43:28.608+0000] {processor.py:186} INFO - Started process (PID=2627) to work on /home/airflow/.local/lib/python3.12/site-packages/airflow/example_dags/example_python_decorator.py
[2024-09-02T01:43:28.610+0000] {processor.py:914} INFO - Processing file /home/airflow/.local/lib/python3.12/site-packages/airflow/example_dags/example_python_decorator.py for tasks to queue
[2024-09-02T01:43:28.613+0000] {logging_mixin.py:190} INFO - [2024-09-02T01:43:28.613+0000] {dagbag.py:587} INFO - Filling up the DagBag from /home/airflow/.local/lib/python3.12/site-packages/airflow/example_dags/example_python_decorator.py
[2024-09-02T01:43:28.644+0000] {processor.py:925} INFO - DAG(s) 'example_python_decorator' retrieved from /home/airflow/.local/lib/python3.12/site-packages/airflow/example_dags/example_python_decorator.py
[2024-09-02T01:43:28.664+0000] {logging_mixin.py:190} INFO - [2024-09-02T01:43:28.664+0000] {dag.py:3211} INFO - Sync 1 DAGs
[2024-09-02T01:43:28.674+0000] {logging_mixin.py:190} INFO - [2024-09-02T01:43:28.674+0000] {dag.py:4138} INFO - Setting next_dagrun for example_python_decorator to None, run_after=None
[2024-09-02T01:43:28.686+0000] {processor.py:208} INFO - Processing /home/airflow/.local/lib/python3.12/site-packages/airflow/example_dags/example_python_decorator.py took 0.082 seconds
[2024-09-02T01:43:59.576+0000] {processor.py:186} INFO - Started process (PID=2914) to work on /home/airflow/.local/lib/python3.12/site-packages/airflow/example_dags/example_python_decorator.py
[2024-09-02T01:43:59.578+0000] {processor.py:914} INFO - Processing file /home/airflow/.local/lib/python3.12/site-packages/airflow/example_dags/example_python_decorator.py for tasks to queue
[2024-09-02T01:43:59.580+0000] {logging_mixin.py:190} INFO - [2024-09-02T01:43:59.579+0000] {dagbag.py:587} INFO - Filling up the DagBag from /home/airflow/.local/lib/python3.12/site-packages/airflow/example_dags/example_python_decorator.py
[2024-09-02T01:43:59.591+0000] {processor.py:925} INFO - DAG(s) 'example_python_decorator' retrieved from /home/airflow/.local/lib/python3.12/site-packages/airflow/example_dags/example_python_decorator.py
[2024-09-02T01:43:59.610+0000] {logging_mixin.py:190} INFO - [2024-09-02T01:43:59.610+0000] {dag.py:3211} INFO - Sync 1 DAGs
[2024-09-02T01:43:59.620+0000] {logging_mixin.py:190} INFO - [2024-09-02T01:43:59.620+0000] {dag.py:4138} INFO - Setting next_dagrun for example_python_decorator to None, run_after=None
[2024-09-02T01:43:59.632+0000] {processor.py:208} INFO - Processing /home/airflow/.local/lib/python3.12/site-packages/airflow/example_dags/example_python_decorator.py took 0.060 seconds
[2024-09-02T01:44:30.133+0000] {processor.py:186} INFO - Started process (PID=3200) to work on /home/airflow/.local/lib/python3.12/site-packages/airflow/example_dags/example_python_decorator.py
[2024-09-02T01:44:30.135+0000] {processor.py:914} INFO - Processing file /home/airflow/.local/lib/python3.12/site-packages/airflow/example_dags/example_python_decorator.py for tasks to queue
[2024-09-02T01:44:30.137+0000] {logging_mixin.py:190} INFO - [2024-09-02T01:44:30.137+0000] {dagbag.py:587} INFO - Filling up the DagBag from /home/airflow/.local/lib/python3.12/site-packages/airflow/example_dags/example_python_decorator.py
[2024-09-02T01:44:30.146+0000] {processor.py:925} INFO - DAG(s) 'example_python_decorator' retrieved from /home/airflow/.local/lib/python3.12/site-packages/airflow/example_dags/example_python_decorator.py
[2024-09-02T01:44:30.161+0000] {logging_mixin.py:190} INFO - [2024-09-02T01:44:30.161+0000] {dag.py:3211} INFO - Sync 1 DAGs
[2024-09-02T01:44:30.170+0000] {logging_mixin.py:190} INFO - [2024-09-02T01:44:30.170+0000] {dag.py:4138} INFO - Setting next_dagrun for example_python_decorator to None, run_after=None
[2024-09-02T01:44:30.184+0000] {processor.py:208} INFO - Processing /home/airflow/.local/lib/python3.12/site-packages/airflow/example_dags/example_python_decorator.py took 0.056 seconds
[2024-09-02T01:45:00.537+0000] {processor.py:186} INFO - Started process (PID=3486) to work on /home/airflow/.local/lib/python3.12/site-packages/airflow/example_dags/example_python_decorator.py
[2024-09-02T01:45:00.539+0000] {processor.py:914} INFO - Processing file /home/airflow/.local/lib/python3.12/site-packages/airflow/example_dags/example_python_decorator.py for tasks to queue
[2024-09-02T01:45:00.541+0000] {logging_mixin.py:190} INFO - [2024-09-02T01:45:00.540+0000] {dagbag.py:587} INFO - Filling up the DagBag from /home/airflow/.local/lib/python3.12/site-packages/airflow/example_dags/example_python_decorator.py
[2024-09-02T01:45:00.550+0000] {processor.py:925} INFO - DAG(s) 'example_python_decorator' retrieved from /home/airflow/.local/lib/python3.12/site-packages/airflow/example_dags/example_python_decorator.py
[2024-09-02T01:45:00.565+0000] {logging_mixin.py:190} INFO - [2024-09-02T01:45:00.564+0000] {dag.py:3211} INFO - Sync 1 DAGs
[2024-09-02T01:45:00.578+0000] {logging_mixin.py:190} INFO - [2024-09-02T01:45:00.577+0000] {dag.py:4138} INFO - Setting next_dagrun for example_python_decorator to None, run_after=None
[2024-09-02T01:45:00.590+0000] {processor.py:208} INFO - Processing /home/airflow/.local/lib/python3.12/site-packages/airflow/example_dags/example_python_decorator.py took 0.057 seconds
[2024-09-02T01:54:38.310+0000] {processor.py:186} INFO - Started process (PID=270) to work on /home/airflow/.local/lib/python3.12/site-packages/airflow/example_dags/example_python_decorator.py
[2024-09-02T01:54:38.316+0000] {processor.py:914} INFO - Processing file /home/airflow/.local/lib/python3.12/site-packages/airflow/example_dags/example_python_decorator.py for tasks to queue
[2024-09-02T01:54:38.323+0000] {logging_mixin.py:190} INFO - [2024-09-02T01:54:38.323+0000] {dagbag.py:587} INFO - Filling up the DagBag from /home/airflow/.local/lib/python3.12/site-packages/airflow/example_dags/example_python_decorator.py
[2024-09-02T01:54:38.341+0000] {processor.py:925} INFO - DAG(s) 'example_python_decorator' retrieved from /home/airflow/.local/lib/python3.12/site-packages/airflow/example_dags/example_python_decorator.py
[2024-09-02T01:54:38.486+0000] {logging_mixin.py:190} INFO - [2024-09-02T01:54:38.486+0000] {dag.py:3211} INFO - Sync 1 DAGs
[2024-09-02T01:54:38.501+0000] {logging_mixin.py:190} INFO - [2024-09-02T01:54:38.501+0000] {dag.py:4138} INFO - Setting next_dagrun for example_python_decorator to None, run_after=None
[2024-09-02T01:54:38.529+0000] {processor.py:208} INFO - Processing /home/airflow/.local/lib/python3.12/site-packages/airflow/example_dags/example_python_decorator.py took 0.228 seconds
[2024-09-02T01:55:09.392+0000] {processor.py:186} INFO - Started process (PID=606) to work on /home/airflow/.local/lib/python3.12/site-packages/airflow/example_dags/example_python_decorator.py
[2024-09-02T01:55:09.394+0000] {processor.py:914} INFO - Processing file /home/airflow/.local/lib/python3.12/site-packages/airflow/example_dags/example_python_decorator.py for tasks to queue
[2024-09-02T01:55:09.397+0000] {logging_mixin.py:190} INFO - [2024-09-02T01:55:09.396+0000] {dagbag.py:587} INFO - Filling up the DagBag from /home/airflow/.local/lib/python3.12/site-packages/airflow/example_dags/example_python_decorator.py
[2024-09-02T01:55:09.410+0000] {processor.py:925} INFO - DAG(s) 'example_python_decorator' retrieved from /home/airflow/.local/lib/python3.12/site-packages/airflow/example_dags/example_python_decorator.py
[2024-09-02T01:55:09.427+0000] {logging_mixin.py:190} INFO - [2024-09-02T01:55:09.427+0000] {dag.py:3211} INFO - Sync 1 DAGs
[2024-09-02T01:55:09.436+0000] {logging_mixin.py:190} INFO - [2024-09-02T01:55:09.436+0000] {dag.py:4138} INFO - Setting next_dagrun for example_python_decorator to None, run_after=None
[2024-09-02T01:55:09.449+0000] {processor.py:208} INFO - Processing /home/airflow/.local/lib/python3.12/site-packages/airflow/example_dags/example_python_decorator.py took 0.062 seconds
[2024-09-02T01:55:40.283+0000] {processor.py:186} INFO - Started process (PID=892) to work on /home/airflow/.local/lib/python3.12/site-packages/airflow/example_dags/example_python_decorator.py
[2024-09-02T01:55:40.285+0000] {processor.py:914} INFO - Processing file /home/airflow/.local/lib/python3.12/site-packages/airflow/example_dags/example_python_decorator.py for tasks to queue
[2024-09-02T01:55:40.289+0000] {logging_mixin.py:190} INFO - [2024-09-02T01:55:40.289+0000] {dagbag.py:587} INFO - Filling up the DagBag from /home/airflow/.local/lib/python3.12/site-packages/airflow/example_dags/example_python_decorator.py
[2024-09-02T01:55:40.300+0000] {processor.py:925} INFO - DAG(s) 'example_python_decorator' retrieved from /home/airflow/.local/lib/python3.12/site-packages/airflow/example_dags/example_python_decorator.py
[2024-09-02T01:55:40.316+0000] {logging_mixin.py:190} INFO - [2024-09-02T01:55:40.316+0000] {dag.py:3211} INFO - Sync 1 DAGs
[2024-09-02T01:55:40.325+0000] {logging_mixin.py:190} INFO - [2024-09-02T01:55:40.325+0000] {dag.py:4138} INFO - Setting next_dagrun for example_python_decorator to None, run_after=None
[2024-09-02T01:55:40.337+0000] {processor.py:208} INFO - Processing /home/airflow/.local/lib/python3.12/site-packages/airflow/example_dags/example_python_decorator.py took 0.058 seconds
[2024-09-02T01:56:10.481+0000] {processor.py:186} INFO - Started process (PID=1178) to work on /home/airflow/.local/lib/python3.12/site-packages/airflow/example_dags/example_python_decorator.py
[2024-09-02T01:56:10.483+0000] {processor.py:914} INFO - Processing file /home/airflow/.local/lib/python3.12/site-packages/airflow/example_dags/example_python_decorator.py for tasks to queue
[2024-09-02T01:56:10.486+0000] {logging_mixin.py:190} INFO - [2024-09-02T01:56:10.486+0000] {dagbag.py:587} INFO - Filling up the DagBag from /home/airflow/.local/lib/python3.12/site-packages/airflow/example_dags/example_python_decorator.py
[2024-09-02T01:56:10.500+0000] {processor.py:925} INFO - DAG(s) 'example_python_decorator' retrieved from /home/airflow/.local/lib/python3.12/site-packages/airflow/example_dags/example_python_decorator.py
[2024-09-02T01:56:10.516+0000] {logging_mixin.py:190} INFO - [2024-09-02T01:56:10.516+0000] {dag.py:3211} INFO - Sync 1 DAGs
[2024-09-02T01:56:10.526+0000] {logging_mixin.py:190} INFO - [2024-09-02T01:56:10.526+0000] {dag.py:4138} INFO - Setting next_dagrun for example_python_decorator to None, run_after=None
[2024-09-02T01:56:10.537+0000] {processor.py:208} INFO - Processing /home/airflow/.local/lib/python3.12/site-packages/airflow/example_dags/example_python_decorator.py took 0.063 seconds
[2024-09-02T01:56:41.277+0000] {processor.py:186} INFO - Started process (PID=1466) to work on /home/airflow/.local/lib/python3.12/site-packages/airflow/example_dags/example_python_decorator.py
[2024-09-02T01:56:41.282+0000] {processor.py:914} INFO - Processing file /home/airflow/.local/lib/python3.12/site-packages/airflow/example_dags/example_python_decorator.py for tasks to queue
[2024-09-02T01:56:41.296+0000] {logging_mixin.py:190} INFO - [2024-09-02T01:56:41.295+0000] {dagbag.py:587} INFO - Filling up the DagBag from /home/airflow/.local/lib/python3.12/site-packages/airflow/example_dags/example_python_decorator.py
[2024-09-02T01:56:41.319+0000] {processor.py:925} INFO - DAG(s) 'example_python_decorator' retrieved from /home/airflow/.local/lib/python3.12/site-packages/airflow/example_dags/example_python_decorator.py
[2024-09-02T01:56:41.349+0000] {logging_mixin.py:190} INFO - [2024-09-02T01:56:41.349+0000] {dag.py:3211} INFO - Sync 1 DAGs
[2024-09-02T01:56:41.427+0000] {logging_mixin.py:190} INFO - [2024-09-02T01:56:41.427+0000] {dag.py:4138} INFO - Setting next_dagrun for example_python_decorator to None, run_after=None
[2024-09-02T01:56:41.478+0000] {processor.py:208} INFO - Processing /home/airflow/.local/lib/python3.12/site-packages/airflow/example_dags/example_python_decorator.py took 0.214 seconds
[2024-09-02T01:57:12.309+0000] {processor.py:186} INFO - Started process (PID=1752) to work on /home/airflow/.local/lib/python3.12/site-packages/airflow/example_dags/example_python_decorator.py
[2024-09-02T01:57:12.311+0000] {processor.py:914} INFO - Processing file /home/airflow/.local/lib/python3.12/site-packages/airflow/example_dags/example_python_decorator.py for tasks to queue
[2024-09-02T01:57:12.314+0000] {logging_mixin.py:190} INFO - [2024-09-02T01:57:12.314+0000] {dagbag.py:587} INFO - Filling up the DagBag from /home/airflow/.local/lib/python3.12/site-packages/airflow/example_dags/example_python_decorator.py
[2024-09-02T01:57:12.328+0000] {processor.py:925} INFO - DAG(s) 'example_python_decorator' retrieved from /home/airflow/.local/lib/python3.12/site-packages/airflow/example_dags/example_python_decorator.py
[2024-09-02T01:57:12.345+0000] {logging_mixin.py:190} INFO - [2024-09-02T01:57:12.345+0000] {dag.py:3211} INFO - Sync 1 DAGs
[2024-09-02T01:57:12.355+0000] {logging_mixin.py:190} INFO - [2024-09-02T01:57:12.355+0000] {dag.py:4138} INFO - Setting next_dagrun for example_python_decorator to None, run_after=None
[2024-09-02T01:57:12.368+0000] {processor.py:208} INFO - Processing /home/airflow/.local/lib/python3.12/site-packages/airflow/example_dags/example_python_decorator.py took 0.064 seconds
[2024-09-02T01:57:42.710+0000] {processor.py:186} INFO - Started process (PID=2039) to work on /home/airflow/.local/lib/python3.12/site-packages/airflow/example_dags/example_python_decorator.py
[2024-09-02T01:57:42.712+0000] {processor.py:914} INFO - Processing file /home/airflow/.local/lib/python3.12/site-packages/airflow/example_dags/example_python_decorator.py for tasks to queue
[2024-09-02T01:57:42.715+0000] {logging_mixin.py:190} INFO - [2024-09-02T01:57:42.714+0000] {dagbag.py:587} INFO - Filling up the DagBag from /home/airflow/.local/lib/python3.12/site-packages/airflow/example_dags/example_python_decorator.py
[2024-09-02T01:57:42.731+0000] {processor.py:925} INFO - DAG(s) 'example_python_decorator' retrieved from /home/airflow/.local/lib/python3.12/site-packages/airflow/example_dags/example_python_decorator.py
[2024-09-02T01:57:42.747+0000] {logging_mixin.py:190} INFO - [2024-09-02T01:57:42.747+0000] {dag.py:3211} INFO - Sync 1 DAGs
[2024-09-02T01:57:42.756+0000] {logging_mixin.py:190} INFO - [2024-09-02T01:57:42.756+0000] {dag.py:4138} INFO - Setting next_dagrun for example_python_decorator to None, run_after=None
[2024-09-02T01:57:42.768+0000] {processor.py:208} INFO - Processing /home/airflow/.local/lib/python3.12/site-packages/airflow/example_dags/example_python_decorator.py took 0.065 seconds
[2024-09-02T01:58:13.407+0000] {processor.py:186} INFO - Started process (PID=2325) to work on /home/airflow/.local/lib/python3.12/site-packages/airflow/example_dags/example_python_decorator.py
[2024-09-02T01:58:13.422+0000] {processor.py:914} INFO - Processing file /home/airflow/.local/lib/python3.12/site-packages/airflow/example_dags/example_python_decorator.py for tasks to queue
[2024-09-02T01:58:13.436+0000] {logging_mixin.py:190} INFO - [2024-09-02T01:58:13.435+0000] {dagbag.py:587} INFO - Filling up the DagBag from /home/airflow/.local/lib/python3.12/site-packages/airflow/example_dags/example_python_decorator.py
[2024-09-02T01:58:13.460+0000] {processor.py:925} INFO - DAG(s) 'example_python_decorator' retrieved from /home/airflow/.local/lib/python3.12/site-packages/airflow/example_dags/example_python_decorator.py
[2024-09-02T01:58:13.491+0000] {logging_mixin.py:190} INFO - [2024-09-02T01:58:13.490+0000] {dag.py:3211} INFO - Sync 1 DAGs
[2024-09-02T01:58:13.505+0000] {logging_mixin.py:190} INFO - [2024-09-02T01:58:13.505+0000] {dag.py:4138} INFO - Setting next_dagrun for example_python_decorator to None, run_after=None
[2024-09-02T01:58:13.520+0000] {processor.py:208} INFO - Processing /home/airflow/.local/lib/python3.12/site-packages/airflow/example_dags/example_python_decorator.py took 0.117 seconds
