[2024-09-02T01:39:25.715+0000] {processor.py:186} INFO - Started process (PID=398) to work on /home/airflow/.local/lib/python3.12/site-packages/airflow/example_dags/example_subdag_operator.py
[2024-09-02T01:39:25.717+0000] {processor.py:914} INFO - Processing file /home/airflow/.local/lib/python3.12/site-packages/airflow/example_dags/example_subdag_operator.py for tasks to queue
[2024-09-02T01:39:25.720+0000] {logging_mixin.py:190} INFO - [2024-09-02T01:39:25.719+0000] {dagbag.py:587} INFO - Filling up the DagBag from /home/airflow/.local/lib/python3.12/site-packages/airflow/example_dags/example_subdag_operator.py
[2024-09-02T01:39:25.738+0000] {processor.py:925} INFO - DAG(s) 'example_subdag_operator.section-1', 'example_subdag_operator.section-2', 'example_subdag_operator' retrieved from /home/airflow/.local/lib/python3.12/site-packages/airflow/example_dags/example_subdag_operator.py
[2024-09-02T01:39:25.791+0000] {logging_mixin.py:190} INFO - [2024-09-02T01:39:25.791+0000] {override.py:1858} INFO - Created Permission View: can edit on DAG:example_subdag_operator
[2024-09-02T01:39:25.798+0000] {logging_mixin.py:190} INFO - [2024-09-02T01:39:25.798+0000] {override.py:1858} INFO - Created Permission View: can read on DAG:example_subdag_operator
[2024-09-02T01:39:25.802+0000] {logging_mixin.py:190} INFO - [2024-09-02T01:39:25.802+0000] {override.py:1858} INFO - Created Permission View: can delete on DAG:example_subdag_operator
[2024-09-02T01:39:25.803+0000] {logging_mixin.py:190} INFO - [2024-09-02T01:39:25.803+0000] {dag.py:3211} INFO - Sync 3 DAGs
[2024-09-02T01:39:25.811+0000] {logging_mixin.py:190} INFO - [2024-09-02T01:39:25.811+0000] {dag.py:3234} INFO - Creating ORM DAG for example_subdag_operator.section-1
[2024-09-02T01:39:25.812+0000] {logging_mixin.py:190} INFO - [2024-09-02T01:39:25.812+0000] {dag.py:3234} INFO - Creating ORM DAG for example_subdag_operator
[2024-09-02T01:39:25.813+0000] {logging_mixin.py:190} INFO - [2024-09-02T01:39:25.813+0000] {dag.py:3234} INFO - Creating ORM DAG for example_subdag_operator.section-2
[2024-09-02T01:39:25.818+0000] {logging_mixin.py:190} INFO - [2024-09-02T01:39:25.818+0000] {dag.py:4138} INFO - Setting next_dagrun for example_subdag_operator to 2022-01-01 00:00:00+00:00, run_after=2022-01-01 00:00:00+00:00
[2024-09-02T01:39:25.819+0000] {logging_mixin.py:190} INFO - [2024-09-02T01:39:25.819+0000] {dag.py:4138} INFO - Setting next_dagrun for example_subdag_operator.section-1 to None, run_after=None
[2024-09-02T01:39:25.820+0000] {logging_mixin.py:190} INFO - [2024-09-02T01:39:25.820+0000] {dag.py:4138} INFO - Setting next_dagrun for example_subdag_operator.section-2 to None, run_after=None
[2024-09-02T01:39:25.825+0000] {logging_mixin.py:190} INFO - [2024-09-02T01:39:25.825+0000] {dag.py:3211} INFO - Sync 2 DAGs
[2024-09-02T01:39:25.829+0000] {logging_mixin.py:190} INFO - [2024-09-02T01:39:25.829+0000] {dag.py:4138} INFO - Setting next_dagrun for example_subdag_operator.section-1 to None, run_after=None
[2024-09-02T01:39:25.831+0000] {logging_mixin.py:190} INFO - [2024-09-02T01:39:25.831+0000] {dag.py:4138} INFO - Setting next_dagrun for example_subdag_operator.section-2 to None, run_after=None
[2024-09-02T01:39:25.838+0000] {processor.py:208} INFO - Processing /home/airflow/.local/lib/python3.12/site-packages/airflow/example_dags/example_subdag_operator.py took 0.127 seconds
[2024-09-02T01:39:56.704+0000] {processor.py:186} INFO - Started process (PID=682) to work on /home/airflow/.local/lib/python3.12/site-packages/airflow/example_dags/example_subdag_operator.py
[2024-09-02T01:39:56.705+0000] {processor.py:914} INFO - Processing file /home/airflow/.local/lib/python3.12/site-packages/airflow/example_dags/example_subdag_operator.py for tasks to queue
[2024-09-02T01:39:56.708+0000] {logging_mixin.py:190} INFO - [2024-09-02T01:39:56.708+0000] {dagbag.py:587} INFO - Filling up the DagBag from /home/airflow/.local/lib/python3.12/site-packages/airflow/example_dags/example_subdag_operator.py
[2024-09-02T01:39:56.728+0000] {processor.py:925} INFO - DAG(s) 'example_subdag_operator.section-1', 'example_subdag_operator.section-2', 'example_subdag_operator' retrieved from /home/airflow/.local/lib/python3.12/site-packages/airflow/example_dags/example_subdag_operator.py
[2024-09-02T01:39:56.738+0000] {logging_mixin.py:190} INFO - [2024-09-02T01:39:56.738+0000] {dag.py:3211} INFO - Sync 3 DAGs
[2024-09-02T01:39:56.751+0000] {logging_mixin.py:190} INFO - [2024-09-02T01:39:56.751+0000] {dag.py:4138} INFO - Setting next_dagrun for example_subdag_operator to 2022-01-01 00:00:00+00:00, run_after=2022-01-01 00:00:00+00:00
[2024-09-02T01:39:56.756+0000] {logging_mixin.py:190} INFO - [2024-09-02T01:39:56.755+0000] {dag.py:4138} INFO - Setting next_dagrun for example_subdag_operator.section-1 to None, run_after=None
[2024-09-02T01:39:56.757+0000] {logging_mixin.py:190} INFO - [2024-09-02T01:39:56.757+0000] {dag.py:4138} INFO - Setting next_dagrun for example_subdag_operator.section-2 to None, run_after=None
[2024-09-02T01:39:56.762+0000] {logging_mixin.py:190} INFO - [2024-09-02T01:39:56.762+0000] {dag.py:3211} INFO - Sync 2 DAGs
[2024-09-02T01:39:56.766+0000] {logging_mixin.py:190} INFO - [2024-09-02T01:39:56.765+0000] {dag.py:4138} INFO - Setting next_dagrun for example_subdag_operator.section-1 to None, run_after=None
[2024-09-02T01:39:56.766+0000] {logging_mixin.py:190} INFO - [2024-09-02T01:39:56.766+0000] {dag.py:4138} INFO - Setting next_dagrun for example_subdag_operator.section-2 to None, run_after=None
[2024-09-02T01:39:56.773+0000] {processor.py:208} INFO - Processing /home/airflow/.local/lib/python3.12/site-packages/airflow/example_dags/example_subdag_operator.py took 0.074 seconds
[2024-09-02T01:40:27.205+0000] {processor.py:186} INFO - Started process (PID=968) to work on /home/airflow/.local/lib/python3.12/site-packages/airflow/example_dags/example_subdag_operator.py
[2024-09-02T01:40:27.207+0000] {processor.py:914} INFO - Processing file /home/airflow/.local/lib/python3.12/site-packages/airflow/example_dags/example_subdag_operator.py for tasks to queue
[2024-09-02T01:40:27.209+0000] {logging_mixin.py:190} INFO - [2024-09-02T01:40:27.209+0000] {dagbag.py:587} INFO - Filling up the DagBag from /home/airflow/.local/lib/python3.12/site-packages/airflow/example_dags/example_subdag_operator.py
[2024-09-02T01:40:27.228+0000] {processor.py:925} INFO - DAG(s) 'example_subdag_operator.section-1', 'example_subdag_operator.section-2', 'example_subdag_operator' retrieved from /home/airflow/.local/lib/python3.12/site-packages/airflow/example_dags/example_subdag_operator.py
[2024-09-02T01:40:27.239+0000] {logging_mixin.py:190} INFO - [2024-09-02T01:40:27.239+0000] {dag.py:3211} INFO - Sync 3 DAGs
[2024-09-02T01:40:27.265+0000] {logging_mixin.py:190} INFO - [2024-09-02T01:40:27.265+0000] {dag.py:4138} INFO - Setting next_dagrun for example_subdag_operator to 2022-01-01 00:00:00+00:00, run_after=2022-01-01 00:00:00+00:00
[2024-09-02T01:40:27.270+0000] {logging_mixin.py:190} INFO - [2024-09-02T01:40:27.270+0000] {dag.py:4138} INFO - Setting next_dagrun for example_subdag_operator.section-1 to None, run_after=None
[2024-09-02T01:40:27.272+0000] {logging_mixin.py:190} INFO - [2024-09-02T01:40:27.272+0000] {dag.py:4138} INFO - Setting next_dagrun for example_subdag_operator.section-2 to None, run_after=None
[2024-09-02T01:40:27.277+0000] {logging_mixin.py:190} INFO - [2024-09-02T01:40:27.276+0000] {dag.py:3211} INFO - Sync 2 DAGs
[2024-09-02T01:40:27.282+0000] {logging_mixin.py:190} INFO - [2024-09-02T01:40:27.282+0000] {dag.py:4138} INFO - Setting next_dagrun for example_subdag_operator.section-1 to None, run_after=None
[2024-09-02T01:40:27.283+0000] {logging_mixin.py:190} INFO - [2024-09-02T01:40:27.283+0000] {dag.py:4138} INFO - Setting next_dagrun for example_subdag_operator.section-2 to None, run_after=None
[2024-09-02T01:40:27.292+0000] {processor.py:208} INFO - Processing /home/airflow/.local/lib/python3.12/site-packages/airflow/example_dags/example_subdag_operator.py took 0.091 seconds
[2024-09-02T01:40:57.356+0000] {processor.py:186} INFO - Started process (PID=1256) to work on /home/airflow/.local/lib/python3.12/site-packages/airflow/example_dags/example_subdag_operator.py
[2024-09-02T01:40:57.358+0000] {processor.py:914} INFO - Processing file /home/airflow/.local/lib/python3.12/site-packages/airflow/example_dags/example_subdag_operator.py for tasks to queue
[2024-09-02T01:40:57.360+0000] {logging_mixin.py:190} INFO - [2024-09-02T01:40:57.360+0000] {dagbag.py:587} INFO - Filling up the DagBag from /home/airflow/.local/lib/python3.12/site-packages/airflow/example_dags/example_subdag_operator.py
[2024-09-02T01:40:57.376+0000] {processor.py:925} INFO - DAG(s) 'example_subdag_operator.section-1', 'example_subdag_operator.section-2', 'example_subdag_operator' retrieved from /home/airflow/.local/lib/python3.12/site-packages/airflow/example_dags/example_subdag_operator.py
[2024-09-02T01:40:57.384+0000] {logging_mixin.py:190} INFO - [2024-09-02T01:40:57.384+0000] {dag.py:3211} INFO - Sync 3 DAGs
[2024-09-02T01:40:57.396+0000] {logging_mixin.py:190} INFO - [2024-09-02T01:40:57.396+0000] {dag.py:4138} INFO - Setting next_dagrun for example_subdag_operator to 2022-01-01 00:00:00+00:00, run_after=2022-01-01 00:00:00+00:00
[2024-09-02T01:40:57.403+0000] {logging_mixin.py:190} INFO - [2024-09-02T01:40:57.402+0000] {dag.py:4138} INFO - Setting next_dagrun for example_subdag_operator.section-1 to None, run_after=None
[2024-09-02T01:40:57.404+0000] {logging_mixin.py:190} INFO - [2024-09-02T01:40:57.404+0000] {dag.py:4138} INFO - Setting next_dagrun for example_subdag_operator.section-2 to None, run_after=None
[2024-09-02T01:40:57.408+0000] {logging_mixin.py:190} INFO - [2024-09-02T01:40:57.408+0000] {dag.py:3211} INFO - Sync 2 DAGs
[2024-09-02T01:40:57.412+0000] {logging_mixin.py:190} INFO - [2024-09-02T01:40:57.412+0000] {dag.py:4138} INFO - Setting next_dagrun for example_subdag_operator.section-1 to None, run_after=None
[2024-09-02T01:40:57.413+0000] {logging_mixin.py:190} INFO - [2024-09-02T01:40:57.412+0000] {dag.py:4138} INFO - Setting next_dagrun for example_subdag_operator.section-2 to None, run_after=None
[2024-09-02T01:40:57.419+0000] {processor.py:208} INFO - Processing /home/airflow/.local/lib/python3.12/site-packages/airflow/example_dags/example_subdag_operator.py took 0.067 seconds
[2024-09-02T01:41:28.330+0000] {processor.py:186} INFO - Started process (PID=1572) to work on /home/airflow/.local/lib/python3.12/site-packages/airflow/example_dags/example_subdag_operator.py
[2024-09-02T01:41:28.331+0000] {processor.py:914} INFO - Processing file /home/airflow/.local/lib/python3.12/site-packages/airflow/example_dags/example_subdag_operator.py for tasks to queue
[2024-09-02T01:41:28.334+0000] {logging_mixin.py:190} INFO - [2024-09-02T01:41:28.334+0000] {dagbag.py:587} INFO - Filling up the DagBag from /home/airflow/.local/lib/python3.12/site-packages/airflow/example_dags/example_subdag_operator.py
[2024-09-02T01:41:28.354+0000] {processor.py:925} INFO - DAG(s) 'example_subdag_operator.section-1', 'example_subdag_operator.section-2', 'example_subdag_operator' retrieved from /home/airflow/.local/lib/python3.12/site-packages/airflow/example_dags/example_subdag_operator.py
[2024-09-02T01:41:28.366+0000] {logging_mixin.py:190} INFO - [2024-09-02T01:41:28.366+0000] {dag.py:3211} INFO - Sync 3 DAGs
[2024-09-02T01:41:28.381+0000] {logging_mixin.py:190} INFO - [2024-09-02T01:41:28.380+0000] {dag.py:4138} INFO - Setting next_dagrun for example_subdag_operator to 2022-01-01 00:00:00+00:00, run_after=2022-01-01 00:00:00+00:00
[2024-09-02T01:41:28.384+0000] {logging_mixin.py:190} INFO - [2024-09-02T01:41:28.384+0000] {dag.py:4138} INFO - Setting next_dagrun for example_subdag_operator.section-1 to None, run_after=None
[2024-09-02T01:41:28.385+0000] {logging_mixin.py:190} INFO - [2024-09-02T01:41:28.385+0000] {dag.py:4138} INFO - Setting next_dagrun for example_subdag_operator.section-2 to None, run_after=None
[2024-09-02T01:41:28.389+0000] {logging_mixin.py:190} INFO - [2024-09-02T01:41:28.389+0000] {dag.py:3211} INFO - Sync 2 DAGs
[2024-09-02T01:41:28.393+0000] {logging_mixin.py:190} INFO - [2024-09-02T01:41:28.393+0000] {dag.py:4138} INFO - Setting next_dagrun for example_subdag_operator.section-1 to None, run_after=None
[2024-09-02T01:41:28.394+0000] {logging_mixin.py:190} INFO - [2024-09-02T01:41:28.394+0000] {dag.py:4138} INFO - Setting next_dagrun for example_subdag_operator.section-2 to None, run_after=None
[2024-09-02T01:41:28.400+0000] {processor.py:208} INFO - Processing /home/airflow/.local/lib/python3.12/site-packages/airflow/example_dags/example_subdag_operator.py took 0.075 seconds
[2024-09-02T01:41:59.411+0000] {processor.py:186} INFO - Started process (PID=1902) to work on /home/airflow/.local/lib/python3.12/site-packages/airflow/example_dags/example_subdag_operator.py
[2024-09-02T01:41:59.413+0000] {processor.py:914} INFO - Processing file /home/airflow/.local/lib/python3.12/site-packages/airflow/example_dags/example_subdag_operator.py for tasks to queue
[2024-09-02T01:41:59.414+0000] {logging_mixin.py:190} INFO - [2024-09-02T01:41:59.414+0000] {dagbag.py:587} INFO - Filling up the DagBag from /home/airflow/.local/lib/python3.12/site-packages/airflow/example_dags/example_subdag_operator.py
[2024-09-02T01:41:59.430+0000] {processor.py:925} INFO - DAG(s) 'example_subdag_operator.section-1', 'example_subdag_operator.section-2', 'example_subdag_operator' retrieved from /home/airflow/.local/lib/python3.12/site-packages/airflow/example_dags/example_subdag_operator.py
[2024-09-02T01:41:59.438+0000] {logging_mixin.py:190} INFO - [2024-09-02T01:41:59.438+0000] {dag.py:3211} INFO - Sync 3 DAGs
[2024-09-02T01:41:59.450+0000] {logging_mixin.py:190} INFO - [2024-09-02T01:41:59.450+0000] {dag.py:4138} INFO - Setting next_dagrun for example_subdag_operator to 2022-01-01 00:00:00+00:00, run_after=2022-01-01 00:00:00+00:00
[2024-09-02T01:41:59.453+0000] {logging_mixin.py:190} INFO - [2024-09-02T01:41:59.453+0000] {dag.py:4138} INFO - Setting next_dagrun for example_subdag_operator.section-1 to None, run_after=None
[2024-09-02T01:41:59.454+0000] {logging_mixin.py:190} INFO - [2024-09-02T01:41:59.454+0000] {dag.py:4138} INFO - Setting next_dagrun for example_subdag_operator.section-2 to None, run_after=None
[2024-09-02T01:41:59.458+0000] {logging_mixin.py:190} INFO - [2024-09-02T01:41:59.458+0000] {dag.py:3211} INFO - Sync 2 DAGs
[2024-09-02T01:41:59.461+0000] {logging_mixin.py:190} INFO - [2024-09-02T01:41:59.461+0000] {dag.py:4138} INFO - Setting next_dagrun for example_subdag_operator.section-1 to None, run_after=None
[2024-09-02T01:41:59.462+0000] {logging_mixin.py:190} INFO - [2024-09-02T01:41:59.462+0000] {dag.py:4138} INFO - Setting next_dagrun for example_subdag_operator.section-2 to None, run_after=None
[2024-09-02T01:41:59.468+0000] {processor.py:208} INFO - Processing /home/airflow/.local/lib/python3.12/site-packages/airflow/example_dags/example_subdag_operator.py took 0.060 seconds
[2024-09-02T01:42:30.365+0000] {processor.py:186} INFO - Started process (PID=2187) to work on /home/airflow/.local/lib/python3.12/site-packages/airflow/example_dags/example_subdag_operator.py
[2024-09-02T01:42:30.367+0000] {processor.py:914} INFO - Processing file /home/airflow/.local/lib/python3.12/site-packages/airflow/example_dags/example_subdag_operator.py for tasks to queue
[2024-09-02T01:42:30.369+0000] {logging_mixin.py:190} INFO - [2024-09-02T01:42:30.369+0000] {dagbag.py:587} INFO - Filling up the DagBag from /home/airflow/.local/lib/python3.12/site-packages/airflow/example_dags/example_subdag_operator.py
[2024-09-02T01:42:30.384+0000] {processor.py:925} INFO - DAG(s) 'example_subdag_operator.section-1', 'example_subdag_operator.section-2', 'example_subdag_operator' retrieved from /home/airflow/.local/lib/python3.12/site-packages/airflow/example_dags/example_subdag_operator.py
[2024-09-02T01:42:30.398+0000] {logging_mixin.py:190} INFO - [2024-09-02T01:42:30.398+0000] {dag.py:3211} INFO - Sync 3 DAGs
[2024-09-02T01:42:30.419+0000] {logging_mixin.py:190} INFO - [2024-09-02T01:42:30.419+0000] {dag.py:4138} INFO - Setting next_dagrun for example_subdag_operator to 2022-01-01 00:00:00+00:00, run_after=2022-01-01 00:00:00+00:00
[2024-09-02T01:42:30.424+0000] {logging_mixin.py:190} INFO - [2024-09-02T01:42:30.424+0000] {dag.py:4138} INFO - Setting next_dagrun for example_subdag_operator.section-1 to None, run_after=None
[2024-09-02T01:42:30.429+0000] {logging_mixin.py:190} INFO - [2024-09-02T01:42:30.428+0000] {dag.py:4138} INFO - Setting next_dagrun for example_subdag_operator.section-2 to None, run_after=None
[2024-09-02T01:42:30.441+0000] {logging_mixin.py:190} INFO - [2024-09-02T01:42:30.441+0000] {dag.py:3211} INFO - Sync 2 DAGs
[2024-09-02T01:42:30.447+0000] {logging_mixin.py:190} INFO - [2024-09-02T01:42:30.447+0000] {dag.py:4138} INFO - Setting next_dagrun for example_subdag_operator.section-1 to None, run_after=None
[2024-09-02T01:42:30.448+0000] {logging_mixin.py:190} INFO - [2024-09-02T01:42:30.448+0000] {dag.py:4138} INFO - Setting next_dagrun for example_subdag_operator.section-2 to None, run_after=None
[2024-09-02T01:42:30.456+0000] {processor.py:208} INFO - Processing /home/airflow/.local/lib/python3.12/site-packages/airflow/example_dags/example_subdag_operator.py took 0.094 seconds
[2024-09-02T01:43:01.769+0000] {processor.py:186} INFO - Started process (PID=2471) to work on /home/airflow/.local/lib/python3.12/site-packages/airflow/example_dags/example_subdag_operator.py
[2024-09-02T01:43:01.773+0000] {processor.py:914} INFO - Processing file /home/airflow/.local/lib/python3.12/site-packages/airflow/example_dags/example_subdag_operator.py for tasks to queue
[2024-09-02T01:43:01.775+0000] {logging_mixin.py:190} INFO - [2024-09-02T01:43:01.775+0000] {dagbag.py:587} INFO - Filling up the DagBag from /home/airflow/.local/lib/python3.12/site-packages/airflow/example_dags/example_subdag_operator.py
[2024-09-02T01:43:01.799+0000] {processor.py:925} INFO - DAG(s) 'example_subdag_operator.section-1', 'example_subdag_operator.section-2', 'example_subdag_operator' retrieved from /home/airflow/.local/lib/python3.12/site-packages/airflow/example_dags/example_subdag_operator.py
[2024-09-02T01:43:01.812+0000] {logging_mixin.py:190} INFO - [2024-09-02T01:43:01.812+0000] {dag.py:3211} INFO - Sync 3 DAGs
[2024-09-02T01:43:01.833+0000] {logging_mixin.py:190} INFO - [2024-09-02T01:43:01.833+0000] {dag.py:4138} INFO - Setting next_dagrun for example_subdag_operator to 2022-01-01 00:00:00+00:00, run_after=2022-01-01 00:00:00+00:00
[2024-09-02T01:43:01.837+0000] {logging_mixin.py:190} INFO - [2024-09-02T01:43:01.836+0000] {dag.py:4138} INFO - Setting next_dagrun for example_subdag_operator.section-1 to None, run_after=None
[2024-09-02T01:43:01.839+0000] {logging_mixin.py:190} INFO - [2024-09-02T01:43:01.839+0000] {dag.py:4138} INFO - Setting next_dagrun for example_subdag_operator.section-2 to None, run_after=None
[2024-09-02T01:43:01.845+0000] {logging_mixin.py:190} INFO - [2024-09-02T01:43:01.844+0000] {dag.py:3211} INFO - Sync 2 DAGs
[2024-09-02T01:43:01.855+0000] {logging_mixin.py:190} INFO - [2024-09-02T01:43:01.855+0000] {dag.py:4138} INFO - Setting next_dagrun for example_subdag_operator.section-1 to None, run_after=None
[2024-09-02T01:43:01.858+0000] {logging_mixin.py:190} INFO - [2024-09-02T01:43:01.858+0000] {dag.py:4138} INFO - Setting next_dagrun for example_subdag_operator.section-2 to None, run_after=None
[2024-09-02T01:43:01.870+0000] {processor.py:208} INFO - Processing /home/airflow/.local/lib/python3.12/site-packages/airflow/example_dags/example_subdag_operator.py took 0.105 seconds
[2024-09-02T01:43:32.022+0000] {processor.py:186} INFO - Started process (PID=2757) to work on /home/airflow/.local/lib/python3.12/site-packages/airflow/example_dags/example_subdag_operator.py
[2024-09-02T01:43:32.023+0000] {processor.py:914} INFO - Processing file /home/airflow/.local/lib/python3.12/site-packages/airflow/example_dags/example_subdag_operator.py for tasks to queue
[2024-09-02T01:43:32.026+0000] {logging_mixin.py:190} INFO - [2024-09-02T01:43:32.026+0000] {dagbag.py:587} INFO - Filling up the DagBag from /home/airflow/.local/lib/python3.12/site-packages/airflow/example_dags/example_subdag_operator.py
[2024-09-02T01:43:32.042+0000] {processor.py:925} INFO - DAG(s) 'example_subdag_operator.section-1', 'example_subdag_operator.section-2', 'example_subdag_operator' retrieved from /home/airflow/.local/lib/python3.12/site-packages/airflow/example_dags/example_subdag_operator.py
[2024-09-02T01:43:32.052+0000] {logging_mixin.py:190} INFO - [2024-09-02T01:43:32.052+0000] {dag.py:3211} INFO - Sync 3 DAGs
[2024-09-02T01:43:32.066+0000] {logging_mixin.py:190} INFO - [2024-09-02T01:43:32.066+0000] {dag.py:4138} INFO - Setting next_dagrun for example_subdag_operator to 2022-01-01 00:00:00+00:00, run_after=2022-01-01 00:00:00+00:00
[2024-09-02T01:43:32.069+0000] {logging_mixin.py:190} INFO - [2024-09-02T01:43:32.069+0000] {dag.py:4138} INFO - Setting next_dagrun for example_subdag_operator.section-1 to None, run_after=None
[2024-09-02T01:43:32.070+0000] {logging_mixin.py:190} INFO - [2024-09-02T01:43:32.070+0000] {dag.py:4138} INFO - Setting next_dagrun for example_subdag_operator.section-2 to None, run_after=None
[2024-09-02T01:43:32.074+0000] {logging_mixin.py:190} INFO - [2024-09-02T01:43:32.074+0000] {dag.py:3211} INFO - Sync 2 DAGs
[2024-09-02T01:43:32.077+0000] {logging_mixin.py:190} INFO - [2024-09-02T01:43:32.077+0000] {dag.py:4138} INFO - Setting next_dagrun for example_subdag_operator.section-1 to None, run_after=None
[2024-09-02T01:43:32.080+0000] {logging_mixin.py:190} INFO - [2024-09-02T01:43:32.080+0000] {dag.py:4138} INFO - Setting next_dagrun for example_subdag_operator.section-2 to None, run_after=None
[2024-09-02T01:43:32.085+0000] {processor.py:208} INFO - Processing /home/airflow/.local/lib/python3.12/site-packages/airflow/example_dags/example_subdag_operator.py took 0.067 seconds
[2024-09-02T01:44:02.912+0000] {processor.py:186} INFO - Started process (PID=3044) to work on /home/airflow/.local/lib/python3.12/site-packages/airflow/example_dags/example_subdag_operator.py
[2024-09-02T01:44:02.914+0000] {processor.py:914} INFO - Processing file /home/airflow/.local/lib/python3.12/site-packages/airflow/example_dags/example_subdag_operator.py for tasks to queue
[2024-09-02T01:44:02.916+0000] {logging_mixin.py:190} INFO - [2024-09-02T01:44:02.916+0000] {dagbag.py:587} INFO - Filling up the DagBag from /home/airflow/.local/lib/python3.12/site-packages/airflow/example_dags/example_subdag_operator.py
[2024-09-02T01:44:02.932+0000] {processor.py:925} INFO - DAG(s) 'example_subdag_operator.section-1', 'example_subdag_operator.section-2', 'example_subdag_operator' retrieved from /home/airflow/.local/lib/python3.12/site-packages/airflow/example_dags/example_subdag_operator.py
[2024-09-02T01:44:02.942+0000] {logging_mixin.py:190} INFO - [2024-09-02T01:44:02.942+0000] {dag.py:3211} INFO - Sync 3 DAGs
[2024-09-02T01:44:02.957+0000] {logging_mixin.py:190} INFO - [2024-09-02T01:44:02.957+0000] {dag.py:4138} INFO - Setting next_dagrun for example_subdag_operator to 2022-01-01 00:00:00+00:00, run_after=2022-01-01 00:00:00+00:00
[2024-09-02T01:44:02.960+0000] {logging_mixin.py:190} INFO - [2024-09-02T01:44:02.960+0000] {dag.py:4138} INFO - Setting next_dagrun for example_subdag_operator.section-1 to None, run_after=None
[2024-09-02T01:44:02.961+0000] {logging_mixin.py:190} INFO - [2024-09-02T01:44:02.961+0000] {dag.py:4138} INFO - Setting next_dagrun for example_subdag_operator.section-2 to None, run_after=None
[2024-09-02T01:44:02.965+0000] {logging_mixin.py:190} INFO - [2024-09-02T01:44:02.965+0000] {dag.py:3211} INFO - Sync 2 DAGs
[2024-09-02T01:44:02.969+0000] {logging_mixin.py:190} INFO - [2024-09-02T01:44:02.969+0000] {dag.py:4138} INFO - Setting next_dagrun for example_subdag_operator.section-1 to None, run_after=None
[2024-09-02T01:44:02.970+0000] {logging_mixin.py:190} INFO - [2024-09-02T01:44:02.970+0000] {dag.py:4138} INFO - Setting next_dagrun for example_subdag_operator.section-2 to None, run_after=None
[2024-09-02T01:44:02.975+0000] {processor.py:208} INFO - Processing /home/airflow/.local/lib/python3.12/site-packages/airflow/example_dags/example_subdag_operator.py took 0.067 seconds
[2024-09-02T01:44:33.416+0000] {processor.py:186} INFO - Started process (PID=3330) to work on /home/airflow/.local/lib/python3.12/site-packages/airflow/example_dags/example_subdag_operator.py
[2024-09-02T01:44:33.419+0000] {processor.py:914} INFO - Processing file /home/airflow/.local/lib/python3.12/site-packages/airflow/example_dags/example_subdag_operator.py for tasks to queue
[2024-09-02T01:44:33.422+0000] {logging_mixin.py:190} INFO - [2024-09-02T01:44:33.421+0000] {dagbag.py:587} INFO - Filling up the DagBag from /home/airflow/.local/lib/python3.12/site-packages/airflow/example_dags/example_subdag_operator.py
[2024-09-02T01:44:33.439+0000] {processor.py:925} INFO - DAG(s) 'example_subdag_operator.section-1', 'example_subdag_operator.section-2', 'example_subdag_operator' retrieved from /home/airflow/.local/lib/python3.12/site-packages/airflow/example_dags/example_subdag_operator.py
[2024-09-02T01:44:33.448+0000] {logging_mixin.py:190} INFO - [2024-09-02T01:44:33.448+0000] {dag.py:3211} INFO - Sync 3 DAGs
[2024-09-02T01:44:33.462+0000] {logging_mixin.py:190} INFO - [2024-09-02T01:44:33.461+0000] {dag.py:4138} INFO - Setting next_dagrun for example_subdag_operator to 2022-01-01 00:00:00+00:00, run_after=2022-01-01 00:00:00+00:00
[2024-09-02T01:44:33.465+0000] {logging_mixin.py:190} INFO - [2024-09-02T01:44:33.464+0000] {dag.py:4138} INFO - Setting next_dagrun for example_subdag_operator.section-1 to None, run_after=None
[2024-09-02T01:44:33.466+0000] {logging_mixin.py:190} INFO - [2024-09-02T01:44:33.466+0000] {dag.py:4138} INFO - Setting next_dagrun for example_subdag_operator.section-2 to None, run_after=None
[2024-09-02T01:44:33.470+0000] {logging_mixin.py:190} INFO - [2024-09-02T01:44:33.470+0000] {dag.py:3211} INFO - Sync 2 DAGs
[2024-09-02T01:44:33.474+0000] {logging_mixin.py:190} INFO - [2024-09-02T01:44:33.474+0000] {dag.py:4138} INFO - Setting next_dagrun for example_subdag_operator.section-1 to None, run_after=None
[2024-09-02T01:44:33.474+0000] {logging_mixin.py:190} INFO - [2024-09-02T01:44:33.474+0000] {dag.py:4138} INFO - Setting next_dagrun for example_subdag_operator.section-2 to None, run_after=None
[2024-09-02T01:44:33.481+0000] {processor.py:208} INFO - Processing /home/airflow/.local/lib/python3.12/site-packages/airflow/example_dags/example_subdag_operator.py took 0.070 seconds
[2024-09-02T01:45:03.805+0000] {processor.py:186} INFO - Started process (PID=3616) to work on /home/airflow/.local/lib/python3.12/site-packages/airflow/example_dags/example_subdag_operator.py
[2024-09-02T01:45:03.806+0000] {processor.py:914} INFO - Processing file /home/airflow/.local/lib/python3.12/site-packages/airflow/example_dags/example_subdag_operator.py for tasks to queue
[2024-09-02T01:45:03.808+0000] {logging_mixin.py:190} INFO - [2024-09-02T01:45:03.808+0000] {dagbag.py:587} INFO - Filling up the DagBag from /home/airflow/.local/lib/python3.12/site-packages/airflow/example_dags/example_subdag_operator.py
[2024-09-02T01:45:03.828+0000] {processor.py:925} INFO - DAG(s) 'example_subdag_operator.section-1', 'example_subdag_operator.section-2', 'example_subdag_operator' retrieved from /home/airflow/.local/lib/python3.12/site-packages/airflow/example_dags/example_subdag_operator.py
[2024-09-02T01:45:03.839+0000] {logging_mixin.py:190} INFO - [2024-09-02T01:45:03.839+0000] {dag.py:3211} INFO - Sync 3 DAGs
[2024-09-02T01:45:03.855+0000] {logging_mixin.py:190} INFO - [2024-09-02T01:45:03.855+0000] {dag.py:4138} INFO - Setting next_dagrun for example_subdag_operator to 2022-01-01 00:00:00+00:00, run_after=2022-01-01 00:00:00+00:00
[2024-09-02T01:45:03.858+0000] {logging_mixin.py:190} INFO - [2024-09-02T01:45:03.858+0000] {dag.py:4138} INFO - Setting next_dagrun for example_subdag_operator.section-1 to None, run_after=None
[2024-09-02T01:45:03.860+0000] {logging_mixin.py:190} INFO - [2024-09-02T01:45:03.860+0000] {dag.py:4138} INFO - Setting next_dagrun for example_subdag_operator.section-2 to None, run_after=None
[2024-09-02T01:45:03.864+0000] {logging_mixin.py:190} INFO - [2024-09-02T01:45:03.864+0000] {dag.py:3211} INFO - Sync 2 DAGs
[2024-09-02T01:45:03.868+0000] {logging_mixin.py:190} INFO - [2024-09-02T01:45:03.868+0000] {dag.py:4138} INFO - Setting next_dagrun for example_subdag_operator.section-1 to None, run_after=None
[2024-09-02T01:45:03.870+0000] {logging_mixin.py:190} INFO - [2024-09-02T01:45:03.869+0000] {dag.py:4138} INFO - Setting next_dagrun for example_subdag_operator.section-2 to None, run_after=None
[2024-09-02T01:45:03.875+0000] {processor.py:208} INFO - Processing /home/airflow/.local/lib/python3.12/site-packages/airflow/example_dags/example_subdag_operator.py took 0.074 seconds
[2024-09-02T01:54:42.970+0000] {processor.py:186} INFO - Started process (PID=426) to work on /home/airflow/.local/lib/python3.12/site-packages/airflow/example_dags/example_subdag_operator.py
[2024-09-02T01:54:42.972+0000] {processor.py:914} INFO - Processing file /home/airflow/.local/lib/python3.12/site-packages/airflow/example_dags/example_subdag_operator.py for tasks to queue
[2024-09-02T01:54:42.975+0000] {logging_mixin.py:190} INFO - [2024-09-02T01:54:42.975+0000] {dagbag.py:587} INFO - Filling up the DagBag from /home/airflow/.local/lib/python3.12/site-packages/airflow/example_dags/example_subdag_operator.py
[2024-09-02T01:54:42.999+0000] {processor.py:925} INFO - DAG(s) 'example_subdag_operator.section-1', 'example_subdag_operator.section-2', 'example_subdag_operator' retrieved from /home/airflow/.local/lib/python3.12/site-packages/airflow/example_dags/example_subdag_operator.py
[2024-09-02T01:54:43.011+0000] {logging_mixin.py:190} INFO - [2024-09-02T01:54:43.011+0000] {dag.py:3211} INFO - Sync 3 DAGs
[2024-09-02T01:54:43.042+0000] {logging_mixin.py:190} INFO - [2024-09-02T01:54:43.041+0000] {dag.py:4138} INFO - Setting next_dagrun for example_subdag_operator to 2022-01-01 00:00:00+00:00, run_after=2022-01-01 00:00:00+00:00
[2024-09-02T01:54:43.047+0000] {logging_mixin.py:190} INFO - [2024-09-02T01:54:43.047+0000] {dag.py:4138} INFO - Setting next_dagrun for example_subdag_operator.section-1 to None, run_after=None
[2024-09-02T01:54:43.051+0000] {logging_mixin.py:190} INFO - [2024-09-02T01:54:43.050+0000] {dag.py:4138} INFO - Setting next_dagrun for example_subdag_operator.section-2 to None, run_after=None
[2024-09-02T01:54:43.057+0000] {logging_mixin.py:190} INFO - [2024-09-02T01:54:43.057+0000] {dag.py:3211} INFO - Sync 2 DAGs
[2024-09-02T01:54:43.063+0000] {logging_mixin.py:190} INFO - [2024-09-02T01:54:43.063+0000] {dag.py:4138} INFO - Setting next_dagrun for example_subdag_operator.section-1 to None, run_after=None
[2024-09-02T01:54:43.064+0000] {logging_mixin.py:190} INFO - [2024-09-02T01:54:43.064+0000] {dag.py:4138} INFO - Setting next_dagrun for example_subdag_operator.section-2 to None, run_after=None
[2024-09-02T01:54:43.073+0000] {processor.py:208} INFO - Processing /home/airflow/.local/lib/python3.12/site-packages/airflow/example_dags/example_subdag_operator.py took 0.107 seconds
[2024-09-02T01:55:14.078+0000] {processor.py:186} INFO - Started process (PID=738) to work on /home/airflow/.local/lib/python3.12/site-packages/airflow/example_dags/example_subdag_operator.py
[2024-09-02T01:55:14.081+0000] {processor.py:914} INFO - Processing file /home/airflow/.local/lib/python3.12/site-packages/airflow/example_dags/example_subdag_operator.py for tasks to queue
[2024-09-02T01:55:14.088+0000] {logging_mixin.py:190} INFO - [2024-09-02T01:55:14.087+0000] {dagbag.py:587} INFO - Filling up the DagBag from /home/airflow/.local/lib/python3.12/site-packages/airflow/example_dags/example_subdag_operator.py
[2024-09-02T01:55:14.130+0000] {processor.py:925} INFO - DAG(s) 'example_subdag_operator.section-1', 'example_subdag_operator.section-2', 'example_subdag_operator' retrieved from /home/airflow/.local/lib/python3.12/site-packages/airflow/example_dags/example_subdag_operator.py
[2024-09-02T01:55:14.144+0000] {logging_mixin.py:190} INFO - [2024-09-02T01:55:14.144+0000] {dag.py:3211} INFO - Sync 3 DAGs
[2024-09-02T01:55:14.165+0000] {logging_mixin.py:190} INFO - [2024-09-02T01:55:14.165+0000] {dag.py:4138} INFO - Setting next_dagrun for example_subdag_operator to 2022-01-01 00:00:00+00:00, run_after=2022-01-01 00:00:00+00:00
[2024-09-02T01:55:14.170+0000] {logging_mixin.py:190} INFO - [2024-09-02T01:55:14.170+0000] {dag.py:4138} INFO - Setting next_dagrun for example_subdag_operator.section-1 to None, run_after=None
[2024-09-02T01:55:14.173+0000] {logging_mixin.py:190} INFO - [2024-09-02T01:55:14.173+0000] {dag.py:4138} INFO - Setting next_dagrun for example_subdag_operator.section-2 to None, run_after=None
[2024-09-02T01:55:14.179+0000] {logging_mixin.py:190} INFO - [2024-09-02T01:55:14.179+0000] {dag.py:3211} INFO - Sync 2 DAGs
[2024-09-02T01:55:14.184+0000] {logging_mixin.py:190} INFO - [2024-09-02T01:55:14.184+0000] {dag.py:4138} INFO - Setting next_dagrun for example_subdag_operator.section-1 to None, run_after=None
[2024-09-02T01:55:14.185+0000] {logging_mixin.py:190} INFO - [2024-09-02T01:55:14.185+0000] {dag.py:4138} INFO - Setting next_dagrun for example_subdag_operator.section-2 to None, run_after=None
[2024-09-02T01:55:14.194+0000] {processor.py:208} INFO - Processing /home/airflow/.local/lib/python3.12/site-packages/airflow/example_dags/example_subdag_operator.py took 0.123 seconds
[2024-09-02T01:55:44.634+0000] {processor.py:186} INFO - Started process (PID=1024) to work on /home/airflow/.local/lib/python3.12/site-packages/airflow/example_dags/example_subdag_operator.py
[2024-09-02T01:55:44.637+0000] {processor.py:914} INFO - Processing file /home/airflow/.local/lib/python3.12/site-packages/airflow/example_dags/example_subdag_operator.py for tasks to queue
[2024-09-02T01:55:44.640+0000] {logging_mixin.py:190} INFO - [2024-09-02T01:55:44.640+0000] {dagbag.py:587} INFO - Filling up the DagBag from /home/airflow/.local/lib/python3.12/site-packages/airflow/example_dags/example_subdag_operator.py
[2024-09-02T01:55:44.664+0000] {processor.py:925} INFO - DAG(s) 'example_subdag_operator.section-1', 'example_subdag_operator.section-2', 'example_subdag_operator' retrieved from /home/airflow/.local/lib/python3.12/site-packages/airflow/example_dags/example_subdag_operator.py
[2024-09-02T01:55:44.674+0000] {logging_mixin.py:190} INFO - [2024-09-02T01:55:44.674+0000] {dag.py:3211} INFO - Sync 3 DAGs
[2024-09-02T01:55:44.690+0000] {logging_mixin.py:190} INFO - [2024-09-02T01:55:44.689+0000] {dag.py:4138} INFO - Setting next_dagrun for example_subdag_operator to 2022-01-01 00:00:00+00:00, run_after=2022-01-01 00:00:00+00:00
[2024-09-02T01:55:44.693+0000] {logging_mixin.py:190} INFO - [2024-09-02T01:55:44.693+0000] {dag.py:4138} INFO - Setting next_dagrun for example_subdag_operator.section-1 to None, run_after=None
[2024-09-02T01:55:44.695+0000] {logging_mixin.py:190} INFO - [2024-09-02T01:55:44.695+0000] {dag.py:4138} INFO - Setting next_dagrun for example_subdag_operator.section-2 to None, run_after=None
[2024-09-02T01:55:44.700+0000] {logging_mixin.py:190} INFO - [2024-09-02T01:55:44.700+0000] {dag.py:3211} INFO - Sync 2 DAGs
[2024-09-02T01:55:44.704+0000] {logging_mixin.py:190} INFO - [2024-09-02T01:55:44.704+0000] {dag.py:4138} INFO - Setting next_dagrun for example_subdag_operator.section-1 to None, run_after=None
[2024-09-02T01:55:44.705+0000] {logging_mixin.py:190} INFO - [2024-09-02T01:55:44.705+0000] {dag.py:4138} INFO - Setting next_dagrun for example_subdag_operator.section-2 to None, run_after=None
[2024-09-02T01:55:44.713+0000] {processor.py:208} INFO - Processing /home/airflow/.local/lib/python3.12/site-packages/airflow/example_dags/example_subdag_operator.py took 0.085 seconds
[2024-09-02T01:56:14.803+0000] {processor.py:186} INFO - Started process (PID=1310) to work on /home/airflow/.local/lib/python3.12/site-packages/airflow/example_dags/example_subdag_operator.py
[2024-09-02T01:56:14.806+0000] {processor.py:914} INFO - Processing file /home/airflow/.local/lib/python3.12/site-packages/airflow/example_dags/example_subdag_operator.py for tasks to queue
[2024-09-02T01:56:14.809+0000] {logging_mixin.py:190} INFO - [2024-09-02T01:56:14.809+0000] {dagbag.py:587} INFO - Filling up the DagBag from /home/airflow/.local/lib/python3.12/site-packages/airflow/example_dags/example_subdag_operator.py
[2024-09-02T01:56:14.834+0000] {processor.py:925} INFO - DAG(s) 'example_subdag_operator.section-1', 'example_subdag_operator.section-2', 'example_subdag_operator' retrieved from /home/airflow/.local/lib/python3.12/site-packages/airflow/example_dags/example_subdag_operator.py
[2024-09-02T01:56:14.847+0000] {logging_mixin.py:190} INFO - [2024-09-02T01:56:14.847+0000] {dag.py:3211} INFO - Sync 3 DAGs
[2024-09-02T01:56:14.863+0000] {logging_mixin.py:190} INFO - [2024-09-02T01:56:14.863+0000] {dag.py:4138} INFO - Setting next_dagrun for example_subdag_operator to 2022-01-01 00:00:00+00:00, run_after=2022-01-01 00:00:00+00:00
[2024-09-02T01:56:14.866+0000] {logging_mixin.py:190} INFO - [2024-09-02T01:56:14.866+0000] {dag.py:4138} INFO - Setting next_dagrun for example_subdag_operator.section-1 to None, run_after=None
[2024-09-02T01:56:14.867+0000] {logging_mixin.py:190} INFO - [2024-09-02T01:56:14.867+0000] {dag.py:4138} INFO - Setting next_dagrun for example_subdag_operator.section-2 to None, run_after=None
[2024-09-02T01:56:14.872+0000] {logging_mixin.py:190} INFO - [2024-09-02T01:56:14.871+0000] {dag.py:3211} INFO - Sync 2 DAGs
[2024-09-02T01:56:14.875+0000] {logging_mixin.py:190} INFO - [2024-09-02T01:56:14.875+0000] {dag.py:4138} INFO - Setting next_dagrun for example_subdag_operator.section-1 to None, run_after=None
[2024-09-02T01:56:14.876+0000] {logging_mixin.py:190} INFO - [2024-09-02T01:56:14.876+0000] {dag.py:4138} INFO - Setting next_dagrun for example_subdag_operator.section-2 to None, run_after=None
[2024-09-02T01:56:14.881+0000] {processor.py:208} INFO - Processing /home/airflow/.local/lib/python3.12/site-packages/airflow/example_dags/example_subdag_operator.py took 0.085 seconds
[2024-09-02T01:56:45.137+0000] {processor.py:186} INFO - Started process (PID=1598) to work on /home/airflow/.local/lib/python3.12/site-packages/airflow/example_dags/example_subdag_operator.py
[2024-09-02T01:56:45.139+0000] {processor.py:914} INFO - Processing file /home/airflow/.local/lib/python3.12/site-packages/airflow/example_dags/example_subdag_operator.py for tasks to queue
[2024-09-02T01:56:45.144+0000] {logging_mixin.py:190} INFO - [2024-09-02T01:56:45.143+0000] {dagbag.py:587} INFO - Filling up the DagBag from /home/airflow/.local/lib/python3.12/site-packages/airflow/example_dags/example_subdag_operator.py
[2024-09-02T01:56:45.179+0000] {processor.py:925} INFO - DAG(s) 'example_subdag_operator.section-1', 'example_subdag_operator.section-2', 'example_subdag_operator' retrieved from /home/airflow/.local/lib/python3.12/site-packages/airflow/example_dags/example_subdag_operator.py
[2024-09-02T01:56:45.193+0000] {logging_mixin.py:190} INFO - [2024-09-02T01:56:45.193+0000] {dag.py:3211} INFO - Sync 3 DAGs
[2024-09-02T01:56:45.214+0000] {logging_mixin.py:190} INFO - [2024-09-02T01:56:45.214+0000] {dag.py:4138} INFO - Setting next_dagrun for example_subdag_operator to 2022-01-01 00:00:00+00:00, run_after=2022-01-01 00:00:00+00:00
[2024-09-02T01:56:45.218+0000] {logging_mixin.py:190} INFO - [2024-09-02T01:56:45.217+0000] {dag.py:4138} INFO - Setting next_dagrun for example_subdag_operator.section-1 to None, run_after=None
[2024-09-02T01:56:45.220+0000] {logging_mixin.py:190} INFO - [2024-09-02T01:56:45.220+0000] {dag.py:4138} INFO - Setting next_dagrun for example_subdag_operator.section-2 to None, run_after=None
[2024-09-02T01:56:45.226+0000] {logging_mixin.py:190} INFO - [2024-09-02T01:56:45.225+0000] {dag.py:3211} INFO - Sync 2 DAGs
[2024-09-02T01:56:45.231+0000] {logging_mixin.py:190} INFO - [2024-09-02T01:56:45.231+0000] {dag.py:4138} INFO - Setting next_dagrun for example_subdag_operator.section-1 to None, run_after=None
[2024-09-02T01:56:45.232+0000] {logging_mixin.py:190} INFO - [2024-09-02T01:56:45.232+0000] {dag.py:4138} INFO - Setting next_dagrun for example_subdag_operator.section-2 to None, run_after=None
[2024-09-02T01:56:45.239+0000] {processor.py:208} INFO - Processing /home/airflow/.local/lib/python3.12/site-packages/airflow/example_dags/example_subdag_operator.py took 0.111 seconds
[2024-09-02T01:57:15.734+0000] {processor.py:186} INFO - Started process (PID=1884) to work on /home/airflow/.local/lib/python3.12/site-packages/airflow/example_dags/example_subdag_operator.py
[2024-09-02T01:57:15.738+0000] {processor.py:914} INFO - Processing file /home/airflow/.local/lib/python3.12/site-packages/airflow/example_dags/example_subdag_operator.py for tasks to queue
[2024-09-02T01:57:15.741+0000] {logging_mixin.py:190} INFO - [2024-09-02T01:57:15.741+0000] {dagbag.py:587} INFO - Filling up the DagBag from /home/airflow/.local/lib/python3.12/site-packages/airflow/example_dags/example_subdag_operator.py
[2024-09-02T01:57:15.772+0000] {processor.py:925} INFO - DAG(s) 'example_subdag_operator.section-1', 'example_subdag_operator.section-2', 'example_subdag_operator' retrieved from /home/airflow/.local/lib/python3.12/site-packages/airflow/example_dags/example_subdag_operator.py
[2024-09-02T01:57:15.788+0000] {logging_mixin.py:190} INFO - [2024-09-02T01:57:15.788+0000] {dag.py:3211} INFO - Sync 3 DAGs
[2024-09-02T01:57:15.816+0000] {logging_mixin.py:190} INFO - [2024-09-02T01:57:15.816+0000] {dag.py:4138} INFO - Setting next_dagrun for example_subdag_operator to 2022-01-01 00:00:00+00:00, run_after=2022-01-01 00:00:00+00:00
[2024-09-02T01:57:15.820+0000] {logging_mixin.py:190} INFO - [2024-09-02T01:57:15.820+0000] {dag.py:4138} INFO - Setting next_dagrun for example_subdag_operator.section-1 to None, run_after=None
[2024-09-02T01:57:15.822+0000] {logging_mixin.py:190} INFO - [2024-09-02T01:57:15.822+0000] {dag.py:4138} INFO - Setting next_dagrun for example_subdag_operator.section-2 to None, run_after=None
[2024-09-02T01:57:15.828+0000] {logging_mixin.py:190} INFO - [2024-09-02T01:57:15.828+0000] {dag.py:3211} INFO - Sync 2 DAGs
[2024-09-02T01:57:15.832+0000] {logging_mixin.py:190} INFO - [2024-09-02T01:57:15.832+0000] {dag.py:4138} INFO - Setting next_dagrun for example_subdag_operator.section-1 to None, run_after=None
[2024-09-02T01:57:15.833+0000] {logging_mixin.py:190} INFO - [2024-09-02T01:57:15.833+0000] {dag.py:4138} INFO - Setting next_dagrun for example_subdag_operator.section-2 to None, run_after=None
[2024-09-02T01:57:15.841+0000] {processor.py:208} INFO - Processing /home/airflow/.local/lib/python3.12/site-packages/airflow/example_dags/example_subdag_operator.py took 0.118 seconds
[2024-09-02T01:57:45.982+0000] {processor.py:186} INFO - Started process (PID=2171) to work on /home/airflow/.local/lib/python3.12/site-packages/airflow/example_dags/example_subdag_operator.py
[2024-09-02T01:57:45.984+0000] {processor.py:914} INFO - Processing file /home/airflow/.local/lib/python3.12/site-packages/airflow/example_dags/example_subdag_operator.py for tasks to queue
[2024-09-02T01:57:45.988+0000] {logging_mixin.py:190} INFO - [2024-09-02T01:57:45.988+0000] {dagbag.py:587} INFO - Filling up the DagBag from /home/airflow/.local/lib/python3.12/site-packages/airflow/example_dags/example_subdag_operator.py
[2024-09-02T01:57:46.017+0000] {processor.py:925} INFO - DAG(s) 'example_subdag_operator.section-1', 'example_subdag_operator.section-2', 'example_subdag_operator' retrieved from /home/airflow/.local/lib/python3.12/site-packages/airflow/example_dags/example_subdag_operator.py
[2024-09-02T01:57:46.028+0000] {logging_mixin.py:190} INFO - [2024-09-02T01:57:46.028+0000] {dag.py:3211} INFO - Sync 3 DAGs
[2024-09-02T01:57:46.046+0000] {logging_mixin.py:190} INFO - [2024-09-02T01:57:46.046+0000] {dag.py:4138} INFO - Setting next_dagrun for example_subdag_operator to 2022-01-01 00:00:00+00:00, run_after=2022-01-01 00:00:00+00:00
[2024-09-02T01:57:46.050+0000] {logging_mixin.py:190} INFO - [2024-09-02T01:57:46.050+0000] {dag.py:4138} INFO - Setting next_dagrun for example_subdag_operator.section-1 to None, run_after=None
[2024-09-02T01:57:46.052+0000] {logging_mixin.py:190} INFO - [2024-09-02T01:57:46.051+0000] {dag.py:4138} INFO - Setting next_dagrun for example_subdag_operator.section-2 to None, run_after=None
[2024-09-02T01:57:46.057+0000] {logging_mixin.py:190} INFO - [2024-09-02T01:57:46.057+0000] {dag.py:3211} INFO - Sync 2 DAGs
[2024-09-02T01:57:46.061+0000] {logging_mixin.py:190} INFO - [2024-09-02T01:57:46.061+0000] {dag.py:4138} INFO - Setting next_dagrun for example_subdag_operator.section-1 to None, run_after=None
[2024-09-02T01:57:46.064+0000] {logging_mixin.py:190} INFO - [2024-09-02T01:57:46.063+0000] {dag.py:4138} INFO - Setting next_dagrun for example_subdag_operator.section-2 to None, run_after=None
[2024-09-02T01:57:46.070+0000] {processor.py:208} INFO - Processing /home/airflow/.local/lib/python3.12/site-packages/airflow/example_dags/example_subdag_operator.py took 0.097 seconds
[2024-09-02T01:58:16.950+0000] {processor.py:186} INFO - Started process (PID=2457) to work on /home/airflow/.local/lib/python3.12/site-packages/airflow/example_dags/example_subdag_operator.py
[2024-09-02T01:58:16.953+0000] {processor.py:914} INFO - Processing file /home/airflow/.local/lib/python3.12/site-packages/airflow/example_dags/example_subdag_operator.py for tasks to queue
[2024-09-02T01:58:16.957+0000] {logging_mixin.py:190} INFO - [2024-09-02T01:58:16.956+0000] {dagbag.py:587} INFO - Filling up the DagBag from /home/airflow/.local/lib/python3.12/site-packages/airflow/example_dags/example_subdag_operator.py
[2024-09-02T01:58:16.995+0000] {processor.py:925} INFO - DAG(s) 'example_subdag_operator.section-1', 'example_subdag_operator.section-2', 'example_subdag_operator' retrieved from /home/airflow/.local/lib/python3.12/site-packages/airflow/example_dags/example_subdag_operator.py
[2024-09-02T01:58:17.009+0000] {logging_mixin.py:190} INFO - [2024-09-02T01:58:17.009+0000] {dag.py:3211} INFO - Sync 3 DAGs
[2024-09-02T01:58:17.030+0000] {logging_mixin.py:190} INFO - [2024-09-02T01:58:17.030+0000] {dag.py:4138} INFO - Setting next_dagrun for example_subdag_operator to 2022-01-01 00:00:00+00:00, run_after=2022-01-01 00:00:00+00:00
[2024-09-02T01:58:17.034+0000] {logging_mixin.py:190} INFO - [2024-09-02T01:58:17.034+0000] {dag.py:4138} INFO - Setting next_dagrun for example_subdag_operator.section-1 to None, run_after=None
[2024-09-02T01:58:17.037+0000] {logging_mixin.py:190} INFO - [2024-09-02T01:58:17.036+0000] {dag.py:4138} INFO - Setting next_dagrun for example_subdag_operator.section-2 to None, run_after=None
[2024-09-02T01:58:17.043+0000] {logging_mixin.py:190} INFO - [2024-09-02T01:58:17.043+0000] {dag.py:3211} INFO - Sync 2 DAGs
[2024-09-02T01:58:17.048+0000] {logging_mixin.py:190} INFO - [2024-09-02T01:58:17.048+0000] {dag.py:4138} INFO - Setting next_dagrun for example_subdag_operator.section-1 to None, run_after=None
[2024-09-02T01:58:17.049+0000] {logging_mixin.py:190} INFO - [2024-09-02T01:58:17.049+0000] {dag.py:4138} INFO - Setting next_dagrun for example_subdag_operator.section-2 to None, run_after=None
[2024-09-02T01:58:17.057+0000] {processor.py:208} INFO - Processing /home/airflow/.local/lib/python3.12/site-packages/airflow/example_dags/example_subdag_operator.py took 0.115 seconds
