[2024-09-02T01:39:24.503+0000] {processor.py:186} INFO - Started process (PID=351) to work on /home/airflow/.local/lib/python3.12/site-packages/airflow/example_dags/example_branch_day_of_week_operator.py
[2024-09-02T01:39:24.504+0000] {processor.py:914} INFO - Processing file /home/airflow/.local/lib/python3.12/site-packages/airflow/example_dags/example_branch_day_of_week_operator.py for tasks to queue
[2024-09-02T01:39:24.507+0000] {logging_mixin.py:190} INFO - [2024-09-02T01:39:24.507+0000] {dagbag.py:587} INFO - Filling up the DagBag from /home/airflow/.local/lib/python3.12/site-packages/airflow/example_dags/example_branch_day_of_week_operator.py
[2024-09-02T01:39:24.514+0000] {processor.py:925} INFO - DAG(s) 'example_weekday_branch_operator' retrieved from /home/airflow/.local/lib/python3.12/site-packages/airflow/example_dags/example_branch_day_of_week_operator.py
[2024-09-02T01:39:24.576+0000] {logging_mixin.py:190} INFO - [2024-09-02T01:39:24.576+0000] {override.py:1858} INFO - Created Permission View: can edit on DAG:example_weekday_branch_operator
[2024-09-02T01:39:24.582+0000] {logging_mixin.py:190} INFO - [2024-09-02T01:39:24.582+0000] {override.py:1858} INFO - Created Permission View: can read on DAG:example_weekday_branch_operator
[2024-09-02T01:39:24.590+0000] {logging_mixin.py:190} INFO - [2024-09-02T01:39:24.590+0000] {override.py:1858} INFO - Created Permission View: can delete on DAG:example_weekday_branch_operator
[2024-09-02T01:39:24.591+0000] {logging_mixin.py:190} INFO - [2024-09-02T01:39:24.591+0000] {dag.py:3211} INFO - Sync 1 DAGs
[2024-09-02T01:39:24.599+0000] {logging_mixin.py:190} INFO - [2024-09-02T01:39:24.599+0000] {dag.py:3234} INFO - Creating ORM DAG for example_weekday_branch_operator
[2024-09-02T01:39:24.608+0000] {logging_mixin.py:190} INFO - [2024-09-02T01:39:24.608+0000] {dag.py:4138} INFO - Setting next_dagrun for example_weekday_branch_operator to 2024-09-01 00:00:00+00:00, run_after=2024-09-02 00:00:00+00:00
[2024-09-02T01:39:24.621+0000] {processor.py:208} INFO - Processing /home/airflow/.local/lib/python3.12/site-packages/airflow/example_dags/example_branch_day_of_week_operator.py took 0.123 seconds
[2024-09-02T01:39:55.293+0000] {processor.py:186} INFO - Started process (PID=639) to work on /home/airflow/.local/lib/python3.12/site-packages/airflow/example_dags/example_branch_day_of_week_operator.py
[2024-09-02T01:39:55.294+0000] {processor.py:914} INFO - Processing file /home/airflow/.local/lib/python3.12/site-packages/airflow/example_dags/example_branch_day_of_week_operator.py for tasks to queue
[2024-09-02T01:39:55.296+0000] {logging_mixin.py:190} INFO - [2024-09-02T01:39:55.296+0000] {dagbag.py:587} INFO - Filling up the DagBag from /home/airflow/.local/lib/python3.12/site-packages/airflow/example_dags/example_branch_day_of_week_operator.py
[2024-09-02T01:39:55.302+0000] {processor.py:925} INFO - DAG(s) 'example_weekday_branch_operator' retrieved from /home/airflow/.local/lib/python3.12/site-packages/airflow/example_dags/example_branch_day_of_week_operator.py
[2024-09-02T01:39:55.316+0000] {logging_mixin.py:190} INFO - [2024-09-02T01:39:55.316+0000] {dag.py:3211} INFO - Sync 1 DAGs
[2024-09-02T01:39:55.330+0000] {logging_mixin.py:190} INFO - [2024-09-02T01:39:55.330+0000] {dag.py:4138} INFO - Setting next_dagrun for example_weekday_branch_operator to 2024-09-01 00:00:00+00:00, run_after=2024-09-02 00:00:00+00:00
[2024-09-02T01:39:55.341+0000] {processor.py:208} INFO - Processing /home/airflow/.local/lib/python3.12/site-packages/airflow/example_dags/example_branch_day_of_week_operator.py took 0.051 seconds
[2024-09-02T01:40:26.364+0000] {processor.py:186} INFO - Started process (PID=923) to work on /home/airflow/.local/lib/python3.12/site-packages/airflow/example_dags/example_branch_day_of_week_operator.py
[2024-09-02T01:40:26.366+0000] {processor.py:914} INFO - Processing file /home/airflow/.local/lib/python3.12/site-packages/airflow/example_dags/example_branch_day_of_week_operator.py for tasks to queue
[2024-09-02T01:40:26.368+0000] {logging_mixin.py:190} INFO - [2024-09-02T01:40:26.368+0000] {dagbag.py:587} INFO - Filling up the DagBag from /home/airflow/.local/lib/python3.12/site-packages/airflow/example_dags/example_branch_day_of_week_operator.py
[2024-09-02T01:40:26.377+0000] {processor.py:925} INFO - DAG(s) 'example_weekday_branch_operator' retrieved from /home/airflow/.local/lib/python3.12/site-packages/airflow/example_dags/example_branch_day_of_week_operator.py
[2024-09-02T01:40:26.392+0000] {logging_mixin.py:190} INFO - [2024-09-02T01:40:26.392+0000] {dag.py:3211} INFO - Sync 1 DAGs
[2024-09-02T01:40:26.406+0000] {logging_mixin.py:190} INFO - [2024-09-02T01:40:26.406+0000] {dag.py:4138} INFO - Setting next_dagrun for example_weekday_branch_operator to 2024-09-01 00:00:00+00:00, run_after=2024-09-02 00:00:00+00:00
[2024-09-02T01:40:26.419+0000] {processor.py:208} INFO - Processing /home/airflow/.local/lib/python3.12/site-packages/airflow/example_dags/example_branch_day_of_week_operator.py took 0.060 seconds
[2024-09-02T01:40:56.966+0000] {processor.py:186} INFO - Started process (PID=1209) to work on /home/airflow/.local/lib/python3.12/site-packages/airflow/example_dags/example_branch_day_of_week_operator.py
[2024-09-02T01:40:56.968+0000] {processor.py:914} INFO - Processing file /home/airflow/.local/lib/python3.12/site-packages/airflow/example_dags/example_branch_day_of_week_operator.py for tasks to queue
[2024-09-02T01:40:56.970+0000] {logging_mixin.py:190} INFO - [2024-09-02T01:40:56.970+0000] {dagbag.py:587} INFO - Filling up the DagBag from /home/airflow/.local/lib/python3.12/site-packages/airflow/example_dags/example_branch_day_of_week_operator.py
[2024-09-02T01:40:56.977+0000] {processor.py:925} INFO - DAG(s) 'example_weekday_branch_operator' retrieved from /home/airflow/.local/lib/python3.12/site-packages/airflow/example_dags/example_branch_day_of_week_operator.py
[2024-09-02T01:40:56.992+0000] {logging_mixin.py:190} INFO - [2024-09-02T01:40:56.992+0000] {dag.py:3211} INFO - Sync 1 DAGs
[2024-09-02T01:40:57.005+0000] {logging_mixin.py:190} INFO - [2024-09-02T01:40:57.005+0000] {dag.py:4138} INFO - Setting next_dagrun for example_weekday_branch_operator to 2024-09-01 00:00:00+00:00, run_after=2024-09-02 00:00:00+00:00
[2024-09-02T01:40:57.017+0000] {processor.py:208} INFO - Processing /home/airflow/.local/lib/python3.12/site-packages/airflow/example_dags/example_branch_day_of_week_operator.py took 0.055 seconds
[2024-09-02T01:41:27.834+0000] {processor.py:186} INFO - Started process (PID=1528) to work on /home/airflow/.local/lib/python3.12/site-packages/airflow/example_dags/example_branch_day_of_week_operator.py
[2024-09-02T01:41:27.835+0000] {processor.py:914} INFO - Processing file /home/airflow/.local/lib/python3.12/site-packages/airflow/example_dags/example_branch_day_of_week_operator.py for tasks to queue
[2024-09-02T01:41:27.837+0000] {logging_mixin.py:190} INFO - [2024-09-02T01:41:27.837+0000] {dagbag.py:587} INFO - Filling up the DagBag from /home/airflow/.local/lib/python3.12/site-packages/airflow/example_dags/example_branch_day_of_week_operator.py
[2024-09-02T01:41:27.843+0000] {processor.py:925} INFO - DAG(s) 'example_weekday_branch_operator' retrieved from /home/airflow/.local/lib/python3.12/site-packages/airflow/example_dags/example_branch_day_of_week_operator.py
[2024-09-02T01:41:27.857+0000] {logging_mixin.py:190} INFO - [2024-09-02T01:41:27.857+0000] {dag.py:3211} INFO - Sync 1 DAGs
[2024-09-02T01:41:27.869+0000] {logging_mixin.py:190} INFO - [2024-09-02T01:41:27.869+0000] {dag.py:4138} INFO - Setting next_dagrun for example_weekday_branch_operator to 2024-09-01 00:00:00+00:00, run_after=2024-09-02 00:00:00+00:00
[2024-09-02T01:41:27.878+0000] {processor.py:208} INFO - Processing /home/airflow/.local/lib/python3.12/site-packages/airflow/example_dags/example_branch_day_of_week_operator.py took 0.048 seconds
[2024-09-02T01:41:58.917+0000] {processor.py:186} INFO - Started process (PID=1857) to work on /home/airflow/.local/lib/python3.12/site-packages/airflow/example_dags/example_branch_day_of_week_operator.py
[2024-09-02T01:41:58.919+0000] {processor.py:914} INFO - Processing file /home/airflow/.local/lib/python3.12/site-packages/airflow/example_dags/example_branch_day_of_week_operator.py for tasks to queue
[2024-09-02T01:41:58.921+0000] {logging_mixin.py:190} INFO - [2024-09-02T01:41:58.921+0000] {dagbag.py:587} INFO - Filling up the DagBag from /home/airflow/.local/lib/python3.12/site-packages/airflow/example_dags/example_branch_day_of_week_operator.py
[2024-09-02T01:41:58.931+0000] {processor.py:925} INFO - DAG(s) 'example_weekday_branch_operator' retrieved from /home/airflow/.local/lib/python3.12/site-packages/airflow/example_dags/example_branch_day_of_week_operator.py
[2024-09-02T01:41:58.953+0000] {logging_mixin.py:190} INFO - [2024-09-02T01:41:58.952+0000] {dag.py:3211} INFO - Sync 1 DAGs
[2024-09-02T01:41:58.970+0000] {logging_mixin.py:190} INFO - [2024-09-02T01:41:58.970+0000] {dag.py:4138} INFO - Setting next_dagrun for example_weekday_branch_operator to 2024-09-01 00:00:00+00:00, run_after=2024-09-02 00:00:00+00:00
[2024-09-02T01:41:58.982+0000] {processor.py:208} INFO - Processing /home/airflow/.local/lib/python3.12/site-packages/airflow/example_dags/example_branch_day_of_week_operator.py took 0.070 seconds
[2024-09-02T01:42:29.945+0000] {processor.py:186} INFO - Started process (PID=2140) to work on /home/airflow/.local/lib/python3.12/site-packages/airflow/example_dags/example_branch_day_of_week_operator.py
[2024-09-02T01:42:29.947+0000] {processor.py:914} INFO - Processing file /home/airflow/.local/lib/python3.12/site-packages/airflow/example_dags/example_branch_day_of_week_operator.py for tasks to queue
[2024-09-02T01:42:29.949+0000] {logging_mixin.py:190} INFO - [2024-09-02T01:42:29.949+0000] {dagbag.py:587} INFO - Filling up the DagBag from /home/airflow/.local/lib/python3.12/site-packages/airflow/example_dags/example_branch_day_of_week_operator.py
[2024-09-02T01:42:29.956+0000] {processor.py:925} INFO - DAG(s) 'example_weekday_branch_operator' retrieved from /home/airflow/.local/lib/python3.12/site-packages/airflow/example_dags/example_branch_day_of_week_operator.py
[2024-09-02T01:42:29.970+0000] {logging_mixin.py:190} INFO - [2024-09-02T01:42:29.970+0000] {dag.py:3211} INFO - Sync 1 DAGs
[2024-09-02T01:42:29.984+0000] {logging_mixin.py:190} INFO - [2024-09-02T01:42:29.984+0000] {dag.py:4138} INFO - Setting next_dagrun for example_weekday_branch_operator to 2024-09-01 00:00:00+00:00, run_after=2024-09-02 00:00:00+00:00
[2024-09-02T01:42:29.996+0000] {processor.py:208} INFO - Processing /home/airflow/.local/lib/python3.12/site-packages/airflow/example_dags/example_branch_day_of_week_operator.py took 0.055 seconds
[2024-09-02T01:43:01.345+0000] {processor.py:186} INFO - Started process (PID=2426) to work on /home/airflow/.local/lib/python3.12/site-packages/airflow/example_dags/example_branch_day_of_week_operator.py
[2024-09-02T01:43:01.347+0000] {processor.py:914} INFO - Processing file /home/airflow/.local/lib/python3.12/site-packages/airflow/example_dags/example_branch_day_of_week_operator.py for tasks to queue
[2024-09-02T01:43:01.349+0000] {logging_mixin.py:190} INFO - [2024-09-02T01:43:01.348+0000] {dagbag.py:587} INFO - Filling up the DagBag from /home/airflow/.local/lib/python3.12/site-packages/airflow/example_dags/example_branch_day_of_week_operator.py
[2024-09-02T01:43:01.356+0000] {processor.py:925} INFO - DAG(s) 'example_weekday_branch_operator' retrieved from /home/airflow/.local/lib/python3.12/site-packages/airflow/example_dags/example_branch_day_of_week_operator.py
[2024-09-02T01:43:01.372+0000] {logging_mixin.py:190} INFO - [2024-09-02T01:43:01.372+0000] {dag.py:3211} INFO - Sync 1 DAGs
[2024-09-02T01:43:01.387+0000] {logging_mixin.py:190} INFO - [2024-09-02T01:43:01.387+0000] {dag.py:4138} INFO - Setting next_dagrun for example_weekday_branch_operator to 2024-09-01 00:00:00+00:00, run_after=2024-09-02 00:00:00+00:00
[2024-09-02T01:43:01.401+0000] {processor.py:208} INFO - Processing /home/airflow/.local/lib/python3.12/site-packages/airflow/example_dags/example_branch_day_of_week_operator.py took 0.060 seconds
[2024-09-02T01:43:31.593+0000] {processor.py:186} INFO - Started process (PID=2714) to work on /home/airflow/.local/lib/python3.12/site-packages/airflow/example_dags/example_branch_day_of_week_operator.py
[2024-09-02T01:43:31.595+0000] {processor.py:914} INFO - Processing file /home/airflow/.local/lib/python3.12/site-packages/airflow/example_dags/example_branch_day_of_week_operator.py for tasks to queue
[2024-09-02T01:43:31.597+0000] {logging_mixin.py:190} INFO - [2024-09-02T01:43:31.597+0000] {dagbag.py:587} INFO - Filling up the DagBag from /home/airflow/.local/lib/python3.12/site-packages/airflow/example_dags/example_branch_day_of_week_operator.py
[2024-09-02T01:43:31.603+0000] {processor.py:925} INFO - DAG(s) 'example_weekday_branch_operator' retrieved from /home/airflow/.local/lib/python3.12/site-packages/airflow/example_dags/example_branch_day_of_week_operator.py
[2024-09-02T01:43:31.621+0000] {logging_mixin.py:190} INFO - [2024-09-02T01:43:31.621+0000] {dag.py:3211} INFO - Sync 1 DAGs
[2024-09-02T01:43:31.635+0000] {logging_mixin.py:190} INFO - [2024-09-02T01:43:31.635+0000] {dag.py:4138} INFO - Setting next_dagrun for example_weekday_branch_operator to 2024-09-01 00:00:00+00:00, run_after=2024-09-02 00:00:00+00:00
[2024-09-02T01:43:31.654+0000] {processor.py:208} INFO - Processing /home/airflow/.local/lib/python3.12/site-packages/airflow/example_dags/example_branch_day_of_week_operator.py took 0.064 seconds
[2024-09-02T01:44:02.524+0000] {processor.py:186} INFO - Started process (PID=3001) to work on /home/airflow/.local/lib/python3.12/site-packages/airflow/example_dags/example_branch_day_of_week_operator.py
[2024-09-02T01:44:02.525+0000] {processor.py:914} INFO - Processing file /home/airflow/.local/lib/python3.12/site-packages/airflow/example_dags/example_branch_day_of_week_operator.py for tasks to queue
[2024-09-02T01:44:02.527+0000] {logging_mixin.py:190} INFO - [2024-09-02T01:44:02.527+0000] {dagbag.py:587} INFO - Filling up the DagBag from /home/airflow/.local/lib/python3.12/site-packages/airflow/example_dags/example_branch_day_of_week_operator.py
[2024-09-02T01:44:02.533+0000] {processor.py:925} INFO - DAG(s) 'example_weekday_branch_operator' retrieved from /home/airflow/.local/lib/python3.12/site-packages/airflow/example_dags/example_branch_day_of_week_operator.py
[2024-09-02T01:44:02.546+0000] {logging_mixin.py:190} INFO - [2024-09-02T01:44:02.546+0000] {dag.py:3211} INFO - Sync 1 DAGs
[2024-09-02T01:44:02.559+0000] {logging_mixin.py:190} INFO - [2024-09-02T01:44:02.559+0000] {dag.py:4138} INFO - Setting next_dagrun for example_weekday_branch_operator to 2024-09-01 00:00:00+00:00, run_after=2024-09-02 00:00:00+00:00
[2024-09-02T01:44:02.568+0000] {processor.py:208} INFO - Processing /home/airflow/.local/lib/python3.12/site-packages/airflow/example_dags/example_branch_day_of_week_operator.py took 0.048 seconds
[2024-09-02T01:44:33.030+0000] {processor.py:186} INFO - Started process (PID=3285) to work on /home/airflow/.local/lib/python3.12/site-packages/airflow/example_dags/example_branch_day_of_week_operator.py
[2024-09-02T01:44:33.032+0000] {processor.py:914} INFO - Processing file /home/airflow/.local/lib/python3.12/site-packages/airflow/example_dags/example_branch_day_of_week_operator.py for tasks to queue
[2024-09-02T01:44:33.034+0000] {logging_mixin.py:190} INFO - [2024-09-02T01:44:33.034+0000] {dagbag.py:587} INFO - Filling up the DagBag from /home/airflow/.local/lib/python3.12/site-packages/airflow/example_dags/example_branch_day_of_week_operator.py
[2024-09-02T01:44:33.041+0000] {processor.py:925} INFO - DAG(s) 'example_weekday_branch_operator' retrieved from /home/airflow/.local/lib/python3.12/site-packages/airflow/example_dags/example_branch_day_of_week_operator.py
[2024-09-02T01:44:33.056+0000] {logging_mixin.py:190} INFO - [2024-09-02T01:44:33.056+0000] {dag.py:3211} INFO - Sync 1 DAGs
[2024-09-02T01:44:33.073+0000] {logging_mixin.py:190} INFO - [2024-09-02T01:44:33.072+0000] {dag.py:4138} INFO - Setting next_dagrun for example_weekday_branch_operator to 2024-09-01 00:00:00+00:00, run_after=2024-09-02 00:00:00+00:00
[2024-09-02T01:44:33.084+0000] {processor.py:208} INFO - Processing /home/airflow/.local/lib/python3.12/site-packages/airflow/example_dags/example_branch_day_of_week_operator.py took 0.060 seconds
[2024-09-02T01:45:03.409+0000] {processor.py:186} INFO - Started process (PID=3571) to work on /home/airflow/.local/lib/python3.12/site-packages/airflow/example_dags/example_branch_day_of_week_operator.py
[2024-09-02T01:45:03.411+0000] {processor.py:914} INFO - Processing file /home/airflow/.local/lib/python3.12/site-packages/airflow/example_dags/example_branch_day_of_week_operator.py for tasks to queue
[2024-09-02T01:45:03.414+0000] {logging_mixin.py:190} INFO - [2024-09-02T01:45:03.414+0000] {dagbag.py:587} INFO - Filling up the DagBag from /home/airflow/.local/lib/python3.12/site-packages/airflow/example_dags/example_branch_day_of_week_operator.py
[2024-09-02T01:45:03.421+0000] {processor.py:925} INFO - DAG(s) 'example_weekday_branch_operator' retrieved from /home/airflow/.local/lib/python3.12/site-packages/airflow/example_dags/example_branch_day_of_week_operator.py
[2024-09-02T01:45:03.436+0000] {logging_mixin.py:190} INFO - [2024-09-02T01:45:03.436+0000] {dag.py:3211} INFO - Sync 1 DAGs
[2024-09-02T01:45:03.452+0000] {logging_mixin.py:190} INFO - [2024-09-02T01:45:03.452+0000] {dag.py:4138} INFO - Setting next_dagrun for example_weekday_branch_operator to 2024-09-01 00:00:00+00:00, run_after=2024-09-02 00:00:00+00:00
[2024-09-02T01:45:03.463+0000] {processor.py:208} INFO - Processing /home/airflow/.local/lib/python3.12/site-packages/airflow/example_dags/example_branch_day_of_week_operator.py took 0.057 seconds
[2024-09-02T01:54:42.187+0000] {processor.py:186} INFO - Started process (PID=379) to work on /home/airflow/.local/lib/python3.12/site-packages/airflow/example_dags/example_branch_day_of_week_operator.py
[2024-09-02T01:54:42.190+0000] {processor.py:914} INFO - Processing file /home/airflow/.local/lib/python3.12/site-packages/airflow/example_dags/example_branch_day_of_week_operator.py for tasks to queue
[2024-09-02T01:54:42.199+0000] {logging_mixin.py:190} INFO - [2024-09-02T01:54:42.196+0000] {dagbag.py:587} INFO - Filling up the DagBag from /home/airflow/.local/lib/python3.12/site-packages/airflow/example_dags/example_branch_day_of_week_operator.py
[2024-09-02T01:54:42.220+0000] {processor.py:925} INFO - DAG(s) 'example_weekday_branch_operator' retrieved from /home/airflow/.local/lib/python3.12/site-packages/airflow/example_dags/example_branch_day_of_week_operator.py
[2024-09-02T01:54:42.263+0000] {logging_mixin.py:190} INFO - [2024-09-02T01:54:42.263+0000] {dag.py:3211} INFO - Sync 1 DAGs
[2024-09-02T01:54:42.285+0000] {logging_mixin.py:190} INFO - [2024-09-02T01:54:42.285+0000] {dag.py:4138} INFO - Setting next_dagrun for example_weekday_branch_operator to 2024-09-01 00:00:00+00:00, run_after=2024-09-02 00:00:00+00:00
[2024-09-02T01:54:42.300+0000] {processor.py:208} INFO - Processing /home/airflow/.local/lib/python3.12/site-packages/airflow/example_dags/example_branch_day_of_week_operator.py took 0.121 seconds
[2024-09-02T01:55:12.498+0000] {processor.py:186} INFO - Started process (PID=691) to work on /home/airflow/.local/lib/python3.12/site-packages/airflow/example_dags/example_branch_day_of_week_operator.py
[2024-09-02T01:55:12.500+0000] {processor.py:914} INFO - Processing file /home/airflow/.local/lib/python3.12/site-packages/airflow/example_dags/example_branch_day_of_week_operator.py for tasks to queue
[2024-09-02T01:55:12.511+0000] {logging_mixin.py:190} INFO - [2024-09-02T01:55:12.510+0000] {dagbag.py:587} INFO - Filling up the DagBag from /home/airflow/.local/lib/python3.12/site-packages/airflow/example_dags/example_branch_day_of_week_operator.py
[2024-09-02T01:55:12.531+0000] {processor.py:925} INFO - DAG(s) 'example_weekday_branch_operator' retrieved from /home/airflow/.local/lib/python3.12/site-packages/airflow/example_dags/example_branch_day_of_week_operator.py
[2024-09-02T01:55:12.554+0000] {logging_mixin.py:190} INFO - [2024-09-02T01:55:12.554+0000] {dag.py:3211} INFO - Sync 1 DAGs
[2024-09-02T01:55:12.573+0000] {logging_mixin.py:190} INFO - [2024-09-02T01:55:12.573+0000] {dag.py:4138} INFO - Setting next_dagrun for example_weekday_branch_operator to 2024-09-01 00:00:00+00:00, run_after=2024-09-02 00:00:00+00:00
[2024-09-02T01:55:12.587+0000] {processor.py:208} INFO - Processing /home/airflow/.local/lib/python3.12/site-packages/airflow/example_dags/example_branch_day_of_week_operator.py took 0.092 seconds
[2024-09-02T01:55:43.151+0000] {processor.py:186} INFO - Started process (PID=977) to work on /home/airflow/.local/lib/python3.12/site-packages/airflow/example_dags/example_branch_day_of_week_operator.py
[2024-09-02T01:55:43.153+0000] {processor.py:914} INFO - Processing file /home/airflow/.local/lib/python3.12/site-packages/airflow/example_dags/example_branch_day_of_week_operator.py for tasks to queue
[2024-09-02T01:55:43.156+0000] {logging_mixin.py:190} INFO - [2024-09-02T01:55:43.155+0000] {dagbag.py:587} INFO - Filling up the DagBag from /home/airflow/.local/lib/python3.12/site-packages/airflow/example_dags/example_branch_day_of_week_operator.py
[2024-09-02T01:55:43.163+0000] {processor.py:925} INFO - DAG(s) 'example_weekday_branch_operator' retrieved from /home/airflow/.local/lib/python3.12/site-packages/airflow/example_dags/example_branch_day_of_week_operator.py
[2024-09-02T01:55:43.180+0000] {logging_mixin.py:190} INFO - [2024-09-02T01:55:43.180+0000] {dag.py:3211} INFO - Sync 1 DAGs
[2024-09-02T01:55:43.196+0000] {logging_mixin.py:190} INFO - [2024-09-02T01:55:43.196+0000] {dag.py:4138} INFO - Setting next_dagrun for example_weekday_branch_operator to 2024-09-01 00:00:00+00:00, run_after=2024-09-02 00:00:00+00:00
[2024-09-02T01:55:43.208+0000] {processor.py:208} INFO - Processing /home/airflow/.local/lib/python3.12/site-packages/airflow/example_dags/example_branch_day_of_week_operator.py took 0.062 seconds
[2024-09-02T01:56:13.374+0000] {processor.py:186} INFO - Started process (PID=1263) to work on /home/airflow/.local/lib/python3.12/site-packages/airflow/example_dags/example_branch_day_of_week_operator.py
[2024-09-02T01:56:13.376+0000] {processor.py:914} INFO - Processing file /home/airflow/.local/lib/python3.12/site-packages/airflow/example_dags/example_branch_day_of_week_operator.py for tasks to queue
[2024-09-02T01:56:13.378+0000] {logging_mixin.py:190} INFO - [2024-09-02T01:56:13.378+0000] {dagbag.py:587} INFO - Filling up the DagBag from /home/airflow/.local/lib/python3.12/site-packages/airflow/example_dags/example_branch_day_of_week_operator.py
[2024-09-02T01:56:13.384+0000] {processor.py:925} INFO - DAG(s) 'example_weekday_branch_operator' retrieved from /home/airflow/.local/lib/python3.12/site-packages/airflow/example_dags/example_branch_day_of_week_operator.py
[2024-09-02T01:56:13.397+0000] {logging_mixin.py:190} INFO - [2024-09-02T01:56:13.397+0000] {dag.py:3211} INFO - Sync 1 DAGs
[2024-09-02T01:56:13.413+0000] {logging_mixin.py:190} INFO - [2024-09-02T01:56:13.413+0000] {dag.py:4138} INFO - Setting next_dagrun for example_weekday_branch_operator to 2024-09-01 00:00:00+00:00, run_after=2024-09-02 00:00:00+00:00
[2024-09-02T01:56:13.429+0000] {processor.py:208} INFO - Processing /home/airflow/.local/lib/python3.12/site-packages/airflow/example_dags/example_branch_day_of_week_operator.py took 0.058 seconds
[2024-09-02T01:56:43.577+0000] {processor.py:186} INFO - Started process (PID=1553) to work on /home/airflow/.local/lib/python3.12/site-packages/airflow/example_dags/example_branch_day_of_week_operator.py
[2024-09-02T01:56:43.579+0000] {processor.py:914} INFO - Processing file /home/airflow/.local/lib/python3.12/site-packages/airflow/example_dags/example_branch_day_of_week_operator.py for tasks to queue
[2024-09-02T01:56:43.581+0000] {logging_mixin.py:190} INFO - [2024-09-02T01:56:43.581+0000] {dagbag.py:587} INFO - Filling up the DagBag from /home/airflow/.local/lib/python3.12/site-packages/airflow/example_dags/example_branch_day_of_week_operator.py
[2024-09-02T01:56:43.587+0000] {processor.py:925} INFO - DAG(s) 'example_weekday_branch_operator' retrieved from /home/airflow/.local/lib/python3.12/site-packages/airflow/example_dags/example_branch_day_of_week_operator.py
[2024-09-02T01:56:43.601+0000] {logging_mixin.py:190} INFO - [2024-09-02T01:56:43.600+0000] {dag.py:3211} INFO - Sync 1 DAGs
[2024-09-02T01:56:43.613+0000] {logging_mixin.py:190} INFO - [2024-09-02T01:56:43.613+0000] {dag.py:4138} INFO - Setting next_dagrun for example_weekday_branch_operator to 2024-09-01 00:00:00+00:00, run_after=2024-09-02 00:00:00+00:00
[2024-09-02T01:56:43.623+0000] {processor.py:208} INFO - Processing /home/airflow/.local/lib/python3.12/site-packages/airflow/example_dags/example_branch_day_of_week_operator.py took 0.049 seconds
[2024-09-02T01:57:14.254+0000] {processor.py:186} INFO - Started process (PID=1839) to work on /home/airflow/.local/lib/python3.12/site-packages/airflow/example_dags/example_branch_day_of_week_operator.py
[2024-09-02T01:57:14.255+0000] {processor.py:914} INFO - Processing file /home/airflow/.local/lib/python3.12/site-packages/airflow/example_dags/example_branch_day_of_week_operator.py for tasks to queue
[2024-09-02T01:57:14.257+0000] {logging_mixin.py:190} INFO - [2024-09-02T01:57:14.257+0000] {dagbag.py:587} INFO - Filling up the DagBag from /home/airflow/.local/lib/python3.12/site-packages/airflow/example_dags/example_branch_day_of_week_operator.py
[2024-09-02T01:57:14.263+0000] {processor.py:925} INFO - DAG(s) 'example_weekday_branch_operator' retrieved from /home/airflow/.local/lib/python3.12/site-packages/airflow/example_dags/example_branch_day_of_week_operator.py
[2024-09-02T01:57:14.277+0000] {logging_mixin.py:190} INFO - [2024-09-02T01:57:14.277+0000] {dag.py:3211} INFO - Sync 1 DAGs
[2024-09-02T01:57:14.291+0000] {logging_mixin.py:190} INFO - [2024-09-02T01:57:14.291+0000] {dag.py:4138} INFO - Setting next_dagrun for example_weekday_branch_operator to 2024-09-01 00:00:00+00:00, run_after=2024-09-02 00:00:00+00:00
[2024-09-02T01:57:14.300+0000] {processor.py:208} INFO - Processing /home/airflow/.local/lib/python3.12/site-packages/airflow/example_dags/example_branch_day_of_week_operator.py took 0.050 seconds
[2024-09-02T01:57:44.615+0000] {processor.py:186} INFO - Started process (PID=2126) to work on /home/airflow/.local/lib/python3.12/site-packages/airflow/example_dags/example_branch_day_of_week_operator.py
[2024-09-02T01:57:44.617+0000] {processor.py:914} INFO - Processing file /home/airflow/.local/lib/python3.12/site-packages/airflow/example_dags/example_branch_day_of_week_operator.py for tasks to queue
[2024-09-02T01:57:44.619+0000] {logging_mixin.py:190} INFO - [2024-09-02T01:57:44.619+0000] {dagbag.py:587} INFO - Filling up the DagBag from /home/airflow/.local/lib/python3.12/site-packages/airflow/example_dags/example_branch_day_of_week_operator.py
[2024-09-02T01:57:44.625+0000] {processor.py:925} INFO - DAG(s) 'example_weekday_branch_operator' retrieved from /home/airflow/.local/lib/python3.12/site-packages/airflow/example_dags/example_branch_day_of_week_operator.py
[2024-09-02T01:57:44.638+0000] {logging_mixin.py:190} INFO - [2024-09-02T01:57:44.637+0000] {dag.py:3211} INFO - Sync 1 DAGs
[2024-09-02T01:57:44.653+0000] {logging_mixin.py:190} INFO - [2024-09-02T01:57:44.653+0000] {dag.py:4138} INFO - Setting next_dagrun for example_weekday_branch_operator to 2024-09-01 00:00:00+00:00, run_after=2024-09-02 00:00:00+00:00
[2024-09-02T01:57:44.663+0000] {processor.py:208} INFO - Processing /home/airflow/.local/lib/python3.12/site-packages/airflow/example_dags/example_branch_day_of_week_operator.py took 0.051 seconds
[2024-09-02T01:58:15.553+0000] {processor.py:186} INFO - Started process (PID=2412) to work on /home/airflow/.local/lib/python3.12/site-packages/airflow/example_dags/example_branch_day_of_week_operator.py
[2024-09-02T01:58:15.555+0000] {processor.py:914} INFO - Processing file /home/airflow/.local/lib/python3.12/site-packages/airflow/example_dags/example_branch_day_of_week_operator.py for tasks to queue
[2024-09-02T01:58:15.557+0000] {logging_mixin.py:190} INFO - [2024-09-02T01:58:15.557+0000] {dagbag.py:587} INFO - Filling up the DagBag from /home/airflow/.local/lib/python3.12/site-packages/airflow/example_dags/example_branch_day_of_week_operator.py
[2024-09-02T01:58:15.568+0000] {processor.py:925} INFO - DAG(s) 'example_weekday_branch_operator' retrieved from /home/airflow/.local/lib/python3.12/site-packages/airflow/example_dags/example_branch_day_of_week_operator.py
[2024-09-02T01:58:15.582+0000] {logging_mixin.py:190} INFO - [2024-09-02T01:58:15.582+0000] {dag.py:3211} INFO - Sync 1 DAGs
[2024-09-02T01:58:15.594+0000] {logging_mixin.py:190} INFO - [2024-09-02T01:58:15.594+0000] {dag.py:4138} INFO - Setting next_dagrun for example_weekday_branch_operator to 2024-09-01 00:00:00+00:00, run_after=2024-09-02 00:00:00+00:00
[2024-09-02T01:58:15.605+0000] {processor.py:208} INFO - Processing /home/airflow/.local/lib/python3.12/site-packages/airflow/example_dags/example_branch_day_of_week_operator.py took 0.056 seconds
