[2024-09-02T01:39:20.512+0000] {processor.py:186} INFO - Started process (PID=181) to work on /home/airflow/.local/lib/python3.12/site-packages/airflow/example_dags/example_python_operator.py
[2024-09-02T01:39:20.514+0000] {processor.py:914} INFO - Processing file /home/airflow/.local/lib/python3.12/site-packages/airflow/example_dags/example_python_operator.py for tasks to queue
[2024-09-02T01:39:20.516+0000] {logging_mixin.py:190} INFO - [2024-09-02T01:39:20.516+0000] {dagbag.py:587} INFO - Filling up the DagBag from /home/airflow/.local/lib/python3.12/site-packages/airflow/example_dags/example_python_operator.py
[2024-09-02T01:39:20.531+0000] {processor.py:925} INFO - DAG(s) 'example_python_operator' retrieved from /home/airflow/.local/lib/python3.12/site-packages/airflow/example_dags/example_python_operator.py
[2024-09-02T01:39:20.606+0000] {logging_mixin.py:190} INFO - [2024-09-02T01:39:20.605+0000] {override.py:1858} INFO - Created Permission View: can edit on DAG:example_python_operator
[2024-09-02T01:39:20.613+0000] {logging_mixin.py:190} INFO - [2024-09-02T01:39:20.613+0000] {override.py:1858} INFO - Created Permission View: can read on DAG:example_python_operator
[2024-09-02T01:39:20.620+0000] {logging_mixin.py:190} INFO - [2024-09-02T01:39:20.619+0000] {override.py:1858} INFO - Created Permission View: can delete on DAG:example_python_operator
[2024-09-02T01:39:20.621+0000] {logging_mixin.py:190} INFO - [2024-09-02T01:39:20.621+0000] {dag.py:3211} INFO - Sync 1 DAGs
[2024-09-02T01:39:20.633+0000] {logging_mixin.py:190} INFO - [2024-09-02T01:39:20.633+0000] {dag.py:3234} INFO - Creating ORM DAG for example_python_operator
[2024-09-02T01:39:20.637+0000] {logging_mixin.py:190} INFO - [2024-09-02T01:39:20.636+0000] {dag.py:4138} INFO - Setting next_dagrun for example_python_operator to None, run_after=None
[2024-09-02T01:39:20.654+0000] {processor.py:208} INFO - Processing /home/airflow/.local/lib/python3.12/site-packages/airflow/example_dags/example_python_operator.py took 0.146 seconds
[2024-09-02T01:39:51.316+0000] {processor.py:186} INFO - Started process (PID=469) to work on /home/airflow/.local/lib/python3.12/site-packages/airflow/example_dags/example_python_operator.py
[2024-09-02T01:39:51.317+0000] {processor.py:914} INFO - Processing file /home/airflow/.local/lib/python3.12/site-packages/airflow/example_dags/example_python_operator.py for tasks to queue
[2024-09-02T01:39:51.319+0000] {logging_mixin.py:190} INFO - [2024-09-02T01:39:51.318+0000] {dagbag.py:587} INFO - Filling up the DagBag from /home/airflow/.local/lib/python3.12/site-packages/airflow/example_dags/example_python_operator.py
[2024-09-02T01:39:51.326+0000] {processor.py:925} INFO - DAG(s) 'example_python_operator' retrieved from /home/airflow/.local/lib/python3.12/site-packages/airflow/example_dags/example_python_operator.py
[2024-09-02T01:39:51.341+0000] {logging_mixin.py:190} INFO - [2024-09-02T01:39:51.340+0000] {dag.py:3211} INFO - Sync 1 DAGs
[2024-09-02T01:39:51.348+0000] {logging_mixin.py:190} INFO - [2024-09-02T01:39:51.348+0000] {dag.py:4138} INFO - Setting next_dagrun for example_python_operator to None, run_after=None
[2024-09-02T01:39:51.357+0000] {processor.py:208} INFO - Processing /home/airflow/.local/lib/python3.12/site-packages/airflow/example_dags/example_python_operator.py took 0.045 seconds
[2024-09-02T01:40:22.462+0000] {processor.py:186} INFO - Started process (PID=755) to work on /home/airflow/.local/lib/python3.12/site-packages/airflow/example_dags/example_python_operator.py
[2024-09-02T01:40:22.463+0000] {processor.py:914} INFO - Processing file /home/airflow/.local/lib/python3.12/site-packages/airflow/example_dags/example_python_operator.py for tasks to queue
[2024-09-02T01:40:22.466+0000] {logging_mixin.py:190} INFO - [2024-09-02T01:40:22.466+0000] {dagbag.py:587} INFO - Filling up the DagBag from /home/airflow/.local/lib/python3.12/site-packages/airflow/example_dags/example_python_operator.py
[2024-09-02T01:40:22.476+0000] {processor.py:925} INFO - DAG(s) 'example_python_operator' retrieved from /home/airflow/.local/lib/python3.12/site-packages/airflow/example_dags/example_python_operator.py
[2024-09-02T01:40:22.492+0000] {logging_mixin.py:190} INFO - [2024-09-02T01:40:22.492+0000] {dag.py:3211} INFO - Sync 1 DAGs
[2024-09-02T01:40:22.501+0000] {logging_mixin.py:190} INFO - [2024-09-02T01:40:22.501+0000] {dag.py:4138} INFO - Setting next_dagrun for example_python_operator to None, run_after=None
[2024-09-02T01:40:22.512+0000] {processor.py:208} INFO - Processing /home/airflow/.local/lib/python3.12/site-packages/airflow/example_dags/example_python_operator.py took 0.054 seconds
[2024-09-02T01:40:53.180+0000] {processor.py:186} INFO - Started process (PID=1041) to work on /home/airflow/.local/lib/python3.12/site-packages/airflow/example_dags/example_python_operator.py
[2024-09-02T01:40:53.182+0000] {processor.py:914} INFO - Processing file /home/airflow/.local/lib/python3.12/site-packages/airflow/example_dags/example_python_operator.py for tasks to queue
[2024-09-02T01:40:53.185+0000] {logging_mixin.py:190} INFO - [2024-09-02T01:40:53.184+0000] {dagbag.py:587} INFO - Filling up the DagBag from /home/airflow/.local/lib/python3.12/site-packages/airflow/example_dags/example_python_operator.py
[2024-09-02T01:40:53.205+0000] {processor.py:925} INFO - DAG(s) 'example_python_operator' retrieved from /home/airflow/.local/lib/python3.12/site-packages/airflow/example_dags/example_python_operator.py
[2024-09-02T01:40:53.220+0000] {logging_mixin.py:190} INFO - [2024-09-02T01:40:53.220+0000] {dag.py:3211} INFO - Sync 1 DAGs
[2024-09-02T01:40:53.229+0000] {logging_mixin.py:190} INFO - [2024-09-02T01:40:53.229+0000] {dag.py:4138} INFO - Setting next_dagrun for example_python_operator to None, run_after=None
[2024-09-02T01:40:53.242+0000] {processor.py:208} INFO - Processing /home/airflow/.local/lib/python3.12/site-packages/airflow/example_dags/example_python_operator.py took 0.065 seconds
[2024-09-02T01:41:24.399+0000] {processor.py:186} INFO - Started process (PID=1356) to work on /home/airflow/.local/lib/python3.12/site-packages/airflow/example_dags/example_python_operator.py
[2024-09-02T01:41:24.400+0000] {processor.py:914} INFO - Processing file /home/airflow/.local/lib/python3.12/site-packages/airflow/example_dags/example_python_operator.py for tasks to queue
[2024-09-02T01:41:24.402+0000] {logging_mixin.py:190} INFO - [2024-09-02T01:41:24.402+0000] {dagbag.py:587} INFO - Filling up the DagBag from /home/airflow/.local/lib/python3.12/site-packages/airflow/example_dags/example_python_operator.py
[2024-09-02T01:41:24.412+0000] {processor.py:925} INFO - DAG(s) 'example_python_operator' retrieved from /home/airflow/.local/lib/python3.12/site-packages/airflow/example_dags/example_python_operator.py
[2024-09-02T01:41:24.434+0000] {logging_mixin.py:190} INFO - [2024-09-02T01:41:24.433+0000] {dag.py:3211} INFO - Sync 1 DAGs
[2024-09-02T01:41:24.455+0000] {logging_mixin.py:190} INFO - [2024-09-02T01:41:24.455+0000] {dag.py:4138} INFO - Setting next_dagrun for example_python_operator to None, run_after=None
[2024-09-02T01:41:24.469+0000] {processor.py:208} INFO - Processing /home/airflow/.local/lib/python3.12/site-packages/airflow/example_dags/example_python_operator.py took 0.075 seconds
[2024-09-02T01:41:54.676+0000] {processor.py:186} INFO - Started process (PID=1686) to work on /home/airflow/.local/lib/python3.12/site-packages/airflow/example_dags/example_python_operator.py
[2024-09-02T01:41:54.679+0000] {processor.py:914} INFO - Processing file /home/airflow/.local/lib/python3.12/site-packages/airflow/example_dags/example_python_operator.py for tasks to queue
[2024-09-02T01:41:54.681+0000] {logging_mixin.py:190} INFO - [2024-09-02T01:41:54.681+0000] {dagbag.py:587} INFO - Filling up the DagBag from /home/airflow/.local/lib/python3.12/site-packages/airflow/example_dags/example_python_operator.py
[2024-09-02T01:41:54.690+0000] {processor.py:925} INFO - DAG(s) 'example_python_operator' retrieved from /home/airflow/.local/lib/python3.12/site-packages/airflow/example_dags/example_python_operator.py
[2024-09-02T01:41:54.707+0000] {logging_mixin.py:190} INFO - [2024-09-02T01:41:54.706+0000] {dag.py:3211} INFO - Sync 1 DAGs
[2024-09-02T01:41:54.717+0000] {logging_mixin.py:190} INFO - [2024-09-02T01:41:54.716+0000] {dag.py:4138} INFO - Setting next_dagrun for example_python_operator to None, run_after=None
[2024-09-02T01:41:54.729+0000] {processor.py:208} INFO - Processing /home/airflow/.local/lib/python3.12/site-packages/airflow/example_dags/example_python_operator.py took 0.058 seconds
[2024-09-02T01:42:25.815+0000] {processor.py:186} INFO - Started process (PID=1972) to work on /home/airflow/.local/lib/python3.12/site-packages/airflow/example_dags/example_python_operator.py
[2024-09-02T01:42:25.817+0000] {processor.py:914} INFO - Processing file /home/airflow/.local/lib/python3.12/site-packages/airflow/example_dags/example_python_operator.py for tasks to queue
[2024-09-02T01:42:25.819+0000] {logging_mixin.py:190} INFO - [2024-09-02T01:42:25.819+0000] {dagbag.py:587} INFO - Filling up the DagBag from /home/airflow/.local/lib/python3.12/site-packages/airflow/example_dags/example_python_operator.py
[2024-09-02T01:42:25.831+0000] {processor.py:925} INFO - DAG(s) 'example_python_operator' retrieved from /home/airflow/.local/lib/python3.12/site-packages/airflow/example_dags/example_python_operator.py
[2024-09-02T01:42:25.854+0000] {logging_mixin.py:190} INFO - [2024-09-02T01:42:25.854+0000] {dag.py:3211} INFO - Sync 1 DAGs
[2024-09-02T01:42:25.863+0000] {logging_mixin.py:190} INFO - [2024-09-02T01:42:25.863+0000] {dag.py:4138} INFO - Setting next_dagrun for example_python_operator to None, run_after=None
[2024-09-02T01:42:25.875+0000] {processor.py:208} INFO - Processing /home/airflow/.local/lib/python3.12/site-packages/airflow/example_dags/example_python_operator.py took 0.064 seconds
[2024-09-02T01:42:56.856+0000] {processor.py:186} INFO - Started process (PID=2258) to work on /home/airflow/.local/lib/python3.12/site-packages/airflow/example_dags/example_python_operator.py
[2024-09-02T01:42:56.858+0000] {processor.py:914} INFO - Processing file /home/airflow/.local/lib/python3.12/site-packages/airflow/example_dags/example_python_operator.py for tasks to queue
[2024-09-02T01:42:56.861+0000] {logging_mixin.py:190} INFO - [2024-09-02T01:42:56.860+0000] {dagbag.py:587} INFO - Filling up the DagBag from /home/airflow/.local/lib/python3.12/site-packages/airflow/example_dags/example_python_operator.py
[2024-09-02T01:42:56.874+0000] {processor.py:925} INFO - DAG(s) 'example_python_operator' retrieved from /home/airflow/.local/lib/python3.12/site-packages/airflow/example_dags/example_python_operator.py
[2024-09-02T01:42:56.889+0000] {logging_mixin.py:190} INFO - [2024-09-02T01:42:56.888+0000] {dag.py:3211} INFO - Sync 1 DAGs
[2024-09-02T01:42:56.897+0000] {logging_mixin.py:190} INFO - [2024-09-02T01:42:56.897+0000] {dag.py:4138} INFO - Setting next_dagrun for example_python_operator to None, run_after=None
[2024-09-02T01:42:56.907+0000] {processor.py:208} INFO - Processing /home/airflow/.local/lib/python3.12/site-packages/airflow/example_dags/example_python_operator.py took 0.055 seconds
[2024-09-02T01:43:27.585+0000] {processor.py:186} INFO - Started process (PID=2544) to work on /home/airflow/.local/lib/python3.12/site-packages/airflow/example_dags/example_python_operator.py
[2024-09-02T01:43:27.587+0000] {processor.py:914} INFO - Processing file /home/airflow/.local/lib/python3.12/site-packages/airflow/example_dags/example_python_operator.py for tasks to queue
[2024-09-02T01:43:27.589+0000] {logging_mixin.py:190} INFO - [2024-09-02T01:43:27.588+0000] {dagbag.py:587} INFO - Filling up the DagBag from /home/airflow/.local/lib/python3.12/site-packages/airflow/example_dags/example_python_operator.py
[2024-09-02T01:43:27.597+0000] {processor.py:925} INFO - DAG(s) 'example_python_operator' retrieved from /home/airflow/.local/lib/python3.12/site-packages/airflow/example_dags/example_python_operator.py
[2024-09-02T01:43:27.610+0000] {logging_mixin.py:190} INFO - [2024-09-02T01:43:27.610+0000] {dag.py:3211} INFO - Sync 1 DAGs
[2024-09-02T01:43:27.619+0000] {logging_mixin.py:190} INFO - [2024-09-02T01:43:27.618+0000] {dag.py:4138} INFO - Setting next_dagrun for example_python_operator to None, run_after=None
[2024-09-02T01:43:27.636+0000] {processor.py:208} INFO - Processing /home/airflow/.local/lib/python3.12/site-packages/airflow/example_dags/example_python_operator.py took 0.056 seconds
[2024-09-02T01:43:58.628+0000] {processor.py:186} INFO - Started process (PID=2831) to work on /home/airflow/.local/lib/python3.12/site-packages/airflow/example_dags/example_python_operator.py
[2024-09-02T01:43:58.630+0000] {processor.py:914} INFO - Processing file /home/airflow/.local/lib/python3.12/site-packages/airflow/example_dags/example_python_operator.py for tasks to queue
[2024-09-02T01:43:58.633+0000] {logging_mixin.py:190} INFO - [2024-09-02T01:43:58.632+0000] {dagbag.py:587} INFO - Filling up the DagBag from /home/airflow/.local/lib/python3.12/site-packages/airflow/example_dags/example_python_operator.py
[2024-09-02T01:43:58.642+0000] {processor.py:925} INFO - DAG(s) 'example_python_operator' retrieved from /home/airflow/.local/lib/python3.12/site-packages/airflow/example_dags/example_python_operator.py
[2024-09-02T01:43:58.656+0000] {logging_mixin.py:190} INFO - [2024-09-02T01:43:58.656+0000] {dag.py:3211} INFO - Sync 1 DAGs
[2024-09-02T01:43:58.665+0000] {logging_mixin.py:190} INFO - [2024-09-02T01:43:58.665+0000] {dag.py:4138} INFO - Setting next_dagrun for example_python_operator to None, run_after=None
[2024-09-02T01:43:58.676+0000] {processor.py:208} INFO - Processing /home/airflow/.local/lib/python3.12/site-packages/airflow/example_dags/example_python_operator.py took 0.051 seconds
[2024-09-02T01:44:29.274+0000] {processor.py:186} INFO - Started process (PID=3117) to work on /home/airflow/.local/lib/python3.12/site-packages/airflow/example_dags/example_python_operator.py
[2024-09-02T01:44:29.276+0000] {processor.py:914} INFO - Processing file /home/airflow/.local/lib/python3.12/site-packages/airflow/example_dags/example_python_operator.py for tasks to queue
[2024-09-02T01:44:29.279+0000] {logging_mixin.py:190} INFO - [2024-09-02T01:44:29.279+0000] {dagbag.py:587} INFO - Filling up the DagBag from /home/airflow/.local/lib/python3.12/site-packages/airflow/example_dags/example_python_operator.py
[2024-09-02T01:44:29.289+0000] {processor.py:925} INFO - DAG(s) 'example_python_operator' retrieved from /home/airflow/.local/lib/python3.12/site-packages/airflow/example_dags/example_python_operator.py
[2024-09-02T01:44:29.305+0000] {logging_mixin.py:190} INFO - [2024-09-02T01:44:29.305+0000] {dag.py:3211} INFO - Sync 1 DAGs
[2024-09-02T01:44:29.314+0000] {logging_mixin.py:190} INFO - [2024-09-02T01:44:29.314+0000] {dag.py:4138} INFO - Setting next_dagrun for example_python_operator to None, run_after=None
[2024-09-02T01:44:29.325+0000] {processor.py:208} INFO - Processing /home/airflow/.local/lib/python3.12/site-packages/airflow/example_dags/example_python_operator.py took 0.055 seconds
[2024-09-02T01:44:59.625+0000] {processor.py:186} INFO - Started process (PID=3403) to work on /home/airflow/.local/lib/python3.12/site-packages/airflow/example_dags/example_python_operator.py
[2024-09-02T01:44:59.626+0000] {processor.py:914} INFO - Processing file /home/airflow/.local/lib/python3.12/site-packages/airflow/example_dags/example_python_operator.py for tasks to queue
[2024-09-02T01:44:59.628+0000] {logging_mixin.py:190} INFO - [2024-09-02T01:44:59.628+0000] {dagbag.py:587} INFO - Filling up the DagBag from /home/airflow/.local/lib/python3.12/site-packages/airflow/example_dags/example_python_operator.py
[2024-09-02T01:44:59.636+0000] {processor.py:925} INFO - DAG(s) 'example_python_operator' retrieved from /home/airflow/.local/lib/python3.12/site-packages/airflow/example_dags/example_python_operator.py
[2024-09-02T01:44:59.653+0000] {logging_mixin.py:190} INFO - [2024-09-02T01:44:59.653+0000] {dag.py:3211} INFO - Sync 1 DAGs
[2024-09-02T01:44:59.663+0000] {logging_mixin.py:190} INFO - [2024-09-02T01:44:59.663+0000] {dag.py:4138} INFO - Setting next_dagrun for example_python_operator to None, run_after=None
[2024-09-02T01:44:59.672+0000] {processor.py:208} INFO - Processing /home/airflow/.local/lib/python3.12/site-packages/airflow/example_dags/example_python_operator.py took 0.051 seconds
[2024-09-02T01:54:35.964+0000] {processor.py:186} INFO - Started process (PID=181) to work on /home/airflow/.local/lib/python3.12/site-packages/airflow/example_dags/example_python_operator.py
[2024-09-02T01:54:35.966+0000] {processor.py:914} INFO - Processing file /home/airflow/.local/lib/python3.12/site-packages/airflow/example_dags/example_python_operator.py for tasks to queue
[2024-09-02T01:54:35.971+0000] {logging_mixin.py:190} INFO - [2024-09-02T01:54:35.970+0000] {dagbag.py:587} INFO - Filling up the DagBag from /home/airflow/.local/lib/python3.12/site-packages/airflow/example_dags/example_python_operator.py
[2024-09-02T01:54:35.983+0000] {processor.py:925} INFO - DAG(s) 'example_python_operator' retrieved from /home/airflow/.local/lib/python3.12/site-packages/airflow/example_dags/example_python_operator.py
[2024-09-02T01:54:36.159+0000] {logging_mixin.py:190} INFO - [2024-09-02T01:54:36.159+0000] {dag.py:3211} INFO - Sync 1 DAGs
[2024-09-02T01:54:36.185+0000] {logging_mixin.py:190} INFO - [2024-09-02T01:54:36.185+0000] {dag.py:4138} INFO - Setting next_dagrun for example_python_operator to None, run_after=None
[2024-09-02T01:54:36.315+0000] {processor.py:208} INFO - Processing /home/airflow/.local/lib/python3.12/site-packages/airflow/example_dags/example_python_operator.py took 0.355 seconds
[2024-09-02T01:55:06.635+0000] {processor.py:186} INFO - Started process (PID=523) to work on /home/airflow/.local/lib/python3.12/site-packages/airflow/example_dags/example_python_operator.py
[2024-09-02T01:55:06.637+0000] {processor.py:914} INFO - Processing file /home/airflow/.local/lib/python3.12/site-packages/airflow/example_dags/example_python_operator.py for tasks to queue
[2024-09-02T01:55:06.639+0000] {logging_mixin.py:190} INFO - [2024-09-02T01:55:06.639+0000] {dagbag.py:587} INFO - Filling up the DagBag from /home/airflow/.local/lib/python3.12/site-packages/airflow/example_dags/example_python_operator.py
[2024-09-02T01:55:06.648+0000] {processor.py:925} INFO - DAG(s) 'example_python_operator' retrieved from /home/airflow/.local/lib/python3.12/site-packages/airflow/example_dags/example_python_operator.py
[2024-09-02T01:55:06.662+0000] {logging_mixin.py:190} INFO - [2024-09-02T01:55:06.662+0000] {dag.py:3211} INFO - Sync 1 DAGs
[2024-09-02T01:55:06.671+0000] {logging_mixin.py:190} INFO - [2024-09-02T01:55:06.671+0000] {dag.py:4138} INFO - Setting next_dagrun for example_python_operator to None, run_after=None
[2024-09-02T01:55:06.681+0000] {processor.py:208} INFO - Processing /home/airflow/.local/lib/python3.12/site-packages/airflow/example_dags/example_python_operator.py took 0.049 seconds
[2024-09-02T01:55:37.437+0000] {processor.py:186} INFO - Started process (PID=807) to work on /home/airflow/.local/lib/python3.12/site-packages/airflow/example_dags/example_python_operator.py
[2024-09-02T01:55:37.438+0000] {processor.py:914} INFO - Processing file /home/airflow/.local/lib/python3.12/site-packages/airflow/example_dags/example_python_operator.py for tasks to queue
[2024-09-02T01:55:37.441+0000] {logging_mixin.py:190} INFO - [2024-09-02T01:55:37.440+0000] {dagbag.py:587} INFO - Filling up the DagBag from /home/airflow/.local/lib/python3.12/site-packages/airflow/example_dags/example_python_operator.py
[2024-09-02T01:55:37.452+0000] {processor.py:925} INFO - DAG(s) 'example_python_operator' retrieved from /home/airflow/.local/lib/python3.12/site-packages/airflow/example_dags/example_python_operator.py
[2024-09-02T01:55:37.471+0000] {logging_mixin.py:190} INFO - [2024-09-02T01:55:37.471+0000] {dag.py:3211} INFO - Sync 1 DAGs
[2024-09-02T01:55:37.480+0000] {logging_mixin.py:190} INFO - [2024-09-02T01:55:37.480+0000] {dag.py:4138} INFO - Setting next_dagrun for example_python_operator to None, run_after=None
[2024-09-02T01:55:37.492+0000] {processor.py:208} INFO - Processing /home/airflow/.local/lib/python3.12/site-packages/airflow/example_dags/example_python_operator.py took 0.060 seconds
[2024-09-02T01:56:07.743+0000] {processor.py:186} INFO - Started process (PID=1095) to work on /home/airflow/.local/lib/python3.12/site-packages/airflow/example_dags/example_python_operator.py
[2024-09-02T01:56:07.745+0000] {processor.py:914} INFO - Processing file /home/airflow/.local/lib/python3.12/site-packages/airflow/example_dags/example_python_operator.py for tasks to queue
[2024-09-02T01:56:07.747+0000] {logging_mixin.py:190} INFO - [2024-09-02T01:56:07.747+0000] {dagbag.py:587} INFO - Filling up the DagBag from /home/airflow/.local/lib/python3.12/site-packages/airflow/example_dags/example_python_operator.py
[2024-09-02T01:56:07.758+0000] {processor.py:925} INFO - DAG(s) 'example_python_operator' retrieved from /home/airflow/.local/lib/python3.12/site-packages/airflow/example_dags/example_python_operator.py
[2024-09-02T01:56:07.772+0000] {logging_mixin.py:190} INFO - [2024-09-02T01:56:07.771+0000] {dag.py:3211} INFO - Sync 1 DAGs
[2024-09-02T01:56:07.780+0000] {logging_mixin.py:190} INFO - [2024-09-02T01:56:07.780+0000] {dag.py:4138} INFO - Setting next_dagrun for example_python_operator to None, run_after=None
[2024-09-02T01:56:07.791+0000] {processor.py:208} INFO - Processing /home/airflow/.local/lib/python3.12/site-packages/airflow/example_dags/example_python_operator.py took 0.052 seconds
[2024-09-02T01:56:38.173+0000] {processor.py:186} INFO - Started process (PID=1381) to work on /home/airflow/.local/lib/python3.12/site-packages/airflow/example_dags/example_python_operator.py
[2024-09-02T01:56:38.175+0000] {processor.py:914} INFO - Processing file /home/airflow/.local/lib/python3.12/site-packages/airflow/example_dags/example_python_operator.py for tasks to queue
[2024-09-02T01:56:38.178+0000] {logging_mixin.py:190} INFO - [2024-09-02T01:56:38.178+0000] {dagbag.py:587} INFO - Filling up the DagBag from /home/airflow/.local/lib/python3.12/site-packages/airflow/example_dags/example_python_operator.py
[2024-09-02T01:56:38.189+0000] {processor.py:925} INFO - DAG(s) 'example_python_operator' retrieved from /home/airflow/.local/lib/python3.12/site-packages/airflow/example_dags/example_python_operator.py
[2024-09-02T01:56:38.205+0000] {logging_mixin.py:190} INFO - [2024-09-02T01:56:38.205+0000] {dag.py:3211} INFO - Sync 1 DAGs
[2024-09-02T01:56:38.214+0000] {logging_mixin.py:190} INFO - [2024-09-02T01:56:38.214+0000] {dag.py:4138} INFO - Setting next_dagrun for example_python_operator to None, run_after=None
[2024-09-02T01:56:38.226+0000] {processor.py:208} INFO - Processing /home/airflow/.local/lib/python3.12/site-packages/airflow/example_dags/example_python_operator.py took 0.058 seconds
[2024-09-02T01:57:08.420+0000] {processor.py:186} INFO - Started process (PID=1667) to work on /home/airflow/.local/lib/python3.12/site-packages/airflow/example_dags/example_python_operator.py
[2024-09-02T01:57:08.421+0000] {processor.py:914} INFO - Processing file /home/airflow/.local/lib/python3.12/site-packages/airflow/example_dags/example_python_operator.py for tasks to queue
[2024-09-02T01:57:08.423+0000] {logging_mixin.py:190} INFO - [2024-09-02T01:57:08.423+0000] {dagbag.py:587} INFO - Filling up the DagBag from /home/airflow/.local/lib/python3.12/site-packages/airflow/example_dags/example_python_operator.py
[2024-09-02T01:57:08.432+0000] {processor.py:925} INFO - DAG(s) 'example_python_operator' retrieved from /home/airflow/.local/lib/python3.12/site-packages/airflow/example_dags/example_python_operator.py
[2024-09-02T01:57:08.448+0000] {logging_mixin.py:190} INFO - [2024-09-02T01:57:08.448+0000] {dag.py:3211} INFO - Sync 1 DAGs
[2024-09-02T01:57:08.456+0000] {logging_mixin.py:190} INFO - [2024-09-02T01:57:08.456+0000] {dag.py:4138} INFO - Setting next_dagrun for example_python_operator to None, run_after=None
[2024-09-02T01:57:08.469+0000] {processor.py:208} INFO - Processing /home/airflow/.local/lib/python3.12/site-packages/airflow/example_dags/example_python_operator.py took 0.053 seconds
[2024-09-02T01:57:38.948+0000] {processor.py:186} INFO - Started process (PID=1956) to work on /home/airflow/.local/lib/python3.12/site-packages/airflow/example_dags/example_python_operator.py
[2024-09-02T01:57:38.950+0000] {processor.py:914} INFO - Processing file /home/airflow/.local/lib/python3.12/site-packages/airflow/example_dags/example_python_operator.py for tasks to queue
[2024-09-02T01:57:38.952+0000] {logging_mixin.py:190} INFO - [2024-09-02T01:57:38.952+0000] {dagbag.py:587} INFO - Filling up the DagBag from /home/airflow/.local/lib/python3.12/site-packages/airflow/example_dags/example_python_operator.py
[2024-09-02T01:57:38.960+0000] {processor.py:925} INFO - DAG(s) 'example_python_operator' retrieved from /home/airflow/.local/lib/python3.12/site-packages/airflow/example_dags/example_python_operator.py
[2024-09-02T01:57:38.974+0000] {logging_mixin.py:190} INFO - [2024-09-02T01:57:38.974+0000] {dag.py:3211} INFO - Sync 1 DAGs
[2024-09-02T01:57:38.982+0000] {logging_mixin.py:190} INFO - [2024-09-02T01:57:38.982+0000] {dag.py:4138} INFO - Setting next_dagrun for example_python_operator to None, run_after=None
[2024-09-02T01:57:38.995+0000] {processor.py:208} INFO - Processing /home/airflow/.local/lib/python3.12/site-packages/airflow/example_dags/example_python_operator.py took 0.050 seconds
[2024-09-02T01:58:09.343+0000] {processor.py:186} INFO - Started process (PID=2242) to work on /home/airflow/.local/lib/python3.12/site-packages/airflow/example_dags/example_python_operator.py
[2024-09-02T01:58:09.345+0000] {processor.py:914} INFO - Processing file /home/airflow/.local/lib/python3.12/site-packages/airflow/example_dags/example_python_operator.py for tasks to queue
[2024-09-02T01:58:09.347+0000] {logging_mixin.py:190} INFO - [2024-09-02T01:58:09.347+0000] {dagbag.py:587} INFO - Filling up the DagBag from /home/airflow/.local/lib/python3.12/site-packages/airflow/example_dags/example_python_operator.py
[2024-09-02T01:58:09.357+0000] {processor.py:925} INFO - DAG(s) 'example_python_operator' retrieved from /home/airflow/.local/lib/python3.12/site-packages/airflow/example_dags/example_python_operator.py
[2024-09-02T01:58:09.373+0000] {logging_mixin.py:190} INFO - [2024-09-02T01:58:09.373+0000] {dag.py:3211} INFO - Sync 1 DAGs
[2024-09-02T01:58:09.382+0000] {logging_mixin.py:190} INFO - [2024-09-02T01:58:09.382+0000] {dag.py:4138} INFO - Setting next_dagrun for example_python_operator to None, run_after=None
[2024-09-02T01:58:09.398+0000] {processor.py:208} INFO - Processing /home/airflow/.local/lib/python3.12/site-packages/airflow/example_dags/example_python_operator.py took 0.059 seconds
