[2024-09-02T01:39:23.790+0000] {processor.py:186} INFO - Started process (PID=312) to work on /home/airflow/.local/lib/python3.12/site-packages/airflow/example_dags/example_nested_branch_dag.py
[2024-09-02T01:39:23.791+0000] {processor.py:914} INFO - Processing file /home/airflow/.local/lib/python3.12/site-packages/airflow/example_dags/example_nested_branch_dag.py for tasks to queue
[2024-09-02T01:39:23.794+0000] {logging_mixin.py:190} INFO - [2024-09-02T01:39:23.794+0000] {dagbag.py:587} INFO - Filling up the DagBag from /home/airflow/.local/lib/python3.12/site-packages/airflow/example_dags/example_nested_branch_dag.py
[2024-09-02T01:39:23.812+0000] {processor.py:925} INFO - DAG(s) 'example_nested_branch_dag' retrieved from /home/airflow/.local/lib/python3.12/site-packages/airflow/example_dags/example_nested_branch_dag.py
[2024-09-02T01:39:23.879+0000] {logging_mixin.py:190} INFO - [2024-09-02T01:39:23.878+0000] {override.py:1858} INFO - Created Permission View: can edit on DAG:example_nested_branch_dag
[2024-09-02T01:39:23.885+0000] {logging_mixin.py:190} INFO - [2024-09-02T01:39:23.885+0000] {override.py:1858} INFO - Created Permission View: can read on DAG:example_nested_branch_dag
[2024-09-02T01:39:23.889+0000] {logging_mixin.py:190} INFO - [2024-09-02T01:39:23.889+0000] {override.py:1858} INFO - Created Permission View: can delete on DAG:example_nested_branch_dag
[2024-09-02T01:39:23.890+0000] {logging_mixin.py:190} INFO - [2024-09-02T01:39:23.890+0000] {dag.py:3211} INFO - Sync 1 DAGs
[2024-09-02T01:39:23.897+0000] {logging_mixin.py:190} INFO - [2024-09-02T01:39:23.897+0000] {dag.py:3234} INFO - Creating ORM DAG for example_nested_branch_dag
[2024-09-02T01:39:23.904+0000] {logging_mixin.py:190} INFO - [2024-09-02T01:39:23.904+0000] {dag.py:4138} INFO - Setting next_dagrun for example_nested_branch_dag to 2024-09-01 00:00:00+00:00, run_after=2024-09-02 00:00:00+00:00
[2024-09-02T01:39:23.917+0000] {processor.py:208} INFO - Processing /home/airflow/.local/lib/python3.12/site-packages/airflow/example_dags/example_nested_branch_dag.py took 0.132 seconds
[2024-09-02T01:39:54.850+0000] {processor.py:186} INFO - Started process (PID=599) to work on /home/airflow/.local/lib/python3.12/site-packages/airflow/example_dags/example_nested_branch_dag.py
[2024-09-02T01:39:54.851+0000] {processor.py:914} INFO - Processing file /home/airflow/.local/lib/python3.12/site-packages/airflow/example_dags/example_nested_branch_dag.py for tasks to queue
[2024-09-02T01:39:54.854+0000] {logging_mixin.py:190} INFO - [2024-09-02T01:39:54.853+0000] {dagbag.py:587} INFO - Filling up the DagBag from /home/airflow/.local/lib/python3.12/site-packages/airflow/example_dags/example_nested_branch_dag.py
[2024-09-02T01:39:54.861+0000] {processor.py:925} INFO - DAG(s) 'example_nested_branch_dag' retrieved from /home/airflow/.local/lib/python3.12/site-packages/airflow/example_dags/example_nested_branch_dag.py
[2024-09-02T01:39:54.875+0000] {logging_mixin.py:190} INFO - [2024-09-02T01:39:54.875+0000] {dag.py:3211} INFO - Sync 1 DAGs
[2024-09-02T01:39:54.888+0000] {logging_mixin.py:190} INFO - [2024-09-02T01:39:54.888+0000] {dag.py:4138} INFO - Setting next_dagrun for example_nested_branch_dag to 2024-09-01 00:00:00+00:00, run_after=2024-09-02 00:00:00+00:00
[2024-09-02T01:39:54.898+0000] {processor.py:208} INFO - Processing /home/airflow/.local/lib/python3.12/site-packages/airflow/example_dags/example_nested_branch_dag.py took 0.053 seconds
[2024-09-02T01:40:25.826+0000] {processor.py:186} INFO - Started process (PID=885) to work on /home/airflow/.local/lib/python3.12/site-packages/airflow/example_dags/example_nested_branch_dag.py
[2024-09-02T01:40:25.828+0000] {processor.py:914} INFO - Processing file /home/airflow/.local/lib/python3.12/site-packages/airflow/example_dags/example_nested_branch_dag.py for tasks to queue
[2024-09-02T01:40:25.830+0000] {logging_mixin.py:190} INFO - [2024-09-02T01:40:25.830+0000] {dagbag.py:587} INFO - Filling up the DagBag from /home/airflow/.local/lib/python3.12/site-packages/airflow/example_dags/example_nested_branch_dag.py
[2024-09-02T01:40:25.838+0000] {processor.py:925} INFO - DAG(s) 'example_nested_branch_dag' retrieved from /home/airflow/.local/lib/python3.12/site-packages/airflow/example_dags/example_nested_branch_dag.py
[2024-09-02T01:40:25.853+0000] {logging_mixin.py:190} INFO - [2024-09-02T01:40:25.852+0000] {dag.py:3211} INFO - Sync 1 DAGs
[2024-09-02T01:40:25.868+0000] {logging_mixin.py:190} INFO - [2024-09-02T01:40:25.868+0000] {dag.py:4138} INFO - Setting next_dagrun for example_nested_branch_dag to 2024-09-01 00:00:00+00:00, run_after=2024-09-02 00:00:00+00:00
[2024-09-02T01:40:25.880+0000] {processor.py:208} INFO - Processing /home/airflow/.local/lib/python3.12/site-packages/airflow/example_dags/example_nested_branch_dag.py took 0.057 seconds
[2024-09-02T01:40:56.527+0000] {processor.py:186} INFO - Started process (PID=1171) to work on /home/airflow/.local/lib/python3.12/site-packages/airflow/example_dags/example_nested_branch_dag.py
[2024-09-02T01:40:56.530+0000] {processor.py:914} INFO - Processing file /home/airflow/.local/lib/python3.12/site-packages/airflow/example_dags/example_nested_branch_dag.py for tasks to queue
[2024-09-02T01:40:56.532+0000] {logging_mixin.py:190} INFO - [2024-09-02T01:40:56.532+0000] {dagbag.py:587} INFO - Filling up the DagBag from /home/airflow/.local/lib/python3.12/site-packages/airflow/example_dags/example_nested_branch_dag.py
[2024-09-02T01:40:56.541+0000] {processor.py:925} INFO - DAG(s) 'example_nested_branch_dag' retrieved from /home/airflow/.local/lib/python3.12/site-packages/airflow/example_dags/example_nested_branch_dag.py
[2024-09-02T01:40:56.564+0000] {logging_mixin.py:190} INFO - [2024-09-02T01:40:56.564+0000] {dag.py:3211} INFO - Sync 1 DAGs
[2024-09-02T01:40:56.581+0000] {logging_mixin.py:190} INFO - [2024-09-02T01:40:56.581+0000] {dag.py:4138} INFO - Setting next_dagrun for example_nested_branch_dag to 2024-09-01 00:00:00+00:00, run_after=2024-09-02 00:00:00+00:00
[2024-09-02T01:40:56.597+0000] {processor.py:208} INFO - Processing /home/airflow/.local/lib/python3.12/site-packages/airflow/example_dags/example_nested_branch_dag.py took 0.074 seconds
[2024-09-02T01:41:27.343+0000] {processor.py:186} INFO - Started process (PID=1488) to work on /home/airflow/.local/lib/python3.12/site-packages/airflow/example_dags/example_nested_branch_dag.py
[2024-09-02T01:41:27.345+0000] {processor.py:914} INFO - Processing file /home/airflow/.local/lib/python3.12/site-packages/airflow/example_dags/example_nested_branch_dag.py for tasks to queue
[2024-09-02T01:41:27.347+0000] {logging_mixin.py:190} INFO - [2024-09-02T01:41:27.347+0000] {dagbag.py:587} INFO - Filling up the DagBag from /home/airflow/.local/lib/python3.12/site-packages/airflow/example_dags/example_nested_branch_dag.py
[2024-09-02T01:41:27.357+0000] {processor.py:925} INFO - DAG(s) 'example_nested_branch_dag' retrieved from /home/airflow/.local/lib/python3.12/site-packages/airflow/example_dags/example_nested_branch_dag.py
[2024-09-02T01:41:27.376+0000] {logging_mixin.py:190} INFO - [2024-09-02T01:41:27.376+0000] {dag.py:3211} INFO - Sync 1 DAGs
[2024-09-02T01:41:27.393+0000] {logging_mixin.py:190} INFO - [2024-09-02T01:41:27.393+0000] {dag.py:4138} INFO - Setting next_dagrun for example_nested_branch_dag to 2024-09-01 00:00:00+00:00, run_after=2024-09-02 00:00:00+00:00
[2024-09-02T01:41:27.405+0000] {processor.py:208} INFO - Processing /home/airflow/.local/lib/python3.12/site-packages/airflow/example_dags/example_nested_branch_dag.py took 0.067 seconds
[2024-09-02T01:41:58.424+0000] {processor.py:186} INFO - Started process (PID=1817) to work on /home/airflow/.local/lib/python3.12/site-packages/airflow/example_dags/example_nested_branch_dag.py
[2024-09-02T01:41:58.426+0000] {processor.py:914} INFO - Processing file /home/airflow/.local/lib/python3.12/site-packages/airflow/example_dags/example_nested_branch_dag.py for tasks to queue
[2024-09-02T01:41:58.429+0000] {logging_mixin.py:190} INFO - [2024-09-02T01:41:58.428+0000] {dagbag.py:587} INFO - Filling up the DagBag from /home/airflow/.local/lib/python3.12/site-packages/airflow/example_dags/example_nested_branch_dag.py
[2024-09-02T01:41:58.439+0000] {processor.py:925} INFO - DAG(s) 'example_nested_branch_dag' retrieved from /home/airflow/.local/lib/python3.12/site-packages/airflow/example_dags/example_nested_branch_dag.py
[2024-09-02T01:41:58.454+0000] {logging_mixin.py:190} INFO - [2024-09-02T01:41:58.454+0000] {dag.py:3211} INFO - Sync 1 DAGs
[2024-09-02T01:41:58.471+0000] {logging_mixin.py:190} INFO - [2024-09-02T01:41:58.471+0000] {dag.py:4138} INFO - Setting next_dagrun for example_nested_branch_dag to 2024-09-01 00:00:00+00:00, run_after=2024-09-02 00:00:00+00:00
[2024-09-02T01:41:58.483+0000] {processor.py:208} INFO - Processing /home/airflow/.local/lib/python3.12/site-packages/airflow/example_dags/example_nested_branch_dag.py took 0.064 seconds
[2024-09-02T01:42:29.548+0000] {processor.py:186} INFO - Started process (PID=2102) to work on /home/airflow/.local/lib/python3.12/site-packages/airflow/example_dags/example_nested_branch_dag.py
[2024-09-02T01:42:29.550+0000] {processor.py:914} INFO - Processing file /home/airflow/.local/lib/python3.12/site-packages/airflow/example_dags/example_nested_branch_dag.py for tasks to queue
[2024-09-02T01:42:29.552+0000] {logging_mixin.py:190} INFO - [2024-09-02T01:42:29.552+0000] {dagbag.py:587} INFO - Filling up the DagBag from /home/airflow/.local/lib/python3.12/site-packages/airflow/example_dags/example_nested_branch_dag.py
[2024-09-02T01:42:29.570+0000] {processor.py:925} INFO - DAG(s) 'example_nested_branch_dag' retrieved from /home/airflow/.local/lib/python3.12/site-packages/airflow/example_dags/example_nested_branch_dag.py
[2024-09-02T01:42:29.593+0000] {logging_mixin.py:190} INFO - [2024-09-02T01:42:29.593+0000] {dag.py:3211} INFO - Sync 1 DAGs
[2024-09-02T01:42:29.611+0000] {logging_mixin.py:190} INFO - [2024-09-02T01:42:29.610+0000] {dag.py:4138} INFO - Setting next_dagrun for example_nested_branch_dag to 2024-09-01 00:00:00+00:00, run_after=2024-09-02 00:00:00+00:00
[2024-09-02T01:42:29.624+0000] {processor.py:208} INFO - Processing /home/airflow/.local/lib/python3.12/site-packages/airflow/example_dags/example_nested_branch_dag.py took 0.083 seconds
[2024-09-02T01:43:00.517+0000] {processor.py:186} INFO - Started process (PID=2388) to work on /home/airflow/.local/lib/python3.12/site-packages/airflow/example_dags/example_nested_branch_dag.py
[2024-09-02T01:43:00.519+0000] {processor.py:914} INFO - Processing file /home/airflow/.local/lib/python3.12/site-packages/airflow/example_dags/example_nested_branch_dag.py for tasks to queue
[2024-09-02T01:43:00.521+0000] {logging_mixin.py:190} INFO - [2024-09-02T01:43:00.521+0000] {dagbag.py:587} INFO - Filling up the DagBag from /home/airflow/.local/lib/python3.12/site-packages/airflow/example_dags/example_nested_branch_dag.py
[2024-09-02T01:43:00.531+0000] {processor.py:925} INFO - DAG(s) 'example_nested_branch_dag' retrieved from /home/airflow/.local/lib/python3.12/site-packages/airflow/example_dags/example_nested_branch_dag.py
[2024-09-02T01:43:00.656+0000] {logging_mixin.py:190} INFO - [2024-09-02T01:43:00.655+0000] {dag.py:3211} INFO - Sync 1 DAGs
[2024-09-02T01:43:00.682+0000] {logging_mixin.py:190} INFO - [2024-09-02T01:43:00.682+0000] {dag.py:4138} INFO - Setting next_dagrun for example_nested_branch_dag to 2024-09-01 00:00:00+00:00, run_after=2024-09-02 00:00:00+00:00
[2024-09-02T01:43:00.697+0000] {processor.py:208} INFO - Processing /home/airflow/.local/lib/python3.12/site-packages/airflow/example_dags/example_nested_branch_dag.py took 0.183 seconds
[2024-09-02T01:43:31.188+0000] {processor.py:186} INFO - Started process (PID=2674) to work on /home/airflow/.local/lib/python3.12/site-packages/airflow/example_dags/example_nested_branch_dag.py
[2024-09-02T01:43:31.189+0000] {processor.py:914} INFO - Processing file /home/airflow/.local/lib/python3.12/site-packages/airflow/example_dags/example_nested_branch_dag.py for tasks to queue
[2024-09-02T01:43:31.191+0000] {logging_mixin.py:190} INFO - [2024-09-02T01:43:31.191+0000] {dagbag.py:587} INFO - Filling up the DagBag from /home/airflow/.local/lib/python3.12/site-packages/airflow/example_dags/example_nested_branch_dag.py
[2024-09-02T01:43:31.199+0000] {processor.py:925} INFO - DAG(s) 'example_nested_branch_dag' retrieved from /home/airflow/.local/lib/python3.12/site-packages/airflow/example_dags/example_nested_branch_dag.py
[2024-09-02T01:43:31.212+0000] {logging_mixin.py:190} INFO - [2024-09-02T01:43:31.212+0000] {dag.py:3211} INFO - Sync 1 DAGs
[2024-09-02T01:43:31.226+0000] {logging_mixin.py:190} INFO - [2024-09-02T01:43:31.226+0000] {dag.py:4138} INFO - Setting next_dagrun for example_nested_branch_dag to 2024-09-01 00:00:00+00:00, run_after=2024-09-02 00:00:00+00:00
[2024-09-02T01:43:31.236+0000] {processor.py:208} INFO - Processing /home/airflow/.local/lib/python3.12/site-packages/airflow/example_dags/example_nested_branch_dag.py took 0.052 seconds
[2024-09-02T01:44:02.129+0000] {processor.py:186} INFO - Started process (PID=2961) to work on /home/airflow/.local/lib/python3.12/site-packages/airflow/example_dags/example_nested_branch_dag.py
[2024-09-02T01:44:02.132+0000] {processor.py:914} INFO - Processing file /home/airflow/.local/lib/python3.12/site-packages/airflow/example_dags/example_nested_branch_dag.py for tasks to queue
[2024-09-02T01:44:02.133+0000] {logging_mixin.py:190} INFO - [2024-09-02T01:44:02.133+0000] {dagbag.py:587} INFO - Filling up the DagBag from /home/airflow/.local/lib/python3.12/site-packages/airflow/example_dags/example_nested_branch_dag.py
[2024-09-02T01:44:02.142+0000] {processor.py:925} INFO - DAG(s) 'example_nested_branch_dag' retrieved from /home/airflow/.local/lib/python3.12/site-packages/airflow/example_dags/example_nested_branch_dag.py
[2024-09-02T01:44:02.158+0000] {logging_mixin.py:190} INFO - [2024-09-02T01:44:02.158+0000] {dag.py:3211} INFO - Sync 1 DAGs
[2024-09-02T01:44:02.171+0000] {logging_mixin.py:190} INFO - [2024-09-02T01:44:02.171+0000] {dag.py:4138} INFO - Setting next_dagrun for example_nested_branch_dag to 2024-09-01 00:00:00+00:00, run_after=2024-09-02 00:00:00+00:00
[2024-09-02T01:44:02.181+0000] {processor.py:208} INFO - Processing /home/airflow/.local/lib/python3.12/site-packages/airflow/example_dags/example_nested_branch_dag.py took 0.056 seconds
[2024-09-02T01:44:32.648+0000] {processor.py:186} INFO - Started process (PID=3247) to work on /home/airflow/.local/lib/python3.12/site-packages/airflow/example_dags/example_nested_branch_dag.py
[2024-09-02T01:44:32.649+0000] {processor.py:914} INFO - Processing file /home/airflow/.local/lib/python3.12/site-packages/airflow/example_dags/example_nested_branch_dag.py for tasks to queue
[2024-09-02T01:44:32.651+0000] {logging_mixin.py:190} INFO - [2024-09-02T01:44:32.651+0000] {dagbag.py:587} INFO - Filling up the DagBag from /home/airflow/.local/lib/python3.12/site-packages/airflow/example_dags/example_nested_branch_dag.py
[2024-09-02T01:44:32.658+0000] {processor.py:925} INFO - DAG(s) 'example_nested_branch_dag' retrieved from /home/airflow/.local/lib/python3.12/site-packages/airflow/example_dags/example_nested_branch_dag.py
[2024-09-02T01:44:32.672+0000] {logging_mixin.py:190} INFO - [2024-09-02T01:44:32.672+0000] {dag.py:3211} INFO - Sync 1 DAGs
[2024-09-02T01:44:32.687+0000] {logging_mixin.py:190} INFO - [2024-09-02T01:44:32.687+0000] {dag.py:4138} INFO - Setting next_dagrun for example_nested_branch_dag to 2024-09-01 00:00:00+00:00, run_after=2024-09-02 00:00:00+00:00
[2024-09-02T01:44:32.696+0000] {processor.py:208} INFO - Processing /home/airflow/.local/lib/python3.12/site-packages/airflow/example_dags/example_nested_branch_dag.py took 0.052 seconds
[2024-09-02T01:45:03.062+0000] {processor.py:186} INFO - Started process (PID=3533) to work on /home/airflow/.local/lib/python3.12/site-packages/airflow/example_dags/example_nested_branch_dag.py
[2024-09-02T01:45:03.064+0000] {processor.py:914} INFO - Processing file /home/airflow/.local/lib/python3.12/site-packages/airflow/example_dags/example_nested_branch_dag.py for tasks to queue
[2024-09-02T01:45:03.066+0000] {logging_mixin.py:190} INFO - [2024-09-02T01:45:03.066+0000] {dagbag.py:587} INFO - Filling up the DagBag from /home/airflow/.local/lib/python3.12/site-packages/airflow/example_dags/example_nested_branch_dag.py
[2024-09-02T01:45:03.075+0000] {processor.py:925} INFO - DAG(s) 'example_nested_branch_dag' retrieved from /home/airflow/.local/lib/python3.12/site-packages/airflow/example_dags/example_nested_branch_dag.py
[2024-09-02T01:45:03.090+0000] {logging_mixin.py:190} INFO - [2024-09-02T01:45:03.090+0000] {dag.py:3211} INFO - Sync 1 DAGs
[2024-09-02T01:45:03.104+0000] {logging_mixin.py:190} INFO - [2024-09-02T01:45:03.104+0000] {dag.py:4138} INFO - Setting next_dagrun for example_nested_branch_dag to 2024-09-01 00:00:00+00:00, run_after=2024-09-02 00:00:00+00:00
[2024-09-02T01:45:03.117+0000] {processor.py:208} INFO - Processing /home/airflow/.local/lib/python3.12/site-packages/airflow/example_dags/example_nested_branch_dag.py took 0.058 seconds
[2024-09-02T01:54:39.858+0000] {processor.py:186} INFO - Started process (PID=326) to work on /home/airflow/.local/lib/python3.12/site-packages/airflow/example_dags/example_nested_branch_dag.py
[2024-09-02T01:54:39.861+0000] {processor.py:914} INFO - Processing file /home/airflow/.local/lib/python3.12/site-packages/airflow/example_dags/example_nested_branch_dag.py for tasks to queue
[2024-09-02T01:54:39.866+0000] {logging_mixin.py:190} INFO - [2024-09-02T01:54:39.865+0000] {dagbag.py:587} INFO - Filling up the DagBag from /home/airflow/.local/lib/python3.12/site-packages/airflow/example_dags/example_nested_branch_dag.py
[2024-09-02T01:54:39.912+0000] {processor.py:925} INFO - DAG(s) 'example_nested_branch_dag' retrieved from /home/airflow/.local/lib/python3.12/site-packages/airflow/example_dags/example_nested_branch_dag.py
[2024-09-02T01:54:40.023+0000] {logging_mixin.py:190} INFO - [2024-09-02T01:54:40.023+0000] {dag.py:3211} INFO - Sync 1 DAGs
[2024-09-02T01:54:40.127+0000] {logging_mixin.py:190} INFO - [2024-09-02T01:54:40.126+0000] {dag.py:4138} INFO - Setting next_dagrun for example_nested_branch_dag to 2024-09-01 00:00:00+00:00, run_after=2024-09-02 00:00:00+00:00
[2024-09-02T01:54:40.166+0000] {processor.py:208} INFO - Processing /home/airflow/.local/lib/python3.12/site-packages/airflow/example_dags/example_nested_branch_dag.py took 0.319 seconds
[2024-09-02T01:55:10.985+0000] {processor.py:186} INFO - Started process (PID=651) to work on /home/airflow/.local/lib/python3.12/site-packages/airflow/example_dags/example_nested_branch_dag.py
[2024-09-02T01:55:10.987+0000] {processor.py:914} INFO - Processing file /home/airflow/.local/lib/python3.12/site-packages/airflow/example_dags/example_nested_branch_dag.py for tasks to queue
[2024-09-02T01:55:10.991+0000] {logging_mixin.py:190} INFO - [2024-09-02T01:55:10.990+0000] {dagbag.py:587} INFO - Filling up the DagBag from /home/airflow/.local/lib/python3.12/site-packages/airflow/example_dags/example_nested_branch_dag.py
[2024-09-02T01:55:11.004+0000] {processor.py:925} INFO - DAG(s) 'example_nested_branch_dag' retrieved from /home/airflow/.local/lib/python3.12/site-packages/airflow/example_dags/example_nested_branch_dag.py
[2024-09-02T01:55:11.064+0000] {logging_mixin.py:190} INFO - [2024-09-02T01:55:11.063+0000] {dag.py:3211} INFO - Sync 1 DAGs
[2024-09-02T01:55:11.111+0000] {logging_mixin.py:190} INFO - [2024-09-02T01:55:11.110+0000] {dag.py:4138} INFO - Setting next_dagrun for example_nested_branch_dag to 2024-09-01 00:00:00+00:00, run_after=2024-09-02 00:00:00+00:00
[2024-09-02T01:55:11.129+0000] {processor.py:208} INFO - Processing /home/airflow/.local/lib/python3.12/site-packages/airflow/example_dags/example_nested_branch_dag.py took 0.151 seconds
[2024-09-02T01:55:41.753+0000] {processor.py:186} INFO - Started process (PID=937) to work on /home/airflow/.local/lib/python3.12/site-packages/airflow/example_dags/example_nested_branch_dag.py
[2024-09-02T01:55:41.754+0000] {processor.py:914} INFO - Processing file /home/airflow/.local/lib/python3.12/site-packages/airflow/example_dags/example_nested_branch_dag.py for tasks to queue
[2024-09-02T01:55:41.757+0000] {logging_mixin.py:190} INFO - [2024-09-02T01:55:41.757+0000] {dagbag.py:587} INFO - Filling up the DagBag from /home/airflow/.local/lib/python3.12/site-packages/airflow/example_dags/example_nested_branch_dag.py
[2024-09-02T01:55:41.767+0000] {processor.py:925} INFO - DAG(s) 'example_nested_branch_dag' retrieved from /home/airflow/.local/lib/python3.12/site-packages/airflow/example_dags/example_nested_branch_dag.py
[2024-09-02T01:55:41.784+0000] {logging_mixin.py:190} INFO - [2024-09-02T01:55:41.784+0000] {dag.py:3211} INFO - Sync 1 DAGs
[2024-09-02T01:55:41.803+0000] {logging_mixin.py:190} INFO - [2024-09-02T01:55:41.802+0000] {dag.py:4138} INFO - Setting next_dagrun for example_nested_branch_dag to 2024-09-01 00:00:00+00:00, run_after=2024-09-02 00:00:00+00:00
[2024-09-02T01:55:41.816+0000] {processor.py:208} INFO - Processing /home/airflow/.local/lib/python3.12/site-packages/airflow/example_dags/example_nested_branch_dag.py took 0.067 seconds
[2024-09-02T01:56:11.976+0000] {processor.py:186} INFO - Started process (PID=1223) to work on /home/airflow/.local/lib/python3.12/site-packages/airflow/example_dags/example_nested_branch_dag.py
[2024-09-02T01:56:11.977+0000] {processor.py:914} INFO - Processing file /home/airflow/.local/lib/python3.12/site-packages/airflow/example_dags/example_nested_branch_dag.py for tasks to queue
[2024-09-02T01:56:11.984+0000] {logging_mixin.py:190} INFO - [2024-09-02T01:56:11.983+0000] {dagbag.py:587} INFO - Filling up the DagBag from /home/airflow/.local/lib/python3.12/site-packages/airflow/example_dags/example_nested_branch_dag.py
[2024-09-02T01:56:12.000+0000] {processor.py:925} INFO - DAG(s) 'example_nested_branch_dag' retrieved from /home/airflow/.local/lib/python3.12/site-packages/airflow/example_dags/example_nested_branch_dag.py
[2024-09-02T01:56:12.022+0000] {logging_mixin.py:190} INFO - [2024-09-02T01:56:12.022+0000] {dag.py:3211} INFO - Sync 1 DAGs
[2024-09-02T01:56:12.046+0000] {logging_mixin.py:190} INFO - [2024-09-02T01:56:12.046+0000] {dag.py:4138} INFO - Setting next_dagrun for example_nested_branch_dag to 2024-09-01 00:00:00+00:00, run_after=2024-09-02 00:00:00+00:00
[2024-09-02T01:56:12.060+0000] {processor.py:208} INFO - Processing /home/airflow/.local/lib/python3.12/site-packages/airflow/example_dags/example_nested_branch_dag.py took 0.090 seconds
[2024-09-02T01:56:43.044+0000] {processor.py:186} INFO - Started process (PID=1511) to work on /home/airflow/.local/lib/python3.12/site-packages/airflow/example_dags/example_nested_branch_dag.py
[2024-09-02T01:56:43.047+0000] {processor.py:914} INFO - Processing file /home/airflow/.local/lib/python3.12/site-packages/airflow/example_dags/example_nested_branch_dag.py for tasks to queue
[2024-09-02T01:56:43.052+0000] {logging_mixin.py:190} INFO - [2024-09-02T01:56:43.051+0000] {dagbag.py:587} INFO - Filling up the DagBag from /home/airflow/.local/lib/python3.12/site-packages/airflow/example_dags/example_nested_branch_dag.py
[2024-09-02T01:56:43.074+0000] {processor.py:925} INFO - DAG(s) 'example_nested_branch_dag' retrieved from /home/airflow/.local/lib/python3.12/site-packages/airflow/example_dags/example_nested_branch_dag.py
[2024-09-02T01:56:43.102+0000] {logging_mixin.py:190} INFO - [2024-09-02T01:56:43.102+0000] {dag.py:3211} INFO - Sync 1 DAGs
[2024-09-02T01:56:43.129+0000] {logging_mixin.py:190} INFO - [2024-09-02T01:56:43.129+0000] {dag.py:4138} INFO - Setting next_dagrun for example_nested_branch_dag to 2024-09-01 00:00:00+00:00, run_after=2024-09-02 00:00:00+00:00
[2024-09-02T01:56:43.143+0000] {processor.py:208} INFO - Processing /home/airflow/.local/lib/python3.12/site-packages/airflow/example_dags/example_nested_branch_dag.py took 0.108 seconds
[2024-09-02T01:57:13.815+0000] {processor.py:186} INFO - Started process (PID=1797) to work on /home/airflow/.local/lib/python3.12/site-packages/airflow/example_dags/example_nested_branch_dag.py
[2024-09-02T01:57:13.817+0000] {processor.py:914} INFO - Processing file /home/airflow/.local/lib/python3.12/site-packages/airflow/example_dags/example_nested_branch_dag.py for tasks to queue
[2024-09-02T01:57:13.824+0000] {logging_mixin.py:190} INFO - [2024-09-02T01:57:13.823+0000] {dagbag.py:587} INFO - Filling up the DagBag from /home/airflow/.local/lib/python3.12/site-packages/airflow/example_dags/example_nested_branch_dag.py
[2024-09-02T01:57:13.836+0000] {processor.py:925} INFO - DAG(s) 'example_nested_branch_dag' retrieved from /home/airflow/.local/lib/python3.12/site-packages/airflow/example_dags/example_nested_branch_dag.py
[2024-09-02T01:57:13.851+0000] {logging_mixin.py:190} INFO - [2024-09-02T01:57:13.851+0000] {dag.py:3211} INFO - Sync 1 DAGs
[2024-09-02T01:57:13.868+0000] {logging_mixin.py:190} INFO - [2024-09-02T01:57:13.868+0000] {dag.py:4138} INFO - Setting next_dagrun for example_nested_branch_dag to 2024-09-01 00:00:00+00:00, run_after=2024-09-02 00:00:00+00:00
[2024-09-02T01:57:13.885+0000] {processor.py:208} INFO - Processing /home/airflow/.local/lib/python3.12/site-packages/airflow/example_dags/example_nested_branch_dag.py took 0.080 seconds
[2024-09-02T01:57:44.175+0000] {processor.py:186} INFO - Started process (PID=2084) to work on /home/airflow/.local/lib/python3.12/site-packages/airflow/example_dags/example_nested_branch_dag.py
[2024-09-02T01:57:44.177+0000] {processor.py:914} INFO - Processing file /home/airflow/.local/lib/python3.12/site-packages/airflow/example_dags/example_nested_branch_dag.py for tasks to queue
[2024-09-02T01:57:44.180+0000] {logging_mixin.py:190} INFO - [2024-09-02T01:57:44.180+0000] {dagbag.py:587} INFO - Filling up the DagBag from /home/airflow/.local/lib/python3.12/site-packages/airflow/example_dags/example_nested_branch_dag.py
[2024-09-02T01:57:44.190+0000] {processor.py:925} INFO - DAG(s) 'example_nested_branch_dag' retrieved from /home/airflow/.local/lib/python3.12/site-packages/airflow/example_dags/example_nested_branch_dag.py
[2024-09-02T01:57:44.207+0000] {logging_mixin.py:190} INFO - [2024-09-02T01:57:44.207+0000] {dag.py:3211} INFO - Sync 1 DAGs
[2024-09-02T01:57:44.223+0000] {logging_mixin.py:190} INFO - [2024-09-02T01:57:44.222+0000] {dag.py:4138} INFO - Setting next_dagrun for example_nested_branch_dag to 2024-09-01 00:00:00+00:00, run_after=2024-09-02 00:00:00+00:00
[2024-09-02T01:57:44.236+0000] {processor.py:208} INFO - Processing /home/airflow/.local/lib/python3.12/site-packages/airflow/example_dags/example_nested_branch_dag.py took 0.071 seconds
[2024-09-02T01:58:15.010+0000] {processor.py:186} INFO - Started process (PID=2370) to work on /home/airflow/.local/lib/python3.12/site-packages/airflow/example_dags/example_nested_branch_dag.py
[2024-09-02T01:58:15.012+0000] {processor.py:914} INFO - Processing file /home/airflow/.local/lib/python3.12/site-packages/airflow/example_dags/example_nested_branch_dag.py for tasks to queue
[2024-09-02T01:58:15.015+0000] {logging_mixin.py:190} INFO - [2024-09-02T01:58:15.014+0000] {dagbag.py:587} INFO - Filling up the DagBag from /home/airflow/.local/lib/python3.12/site-packages/airflow/example_dags/example_nested_branch_dag.py
[2024-09-02T01:58:15.025+0000] {processor.py:925} INFO - DAG(s) 'example_nested_branch_dag' retrieved from /home/airflow/.local/lib/python3.12/site-packages/airflow/example_dags/example_nested_branch_dag.py
[2024-09-02T01:58:15.042+0000] {logging_mixin.py:190} INFO - [2024-09-02T01:58:15.042+0000] {dag.py:3211} INFO - Sync 1 DAGs
[2024-09-02T01:58:15.060+0000] {logging_mixin.py:190} INFO - [2024-09-02T01:58:15.059+0000] {dag.py:4138} INFO - Setting next_dagrun for example_nested_branch_dag to 2024-09-01 00:00:00+00:00, run_after=2024-09-02 00:00:00+00:00
[2024-09-02T01:58:15.074+0000] {processor.py:208} INFO - Processing /home/airflow/.local/lib/python3.12/site-packages/airflow/example_dags/example_nested_branch_dag.py took 0.069 seconds
