[2024-09-02T01:39:24.317+0000] {processor.py:186} INFO - Started process (PID=341) to work on /home/airflow/.local/lib/python3.12/site-packages/airflow/example_dags/example_setup_teardown.py
[2024-09-02T01:39:24.319+0000] {processor.py:914} INFO - Processing file /home/airflow/.local/lib/python3.12/site-packages/airflow/example_dags/example_setup_teardown.py for tasks to queue
[2024-09-02T01:39:24.321+0000] {logging_mixin.py:190} INFO - [2024-09-02T01:39:24.321+0000] {dagbag.py:587} INFO - Filling up the DagBag from /home/airflow/.local/lib/python3.12/site-packages/airflow/example_dags/example_setup_teardown.py
[2024-09-02T01:39:24.328+0000] {processor.py:925} INFO - DAG(s) 'example_setup_teardown' retrieved from /home/airflow/.local/lib/python3.12/site-packages/airflow/example_dags/example_setup_teardown.py
[2024-09-02T01:39:24.392+0000] {logging_mixin.py:190} INFO - [2024-09-02T01:39:24.392+0000] {override.py:1858} INFO - Created Permission View: can edit on DAG:example_setup_teardown
[2024-09-02T01:39:24.399+0000] {logging_mixin.py:190} INFO - [2024-09-02T01:39:24.399+0000] {override.py:1858} INFO - Created Permission View: can read on DAG:example_setup_teardown
[2024-09-02T01:39:24.406+0000] {logging_mixin.py:190} INFO - [2024-09-02T01:39:24.405+0000] {override.py:1858} INFO - Created Permission View: can delete on DAG:example_setup_teardown
[2024-09-02T01:39:24.407+0000] {logging_mixin.py:190} INFO - [2024-09-02T01:39:24.407+0000] {dag.py:3211} INFO - Sync 1 DAGs
[2024-09-02T01:39:24.420+0000] {logging_mixin.py:190} INFO - [2024-09-02T01:39:24.419+0000] {dag.py:3234} INFO - Creating ORM DAG for example_setup_teardown
[2024-09-02T01:39:24.430+0000] {logging_mixin.py:190} INFO - [2024-09-02T01:39:24.429+0000] {dag.py:4138} INFO - Setting next_dagrun for example_setup_teardown to 2024-09-01 00:00:00+00:00, run_after=2024-09-02 00:00:00+00:00
[2024-09-02T01:39:24.447+0000] {processor.py:208} INFO - Processing /home/airflow/.local/lib/python3.12/site-packages/airflow/example_dags/example_setup_teardown.py took 0.134 seconds
[2024-09-02T01:39:55.215+0000] {processor.py:186} INFO - Started process (PID=629) to work on /home/airflow/.local/lib/python3.12/site-packages/airflow/example_dags/example_setup_teardown.py
[2024-09-02T01:39:55.217+0000] {processor.py:914} INFO - Processing file /home/airflow/.local/lib/python3.12/site-packages/airflow/example_dags/example_setup_teardown.py for tasks to queue
[2024-09-02T01:39:55.219+0000] {logging_mixin.py:190} INFO - [2024-09-02T01:39:55.218+0000] {dagbag.py:587} INFO - Filling up the DagBag from /home/airflow/.local/lib/python3.12/site-packages/airflow/example_dags/example_setup_teardown.py
[2024-09-02T01:39:55.226+0000] {processor.py:925} INFO - DAG(s) 'example_setup_teardown' retrieved from /home/airflow/.local/lib/python3.12/site-packages/airflow/example_dags/example_setup_teardown.py
[2024-09-02T01:39:55.245+0000] {logging_mixin.py:190} INFO - [2024-09-02T01:39:55.245+0000] {dag.py:3211} INFO - Sync 1 DAGs
[2024-09-02T01:39:55.261+0000] {logging_mixin.py:190} INFO - [2024-09-02T01:39:55.260+0000] {dag.py:4138} INFO - Setting next_dagrun for example_setup_teardown to 2024-09-01 00:00:00+00:00, run_after=2024-09-02 00:00:00+00:00
[2024-09-02T01:39:55.272+0000] {processor.py:208} INFO - Processing /home/airflow/.local/lib/python3.12/site-packages/airflow/example_dags/example_setup_teardown.py took 0.061 seconds
[2024-09-02T01:40:26.276+0000] {processor.py:186} INFO - Started process (PID=913) to work on /home/airflow/.local/lib/python3.12/site-packages/airflow/example_dags/example_setup_teardown.py
[2024-09-02T01:40:26.278+0000] {processor.py:914} INFO - Processing file /home/airflow/.local/lib/python3.12/site-packages/airflow/example_dags/example_setup_teardown.py for tasks to queue
[2024-09-02T01:40:26.280+0000] {logging_mixin.py:190} INFO - [2024-09-02T01:40:26.280+0000] {dagbag.py:587} INFO - Filling up the DagBag from /home/airflow/.local/lib/python3.12/site-packages/airflow/example_dags/example_setup_teardown.py
[2024-09-02T01:40:26.286+0000] {processor.py:925} INFO - DAG(s) 'example_setup_teardown' retrieved from /home/airflow/.local/lib/python3.12/site-packages/airflow/example_dags/example_setup_teardown.py
[2024-09-02T01:40:26.301+0000] {logging_mixin.py:190} INFO - [2024-09-02T01:40:26.301+0000] {dag.py:3211} INFO - Sync 1 DAGs
[2024-09-02T01:40:26.315+0000] {logging_mixin.py:190} INFO - [2024-09-02T01:40:26.315+0000] {dag.py:4138} INFO - Setting next_dagrun for example_setup_teardown to 2024-09-01 00:00:00+00:00, run_after=2024-09-02 00:00:00+00:00
[2024-09-02T01:40:26.328+0000] {processor.py:208} INFO - Processing /home/airflow/.local/lib/python3.12/site-packages/airflow/example_dags/example_setup_teardown.py took 0.056 seconds
[2024-09-02T01:40:56.886+0000] {processor.py:186} INFO - Started process (PID=1201) to work on /home/airflow/.local/lib/python3.12/site-packages/airflow/example_dags/example_setup_teardown.py
[2024-09-02T01:40:56.888+0000] {processor.py:914} INFO - Processing file /home/airflow/.local/lib/python3.12/site-packages/airflow/example_dags/example_setup_teardown.py for tasks to queue
[2024-09-02T01:40:56.890+0000] {logging_mixin.py:190} INFO - [2024-09-02T01:40:56.890+0000] {dagbag.py:587} INFO - Filling up the DagBag from /home/airflow/.local/lib/python3.12/site-packages/airflow/example_dags/example_setup_teardown.py
[2024-09-02T01:40:56.896+0000] {processor.py:925} INFO - DAG(s) 'example_setup_teardown' retrieved from /home/airflow/.local/lib/python3.12/site-packages/airflow/example_dags/example_setup_teardown.py
[2024-09-02T01:40:56.910+0000] {logging_mixin.py:190} INFO - [2024-09-02T01:40:56.910+0000] {dag.py:3211} INFO - Sync 1 DAGs
[2024-09-02T01:40:56.923+0000] {logging_mixin.py:190} INFO - [2024-09-02T01:40:56.923+0000] {dag.py:4138} INFO - Setting next_dagrun for example_setup_teardown to 2024-09-01 00:00:00+00:00, run_after=2024-09-02 00:00:00+00:00
[2024-09-02T01:40:56.934+0000] {processor.py:208} INFO - Processing /home/airflow/.local/lib/python3.12/site-packages/airflow/example_dags/example_setup_teardown.py took 0.052 seconds
[2024-09-02T01:41:27.750+0000] {processor.py:186} INFO - Started process (PID=1518) to work on /home/airflow/.local/lib/python3.12/site-packages/airflow/example_dags/example_setup_teardown.py
[2024-09-02T01:41:27.752+0000] {processor.py:914} INFO - Processing file /home/airflow/.local/lib/python3.12/site-packages/airflow/example_dags/example_setup_teardown.py for tasks to queue
[2024-09-02T01:41:27.754+0000] {logging_mixin.py:190} INFO - [2024-09-02T01:41:27.754+0000] {dagbag.py:587} INFO - Filling up the DagBag from /home/airflow/.local/lib/python3.12/site-packages/airflow/example_dags/example_setup_teardown.py
[2024-09-02T01:41:27.762+0000] {processor.py:925} INFO - DAG(s) 'example_setup_teardown' retrieved from /home/airflow/.local/lib/python3.12/site-packages/airflow/example_dags/example_setup_teardown.py
[2024-09-02T01:41:27.778+0000] {logging_mixin.py:190} INFO - [2024-09-02T01:41:27.778+0000] {dag.py:3211} INFO - Sync 1 DAGs
[2024-09-02T01:41:27.793+0000] {logging_mixin.py:190} INFO - [2024-09-02T01:41:27.792+0000] {dag.py:4138} INFO - Setting next_dagrun for example_setup_teardown to 2024-09-01 00:00:00+00:00, run_after=2024-09-02 00:00:00+00:00
[2024-09-02T01:41:27.805+0000] {processor.py:208} INFO - Processing /home/airflow/.local/lib/python3.12/site-packages/airflow/example_dags/example_setup_teardown.py took 0.062 seconds
[2024-09-02T01:41:58.765+0000] {processor.py:186} INFO - Started process (PID=1845) to work on /home/airflow/.local/lib/python3.12/site-packages/airflow/example_dags/example_setup_teardown.py
[2024-09-02T01:41:58.766+0000] {processor.py:914} INFO - Processing file /home/airflow/.local/lib/python3.12/site-packages/airflow/example_dags/example_setup_teardown.py for tasks to queue
[2024-09-02T01:41:58.769+0000] {logging_mixin.py:190} INFO - [2024-09-02T01:41:58.768+0000] {dagbag.py:587} INFO - Filling up the DagBag from /home/airflow/.local/lib/python3.12/site-packages/airflow/example_dags/example_setup_teardown.py
[2024-09-02T01:41:58.775+0000] {processor.py:925} INFO - DAG(s) 'example_setup_teardown' retrieved from /home/airflow/.local/lib/python3.12/site-packages/airflow/example_dags/example_setup_teardown.py
[2024-09-02T01:41:58.790+0000] {logging_mixin.py:190} INFO - [2024-09-02T01:41:58.790+0000] {dag.py:3211} INFO - Sync 1 DAGs
[2024-09-02T01:41:58.805+0000] {logging_mixin.py:190} INFO - [2024-09-02T01:41:58.805+0000] {dag.py:4138} INFO - Setting next_dagrun for example_setup_teardown to 2024-09-01 00:00:00+00:00, run_after=2024-09-02 00:00:00+00:00
[2024-09-02T01:41:58.817+0000] {processor.py:208} INFO - Processing /home/airflow/.local/lib/python3.12/site-packages/airflow/example_dags/example_setup_teardown.py took 0.057 seconds
[2024-09-02T01:42:29.855+0000] {processor.py:186} INFO - Started process (PID=2130) to work on /home/airflow/.local/lib/python3.12/site-packages/airflow/example_dags/example_setup_teardown.py
[2024-09-02T01:42:29.857+0000] {processor.py:914} INFO - Processing file /home/airflow/.local/lib/python3.12/site-packages/airflow/example_dags/example_setup_teardown.py for tasks to queue
[2024-09-02T01:42:29.859+0000] {logging_mixin.py:190} INFO - [2024-09-02T01:42:29.859+0000] {dagbag.py:587} INFO - Filling up the DagBag from /home/airflow/.local/lib/python3.12/site-packages/airflow/example_dags/example_setup_teardown.py
[2024-09-02T01:42:29.868+0000] {processor.py:925} INFO - DAG(s) 'example_setup_teardown' retrieved from /home/airflow/.local/lib/python3.12/site-packages/airflow/example_dags/example_setup_teardown.py
[2024-09-02T01:42:29.883+0000] {logging_mixin.py:190} INFO - [2024-09-02T01:42:29.883+0000] {dag.py:3211} INFO - Sync 1 DAGs
[2024-09-02T01:42:29.899+0000] {logging_mixin.py:190} INFO - [2024-09-02T01:42:29.899+0000] {dag.py:4138} INFO - Setting next_dagrun for example_setup_teardown to 2024-09-01 00:00:00+00:00, run_after=2024-09-02 00:00:00+00:00
[2024-09-02T01:42:29.914+0000] {processor.py:208} INFO - Processing /home/airflow/.local/lib/python3.12/site-packages/airflow/example_dags/example_setup_teardown.py took 0.062 seconds
[2024-09-02T01:43:01.255+0000] {processor.py:186} INFO - Started process (PID=2418) to work on /home/airflow/.local/lib/python3.12/site-packages/airflow/example_dags/example_setup_teardown.py
[2024-09-02T01:43:01.257+0000] {processor.py:914} INFO - Processing file /home/airflow/.local/lib/python3.12/site-packages/airflow/example_dags/example_setup_teardown.py for tasks to queue
[2024-09-02T01:43:01.259+0000] {logging_mixin.py:190} INFO - [2024-09-02T01:43:01.259+0000] {dagbag.py:587} INFO - Filling up the DagBag from /home/airflow/.local/lib/python3.12/site-packages/airflow/example_dags/example_setup_teardown.py
[2024-09-02T01:43:01.267+0000] {processor.py:925} INFO - DAG(s) 'example_setup_teardown' retrieved from /home/airflow/.local/lib/python3.12/site-packages/airflow/example_dags/example_setup_teardown.py
[2024-09-02T01:43:01.282+0000] {logging_mixin.py:190} INFO - [2024-09-02T01:43:01.282+0000] {dag.py:3211} INFO - Sync 1 DAGs
[2024-09-02T01:43:01.300+0000] {logging_mixin.py:190} INFO - [2024-09-02T01:43:01.300+0000] {dag.py:4138} INFO - Setting next_dagrun for example_setup_teardown to 2024-09-01 00:00:00+00:00, run_after=2024-09-02 00:00:00+00:00
[2024-09-02T01:43:01.309+0000] {processor.py:208} INFO - Processing /home/airflow/.local/lib/python3.12/site-packages/airflow/example_dags/example_setup_teardown.py took 0.058 seconds
[2024-09-02T01:43:31.516+0000] {processor.py:186} INFO - Started process (PID=2704) to work on /home/airflow/.local/lib/python3.12/site-packages/airflow/example_dags/example_setup_teardown.py
[2024-09-02T01:43:31.517+0000] {processor.py:914} INFO - Processing file /home/airflow/.local/lib/python3.12/site-packages/airflow/example_dags/example_setup_teardown.py for tasks to queue
[2024-09-02T01:43:31.519+0000] {logging_mixin.py:190} INFO - [2024-09-02T01:43:31.519+0000] {dagbag.py:587} INFO - Filling up the DagBag from /home/airflow/.local/lib/python3.12/site-packages/airflow/example_dags/example_setup_teardown.py
[2024-09-02T01:43:31.525+0000] {processor.py:925} INFO - DAG(s) 'example_setup_teardown' retrieved from /home/airflow/.local/lib/python3.12/site-packages/airflow/example_dags/example_setup_teardown.py
[2024-09-02T01:43:31.541+0000] {logging_mixin.py:190} INFO - [2024-09-02T01:43:31.541+0000] {dag.py:3211} INFO - Sync 1 DAGs
[2024-09-02T01:43:31.556+0000] {logging_mixin.py:190} INFO - [2024-09-02T01:43:31.556+0000] {dag.py:4138} INFO - Setting next_dagrun for example_setup_teardown to 2024-09-01 00:00:00+00:00, run_after=2024-09-02 00:00:00+00:00
[2024-09-02T01:43:31.566+0000] {processor.py:208} INFO - Processing /home/airflow/.local/lib/python3.12/site-packages/airflow/example_dags/example_setup_teardown.py took 0.054 seconds
[2024-09-02T01:44:02.442+0000] {processor.py:186} INFO - Started process (PID=2989) to work on /home/airflow/.local/lib/python3.12/site-packages/airflow/example_dags/example_setup_teardown.py
[2024-09-02T01:44:02.444+0000] {processor.py:914} INFO - Processing file /home/airflow/.local/lib/python3.12/site-packages/airflow/example_dags/example_setup_teardown.py for tasks to queue
[2024-09-02T01:44:02.447+0000] {logging_mixin.py:190} INFO - [2024-09-02T01:44:02.446+0000] {dagbag.py:587} INFO - Filling up the DagBag from /home/airflow/.local/lib/python3.12/site-packages/airflow/example_dags/example_setup_teardown.py
[2024-09-02T01:44:02.456+0000] {processor.py:925} INFO - DAG(s) 'example_setup_teardown' retrieved from /home/airflow/.local/lib/python3.12/site-packages/airflow/example_dags/example_setup_teardown.py
[2024-09-02T01:44:02.473+0000] {logging_mixin.py:190} INFO - [2024-09-02T01:44:02.472+0000] {dag.py:3211} INFO - Sync 1 DAGs
[2024-09-02T01:44:02.486+0000] {logging_mixin.py:190} INFO - [2024-09-02T01:44:02.486+0000] {dag.py:4138} INFO - Setting next_dagrun for example_setup_teardown to 2024-09-01 00:00:00+00:00, run_after=2024-09-02 00:00:00+00:00
[2024-09-02T01:44:02.497+0000] {processor.py:208} INFO - Processing /home/airflow/.local/lib/python3.12/site-packages/airflow/example_dags/example_setup_teardown.py took 0.059 seconds
[2024-09-02T01:44:32.909+0000] {processor.py:186} INFO - Started process (PID=3275) to work on /home/airflow/.local/lib/python3.12/site-packages/airflow/example_dags/example_setup_teardown.py
[2024-09-02T01:44:32.911+0000] {processor.py:914} INFO - Processing file /home/airflow/.local/lib/python3.12/site-packages/airflow/example_dags/example_setup_teardown.py for tasks to queue
[2024-09-02T01:44:32.914+0000] {logging_mixin.py:190} INFO - [2024-09-02T01:44:32.913+0000] {dagbag.py:587} INFO - Filling up the DagBag from /home/airflow/.local/lib/python3.12/site-packages/airflow/example_dags/example_setup_teardown.py
[2024-09-02T01:44:32.920+0000] {processor.py:925} INFO - DAG(s) 'example_setup_teardown' retrieved from /home/airflow/.local/lib/python3.12/site-packages/airflow/example_dags/example_setup_teardown.py
[2024-09-02T01:44:32.950+0000] {logging_mixin.py:190} INFO - [2024-09-02T01:44:32.949+0000] {dag.py:3211} INFO - Sync 1 DAGs
[2024-09-02T01:44:32.979+0000] {logging_mixin.py:190} INFO - [2024-09-02T01:44:32.979+0000] {dag.py:4138} INFO - Setting next_dagrun for example_setup_teardown to 2024-09-01 00:00:00+00:00, run_after=2024-09-02 00:00:00+00:00
[2024-09-02T01:44:32.996+0000] {processor.py:208} INFO - Processing /home/airflow/.local/lib/python3.12/site-packages/airflow/example_dags/example_setup_teardown.py took 0.091 seconds
[2024-09-02T01:45:03.331+0000] {processor.py:186} INFO - Started process (PID=3561) to work on /home/airflow/.local/lib/python3.12/site-packages/airflow/example_dags/example_setup_teardown.py
[2024-09-02T01:45:03.332+0000] {processor.py:914} INFO - Processing file /home/airflow/.local/lib/python3.12/site-packages/airflow/example_dags/example_setup_teardown.py for tasks to queue
[2024-09-02T01:45:03.335+0000] {logging_mixin.py:190} INFO - [2024-09-02T01:45:03.334+0000] {dagbag.py:587} INFO - Filling up the DagBag from /home/airflow/.local/lib/python3.12/site-packages/airflow/example_dags/example_setup_teardown.py
[2024-09-02T01:45:03.341+0000] {processor.py:925} INFO - DAG(s) 'example_setup_teardown' retrieved from /home/airflow/.local/lib/python3.12/site-packages/airflow/example_dags/example_setup_teardown.py
[2024-09-02T01:45:03.355+0000] {logging_mixin.py:190} INFO - [2024-09-02T01:45:03.355+0000] {dag.py:3211} INFO - Sync 1 DAGs
[2024-09-02T01:45:03.369+0000] {logging_mixin.py:190} INFO - [2024-09-02T01:45:03.369+0000] {dag.py:4138} INFO - Setting next_dagrun for example_setup_teardown to 2024-09-01 00:00:00+00:00, run_after=2024-09-02 00:00:00+00:00
[2024-09-02T01:45:03.380+0000] {processor.py:208} INFO - Processing /home/airflow/.local/lib/python3.12/site-packages/airflow/example_dags/example_setup_teardown.py took 0.053 seconds
[2024-09-02T01:54:41.691+0000] {processor.py:186} INFO - Started process (PID=365) to work on /home/airflow/.local/lib/python3.12/site-packages/airflow/example_dags/example_setup_teardown.py
[2024-09-02T01:54:41.694+0000] {processor.py:914} INFO - Processing file /home/airflow/.local/lib/python3.12/site-packages/airflow/example_dags/example_setup_teardown.py for tasks to queue
[2024-09-02T01:54:41.709+0000] {logging_mixin.py:190} INFO - [2024-09-02T01:54:41.708+0000] {dagbag.py:587} INFO - Filling up the DagBag from /home/airflow/.local/lib/python3.12/site-packages/airflow/example_dags/example_setup_teardown.py
[2024-09-02T01:54:41.735+0000] {processor.py:925} INFO - DAG(s) 'example_setup_teardown' retrieved from /home/airflow/.local/lib/python3.12/site-packages/airflow/example_dags/example_setup_teardown.py
[2024-09-02T01:54:41.779+0000] {logging_mixin.py:190} INFO - [2024-09-02T01:54:41.779+0000] {dag.py:3211} INFO - Sync 1 DAGs
[2024-09-02T01:54:41.820+0000] {logging_mixin.py:190} INFO - [2024-09-02T01:54:41.820+0000] {dag.py:4138} INFO - Setting next_dagrun for example_setup_teardown to 2024-09-01 00:00:00+00:00, run_after=2024-09-02 00:00:00+00:00
[2024-09-02T01:54:41.839+0000] {processor.py:208} INFO - Processing /home/airflow/.local/lib/python3.12/site-packages/airflow/example_dags/example_setup_teardown.py took 0.172 seconds
[2024-09-02T01:55:12.415+0000] {processor.py:186} INFO - Started process (PID=681) to work on /home/airflow/.local/lib/python3.12/site-packages/airflow/example_dags/example_setup_teardown.py
[2024-09-02T01:55:12.418+0000] {processor.py:914} INFO - Processing file /home/airflow/.local/lib/python3.12/site-packages/airflow/example_dags/example_setup_teardown.py for tasks to queue
[2024-09-02T01:55:12.420+0000] {logging_mixin.py:190} INFO - [2024-09-02T01:55:12.420+0000] {dagbag.py:587} INFO - Filling up the DagBag from /home/airflow/.local/lib/python3.12/site-packages/airflow/example_dags/example_setup_teardown.py
[2024-09-02T01:55:12.427+0000] {processor.py:925} INFO - DAG(s) 'example_setup_teardown' retrieved from /home/airflow/.local/lib/python3.12/site-packages/airflow/example_dags/example_setup_teardown.py
[2024-09-02T01:55:12.440+0000] {logging_mixin.py:190} INFO - [2024-09-02T01:55:12.440+0000] {dag.py:3211} INFO - Sync 1 DAGs
[2024-09-02T01:55:12.453+0000] {logging_mixin.py:190} INFO - [2024-09-02T01:55:12.453+0000] {dag.py:4138} INFO - Setting next_dagrun for example_setup_teardown to 2024-09-01 00:00:00+00:00, run_after=2024-09-02 00:00:00+00:00
[2024-09-02T01:55:12.467+0000] {processor.py:208} INFO - Processing /home/airflow/.local/lib/python3.12/site-packages/airflow/example_dags/example_setup_teardown.py took 0.056 seconds
[2024-09-02T01:55:43.068+0000] {processor.py:186} INFO - Started process (PID=967) to work on /home/airflow/.local/lib/python3.12/site-packages/airflow/example_dags/example_setup_teardown.py
[2024-09-02T01:55:43.069+0000] {processor.py:914} INFO - Processing file /home/airflow/.local/lib/python3.12/site-packages/airflow/example_dags/example_setup_teardown.py for tasks to queue
[2024-09-02T01:55:43.071+0000] {logging_mixin.py:190} INFO - [2024-09-02T01:55:43.071+0000] {dagbag.py:587} INFO - Filling up the DagBag from /home/airflow/.local/lib/python3.12/site-packages/airflow/example_dags/example_setup_teardown.py
[2024-09-02T01:55:43.077+0000] {processor.py:925} INFO - DAG(s) 'example_setup_teardown' retrieved from /home/airflow/.local/lib/python3.12/site-packages/airflow/example_dags/example_setup_teardown.py
[2024-09-02T01:55:43.092+0000] {logging_mixin.py:190} INFO - [2024-09-02T01:55:43.091+0000] {dag.py:3211} INFO - Sync 1 DAGs
[2024-09-02T01:55:43.106+0000] {logging_mixin.py:190} INFO - [2024-09-02T01:55:43.106+0000] {dag.py:4138} INFO - Setting next_dagrun for example_setup_teardown to 2024-09-01 00:00:00+00:00, run_after=2024-09-02 00:00:00+00:00
[2024-09-02T01:55:43.117+0000] {processor.py:208} INFO - Processing /home/airflow/.local/lib/python3.12/site-packages/airflow/example_dags/example_setup_teardown.py took 0.053 seconds
[2024-09-02T01:56:13.288+0000] {processor.py:186} INFO - Started process (PID=1253) to work on /home/airflow/.local/lib/python3.12/site-packages/airflow/example_dags/example_setup_teardown.py
[2024-09-02T01:56:13.291+0000] {processor.py:914} INFO - Processing file /home/airflow/.local/lib/python3.12/site-packages/airflow/example_dags/example_setup_teardown.py for tasks to queue
[2024-09-02T01:56:13.293+0000] {logging_mixin.py:190} INFO - [2024-09-02T01:56:13.293+0000] {dagbag.py:587} INFO - Filling up the DagBag from /home/airflow/.local/lib/python3.12/site-packages/airflow/example_dags/example_setup_teardown.py
[2024-09-02T01:56:13.300+0000] {processor.py:925} INFO - DAG(s) 'example_setup_teardown' retrieved from /home/airflow/.local/lib/python3.12/site-packages/airflow/example_dags/example_setup_teardown.py
[2024-09-02T01:56:13.313+0000] {logging_mixin.py:190} INFO - [2024-09-02T01:56:13.313+0000] {dag.py:3211} INFO - Sync 1 DAGs
[2024-09-02T01:56:13.332+0000] {logging_mixin.py:190} INFO - [2024-09-02T01:56:13.332+0000] {dag.py:4138} INFO - Setting next_dagrun for example_setup_teardown to 2024-09-01 00:00:00+00:00, run_after=2024-09-02 00:00:00+00:00
[2024-09-02T01:56:13.343+0000] {processor.py:208} INFO - Processing /home/airflow/.local/lib/python3.12/site-packages/airflow/example_dags/example_setup_teardown.py took 0.059 seconds
[2024-09-02T01:56:43.507+0000] {processor.py:186} INFO - Started process (PID=1543) to work on /home/airflow/.local/lib/python3.12/site-packages/airflow/example_dags/example_setup_teardown.py
[2024-09-02T01:56:43.509+0000] {processor.py:914} INFO - Processing file /home/airflow/.local/lib/python3.12/site-packages/airflow/example_dags/example_setup_teardown.py for tasks to queue
[2024-09-02T01:56:43.512+0000] {logging_mixin.py:190} INFO - [2024-09-02T01:56:43.512+0000] {dagbag.py:587} INFO - Filling up the DagBag from /home/airflow/.local/lib/python3.12/site-packages/airflow/example_dags/example_setup_teardown.py
[2024-09-02T01:56:43.518+0000] {processor.py:925} INFO - DAG(s) 'example_setup_teardown' retrieved from /home/airflow/.local/lib/python3.12/site-packages/airflow/example_dags/example_setup_teardown.py
[2024-09-02T01:56:43.531+0000] {logging_mixin.py:190} INFO - [2024-09-02T01:56:43.531+0000] {dag.py:3211} INFO - Sync 1 DAGs
[2024-09-02T01:56:43.544+0000] {logging_mixin.py:190} INFO - [2024-09-02T01:56:43.544+0000] {dag.py:4138} INFO - Setting next_dagrun for example_setup_teardown to 2024-09-01 00:00:00+00:00, run_after=2024-09-02 00:00:00+00:00
[2024-09-02T01:56:43.555+0000] {processor.py:208} INFO - Processing /home/airflow/.local/lib/python3.12/site-packages/airflow/example_dags/example_setup_teardown.py took 0.055 seconds
[2024-09-02T01:57:14.175+0000] {processor.py:186} INFO - Started process (PID=1829) to work on /home/airflow/.local/lib/python3.12/site-packages/airflow/example_dags/example_setup_teardown.py
[2024-09-02T01:57:14.177+0000] {processor.py:914} INFO - Processing file /home/airflow/.local/lib/python3.12/site-packages/airflow/example_dags/example_setup_teardown.py for tasks to queue
[2024-09-02T01:57:14.179+0000] {logging_mixin.py:190} INFO - [2024-09-02T01:57:14.178+0000] {dagbag.py:587} INFO - Filling up the DagBag from /home/airflow/.local/lib/python3.12/site-packages/airflow/example_dags/example_setup_teardown.py
[2024-09-02T01:57:14.186+0000] {processor.py:925} INFO - DAG(s) 'example_setup_teardown' retrieved from /home/airflow/.local/lib/python3.12/site-packages/airflow/example_dags/example_setup_teardown.py
[2024-09-02T01:57:14.199+0000] {logging_mixin.py:190} INFO - [2024-09-02T01:57:14.199+0000] {dag.py:3211} INFO - Sync 1 DAGs
[2024-09-02T01:57:14.215+0000] {logging_mixin.py:190} INFO - [2024-09-02T01:57:14.215+0000] {dag.py:4138} INFO - Setting next_dagrun for example_setup_teardown to 2024-09-01 00:00:00+00:00, run_after=2024-09-02 00:00:00+00:00
[2024-09-02T01:57:14.226+0000] {processor.py:208} INFO - Processing /home/airflow/.local/lib/python3.12/site-packages/airflow/example_dags/example_setup_teardown.py took 0.055 seconds
[2024-09-02T01:57:44.528+0000] {processor.py:186} INFO - Started process (PID=2116) to work on /home/airflow/.local/lib/python3.12/site-packages/airflow/example_dags/example_setup_teardown.py
[2024-09-02T01:57:44.530+0000] {processor.py:914} INFO - Processing file /home/airflow/.local/lib/python3.12/site-packages/airflow/example_dags/example_setup_teardown.py for tasks to queue
[2024-09-02T01:57:44.532+0000] {logging_mixin.py:190} INFO - [2024-09-02T01:57:44.532+0000] {dagbag.py:587} INFO - Filling up the DagBag from /home/airflow/.local/lib/python3.12/site-packages/airflow/example_dags/example_setup_teardown.py
[2024-09-02T01:57:44.539+0000] {processor.py:925} INFO - DAG(s) 'example_setup_teardown' retrieved from /home/airflow/.local/lib/python3.12/site-packages/airflow/example_dags/example_setup_teardown.py
[2024-09-02T01:57:44.562+0000] {logging_mixin.py:190} INFO - [2024-09-02T01:57:44.561+0000] {dag.py:3211} INFO - Sync 1 DAGs
[2024-09-02T01:57:44.578+0000] {logging_mixin.py:190} INFO - [2024-09-02T01:57:44.578+0000] {dag.py:4138} INFO - Setting next_dagrun for example_setup_teardown to 2024-09-01 00:00:00+00:00, run_after=2024-09-02 00:00:00+00:00
[2024-09-02T01:57:44.590+0000] {processor.py:208} INFO - Processing /home/airflow/.local/lib/python3.12/site-packages/airflow/example_dags/example_setup_teardown.py took 0.066 seconds
[2024-09-02T01:58:15.400+0000] {processor.py:186} INFO - Started process (PID=2402) to work on /home/airflow/.local/lib/python3.12/site-packages/airflow/example_dags/example_setup_teardown.py
[2024-09-02T01:58:15.402+0000] {processor.py:914} INFO - Processing file /home/airflow/.local/lib/python3.12/site-packages/airflow/example_dags/example_setup_teardown.py for tasks to queue
[2024-09-02T01:58:15.404+0000] {logging_mixin.py:190} INFO - [2024-09-02T01:58:15.404+0000] {dagbag.py:587} INFO - Filling up the DagBag from /home/airflow/.local/lib/python3.12/site-packages/airflow/example_dags/example_setup_teardown.py
[2024-09-02T01:58:15.410+0000] {processor.py:925} INFO - DAG(s) 'example_setup_teardown' retrieved from /home/airflow/.local/lib/python3.12/site-packages/airflow/example_dags/example_setup_teardown.py
[2024-09-02T01:58:15.423+0000] {logging_mixin.py:190} INFO - [2024-09-02T01:58:15.423+0000] {dag.py:3211} INFO - Sync 1 DAGs
[2024-09-02T01:58:15.439+0000] {logging_mixin.py:190} INFO - [2024-09-02T01:58:15.439+0000] {dag.py:4138} INFO - Setting next_dagrun for example_setup_teardown to 2024-09-01 00:00:00+00:00, run_after=2024-09-02 00:00:00+00:00
[2024-09-02T01:58:15.519+0000] {processor.py:208} INFO - Processing /home/airflow/.local/lib/python3.12/site-packages/airflow/example_dags/example_setup_teardown.py took 0.124 seconds
