[2024-09-02T01:39:20.661+0000] {processor.py:186} INFO - Started process (PID=186) to work on /home/airflow/.local/lib/python3.12/site-packages/airflow/example_dags/example_params_trigger_ui.py
[2024-09-02T01:39:20.663+0000] {processor.py:914} INFO - Processing file /home/airflow/.local/lib/python3.12/site-packages/airflow/example_dags/example_params_trigger_ui.py for tasks to queue
[2024-09-02T01:39:20.666+0000] {logging_mixin.py:190} INFO - [2024-09-02T01:39:20.665+0000] {dagbag.py:587} INFO - Filling up the DagBag from /home/airflow/.local/lib/python3.12/site-packages/airflow/example_dags/example_params_trigger_ui.py
[2024-09-02T01:39:20.676+0000] {processor.py:925} INFO - DAG(s) 'example_params_trigger_ui' retrieved from /home/airflow/.local/lib/python3.12/site-packages/airflow/example_dags/example_params_trigger_ui.py
[2024-09-02T01:39:20.766+0000] {logging_mixin.py:190} INFO - [2024-09-02T01:39:20.766+0000] {override.py:1858} INFO - Created Permission View: can edit on DAG:example_params_trigger_ui
[2024-09-02T01:39:20.774+0000] {logging_mixin.py:190} INFO - [2024-09-02T01:39:20.774+0000] {override.py:1858} INFO - Created Permission View: can read on DAG:example_params_trigger_ui
[2024-09-02T01:39:20.778+0000] {logging_mixin.py:190} INFO - [2024-09-02T01:39:20.778+0000] {override.py:1858} INFO - Created Permission View: can delete on DAG:example_params_trigger_ui
[2024-09-02T01:39:20.779+0000] {logging_mixin.py:190} INFO - [2024-09-02T01:39:20.779+0000] {dag.py:3211} INFO - Sync 1 DAGs
[2024-09-02T01:39:20.787+0000] {logging_mixin.py:190} INFO - [2024-09-02T01:39:20.787+0000] {dag.py:3234} INFO - Creating ORM DAG for example_params_trigger_ui
[2024-09-02T01:39:20.789+0000] {logging_mixin.py:190} INFO - [2024-09-02T01:39:20.789+0000] {dag.py:4138} INFO - Setting next_dagrun for example_params_trigger_ui to None, run_after=None
[2024-09-02T01:39:20.799+0000] {processor.py:208} INFO - Processing /home/airflow/.local/lib/python3.12/site-packages/airflow/example_dags/example_params_trigger_ui.py took 0.145 seconds
[2024-09-02T01:39:51.385+0000] {processor.py:186} INFO - Started process (PID=474) to work on /home/airflow/.local/lib/python3.12/site-packages/airflow/example_dags/example_params_trigger_ui.py
[2024-09-02T01:39:51.386+0000] {processor.py:914} INFO - Processing file /home/airflow/.local/lib/python3.12/site-packages/airflow/example_dags/example_params_trigger_ui.py for tasks to queue
[2024-09-02T01:39:51.388+0000] {logging_mixin.py:190} INFO - [2024-09-02T01:39:51.388+0000] {dagbag.py:587} INFO - Filling up the DagBag from /home/airflow/.local/lib/python3.12/site-packages/airflow/example_dags/example_params_trigger_ui.py
[2024-09-02T01:39:51.396+0000] {processor.py:925} INFO - DAG(s) 'example_params_trigger_ui' retrieved from /home/airflow/.local/lib/python3.12/site-packages/airflow/example_dags/example_params_trigger_ui.py
[2024-09-02T01:39:51.421+0000] {logging_mixin.py:190} INFO - [2024-09-02T01:39:51.421+0000] {dag.py:3211} INFO - Sync 1 DAGs
[2024-09-02T01:39:51.430+0000] {logging_mixin.py:190} INFO - [2024-09-02T01:39:51.430+0000] {dag.py:4138} INFO - Setting next_dagrun for example_params_trigger_ui to None, run_after=None
[2024-09-02T01:39:51.440+0000] {processor.py:208} INFO - Processing /home/airflow/.local/lib/python3.12/site-packages/airflow/example_dags/example_params_trigger_ui.py took 0.059 seconds
[2024-09-02T01:40:22.553+0000] {processor.py:186} INFO - Started process (PID=760) to work on /home/airflow/.local/lib/python3.12/site-packages/airflow/example_dags/example_params_trigger_ui.py
[2024-09-02T01:40:22.555+0000] {processor.py:914} INFO - Processing file /home/airflow/.local/lib/python3.12/site-packages/airflow/example_dags/example_params_trigger_ui.py for tasks to queue
[2024-09-02T01:40:22.558+0000] {logging_mixin.py:190} INFO - [2024-09-02T01:40:22.557+0000] {dagbag.py:587} INFO - Filling up the DagBag from /home/airflow/.local/lib/python3.12/site-packages/airflow/example_dags/example_params_trigger_ui.py
[2024-09-02T01:40:22.568+0000] {processor.py:925} INFO - DAG(s) 'example_params_trigger_ui' retrieved from /home/airflow/.local/lib/python3.12/site-packages/airflow/example_dags/example_params_trigger_ui.py
[2024-09-02T01:40:22.593+0000] {logging_mixin.py:190} INFO - [2024-09-02T01:40:22.593+0000] {dag.py:3211} INFO - Sync 1 DAGs
[2024-09-02T01:40:22.602+0000] {logging_mixin.py:190} INFO - [2024-09-02T01:40:22.602+0000] {dag.py:4138} INFO - Setting next_dagrun for example_params_trigger_ui to None, run_after=None
[2024-09-02T01:40:22.613+0000] {processor.py:208} INFO - Processing /home/airflow/.local/lib/python3.12/site-packages/airflow/example_dags/example_params_trigger_ui.py took 0.065 seconds
[2024-09-02T01:40:53.194+0000] {processor.py:186} INFO - Started process (PID=1044) to work on /home/airflow/.local/lib/python3.12/site-packages/airflow/example_dags/example_params_trigger_ui.py
[2024-09-02T01:40:53.201+0000] {processor.py:914} INFO - Processing file /home/airflow/.local/lib/python3.12/site-packages/airflow/example_dags/example_params_trigger_ui.py for tasks to queue
[2024-09-02T01:40:53.204+0000] {logging_mixin.py:190} INFO - [2024-09-02T01:40:53.204+0000] {dagbag.py:587} INFO - Filling up the DagBag from /home/airflow/.local/lib/python3.12/site-packages/airflow/example_dags/example_params_trigger_ui.py
[2024-09-02T01:40:53.212+0000] {processor.py:925} INFO - DAG(s) 'example_params_trigger_ui' retrieved from /home/airflow/.local/lib/python3.12/site-packages/airflow/example_dags/example_params_trigger_ui.py
[2024-09-02T01:40:53.238+0000] {logging_mixin.py:190} INFO - [2024-09-02T01:40:53.237+0000] {dag.py:3211} INFO - Sync 1 DAGs
[2024-09-02T01:40:53.247+0000] {logging_mixin.py:190} INFO - [2024-09-02T01:40:53.246+0000] {dag.py:4138} INFO - Setting next_dagrun for example_params_trigger_ui to None, run_after=None
[2024-09-02T01:40:53.258+0000] {processor.py:208} INFO - Processing /home/airflow/.local/lib/python3.12/site-packages/airflow/example_dags/example_params_trigger_ui.py took 0.068 seconds
[2024-09-02T01:41:24.418+0000] {processor.py:186} INFO - Started process (PID=1361) to work on /home/airflow/.local/lib/python3.12/site-packages/airflow/example_dags/example_params_trigger_ui.py
[2024-09-02T01:41:24.420+0000] {processor.py:914} INFO - Processing file /home/airflow/.local/lib/python3.12/site-packages/airflow/example_dags/example_params_trigger_ui.py for tasks to queue
[2024-09-02T01:41:24.424+0000] {logging_mixin.py:190} INFO - [2024-09-02T01:41:24.423+0000] {dagbag.py:587} INFO - Filling up the DagBag from /home/airflow/.local/lib/python3.12/site-packages/airflow/example_dags/example_params_trigger_ui.py
[2024-09-02T01:41:24.441+0000] {processor.py:925} INFO - DAG(s) 'example_params_trigger_ui' retrieved from /home/airflow/.local/lib/python3.12/site-packages/airflow/example_dags/example_params_trigger_ui.py
[2024-09-02T01:41:24.479+0000] {logging_mixin.py:190} INFO - [2024-09-02T01:41:24.479+0000] {dag.py:3211} INFO - Sync 1 DAGs
[2024-09-02T01:41:24.493+0000] {logging_mixin.py:190} INFO - [2024-09-02T01:41:24.493+0000] {dag.py:4138} INFO - Setting next_dagrun for example_params_trigger_ui to None, run_after=None
[2024-09-02T01:41:24.520+0000] {processor.py:208} INFO - Processing /home/airflow/.local/lib/python3.12/site-packages/airflow/example_dags/example_params_trigger_ui.py took 0.106 seconds
[2024-09-02T01:41:54.698+0000] {processor.py:186} INFO - Started process (PID=1690) to work on /home/airflow/.local/lib/python3.12/site-packages/airflow/example_dags/example_params_trigger_ui.py
[2024-09-02T01:41:54.700+0000] {processor.py:914} INFO - Processing file /home/airflow/.local/lib/python3.12/site-packages/airflow/example_dags/example_params_trigger_ui.py for tasks to queue
[2024-09-02T01:41:54.702+0000] {logging_mixin.py:190} INFO - [2024-09-02T01:41:54.702+0000] {dagbag.py:587} INFO - Filling up the DagBag from /home/airflow/.local/lib/python3.12/site-packages/airflow/example_dags/example_params_trigger_ui.py
[2024-09-02T01:41:54.709+0000] {processor.py:925} INFO - DAG(s) 'example_params_trigger_ui' retrieved from /home/airflow/.local/lib/python3.12/site-packages/airflow/example_dags/example_params_trigger_ui.py
[2024-09-02T01:41:54.743+0000] {logging_mixin.py:190} INFO - [2024-09-02T01:41:54.742+0000] {dag.py:3211} INFO - Sync 1 DAGs
[2024-09-02T01:41:54.752+0000] {logging_mixin.py:190} INFO - [2024-09-02T01:41:54.752+0000] {dag.py:4138} INFO - Setting next_dagrun for example_params_trigger_ui to None, run_after=None
[2024-09-02T01:41:54.768+0000] {processor.py:208} INFO - Processing /home/airflow/.local/lib/python3.12/site-packages/airflow/example_dags/example_params_trigger_ui.py took 0.074 seconds
[2024-09-02T01:42:25.838+0000] {processor.py:186} INFO - Started process (PID=1975) to work on /home/airflow/.local/lib/python3.12/site-packages/airflow/example_dags/example_params_trigger_ui.py
[2024-09-02T01:42:25.841+0000] {processor.py:914} INFO - Processing file /home/airflow/.local/lib/python3.12/site-packages/airflow/example_dags/example_params_trigger_ui.py for tasks to queue
[2024-09-02T01:42:25.844+0000] {logging_mixin.py:190} INFO - [2024-09-02T01:42:25.843+0000] {dagbag.py:587} INFO - Filling up the DagBag from /home/airflow/.local/lib/python3.12/site-packages/airflow/example_dags/example_params_trigger_ui.py
[2024-09-02T01:42:25.852+0000] {processor.py:925} INFO - DAG(s) 'example_params_trigger_ui' retrieved from /home/airflow/.local/lib/python3.12/site-packages/airflow/example_dags/example_params_trigger_ui.py
[2024-09-02T01:42:25.878+0000] {logging_mixin.py:190} INFO - [2024-09-02T01:42:25.878+0000] {dag.py:3211} INFO - Sync 1 DAGs
[2024-09-02T01:42:25.889+0000] {logging_mixin.py:190} INFO - [2024-09-02T01:42:25.889+0000] {dag.py:4138} INFO - Setting next_dagrun for example_params_trigger_ui to None, run_after=None
[2024-09-02T01:42:25.901+0000] {processor.py:208} INFO - Processing /home/airflow/.local/lib/python3.12/site-packages/airflow/example_dags/example_params_trigger_ui.py took 0.070 seconds
[2024-09-02T01:42:56.872+0000] {processor.py:186} INFO - Started process (PID=2261) to work on /home/airflow/.local/lib/python3.12/site-packages/airflow/example_dags/example_params_trigger_ui.py
[2024-09-02T01:42:56.874+0000] {processor.py:914} INFO - Processing file /home/airflow/.local/lib/python3.12/site-packages/airflow/example_dags/example_params_trigger_ui.py for tasks to queue
[2024-09-02T01:42:56.877+0000] {logging_mixin.py:190} INFO - [2024-09-02T01:42:56.876+0000] {dagbag.py:587} INFO - Filling up the DagBag from /home/airflow/.local/lib/python3.12/site-packages/airflow/example_dags/example_params_trigger_ui.py
[2024-09-02T01:42:56.885+0000] {processor.py:925} INFO - DAG(s) 'example_params_trigger_ui' retrieved from /home/airflow/.local/lib/python3.12/site-packages/airflow/example_dags/example_params_trigger_ui.py
[2024-09-02T01:42:56.909+0000] {logging_mixin.py:190} INFO - [2024-09-02T01:42:56.909+0000] {dag.py:3211} INFO - Sync 1 DAGs
[2024-09-02T01:42:56.919+0000] {logging_mixin.py:190} INFO - [2024-09-02T01:42:56.919+0000] {dag.py:4138} INFO - Setting next_dagrun for example_params_trigger_ui to None, run_after=None
[2024-09-02T01:42:56.931+0000] {processor.py:208} INFO - Processing /home/airflow/.local/lib/python3.12/site-packages/airflow/example_dags/example_params_trigger_ui.py took 0.063 seconds
[2024-09-02T01:43:27.665+0000] {processor.py:186} INFO - Started process (PID=2549) to work on /home/airflow/.local/lib/python3.12/site-packages/airflow/example_dags/example_params_trigger_ui.py
[2024-09-02T01:43:27.667+0000] {processor.py:914} INFO - Processing file /home/airflow/.local/lib/python3.12/site-packages/airflow/example_dags/example_params_trigger_ui.py for tasks to queue
[2024-09-02T01:43:27.669+0000] {logging_mixin.py:190} INFO - [2024-09-02T01:43:27.669+0000] {dagbag.py:587} INFO - Filling up the DagBag from /home/airflow/.local/lib/python3.12/site-packages/airflow/example_dags/example_params_trigger_ui.py
[2024-09-02T01:43:27.679+0000] {processor.py:925} INFO - DAG(s) 'example_params_trigger_ui' retrieved from /home/airflow/.local/lib/python3.12/site-packages/airflow/example_dags/example_params_trigger_ui.py
[2024-09-02T01:43:27.706+0000] {logging_mixin.py:190} INFO - [2024-09-02T01:43:27.705+0000] {dag.py:3211} INFO - Sync 1 DAGs
[2024-09-02T01:43:27.715+0000] {logging_mixin.py:190} INFO - [2024-09-02T01:43:27.715+0000] {dag.py:4138} INFO - Setting next_dagrun for example_params_trigger_ui to None, run_after=None
[2024-09-02T01:43:27.726+0000] {processor.py:208} INFO - Processing /home/airflow/.local/lib/python3.12/site-packages/airflow/example_dags/example_params_trigger_ui.py took 0.065 seconds
[2024-09-02T01:43:58.642+0000] {processor.py:186} INFO - Started process (PID=2834) to work on /home/airflow/.local/lib/python3.12/site-packages/airflow/example_dags/example_params_trigger_ui.py
[2024-09-02T01:43:58.643+0000] {processor.py:914} INFO - Processing file /home/airflow/.local/lib/python3.12/site-packages/airflow/example_dags/example_params_trigger_ui.py for tasks to queue
[2024-09-02T01:43:58.646+0000] {logging_mixin.py:190} INFO - [2024-09-02T01:43:58.645+0000] {dagbag.py:587} INFO - Filling up the DagBag from /home/airflow/.local/lib/python3.12/site-packages/airflow/example_dags/example_params_trigger_ui.py
[2024-09-02T01:43:58.654+0000] {processor.py:925} INFO - DAG(s) 'example_params_trigger_ui' retrieved from /home/airflow/.local/lib/python3.12/site-packages/airflow/example_dags/example_params_trigger_ui.py
[2024-09-02T01:43:58.679+0000] {logging_mixin.py:190} INFO - [2024-09-02T01:43:58.679+0000] {dag.py:3211} INFO - Sync 1 DAGs
[2024-09-02T01:43:58.689+0000] {logging_mixin.py:190} INFO - [2024-09-02T01:43:58.689+0000] {dag.py:4138} INFO - Setting next_dagrun for example_params_trigger_ui to None, run_after=None
[2024-09-02T01:43:58.701+0000] {processor.py:208} INFO - Processing /home/airflow/.local/lib/python3.12/site-packages/airflow/example_dags/example_params_trigger_ui.py took 0.063 seconds
[2024-09-02T01:44:29.283+0000] {processor.py:186} INFO - Started process (PID=3120) to work on /home/airflow/.local/lib/python3.12/site-packages/airflow/example_dags/example_params_trigger_ui.py
[2024-09-02T01:44:29.284+0000] {processor.py:914} INFO - Processing file /home/airflow/.local/lib/python3.12/site-packages/airflow/example_dags/example_params_trigger_ui.py for tasks to queue
[2024-09-02T01:44:29.286+0000] {logging_mixin.py:190} INFO - [2024-09-02T01:44:29.286+0000] {dagbag.py:587} INFO - Filling up the DagBag from /home/airflow/.local/lib/python3.12/site-packages/airflow/example_dags/example_params_trigger_ui.py
[2024-09-02T01:44:29.294+0000] {processor.py:925} INFO - DAG(s) 'example_params_trigger_ui' retrieved from /home/airflow/.local/lib/python3.12/site-packages/airflow/example_dags/example_params_trigger_ui.py
[2024-09-02T01:44:29.317+0000] {logging_mixin.py:190} INFO - [2024-09-02T01:44:29.317+0000] {dag.py:3211} INFO - Sync 1 DAGs
[2024-09-02T01:44:29.326+0000] {logging_mixin.py:190} INFO - [2024-09-02T01:44:29.326+0000] {dag.py:4138} INFO - Setting next_dagrun for example_params_trigger_ui to None, run_after=None
[2024-09-02T01:44:29.338+0000] {processor.py:208} INFO - Processing /home/airflow/.local/lib/python3.12/site-packages/airflow/example_dags/example_params_trigger_ui.py took 0.059 seconds
[2024-09-02T01:44:59.701+0000] {processor.py:186} INFO - Started process (PID=3408) to work on /home/airflow/.local/lib/python3.12/site-packages/airflow/example_dags/example_params_trigger_ui.py
[2024-09-02T01:44:59.703+0000] {processor.py:914} INFO - Processing file /home/airflow/.local/lib/python3.12/site-packages/airflow/example_dags/example_params_trigger_ui.py for tasks to queue
[2024-09-02T01:44:59.705+0000] {logging_mixin.py:190} INFO - [2024-09-02T01:44:59.704+0000] {dagbag.py:587} INFO - Filling up the DagBag from /home/airflow/.local/lib/python3.12/site-packages/airflow/example_dags/example_params_trigger_ui.py
[2024-09-02T01:44:59.712+0000] {processor.py:925} INFO - DAG(s) 'example_params_trigger_ui' retrieved from /home/airflow/.local/lib/python3.12/site-packages/airflow/example_dags/example_params_trigger_ui.py
[2024-09-02T01:44:59.736+0000] {logging_mixin.py:190} INFO - [2024-09-02T01:44:59.736+0000] {dag.py:3211} INFO - Sync 1 DAGs
[2024-09-02T01:44:59.745+0000] {logging_mixin.py:190} INFO - [2024-09-02T01:44:59.745+0000] {dag.py:4138} INFO - Setting next_dagrun for example_params_trigger_ui to None, run_after=None
[2024-09-02T01:44:59.756+0000] {processor.py:208} INFO - Processing /home/airflow/.local/lib/python3.12/site-packages/airflow/example_dags/example_params_trigger_ui.py took 0.059 seconds
[2024-09-02T01:54:36.011+0000] {processor.py:186} INFO - Started process (PID=186) to work on /home/airflow/.local/lib/python3.12/site-packages/airflow/example_dags/example_params_trigger_ui.py
[2024-09-02T01:54:36.014+0000] {processor.py:914} INFO - Processing file /home/airflow/.local/lib/python3.12/site-packages/airflow/example_dags/example_params_trigger_ui.py for tasks to queue
[2024-09-02T01:54:36.019+0000] {logging_mixin.py:190} INFO - [2024-09-02T01:54:36.018+0000] {dagbag.py:587} INFO - Filling up the DagBag from /home/airflow/.local/lib/python3.12/site-packages/airflow/example_dags/example_params_trigger_ui.py
[2024-09-02T01:54:36.029+0000] {processor.py:925} INFO - DAG(s) 'example_params_trigger_ui' retrieved from /home/airflow/.local/lib/python3.12/site-packages/airflow/example_dags/example_params_trigger_ui.py
[2024-09-02T01:54:36.132+0000] {logging_mixin.py:190} INFO - [2024-09-02T01:54:36.131+0000] {dag.py:3211} INFO - Sync 1 DAGs
[2024-09-02T01:54:36.148+0000] {logging_mixin.py:190} INFO - [2024-09-02T01:54:36.148+0000] {dag.py:4138} INFO - Setting next_dagrun for example_params_trigger_ui to None, run_after=None
[2024-09-02T01:54:36.207+0000] {processor.py:208} INFO - Processing /home/airflow/.local/lib/python3.12/site-packages/airflow/example_dags/example_params_trigger_ui.py took 0.202 seconds
[2024-09-02T01:55:06.646+0000] {processor.py:186} INFO - Started process (PID=526) to work on /home/airflow/.local/lib/python3.12/site-packages/airflow/example_dags/example_params_trigger_ui.py
[2024-09-02T01:55:06.648+0000] {processor.py:914} INFO - Processing file /home/airflow/.local/lib/python3.12/site-packages/airflow/example_dags/example_params_trigger_ui.py for tasks to queue
[2024-09-02T01:55:06.650+0000] {logging_mixin.py:190} INFO - [2024-09-02T01:55:06.650+0000] {dagbag.py:587} INFO - Filling up the DagBag from /home/airflow/.local/lib/python3.12/site-packages/airflow/example_dags/example_params_trigger_ui.py
[2024-09-02T01:55:06.658+0000] {processor.py:925} INFO - DAG(s) 'example_params_trigger_ui' retrieved from /home/airflow/.local/lib/python3.12/site-packages/airflow/example_dags/example_params_trigger_ui.py
[2024-09-02T01:55:06.681+0000] {logging_mixin.py:190} INFO - [2024-09-02T01:55:06.681+0000] {dag.py:3211} INFO - Sync 1 DAGs
[2024-09-02T01:55:06.691+0000] {logging_mixin.py:190} INFO - [2024-09-02T01:55:06.691+0000] {dag.py:4138} INFO - Setting next_dagrun for example_params_trigger_ui to None, run_after=None
[2024-09-02T01:55:06.703+0000] {processor.py:208} INFO - Processing /home/airflow/.local/lib/python3.12/site-packages/airflow/example_dags/example_params_trigger_ui.py took 0.060 seconds
[2024-09-02T01:55:37.464+0000] {processor.py:186} INFO - Started process (PID=812) to work on /home/airflow/.local/lib/python3.12/site-packages/airflow/example_dags/example_params_trigger_ui.py
[2024-09-02T01:55:37.466+0000] {processor.py:914} INFO - Processing file /home/airflow/.local/lib/python3.12/site-packages/airflow/example_dags/example_params_trigger_ui.py for tasks to queue
[2024-09-02T01:55:37.468+0000] {logging_mixin.py:190} INFO - [2024-09-02T01:55:37.468+0000] {dagbag.py:587} INFO - Filling up the DagBag from /home/airflow/.local/lib/python3.12/site-packages/airflow/example_dags/example_params_trigger_ui.py
[2024-09-02T01:55:37.475+0000] {processor.py:925} INFO - DAG(s) 'example_params_trigger_ui' retrieved from /home/airflow/.local/lib/python3.12/site-packages/airflow/example_dags/example_params_trigger_ui.py
[2024-09-02T01:55:37.500+0000] {logging_mixin.py:190} INFO - [2024-09-02T01:55:37.500+0000] {dag.py:3211} INFO - Sync 1 DAGs
[2024-09-02T01:55:37.513+0000] {logging_mixin.py:190} INFO - [2024-09-02T01:55:37.512+0000] {dag.py:4138} INFO - Setting next_dagrun for example_params_trigger_ui to None, run_after=None
[2024-09-02T01:55:37.528+0000] {processor.py:208} INFO - Processing /home/airflow/.local/lib/python3.12/site-packages/airflow/example_dags/example_params_trigger_ui.py took 0.069 seconds
[2024-09-02T01:56:07.755+0000] {processor.py:186} INFO - Started process (PID=1098) to work on /home/airflow/.local/lib/python3.12/site-packages/airflow/example_dags/example_params_trigger_ui.py
[2024-09-02T01:56:07.756+0000] {processor.py:914} INFO - Processing file /home/airflow/.local/lib/python3.12/site-packages/airflow/example_dags/example_params_trigger_ui.py for tasks to queue
[2024-09-02T01:56:07.758+0000] {logging_mixin.py:190} INFO - [2024-09-02T01:56:07.758+0000] {dagbag.py:587} INFO - Filling up the DagBag from /home/airflow/.local/lib/python3.12/site-packages/airflow/example_dags/example_params_trigger_ui.py
[2024-09-02T01:56:07.765+0000] {processor.py:925} INFO - DAG(s) 'example_params_trigger_ui' retrieved from /home/airflow/.local/lib/python3.12/site-packages/airflow/example_dags/example_params_trigger_ui.py
[2024-09-02T01:56:07.788+0000] {logging_mixin.py:190} INFO - [2024-09-02T01:56:07.788+0000] {dag.py:3211} INFO - Sync 1 DAGs
[2024-09-02T01:56:07.797+0000] {logging_mixin.py:190} INFO - [2024-09-02T01:56:07.797+0000] {dag.py:4138} INFO - Setting next_dagrun for example_params_trigger_ui to None, run_after=None
[2024-09-02T01:56:07.808+0000] {processor.py:208} INFO - Processing /home/airflow/.local/lib/python3.12/site-packages/airflow/example_dags/example_params_trigger_ui.py took 0.057 seconds
[2024-09-02T01:56:38.212+0000] {processor.py:186} INFO - Started process (PID=1386) to work on /home/airflow/.local/lib/python3.12/site-packages/airflow/example_dags/example_params_trigger_ui.py
[2024-09-02T01:56:38.214+0000] {processor.py:914} INFO - Processing file /home/airflow/.local/lib/python3.12/site-packages/airflow/example_dags/example_params_trigger_ui.py for tasks to queue
[2024-09-02T01:56:38.216+0000] {logging_mixin.py:190} INFO - [2024-09-02T01:56:38.216+0000] {dagbag.py:587} INFO - Filling up the DagBag from /home/airflow/.local/lib/python3.12/site-packages/airflow/example_dags/example_params_trigger_ui.py
[2024-09-02T01:56:38.224+0000] {processor.py:925} INFO - DAG(s) 'example_params_trigger_ui' retrieved from /home/airflow/.local/lib/python3.12/site-packages/airflow/example_dags/example_params_trigger_ui.py
[2024-09-02T01:56:38.252+0000] {logging_mixin.py:190} INFO - [2024-09-02T01:56:38.252+0000] {dag.py:3211} INFO - Sync 1 DAGs
[2024-09-02T01:56:38.263+0000] {logging_mixin.py:190} INFO - [2024-09-02T01:56:38.263+0000] {dag.py:4138} INFO - Setting next_dagrun for example_params_trigger_ui to None, run_after=None
[2024-09-02T01:56:38.275+0000] {processor.py:208} INFO - Processing /home/airflow/.local/lib/python3.12/site-packages/airflow/example_dags/example_params_trigger_ui.py took 0.067 seconds
[2024-09-02T01:57:08.487+0000] {processor.py:186} INFO - Started process (PID=1674) to work on /home/airflow/.local/lib/python3.12/site-packages/airflow/example_dags/example_params_trigger_ui.py
[2024-09-02T01:57:08.489+0000] {processor.py:914} INFO - Processing file /home/airflow/.local/lib/python3.12/site-packages/airflow/example_dags/example_params_trigger_ui.py for tasks to queue
[2024-09-02T01:57:08.492+0000] {logging_mixin.py:190} INFO - [2024-09-02T01:57:08.491+0000] {dagbag.py:587} INFO - Filling up the DagBag from /home/airflow/.local/lib/python3.12/site-packages/airflow/example_dags/example_params_trigger_ui.py
[2024-09-02T01:57:08.501+0000] {processor.py:925} INFO - DAG(s) 'example_params_trigger_ui' retrieved from /home/airflow/.local/lib/python3.12/site-packages/airflow/example_dags/example_params_trigger_ui.py
[2024-09-02T01:57:08.526+0000] {logging_mixin.py:190} INFO - [2024-09-02T01:57:08.525+0000] {dag.py:3211} INFO - Sync 1 DAGs
[2024-09-02T01:57:08.535+0000] {logging_mixin.py:190} INFO - [2024-09-02T01:57:08.534+0000] {dag.py:4138} INFO - Setting next_dagrun for example_params_trigger_ui to None, run_after=None
[2024-09-02T01:57:08.545+0000] {processor.py:208} INFO - Processing /home/airflow/.local/lib/python3.12/site-packages/airflow/example_dags/example_params_trigger_ui.py took 0.061 seconds
[2024-09-02T01:57:39.023+0000] {processor.py:186} INFO - Started process (PID=1961) to work on /home/airflow/.local/lib/python3.12/site-packages/airflow/example_dags/example_params_trigger_ui.py
[2024-09-02T01:57:39.025+0000] {processor.py:914} INFO - Processing file /home/airflow/.local/lib/python3.12/site-packages/airflow/example_dags/example_params_trigger_ui.py for tasks to queue
[2024-09-02T01:57:39.027+0000] {logging_mixin.py:190} INFO - [2024-09-02T01:57:39.026+0000] {dagbag.py:587} INFO - Filling up the DagBag from /home/airflow/.local/lib/python3.12/site-packages/airflow/example_dags/example_params_trigger_ui.py
[2024-09-02T01:57:39.034+0000] {processor.py:925} INFO - DAG(s) 'example_params_trigger_ui' retrieved from /home/airflow/.local/lib/python3.12/site-packages/airflow/example_dags/example_params_trigger_ui.py
[2024-09-02T01:57:39.058+0000] {logging_mixin.py:190} INFO - [2024-09-02T01:57:39.058+0000] {dag.py:3211} INFO - Sync 1 DAGs
[2024-09-02T01:57:39.066+0000] {logging_mixin.py:190} INFO - [2024-09-02T01:57:39.066+0000] {dag.py:4138} INFO - Setting next_dagrun for example_params_trigger_ui to None, run_after=None
[2024-09-02T01:57:39.077+0000] {processor.py:208} INFO - Processing /home/airflow/.local/lib/python3.12/site-packages/airflow/example_dags/example_params_trigger_ui.py took 0.058 seconds
[2024-09-02T01:58:09.360+0000] {processor.py:186} INFO - Started process (PID=2245) to work on /home/airflow/.local/lib/python3.12/site-packages/airflow/example_dags/example_params_trigger_ui.py
[2024-09-02T01:58:09.362+0000] {processor.py:914} INFO - Processing file /home/airflow/.local/lib/python3.12/site-packages/airflow/example_dags/example_params_trigger_ui.py for tasks to queue
[2024-09-02T01:58:09.364+0000] {logging_mixin.py:190} INFO - [2024-09-02T01:58:09.364+0000] {dagbag.py:587} INFO - Filling up the DagBag from /home/airflow/.local/lib/python3.12/site-packages/airflow/example_dags/example_params_trigger_ui.py
[2024-09-02T01:58:09.371+0000] {processor.py:925} INFO - DAG(s) 'example_params_trigger_ui' retrieved from /home/airflow/.local/lib/python3.12/site-packages/airflow/example_dags/example_params_trigger_ui.py
[2024-09-02T01:58:09.396+0000] {logging_mixin.py:190} INFO - [2024-09-02T01:58:09.396+0000] {dag.py:3211} INFO - Sync 1 DAGs
[2024-09-02T01:58:09.408+0000] {logging_mixin.py:190} INFO - [2024-09-02T01:58:09.407+0000] {dag.py:4138} INFO - Setting next_dagrun for example_params_trigger_ui to None, run_after=None
[2024-09-02T01:58:09.428+0000] {processor.py:208} INFO - Processing /home/airflow/.local/lib/python3.12/site-packages/airflow/example_dags/example_params_trigger_ui.py took 0.072 seconds
