[2024-09-02T01:39:22.226+0000] {processor.py:186} INFO - Started process (PID=261) to work on /home/airflow/.local/lib/python3.12/site-packages/airflow/example_dags/example_skip_dag.py
[2024-09-02T01:39:22.227+0000] {processor.py:914} INFO - Processing file /home/airflow/.local/lib/python3.12/site-packages/airflow/example_dags/example_skip_dag.py for tasks to queue
[2024-09-02T01:39:22.230+0000] {logging_mixin.py:190} INFO - [2024-09-02T01:39:22.230+0000] {dagbag.py:587} INFO - Filling up the DagBag from /home/airflow/.local/lib/python3.12/site-packages/airflow/example_dags/example_skip_dag.py
[2024-09-02T01:39:22.243+0000] {processor.py:925} INFO - DAG(s) 'example_skip_dag' retrieved from /home/airflow/.local/lib/python3.12/site-packages/airflow/example_dags/example_skip_dag.py
[2024-09-02T01:39:22.346+0000] {logging_mixin.py:190} INFO - [2024-09-02T01:39:22.345+0000] {override.py:1858} INFO - Created Permission View: can edit on DAG:example_skip_dag
[2024-09-02T01:39:22.372+0000] {logging_mixin.py:190} INFO - [2024-09-02T01:39:22.371+0000] {override.py:1858} INFO - Created Permission View: can read on DAG:example_skip_dag
[2024-09-02T01:39:22.381+0000] {logging_mixin.py:190} INFO - [2024-09-02T01:39:22.381+0000] {override.py:1858} INFO - Created Permission View: can delete on DAG:example_skip_dag
[2024-09-02T01:39:22.386+0000] {logging_mixin.py:190} INFO - [2024-09-02T01:39:22.385+0000] {dag.py:3211} INFO - Sync 1 DAGs
[2024-09-02T01:39:22.409+0000] {logging_mixin.py:190} INFO - [2024-09-02T01:39:22.409+0000] {dag.py:3234} INFO - Creating ORM DAG for example_skip_dag
[2024-09-02T01:39:22.427+0000] {logging_mixin.py:190} INFO - [2024-09-02T01:39:22.427+0000] {dag.py:4138} INFO - Setting next_dagrun for example_skip_dag to 2024-09-01 00:00:00+00:00, run_after=2024-09-02 00:00:00+00:00
[2024-09-02T01:39:22.483+0000] {processor.py:208} INFO - Processing /home/airflow/.local/lib/python3.12/site-packages/airflow/example_dags/example_skip_dag.py took 0.265 seconds
[2024-09-02T01:39:53.105+0000] {processor.py:186} INFO - Started process (PID=547) to work on /home/airflow/.local/lib/python3.12/site-packages/airflow/example_dags/example_skip_dag.py
[2024-09-02T01:39:53.107+0000] {processor.py:914} INFO - Processing file /home/airflow/.local/lib/python3.12/site-packages/airflow/example_dags/example_skip_dag.py for tasks to queue
[2024-09-02T01:39:53.109+0000] {logging_mixin.py:190} INFO - [2024-09-02T01:39:53.109+0000] {dagbag.py:587} INFO - Filling up the DagBag from /home/airflow/.local/lib/python3.12/site-packages/airflow/example_dags/example_skip_dag.py
[2024-09-02T01:39:53.115+0000] {processor.py:925} INFO - DAG(s) 'example_skip_dag' retrieved from /home/airflow/.local/lib/python3.12/site-packages/airflow/example_dags/example_skip_dag.py
[2024-09-02T01:39:53.129+0000] {logging_mixin.py:190} INFO - [2024-09-02T01:39:53.129+0000] {dag.py:3211} INFO - Sync 1 DAGs
[2024-09-02T01:39:53.142+0000] {logging_mixin.py:190} INFO - [2024-09-02T01:39:53.142+0000] {dag.py:4138} INFO - Setting next_dagrun for example_skip_dag to 2024-09-01 00:00:00+00:00, run_after=2024-09-02 00:00:00+00:00
[2024-09-02T01:39:53.154+0000] {processor.py:208} INFO - Processing /home/airflow/.local/lib/python3.12/site-packages/airflow/example_dags/example_skip_dag.py took 0.053 seconds
[2024-09-02T01:40:23.325+0000] {processor.py:186} INFO - Started process (PID=833) to work on /home/airflow/.local/lib/python3.12/site-packages/airflow/example_dags/example_skip_dag.py
[2024-09-02T01:40:23.327+0000] {processor.py:914} INFO - Processing file /home/airflow/.local/lib/python3.12/site-packages/airflow/example_dags/example_skip_dag.py for tasks to queue
[2024-09-02T01:40:23.329+0000] {logging_mixin.py:190} INFO - [2024-09-02T01:40:23.329+0000] {dagbag.py:587} INFO - Filling up the DagBag from /home/airflow/.local/lib/python3.12/site-packages/airflow/example_dags/example_skip_dag.py
[2024-09-02T01:40:23.335+0000] {processor.py:925} INFO - DAG(s) 'example_skip_dag' retrieved from /home/airflow/.local/lib/python3.12/site-packages/airflow/example_dags/example_skip_dag.py
[2024-09-02T01:40:23.353+0000] {logging_mixin.py:190} INFO - [2024-09-02T01:40:23.353+0000] {dag.py:3211} INFO - Sync 1 DAGs
[2024-09-02T01:40:23.367+0000] {logging_mixin.py:190} INFO - [2024-09-02T01:40:23.367+0000] {dag.py:4138} INFO - Setting next_dagrun for example_skip_dag to 2024-09-01 00:00:00+00:00, run_after=2024-09-02 00:00:00+00:00
[2024-09-02T01:40:23.379+0000] {processor.py:208} INFO - Processing /home/airflow/.local/lib/python3.12/site-packages/airflow/example_dags/example_skip_dag.py took 0.058 seconds
[2024-09-02T01:40:53.884+0000] {processor.py:186} INFO - Started process (PID=1119) to work on /home/airflow/.local/lib/python3.12/site-packages/airflow/example_dags/example_skip_dag.py
[2024-09-02T01:40:53.886+0000] {processor.py:914} INFO - Processing file /home/airflow/.local/lib/python3.12/site-packages/airflow/example_dags/example_skip_dag.py for tasks to queue
[2024-09-02T01:40:53.888+0000] {logging_mixin.py:190} INFO - [2024-09-02T01:40:53.888+0000] {dagbag.py:587} INFO - Filling up the DagBag from /home/airflow/.local/lib/python3.12/site-packages/airflow/example_dags/example_skip_dag.py
[2024-09-02T01:40:53.894+0000] {processor.py:925} INFO - DAG(s) 'example_skip_dag' retrieved from /home/airflow/.local/lib/python3.12/site-packages/airflow/example_dags/example_skip_dag.py
[2024-09-02T01:40:53.907+0000] {logging_mixin.py:190} INFO - [2024-09-02T01:40:53.907+0000] {dag.py:3211} INFO - Sync 1 DAGs
[2024-09-02T01:40:53.922+0000] {logging_mixin.py:190} INFO - [2024-09-02T01:40:53.922+0000] {dag.py:4138} INFO - Setting next_dagrun for example_skip_dag to 2024-09-01 00:00:00+00:00, run_after=2024-09-02 00:00:00+00:00
[2024-09-02T01:40:53.935+0000] {processor.py:208} INFO - Processing /home/airflow/.local/lib/python3.12/site-packages/airflow/example_dags/example_skip_dag.py took 0.055 seconds
[2024-09-02T01:41:25.375+0000] {processor.py:186} INFO - Started process (PID=1436) to work on /home/airflow/.local/lib/python3.12/site-packages/airflow/example_dags/example_skip_dag.py
[2024-09-02T01:41:25.377+0000] {processor.py:914} INFO - Processing file /home/airflow/.local/lib/python3.12/site-packages/airflow/example_dags/example_skip_dag.py for tasks to queue
[2024-09-02T01:41:25.383+0000] {logging_mixin.py:190} INFO - [2024-09-02T01:41:25.382+0000] {dagbag.py:587} INFO - Filling up the DagBag from /home/airflow/.local/lib/python3.12/site-packages/airflow/example_dags/example_skip_dag.py
[2024-09-02T01:41:25.391+0000] {processor.py:925} INFO - DAG(s) 'example_skip_dag' retrieved from /home/airflow/.local/lib/python3.12/site-packages/airflow/example_dags/example_skip_dag.py
[2024-09-02T01:41:25.412+0000] {logging_mixin.py:190} INFO - [2024-09-02T01:41:25.411+0000] {dag.py:3211} INFO - Sync 1 DAGs
[2024-09-02T01:41:25.443+0000] {logging_mixin.py:190} INFO - [2024-09-02T01:41:25.443+0000] {dag.py:4138} INFO - Setting next_dagrun for example_skip_dag to 2024-09-01 00:00:00+00:00, run_after=2024-09-02 00:00:00+00:00
[2024-09-02T01:41:25.458+0000] {processor.py:208} INFO - Processing /home/airflow/.local/lib/python3.12/site-packages/airflow/example_dags/example_skip_dag.py took 0.087 seconds
[2024-09-02T01:41:55.528+0000] {processor.py:186} INFO - Started process (PID=1765) to work on /home/airflow/.local/lib/python3.12/site-packages/airflow/example_dags/example_skip_dag.py
[2024-09-02T01:41:55.529+0000] {processor.py:914} INFO - Processing file /home/airflow/.local/lib/python3.12/site-packages/airflow/example_dags/example_skip_dag.py for tasks to queue
[2024-09-02T01:41:55.533+0000] {logging_mixin.py:190} INFO - [2024-09-02T01:41:55.532+0000] {dagbag.py:587} INFO - Filling up the DagBag from /home/airflow/.local/lib/python3.12/site-packages/airflow/example_dags/example_skip_dag.py
[2024-09-02T01:41:55.545+0000] {processor.py:925} INFO - DAG(s) 'example_skip_dag' retrieved from /home/airflow/.local/lib/python3.12/site-packages/airflow/example_dags/example_skip_dag.py
[2024-09-02T01:41:55.565+0000] {logging_mixin.py:190} INFO - [2024-09-02T01:41:55.564+0000] {dag.py:3211} INFO - Sync 1 DAGs
[2024-09-02T01:41:55.583+0000] {logging_mixin.py:190} INFO - [2024-09-02T01:41:55.583+0000] {dag.py:4138} INFO - Setting next_dagrun for example_skip_dag to 2024-09-01 00:00:00+00:00, run_after=2024-09-02 00:00:00+00:00
[2024-09-02T01:41:55.597+0000] {processor.py:208} INFO - Processing /home/airflow/.local/lib/python3.12/site-packages/airflow/example_dags/example_skip_dag.py took 0.073 seconds
[2024-09-02T01:42:26.680+0000] {processor.py:186} INFO - Started process (PID=2050) to work on /home/airflow/.local/lib/python3.12/site-packages/airflow/example_dags/example_skip_dag.py
[2024-09-02T01:42:26.684+0000] {processor.py:914} INFO - Processing file /home/airflow/.local/lib/python3.12/site-packages/airflow/example_dags/example_skip_dag.py for tasks to queue
[2024-09-02T01:42:26.689+0000] {logging_mixin.py:190} INFO - [2024-09-02T01:42:26.688+0000] {dagbag.py:587} INFO - Filling up the DagBag from /home/airflow/.local/lib/python3.12/site-packages/airflow/example_dags/example_skip_dag.py
[2024-09-02T01:42:26.706+0000] {processor.py:925} INFO - DAG(s) 'example_skip_dag' retrieved from /home/airflow/.local/lib/python3.12/site-packages/airflow/example_dags/example_skip_dag.py
[2024-09-02T01:42:26.730+0000] {logging_mixin.py:190} INFO - [2024-09-02T01:42:26.730+0000] {dag.py:3211} INFO - Sync 1 DAGs
[2024-09-02T01:42:26.747+0000] {logging_mixin.py:190} INFO - [2024-09-02T01:42:26.747+0000] {dag.py:4138} INFO - Setting next_dagrun for example_skip_dag to 2024-09-01 00:00:00+00:00, run_after=2024-09-02 00:00:00+00:00
[2024-09-02T01:42:26.765+0000] {processor.py:208} INFO - Processing /home/airflow/.local/lib/python3.12/site-packages/airflow/example_dags/example_skip_dag.py took 0.091 seconds
[2024-09-02T01:42:57.548+0000] {processor.py:186} INFO - Started process (PID=2336) to work on /home/airflow/.local/lib/python3.12/site-packages/airflow/example_dags/example_skip_dag.py
[2024-09-02T01:42:57.549+0000] {processor.py:914} INFO - Processing file /home/airflow/.local/lib/python3.12/site-packages/airflow/example_dags/example_skip_dag.py for tasks to queue
[2024-09-02T01:42:57.552+0000] {logging_mixin.py:190} INFO - [2024-09-02T01:42:57.551+0000] {dagbag.py:587} INFO - Filling up the DagBag from /home/airflow/.local/lib/python3.12/site-packages/airflow/example_dags/example_skip_dag.py
[2024-09-02T01:42:57.557+0000] {processor.py:925} INFO - DAG(s) 'example_skip_dag' retrieved from /home/airflow/.local/lib/python3.12/site-packages/airflow/example_dags/example_skip_dag.py
[2024-09-02T01:42:57.570+0000] {logging_mixin.py:190} INFO - [2024-09-02T01:42:57.570+0000] {dag.py:3211} INFO - Sync 1 DAGs
[2024-09-02T01:42:57.585+0000] {logging_mixin.py:190} INFO - [2024-09-02T01:42:57.584+0000] {dag.py:4138} INFO - Setting next_dagrun for example_skip_dag to 2024-09-01 00:00:00+00:00, run_after=2024-09-02 00:00:00+00:00
[2024-09-02T01:42:57.595+0000] {processor.py:208} INFO - Processing /home/airflow/.local/lib/python3.12/site-packages/airflow/example_dags/example_skip_dag.py took 0.051 seconds
[2024-09-02T01:43:28.553+0000] {processor.py:186} INFO - Started process (PID=2622) to work on /home/airflow/.local/lib/python3.12/site-packages/airflow/example_dags/example_skip_dag.py
[2024-09-02T01:43:28.554+0000] {processor.py:914} INFO - Processing file /home/airflow/.local/lib/python3.12/site-packages/airflow/example_dags/example_skip_dag.py for tasks to queue
[2024-09-02T01:43:28.556+0000] {logging_mixin.py:190} INFO - [2024-09-02T01:43:28.556+0000] {dagbag.py:587} INFO - Filling up the DagBag from /home/airflow/.local/lib/python3.12/site-packages/airflow/example_dags/example_skip_dag.py
[2024-09-02T01:43:28.562+0000] {processor.py:925} INFO - DAG(s) 'example_skip_dag' retrieved from /home/airflow/.local/lib/python3.12/site-packages/airflow/example_dags/example_skip_dag.py
[2024-09-02T01:43:28.576+0000] {logging_mixin.py:190} INFO - [2024-09-02T01:43:28.576+0000] {dag.py:3211} INFO - Sync 1 DAGs
[2024-09-02T01:43:28.594+0000] {logging_mixin.py:190} INFO - [2024-09-02T01:43:28.594+0000] {dag.py:4138} INFO - Setting next_dagrun for example_skip_dag to 2024-09-01 00:00:00+00:00, run_after=2024-09-02 00:00:00+00:00
[2024-09-02T01:43:28.607+0000] {processor.py:208} INFO - Processing /home/airflow/.local/lib/python3.12/site-packages/airflow/example_dags/example_skip_dag.py took 0.059 seconds
[2024-09-02T01:43:59.537+0000] {processor.py:186} INFO - Started process (PID=2909) to work on /home/airflow/.local/lib/python3.12/site-packages/airflow/example_dags/example_skip_dag.py
[2024-09-02T01:43:59.539+0000] {processor.py:914} INFO - Processing file /home/airflow/.local/lib/python3.12/site-packages/airflow/example_dags/example_skip_dag.py for tasks to queue
[2024-09-02T01:43:59.541+0000] {logging_mixin.py:190} INFO - [2024-09-02T01:43:59.541+0000] {dagbag.py:587} INFO - Filling up the DagBag from /home/airflow/.local/lib/python3.12/site-packages/airflow/example_dags/example_skip_dag.py
[2024-09-02T01:43:59.547+0000] {processor.py:925} INFO - DAG(s) 'example_skip_dag' retrieved from /home/airflow/.local/lib/python3.12/site-packages/airflow/example_dags/example_skip_dag.py
[2024-09-02T01:43:59.563+0000] {logging_mixin.py:190} INFO - [2024-09-02T01:43:59.562+0000] {dag.py:3211} INFO - Sync 1 DAGs
[2024-09-02T01:43:59.577+0000] {logging_mixin.py:190} INFO - [2024-09-02T01:43:59.577+0000] {dag.py:4138} INFO - Setting next_dagrun for example_skip_dag to 2024-09-01 00:00:00+00:00, run_after=2024-09-02 00:00:00+00:00
[2024-09-02T01:43:59.589+0000] {processor.py:208} INFO - Processing /home/airflow/.local/lib/python3.12/site-packages/airflow/example_dags/example_skip_dag.py took 0.055 seconds
[2024-09-02T01:44:30.073+0000] {processor.py:186} INFO - Started process (PID=3195) to work on /home/airflow/.local/lib/python3.12/site-packages/airflow/example_dags/example_skip_dag.py
[2024-09-02T01:44:30.074+0000] {processor.py:914} INFO - Processing file /home/airflow/.local/lib/python3.12/site-packages/airflow/example_dags/example_skip_dag.py for tasks to queue
[2024-09-02T01:44:30.077+0000] {logging_mixin.py:190} INFO - [2024-09-02T01:44:30.077+0000] {dagbag.py:587} INFO - Filling up the DagBag from /home/airflow/.local/lib/python3.12/site-packages/airflow/example_dags/example_skip_dag.py
[2024-09-02T01:44:30.082+0000] {processor.py:925} INFO - DAG(s) 'example_skip_dag' retrieved from /home/airflow/.local/lib/python3.12/site-packages/airflow/example_dags/example_skip_dag.py
[2024-09-02T01:44:30.097+0000] {logging_mixin.py:190} INFO - [2024-09-02T01:44:30.097+0000] {dag.py:3211} INFO - Sync 1 DAGs
[2024-09-02T01:44:30.111+0000] {logging_mixin.py:190} INFO - [2024-09-02T01:44:30.111+0000] {dag.py:4138} INFO - Setting next_dagrun for example_skip_dag to 2024-09-01 00:00:00+00:00, run_after=2024-09-02 00:00:00+00:00
[2024-09-02T01:44:30.125+0000] {processor.py:208} INFO - Processing /home/airflow/.local/lib/python3.12/site-packages/airflow/example_dags/example_skip_dag.py took 0.056 seconds
[2024-09-02T01:45:00.490+0000] {processor.py:186} INFO - Started process (PID=3481) to work on /home/airflow/.local/lib/python3.12/site-packages/airflow/example_dags/example_skip_dag.py
[2024-09-02T01:45:00.492+0000] {processor.py:914} INFO - Processing file /home/airflow/.local/lib/python3.12/site-packages/airflow/example_dags/example_skip_dag.py for tasks to queue
[2024-09-02T01:45:00.495+0000] {logging_mixin.py:190} INFO - [2024-09-02T01:45:00.494+0000] {dagbag.py:587} INFO - Filling up the DagBag from /home/airflow/.local/lib/python3.12/site-packages/airflow/example_dags/example_skip_dag.py
[2024-09-02T01:45:00.500+0000] {processor.py:925} INFO - DAG(s) 'example_skip_dag' retrieved from /home/airflow/.local/lib/python3.12/site-packages/airflow/example_dags/example_skip_dag.py
[2024-09-02T01:45:00.516+0000] {logging_mixin.py:190} INFO - [2024-09-02T01:45:00.516+0000] {dag.py:3211} INFO - Sync 1 DAGs
[2024-09-02T01:45:00.530+0000] {logging_mixin.py:190} INFO - [2024-09-02T01:45:00.530+0000] {dag.py:4138} INFO - Setting next_dagrun for example_skip_dag to 2024-09-01 00:00:00+00:00, run_after=2024-09-02 00:00:00+00:00
[2024-09-02T01:45:00.542+0000] {processor.py:208} INFO - Processing /home/airflow/.local/lib/python3.12/site-packages/airflow/example_dags/example_skip_dag.py took 0.056 seconds
[2024-09-02T01:54:38.257+0000] {processor.py:186} INFO - Started process (PID=266) to work on /home/airflow/.local/lib/python3.12/site-packages/airflow/example_dags/example_skip_dag.py
[2024-09-02T01:54:38.260+0000] {processor.py:914} INFO - Processing file /home/airflow/.local/lib/python3.12/site-packages/airflow/example_dags/example_skip_dag.py for tasks to queue
[2024-09-02T01:54:38.265+0000] {logging_mixin.py:190} INFO - [2024-09-02T01:54:38.265+0000] {dagbag.py:587} INFO - Filling up the DagBag from /home/airflow/.local/lib/python3.12/site-packages/airflow/example_dags/example_skip_dag.py
[2024-09-02T01:54:38.275+0000] {processor.py:925} INFO - DAG(s) 'example_skip_dag' retrieved from /home/airflow/.local/lib/python3.12/site-packages/airflow/example_dags/example_skip_dag.py
[2024-09-02T01:54:38.306+0000] {logging_mixin.py:190} INFO - [2024-09-02T01:54:38.306+0000] {dag.py:3211} INFO - Sync 1 DAGs
[2024-09-02T01:54:38.325+0000] {logging_mixin.py:190} INFO - [2024-09-02T01:54:38.325+0000] {dag.py:4138} INFO - Setting next_dagrun for example_skip_dag to 2024-09-01 00:00:00+00:00, run_after=2024-09-02 00:00:00+00:00
[2024-09-02T01:54:38.337+0000] {processor.py:208} INFO - Processing /home/airflow/.local/lib/python3.12/site-packages/airflow/example_dags/example_skip_dag.py took 0.089 seconds
[2024-09-02T01:55:09.379+0000] {processor.py:186} INFO - Started process (PID=603) to work on /home/airflow/.local/lib/python3.12/site-packages/airflow/example_dags/example_skip_dag.py
[2024-09-02T01:55:09.382+0000] {processor.py:914} INFO - Processing file /home/airflow/.local/lib/python3.12/site-packages/airflow/example_dags/example_skip_dag.py for tasks to queue
[2024-09-02T01:55:09.389+0000] {logging_mixin.py:190} INFO - [2024-09-02T01:55:09.388+0000] {dagbag.py:587} INFO - Filling up the DagBag from /home/airflow/.local/lib/python3.12/site-packages/airflow/example_dags/example_skip_dag.py
[2024-09-02T01:55:09.397+0000] {processor.py:925} INFO - DAG(s) 'example_skip_dag' retrieved from /home/airflow/.local/lib/python3.12/site-packages/airflow/example_dags/example_skip_dag.py
[2024-09-02T01:55:09.416+0000] {logging_mixin.py:190} INFO - [2024-09-02T01:55:09.416+0000] {dag.py:3211} INFO - Sync 1 DAGs
[2024-09-02T01:55:09.433+0000] {logging_mixin.py:190} INFO - [2024-09-02T01:55:09.433+0000] {dag.py:4138} INFO - Setting next_dagrun for example_skip_dag to 2024-09-01 00:00:00+00:00, run_after=2024-09-02 00:00:00+00:00
[2024-09-02T01:55:09.444+0000] {processor.py:208} INFO - Processing /home/airflow/.local/lib/python3.12/site-packages/airflow/example_dags/example_skip_dag.py took 0.075 seconds
[2024-09-02T01:55:40.277+0000] {processor.py:186} INFO - Started process (PID=889) to work on /home/airflow/.local/lib/python3.12/site-packages/airflow/example_dags/example_skip_dag.py
[2024-09-02T01:55:40.279+0000] {processor.py:914} INFO - Processing file /home/airflow/.local/lib/python3.12/site-packages/airflow/example_dags/example_skip_dag.py for tasks to queue
[2024-09-02T01:55:40.282+0000] {logging_mixin.py:190} INFO - [2024-09-02T01:55:40.282+0000] {dagbag.py:587} INFO - Filling up the DagBag from /home/airflow/.local/lib/python3.12/site-packages/airflow/example_dags/example_skip_dag.py
[2024-09-02T01:55:40.290+0000] {processor.py:925} INFO - DAG(s) 'example_skip_dag' retrieved from /home/airflow/.local/lib/python3.12/site-packages/airflow/example_dags/example_skip_dag.py
[2024-09-02T01:55:40.305+0000] {logging_mixin.py:190} INFO - [2024-09-02T01:55:40.305+0000] {dag.py:3211} INFO - Sync 1 DAGs
[2024-09-02T01:55:40.320+0000] {logging_mixin.py:190} INFO - [2024-09-02T01:55:40.320+0000] {dag.py:4138} INFO - Setting next_dagrun for example_skip_dag to 2024-09-01 00:00:00+00:00, run_after=2024-09-02 00:00:00+00:00
[2024-09-02T01:55:40.330+0000] {processor.py:208} INFO - Processing /home/airflow/.local/lib/python3.12/site-packages/airflow/example_dags/example_skip_dag.py took 0.058 seconds
[2024-09-02T01:56:10.477+0000] {processor.py:186} INFO - Started process (PID=1175) to work on /home/airflow/.local/lib/python3.12/site-packages/airflow/example_dags/example_skip_dag.py
[2024-09-02T01:56:10.480+0000] {processor.py:914} INFO - Processing file /home/airflow/.local/lib/python3.12/site-packages/airflow/example_dags/example_skip_dag.py for tasks to queue
[2024-09-02T01:56:10.484+0000] {logging_mixin.py:190} INFO - [2024-09-02T01:56:10.484+0000] {dagbag.py:587} INFO - Filling up the DagBag from /home/airflow/.local/lib/python3.12/site-packages/airflow/example_dags/example_skip_dag.py
[2024-09-02T01:56:10.494+0000] {processor.py:925} INFO - DAG(s) 'example_skip_dag' retrieved from /home/airflow/.local/lib/python3.12/site-packages/airflow/example_dags/example_skip_dag.py
[2024-09-02T01:56:10.514+0000] {logging_mixin.py:190} INFO - [2024-09-02T01:56:10.514+0000] {dag.py:3211} INFO - Sync 1 DAGs
[2024-09-02T01:56:10.531+0000] {logging_mixin.py:190} INFO - [2024-09-02T01:56:10.531+0000] {dag.py:4138} INFO - Setting next_dagrun for example_skip_dag to 2024-09-01 00:00:00+00:00, run_after=2024-09-02 00:00:00+00:00
[2024-09-02T01:56:10.542+0000] {processor.py:208} INFO - Processing /home/airflow/.local/lib/python3.12/site-packages/airflow/example_dags/example_skip_dag.py took 0.072 seconds
[2024-09-02T01:56:41.265+0000] {processor.py:186} INFO - Started process (PID=1463) to work on /home/airflow/.local/lib/python3.12/site-packages/airflow/example_dags/example_skip_dag.py
[2024-09-02T01:56:41.269+0000] {processor.py:914} INFO - Processing file /home/airflow/.local/lib/python3.12/site-packages/airflow/example_dags/example_skip_dag.py for tasks to queue
[2024-09-02T01:56:41.282+0000] {logging_mixin.py:190} INFO - [2024-09-02T01:56:41.280+0000] {dagbag.py:587} INFO - Filling up the DagBag from /home/airflow/.local/lib/python3.12/site-packages/airflow/example_dags/example_skip_dag.py
[2024-09-02T01:56:41.308+0000] {processor.py:925} INFO - DAG(s) 'example_skip_dag' retrieved from /home/airflow/.local/lib/python3.12/site-packages/airflow/example_dags/example_skip_dag.py
[2024-09-02T01:56:41.349+0000] {logging_mixin.py:190} INFO - [2024-09-02T01:56:41.349+0000] {dag.py:3211} INFO - Sync 1 DAGs
[2024-09-02T01:56:41.446+0000] {logging_mixin.py:190} INFO - [2024-09-02T01:56:41.444+0000] {dag.py:4138} INFO - Setting next_dagrun for example_skip_dag to 2024-09-01 00:00:00+00:00, run_after=2024-09-02 00:00:00+00:00
[2024-09-02T01:56:41.488+0000] {processor.py:208} INFO - Processing /home/airflow/.local/lib/python3.12/site-packages/airflow/example_dags/example_skip_dag.py took 0.243 seconds
[2024-09-02T01:57:12.307+0000] {processor.py:186} INFO - Started process (PID=1749) to work on /home/airflow/.local/lib/python3.12/site-packages/airflow/example_dags/example_skip_dag.py
[2024-09-02T01:57:12.310+0000] {processor.py:914} INFO - Processing file /home/airflow/.local/lib/python3.12/site-packages/airflow/example_dags/example_skip_dag.py for tasks to queue
[2024-09-02T01:57:12.314+0000] {logging_mixin.py:190} INFO - [2024-09-02T01:57:12.314+0000] {dagbag.py:587} INFO - Filling up the DagBag from /home/airflow/.local/lib/python3.12/site-packages/airflow/example_dags/example_skip_dag.py
[2024-09-02T01:57:12.322+0000] {processor.py:925} INFO - DAG(s) 'example_skip_dag' retrieved from /home/airflow/.local/lib/python3.12/site-packages/airflow/example_dags/example_skip_dag.py
[2024-09-02T01:57:12.340+0000] {logging_mixin.py:190} INFO - [2024-09-02T01:57:12.340+0000] {dag.py:3211} INFO - Sync 1 DAGs
[2024-09-02T01:57:12.357+0000] {logging_mixin.py:190} INFO - [2024-09-02T01:57:12.356+0000] {dag.py:4138} INFO - Setting next_dagrun for example_skip_dag to 2024-09-01 00:00:00+00:00, run_after=2024-09-02 00:00:00+00:00
[2024-09-02T01:57:12.367+0000] {processor.py:208} INFO - Processing /home/airflow/.local/lib/python3.12/site-packages/airflow/example_dags/example_skip_dag.py took 0.069 seconds
[2024-09-02T01:57:42.706+0000] {processor.py:186} INFO - Started process (PID=2036) to work on /home/airflow/.local/lib/python3.12/site-packages/airflow/example_dags/example_skip_dag.py
[2024-09-02T01:57:42.709+0000] {processor.py:914} INFO - Processing file /home/airflow/.local/lib/python3.12/site-packages/airflow/example_dags/example_skip_dag.py for tasks to queue
[2024-09-02T01:57:42.715+0000] {logging_mixin.py:190} INFO - [2024-09-02T01:57:42.714+0000] {dagbag.py:587} INFO - Filling up the DagBag from /home/airflow/.local/lib/python3.12/site-packages/airflow/example_dags/example_skip_dag.py
[2024-09-02T01:57:42.725+0000] {processor.py:925} INFO - DAG(s) 'example_skip_dag' retrieved from /home/airflow/.local/lib/python3.12/site-packages/airflow/example_dags/example_skip_dag.py
[2024-09-02T01:57:42.743+0000] {logging_mixin.py:190} INFO - [2024-09-02T01:57:42.743+0000] {dag.py:3211} INFO - Sync 1 DAGs
[2024-09-02T01:57:42.762+0000] {logging_mixin.py:190} INFO - [2024-09-02T01:57:42.762+0000] {dag.py:4138} INFO - Setting next_dagrun for example_skip_dag to 2024-09-01 00:00:00+00:00, run_after=2024-09-02 00:00:00+00:00
[2024-09-02T01:57:42.773+0000] {processor.py:208} INFO - Processing /home/airflow/.local/lib/python3.12/site-packages/airflow/example_dags/example_skip_dag.py took 0.077 seconds
[2024-09-02T01:58:13.407+0000] {processor.py:186} INFO - Started process (PID=2322) to work on /home/airflow/.local/lib/python3.12/site-packages/airflow/example_dags/example_skip_dag.py
[2024-09-02T01:58:13.417+0000] {processor.py:914} INFO - Processing file /home/airflow/.local/lib/python3.12/site-packages/airflow/example_dags/example_skip_dag.py for tasks to queue
[2024-09-02T01:58:13.436+0000] {logging_mixin.py:190} INFO - [2024-09-02T01:58:13.435+0000] {dagbag.py:587} INFO - Filling up the DagBag from /home/airflow/.local/lib/python3.12/site-packages/airflow/example_dags/example_skip_dag.py
[2024-09-02T01:58:13.454+0000] {processor.py:925} INFO - DAG(s) 'example_skip_dag' retrieved from /home/airflow/.local/lib/python3.12/site-packages/airflow/example_dags/example_skip_dag.py
[2024-09-02T01:58:13.483+0000] {logging_mixin.py:190} INFO - [2024-09-02T01:58:13.483+0000] {dag.py:3211} INFO - Sync 1 DAGs
[2024-09-02T01:58:13.505+0000] {logging_mixin.py:190} INFO - [2024-09-02T01:58:13.505+0000] {dag.py:4138} INFO - Setting next_dagrun for example_skip_dag to 2024-09-01 00:00:00+00:00, run_after=2024-09-02 00:00:00+00:00
[2024-09-02T01:58:13.520+0000] {processor.py:208} INFO - Processing /home/airflow/.local/lib/python3.12/site-packages/airflow/example_dags/example_skip_dag.py took 0.119 seconds
