[2024-09-02T01:39:21.169+0000] {processor.py:186} INFO - Started process (PID=211) to work on /home/airflow/.local/lib/python3.12/site-packages/airflow/example_dags/example_branch_operator.py
[2024-09-02T01:39:21.171+0000] {processor.py:914} INFO - Processing file /home/airflow/.local/lib/python3.12/site-packages/airflow/example_dags/example_branch_operator.py for tasks to queue
[2024-09-02T01:39:21.173+0000] {logging_mixin.py:190} INFO - [2024-09-02T01:39:21.173+0000] {dagbag.py:587} INFO - Filling up the DagBag from /home/airflow/.local/lib/python3.12/site-packages/airflow/example_dags/example_branch_operator.py
[2024-09-02T01:39:21.189+0000] {processor.py:925} INFO - DAG(s) 'example_branch_operator' retrieved from /home/airflow/.local/lib/python3.12/site-packages/airflow/example_dags/example_branch_operator.py
[2024-09-02T01:39:21.276+0000] {logging_mixin.py:190} INFO - [2024-09-02T01:39:21.275+0000] {override.py:1858} INFO - Created Permission View: can edit on DAG:example_branch_operator
[2024-09-02T01:39:21.289+0000] {logging_mixin.py:190} INFO - [2024-09-02T01:39:21.288+0000] {override.py:1858} INFO - Created Permission View: can read on DAG:example_branch_operator
[2024-09-02T01:39:21.309+0000] {logging_mixin.py:190} INFO - [2024-09-02T01:39:21.309+0000] {override.py:1858} INFO - Created Permission View: can delete on DAG:example_branch_operator
[2024-09-02T01:39:21.311+0000] {logging_mixin.py:190} INFO - [2024-09-02T01:39:21.311+0000] {dag.py:3211} INFO - Sync 1 DAGs
[2024-09-02T01:39:21.321+0000] {logging_mixin.py:190} INFO - [2024-09-02T01:39:21.321+0000] {dag.py:3234} INFO - Creating ORM DAG for example_branch_operator
[2024-09-02T01:39:21.329+0000] {logging_mixin.py:190} INFO - [2024-09-02T01:39:21.328+0000] {dag.py:4138} INFO - Setting next_dagrun for example_branch_operator to 2024-09-01 00:00:00+00:00, run_after=2024-09-02 00:00:00+00:00
[2024-09-02T01:39:21.342+0000] {processor.py:208} INFO - Processing /home/airflow/.local/lib/python3.12/site-packages/airflow/example_dags/example_branch_operator.py took 0.178 seconds
[2024-09-02T01:39:51.619+0000] {processor.py:186} INFO - Started process (PID=497) to work on /home/airflow/.local/lib/python3.12/site-packages/airflow/example_dags/example_branch_operator.py
[2024-09-02T01:39:51.620+0000] {processor.py:914} INFO - Processing file /home/airflow/.local/lib/python3.12/site-packages/airflow/example_dags/example_branch_operator.py for tasks to queue
[2024-09-02T01:39:51.622+0000] {logging_mixin.py:190} INFO - [2024-09-02T01:39:51.622+0000] {dagbag.py:587} INFO - Filling up the DagBag from /home/airflow/.local/lib/python3.12/site-packages/airflow/example_dags/example_branch_operator.py
[2024-09-02T01:39:51.633+0000] {processor.py:925} INFO - DAG(s) 'example_branch_operator' retrieved from /home/airflow/.local/lib/python3.12/site-packages/airflow/example_dags/example_branch_operator.py
[2024-09-02T01:39:51.650+0000] {logging_mixin.py:190} INFO - [2024-09-02T01:39:51.650+0000] {dag.py:3211} INFO - Sync 1 DAGs
[2024-09-02T01:39:51.663+0000] {logging_mixin.py:190} INFO - [2024-09-02T01:39:51.662+0000] {dag.py:4138} INFO - Setting next_dagrun for example_branch_operator to 2024-09-01 00:00:00+00:00, run_after=2024-09-02 00:00:00+00:00
[2024-09-02T01:39:51.674+0000] {processor.py:208} INFO - Processing /home/airflow/.local/lib/python3.12/site-packages/airflow/example_dags/example_branch_operator.py took 0.059 seconds
[2024-09-02T01:40:22.791+0000] {processor.py:186} INFO - Started process (PID=783) to work on /home/airflow/.local/lib/python3.12/site-packages/airflow/example_dags/example_branch_operator.py
[2024-09-02T01:40:22.793+0000] {processor.py:914} INFO - Processing file /home/airflow/.local/lib/python3.12/site-packages/airflow/example_dags/example_branch_operator.py for tasks to queue
[2024-09-02T01:40:22.795+0000] {logging_mixin.py:190} INFO - [2024-09-02T01:40:22.794+0000] {dagbag.py:587} INFO - Filling up the DagBag from /home/airflow/.local/lib/python3.12/site-packages/airflow/example_dags/example_branch_operator.py
[2024-09-02T01:40:22.806+0000] {processor.py:925} INFO - DAG(s) 'example_branch_operator' retrieved from /home/airflow/.local/lib/python3.12/site-packages/airflow/example_dags/example_branch_operator.py
[2024-09-02T01:40:22.828+0000] {logging_mixin.py:190} INFO - [2024-09-02T01:40:22.828+0000] {dag.py:3211} INFO - Sync 1 DAGs
[2024-09-02T01:40:22.846+0000] {logging_mixin.py:190} INFO - [2024-09-02T01:40:22.846+0000] {dag.py:4138} INFO - Setting next_dagrun for example_branch_operator to 2024-09-01 00:00:00+00:00, run_after=2024-09-02 00:00:00+00:00
[2024-09-02T01:40:22.859+0000] {processor.py:208} INFO - Processing /home/airflow/.local/lib/python3.12/site-packages/airflow/example_dags/example_branch_operator.py took 0.071 seconds
[2024-09-02T01:40:53.441+0000] {processor.py:186} INFO - Started process (PID=1069) to work on /home/airflow/.local/lib/python3.12/site-packages/airflow/example_dags/example_branch_operator.py
[2024-09-02T01:40:53.443+0000] {processor.py:914} INFO - Processing file /home/airflow/.local/lib/python3.12/site-packages/airflow/example_dags/example_branch_operator.py for tasks to queue
[2024-09-02T01:40:53.445+0000] {logging_mixin.py:190} INFO - [2024-09-02T01:40:53.445+0000] {dagbag.py:587} INFO - Filling up the DagBag from /home/airflow/.local/lib/python3.12/site-packages/airflow/example_dags/example_branch_operator.py
[2024-09-02T01:40:53.458+0000] {processor.py:925} INFO - DAG(s) 'example_branch_operator' retrieved from /home/airflow/.local/lib/python3.12/site-packages/airflow/example_dags/example_branch_operator.py
[2024-09-02T01:40:53.475+0000] {logging_mixin.py:190} INFO - [2024-09-02T01:40:53.475+0000] {dag.py:3211} INFO - Sync 1 DAGs
[2024-09-02T01:40:53.490+0000] {logging_mixin.py:190} INFO - [2024-09-02T01:40:53.490+0000] {dag.py:4138} INFO - Setting next_dagrun for example_branch_operator to 2024-09-01 00:00:00+00:00, run_after=2024-09-02 00:00:00+00:00
[2024-09-02T01:40:53.503+0000] {processor.py:208} INFO - Processing /home/airflow/.local/lib/python3.12/site-packages/airflow/example_dags/example_branch_operator.py took 0.066 seconds
[2024-09-02T01:41:24.787+0000] {processor.py:186} INFO - Started process (PID=1386) to work on /home/airflow/.local/lib/python3.12/site-packages/airflow/example_dags/example_branch_operator.py
[2024-09-02T01:41:24.791+0000] {processor.py:914} INFO - Processing file /home/airflow/.local/lib/python3.12/site-packages/airflow/example_dags/example_branch_operator.py for tasks to queue
[2024-09-02T01:41:24.797+0000] {logging_mixin.py:190} INFO - [2024-09-02T01:41:24.796+0000] {dagbag.py:587} INFO - Filling up the DagBag from /home/airflow/.local/lib/python3.12/site-packages/airflow/example_dags/example_branch_operator.py
[2024-09-02T01:41:24.816+0000] {processor.py:925} INFO - DAG(s) 'example_branch_operator' retrieved from /home/airflow/.local/lib/python3.12/site-packages/airflow/example_dags/example_branch_operator.py
[2024-09-02T01:41:24.841+0000] {logging_mixin.py:190} INFO - [2024-09-02T01:41:24.840+0000] {dag.py:3211} INFO - Sync 1 DAGs
[2024-09-02T01:41:24.860+0000] {logging_mixin.py:190} INFO - [2024-09-02T01:41:24.860+0000] {dag.py:4138} INFO - Setting next_dagrun for example_branch_operator to 2024-09-01 00:00:00+00:00, run_after=2024-09-02 00:00:00+00:00
[2024-09-02T01:41:24.874+0000] {processor.py:208} INFO - Processing /home/airflow/.local/lib/python3.12/site-packages/airflow/example_dags/example_branch_operator.py took 0.125 seconds
[2024-09-02T01:41:54.925+0000] {processor.py:186} INFO - Started process (PID=1715) to work on /home/airflow/.local/lib/python3.12/site-packages/airflow/example_dags/example_branch_operator.py
[2024-09-02T01:41:54.927+0000] {processor.py:914} INFO - Processing file /home/airflow/.local/lib/python3.12/site-packages/airflow/example_dags/example_branch_operator.py for tasks to queue
[2024-09-02T01:41:54.929+0000] {logging_mixin.py:190} INFO - [2024-09-02T01:41:54.929+0000] {dagbag.py:587} INFO - Filling up the DagBag from /home/airflow/.local/lib/python3.12/site-packages/airflow/example_dags/example_branch_operator.py
[2024-09-02T01:41:54.939+0000] {processor.py:925} INFO - DAG(s) 'example_branch_operator' retrieved from /home/airflow/.local/lib/python3.12/site-packages/airflow/example_dags/example_branch_operator.py
[2024-09-02T01:41:54.956+0000] {logging_mixin.py:190} INFO - [2024-09-02T01:41:54.956+0000] {dag.py:3211} INFO - Sync 1 DAGs
[2024-09-02T01:41:54.971+0000] {logging_mixin.py:190} INFO - [2024-09-02T01:41:54.970+0000] {dag.py:4138} INFO - Setting next_dagrun for example_branch_operator to 2024-09-01 00:00:00+00:00, run_after=2024-09-02 00:00:00+00:00
[2024-09-02T01:41:54.981+0000] {processor.py:208} INFO - Processing /home/airflow/.local/lib/python3.12/site-packages/airflow/example_dags/example_branch_operator.py took 0.059 seconds
[2024-09-02T01:42:26.084+0000] {processor.py:186} INFO - Started process (PID=2000) to work on /home/airflow/.local/lib/python3.12/site-packages/airflow/example_dags/example_branch_operator.py
[2024-09-02T01:42:26.086+0000] {processor.py:914} INFO - Processing file /home/airflow/.local/lib/python3.12/site-packages/airflow/example_dags/example_branch_operator.py for tasks to queue
[2024-09-02T01:42:26.088+0000] {logging_mixin.py:190} INFO - [2024-09-02T01:42:26.088+0000] {dagbag.py:587} INFO - Filling up the DagBag from /home/airflow/.local/lib/python3.12/site-packages/airflow/example_dags/example_branch_operator.py
[2024-09-02T01:42:26.099+0000] {processor.py:925} INFO - DAG(s) 'example_branch_operator' retrieved from /home/airflow/.local/lib/python3.12/site-packages/airflow/example_dags/example_branch_operator.py
[2024-09-02T01:42:26.118+0000] {logging_mixin.py:190} INFO - [2024-09-02T01:42:26.118+0000] {dag.py:3211} INFO - Sync 1 DAGs
[2024-09-02T01:42:26.139+0000] {logging_mixin.py:190} INFO - [2024-09-02T01:42:26.138+0000] {dag.py:4138} INFO - Setting next_dagrun for example_branch_operator to 2024-09-01 00:00:00+00:00, run_after=2024-09-02 00:00:00+00:00
[2024-09-02T01:42:26.155+0000] {processor.py:208} INFO - Processing /home/airflow/.local/lib/python3.12/site-packages/airflow/example_dags/example_branch_operator.py took 0.074 seconds
[2024-09-02T01:42:57.116+0000] {processor.py:186} INFO - Started process (PID=2286) to work on /home/airflow/.local/lib/python3.12/site-packages/airflow/example_dags/example_branch_operator.py
[2024-09-02T01:42:57.118+0000] {processor.py:914} INFO - Processing file /home/airflow/.local/lib/python3.12/site-packages/airflow/example_dags/example_branch_operator.py for tasks to queue
[2024-09-02T01:42:57.120+0000] {logging_mixin.py:190} INFO - [2024-09-02T01:42:57.120+0000] {dagbag.py:587} INFO - Filling up the DagBag from /home/airflow/.local/lib/python3.12/site-packages/airflow/example_dags/example_branch_operator.py
[2024-09-02T01:42:57.131+0000] {processor.py:925} INFO - DAG(s) 'example_branch_operator' retrieved from /home/airflow/.local/lib/python3.12/site-packages/airflow/example_dags/example_branch_operator.py
[2024-09-02T01:42:57.150+0000] {logging_mixin.py:190} INFO - [2024-09-02T01:42:57.149+0000] {dag.py:3211} INFO - Sync 1 DAGs
[2024-09-02T01:42:57.169+0000] {logging_mixin.py:190} INFO - [2024-09-02T01:42:57.169+0000] {dag.py:4138} INFO - Setting next_dagrun for example_branch_operator to 2024-09-01 00:00:00+00:00, run_after=2024-09-02 00:00:00+00:00
[2024-09-02T01:42:57.181+0000] {processor.py:208} INFO - Processing /home/airflow/.local/lib/python3.12/site-packages/airflow/example_dags/example_branch_operator.py took 0.069 seconds
[2024-09-02T01:43:27.913+0000] {processor.py:186} INFO - Started process (PID=2572) to work on /home/airflow/.local/lib/python3.12/site-packages/airflow/example_dags/example_branch_operator.py
[2024-09-02T01:43:27.916+0000] {processor.py:914} INFO - Processing file /home/airflow/.local/lib/python3.12/site-packages/airflow/example_dags/example_branch_operator.py for tasks to queue
[2024-09-02T01:43:27.919+0000] {logging_mixin.py:190} INFO - [2024-09-02T01:43:27.919+0000] {dagbag.py:587} INFO - Filling up the DagBag from /home/airflow/.local/lib/python3.12/site-packages/airflow/example_dags/example_branch_operator.py
[2024-09-02T01:43:27.931+0000] {processor.py:925} INFO - DAG(s) 'example_branch_operator' retrieved from /home/airflow/.local/lib/python3.12/site-packages/airflow/example_dags/example_branch_operator.py
[2024-09-02T01:43:27.952+0000] {logging_mixin.py:190} INFO - [2024-09-02T01:43:27.952+0000] {dag.py:3211} INFO - Sync 1 DAGs
[2024-09-02T01:43:27.971+0000] {logging_mixin.py:190} INFO - [2024-09-02T01:43:27.971+0000] {dag.py:4138} INFO - Setting next_dagrun for example_branch_operator to 2024-09-01 00:00:00+00:00, run_after=2024-09-02 00:00:00+00:00
[2024-09-02T01:43:27.983+0000] {processor.py:208} INFO - Processing /home/airflow/.local/lib/python3.12/site-packages/airflow/example_dags/example_branch_operator.py took 0.075 seconds
[2024-09-02T01:43:58.896+0000] {processor.py:186} INFO - Started process (PID=2859) to work on /home/airflow/.local/lib/python3.12/site-packages/airflow/example_dags/example_branch_operator.py
[2024-09-02T01:43:58.898+0000] {processor.py:914} INFO - Processing file /home/airflow/.local/lib/python3.12/site-packages/airflow/example_dags/example_branch_operator.py for tasks to queue
[2024-09-02T01:43:58.900+0000] {logging_mixin.py:190} INFO - [2024-09-02T01:43:58.899+0000] {dagbag.py:587} INFO - Filling up the DagBag from /home/airflow/.local/lib/python3.12/site-packages/airflow/example_dags/example_branch_operator.py
[2024-09-02T01:43:58.911+0000] {processor.py:925} INFO - DAG(s) 'example_branch_operator' retrieved from /home/airflow/.local/lib/python3.12/site-packages/airflow/example_dags/example_branch_operator.py
[2024-09-02T01:43:58.930+0000] {logging_mixin.py:190} INFO - [2024-09-02T01:43:58.930+0000] {dag.py:3211} INFO - Sync 1 DAGs
[2024-09-02T01:43:58.947+0000] {logging_mixin.py:190} INFO - [2024-09-02T01:43:58.947+0000] {dag.py:4138} INFO - Setting next_dagrun for example_branch_operator to 2024-09-01 00:00:00+00:00, run_after=2024-09-02 00:00:00+00:00
[2024-09-02T01:43:58.960+0000] {processor.py:208} INFO - Processing /home/airflow/.local/lib/python3.12/site-packages/airflow/example_dags/example_branch_operator.py took 0.067 seconds
[2024-09-02T01:44:29.600+0000] {processor.py:186} INFO - Started process (PID=3145) to work on /home/airflow/.local/lib/python3.12/site-packages/airflow/example_dags/example_branch_operator.py
[2024-09-02T01:44:29.601+0000] {processor.py:914} INFO - Processing file /home/airflow/.local/lib/python3.12/site-packages/airflow/example_dags/example_branch_operator.py for tasks to queue
[2024-09-02T01:44:29.603+0000] {logging_mixin.py:190} INFO - [2024-09-02T01:44:29.603+0000] {dagbag.py:587} INFO - Filling up the DagBag from /home/airflow/.local/lib/python3.12/site-packages/airflow/example_dags/example_branch_operator.py
[2024-09-02T01:44:29.614+0000] {processor.py:925} INFO - DAG(s) 'example_branch_operator' retrieved from /home/airflow/.local/lib/python3.12/site-packages/airflow/example_dags/example_branch_operator.py
[2024-09-02T01:44:29.632+0000] {logging_mixin.py:190} INFO - [2024-09-02T01:44:29.632+0000] {dag.py:3211} INFO - Sync 1 DAGs
[2024-09-02T01:44:29.646+0000] {logging_mixin.py:190} INFO - [2024-09-02T01:44:29.646+0000] {dag.py:4138} INFO - Setting next_dagrun for example_branch_operator to 2024-09-01 00:00:00+00:00, run_after=2024-09-02 00:00:00+00:00
[2024-09-02T01:44:29.658+0000] {processor.py:208} INFO - Processing /home/airflow/.local/lib/python3.12/site-packages/airflow/example_dags/example_branch_operator.py took 0.063 seconds
[2024-09-02T01:44:59.998+0000] {processor.py:186} INFO - Started process (PID=3431) to work on /home/airflow/.local/lib/python3.12/site-packages/airflow/example_dags/example_branch_operator.py
[2024-09-02T01:44:59.999+0000] {processor.py:914} INFO - Processing file /home/airflow/.local/lib/python3.12/site-packages/airflow/example_dags/example_branch_operator.py for tasks to queue
[2024-09-02T01:45:00.002+0000] {logging_mixin.py:190} INFO - [2024-09-02T01:45:00.002+0000] {dagbag.py:587} INFO - Filling up the DagBag from /home/airflow/.local/lib/python3.12/site-packages/airflow/example_dags/example_branch_operator.py
[2024-09-02T01:45:00.015+0000] {processor.py:925} INFO - DAG(s) 'example_branch_operator' retrieved from /home/airflow/.local/lib/python3.12/site-packages/airflow/example_dags/example_branch_operator.py
[2024-09-02T01:45:00.044+0000] {logging_mixin.py:190} INFO - [2024-09-02T01:45:00.043+0000] {dag.py:3211} INFO - Sync 1 DAGs
[2024-09-02T01:45:00.058+0000] {logging_mixin.py:190} INFO - [2024-09-02T01:45:00.057+0000] {dag.py:4138} INFO - Setting next_dagrun for example_branch_operator to 2024-09-01 00:00:00+00:00, run_after=2024-09-02 00:00:00+00:00
[2024-09-02T01:45:00.072+0000] {processor.py:208} INFO - Processing /home/airflow/.local/lib/python3.12/site-packages/airflow/example_dags/example_branch_operator.py took 0.079 seconds
[2024-09-02T01:54:36.734+0000] {processor.py:186} INFO - Started process (PID=213) to work on /home/airflow/.local/lib/python3.12/site-packages/airflow/example_dags/example_branch_operator.py
[2024-09-02T01:54:36.736+0000] {processor.py:914} INFO - Processing file /home/airflow/.local/lib/python3.12/site-packages/airflow/example_dags/example_branch_operator.py for tasks to queue
[2024-09-02T01:54:36.739+0000] {logging_mixin.py:190} INFO - [2024-09-02T01:54:36.738+0000] {dagbag.py:587} INFO - Filling up the DagBag from /home/airflow/.local/lib/python3.12/site-packages/airflow/example_dags/example_branch_operator.py
[2024-09-02T01:54:36.770+0000] {processor.py:925} INFO - DAG(s) 'example_branch_operator' retrieved from /home/airflow/.local/lib/python3.12/site-packages/airflow/example_dags/example_branch_operator.py
[2024-09-02T01:54:36.993+0000] {logging_mixin.py:190} INFO - [2024-09-02T01:54:36.993+0000] {dag.py:3211} INFO - Sync 1 DAGs
[2024-09-02T01:54:37.013+0000] {logging_mixin.py:190} INFO - [2024-09-02T01:54:37.012+0000] {dag.py:4138} INFO - Setting next_dagrun for example_branch_operator to 2024-09-01 00:00:00+00:00, run_after=2024-09-02 00:00:00+00:00
[2024-09-02T01:54:37.028+0000] {processor.py:208} INFO - Processing /home/airflow/.local/lib/python3.12/site-packages/airflow/example_dags/example_branch_operator.py took 0.298 seconds
[2024-09-02T01:55:07.931+0000] {processor.py:186} INFO - Started process (PID=553) to work on /home/airflow/.local/lib/python3.12/site-packages/airflow/example_dags/example_branch_operator.py
[2024-09-02T01:55:07.934+0000] {processor.py:914} INFO - Processing file /home/airflow/.local/lib/python3.12/site-packages/airflow/example_dags/example_branch_operator.py for tasks to queue
[2024-09-02T01:55:07.938+0000] {logging_mixin.py:190} INFO - [2024-09-02T01:55:07.937+0000] {dagbag.py:587} INFO - Filling up the DagBag from /home/airflow/.local/lib/python3.12/site-packages/airflow/example_dags/example_branch_operator.py
[2024-09-02T01:55:07.953+0000] {processor.py:925} INFO - DAG(s) 'example_branch_operator' retrieved from /home/airflow/.local/lib/python3.12/site-packages/airflow/example_dags/example_branch_operator.py
[2024-09-02T01:55:07.971+0000] {logging_mixin.py:190} INFO - [2024-09-02T01:55:07.971+0000] {dag.py:3211} INFO - Sync 1 DAGs
[2024-09-02T01:55:07.985+0000] {logging_mixin.py:190} INFO - [2024-09-02T01:55:07.985+0000] {dag.py:4138} INFO - Setting next_dagrun for example_branch_operator to 2024-09-01 00:00:00+00:00, run_after=2024-09-02 00:00:00+00:00
[2024-09-02T01:55:07.997+0000] {processor.py:208} INFO - Processing /home/airflow/.local/lib/python3.12/site-packages/airflow/example_dags/example_branch_operator.py took 0.077 seconds
[2024-09-02T01:55:38.790+0000] {processor.py:186} INFO - Started process (PID=839) to work on /home/airflow/.local/lib/python3.12/site-packages/airflow/example_dags/example_branch_operator.py
[2024-09-02T01:55:38.793+0000] {processor.py:914} INFO - Processing file /home/airflow/.local/lib/python3.12/site-packages/airflow/example_dags/example_branch_operator.py for tasks to queue
[2024-09-02T01:55:38.797+0000] {logging_mixin.py:190} INFO - [2024-09-02T01:55:38.797+0000] {dagbag.py:587} INFO - Filling up the DagBag from /home/airflow/.local/lib/python3.12/site-packages/airflow/example_dags/example_branch_operator.py
[2024-09-02T01:55:38.814+0000] {processor.py:925} INFO - DAG(s) 'example_branch_operator' retrieved from /home/airflow/.local/lib/python3.12/site-packages/airflow/example_dags/example_branch_operator.py
[2024-09-02T01:55:38.836+0000] {logging_mixin.py:190} INFO - [2024-09-02T01:55:38.835+0000] {dag.py:3211} INFO - Sync 1 DAGs
[2024-09-02T01:55:38.852+0000] {logging_mixin.py:190} INFO - [2024-09-02T01:55:38.852+0000] {dag.py:4138} INFO - Setting next_dagrun for example_branch_operator to 2024-09-01 00:00:00+00:00, run_after=2024-09-02 00:00:00+00:00
[2024-09-02T01:55:38.864+0000] {processor.py:208} INFO - Processing /home/airflow/.local/lib/python3.12/site-packages/airflow/example_dags/example_branch_operator.py took 0.085 seconds
[2024-09-02T01:56:09.012+0000] {processor.py:186} INFO - Started process (PID=1125) to work on /home/airflow/.local/lib/python3.12/site-packages/airflow/example_dags/example_branch_operator.py
[2024-09-02T01:56:09.014+0000] {processor.py:914} INFO - Processing file /home/airflow/.local/lib/python3.12/site-packages/airflow/example_dags/example_branch_operator.py for tasks to queue
[2024-09-02T01:56:09.018+0000] {logging_mixin.py:190} INFO - [2024-09-02T01:56:09.018+0000] {dagbag.py:587} INFO - Filling up the DagBag from /home/airflow/.local/lib/python3.12/site-packages/airflow/example_dags/example_branch_operator.py
[2024-09-02T01:56:09.036+0000] {processor.py:925} INFO - DAG(s) 'example_branch_operator' retrieved from /home/airflow/.local/lib/python3.12/site-packages/airflow/example_dags/example_branch_operator.py
[2024-09-02T01:56:09.055+0000] {logging_mixin.py:190} INFO - [2024-09-02T01:56:09.055+0000] {dag.py:3211} INFO - Sync 1 DAGs
[2024-09-02T01:56:09.069+0000] {logging_mixin.py:190} INFO - [2024-09-02T01:56:09.069+0000] {dag.py:4138} INFO - Setting next_dagrun for example_branch_operator to 2024-09-01 00:00:00+00:00, run_after=2024-09-02 00:00:00+00:00
[2024-09-02T01:56:09.088+0000] {processor.py:208} INFO - Processing /home/airflow/.local/lib/python3.12/site-packages/airflow/example_dags/example_branch_operator.py took 0.086 seconds
[2024-09-02T01:56:39.531+0000] {processor.py:186} INFO - Started process (PID=1413) to work on /home/airflow/.local/lib/python3.12/site-packages/airflow/example_dags/example_branch_operator.py
[2024-09-02T01:56:39.533+0000] {processor.py:914} INFO - Processing file /home/airflow/.local/lib/python3.12/site-packages/airflow/example_dags/example_branch_operator.py for tasks to queue
[2024-09-02T01:56:39.536+0000] {logging_mixin.py:190} INFO - [2024-09-02T01:56:39.536+0000] {dagbag.py:587} INFO - Filling up the DagBag from /home/airflow/.local/lib/python3.12/site-packages/airflow/example_dags/example_branch_operator.py
[2024-09-02T01:56:39.553+0000] {processor.py:925} INFO - DAG(s) 'example_branch_operator' retrieved from /home/airflow/.local/lib/python3.12/site-packages/airflow/example_dags/example_branch_operator.py
[2024-09-02T01:56:39.571+0000] {logging_mixin.py:190} INFO - [2024-09-02T01:56:39.571+0000] {dag.py:3211} INFO - Sync 1 DAGs
[2024-09-02T01:56:39.586+0000] {logging_mixin.py:190} INFO - [2024-09-02T01:56:39.586+0000] {dag.py:4138} INFO - Setting next_dagrun for example_branch_operator to 2024-09-01 00:00:00+00:00, run_after=2024-09-02 00:00:00+00:00
[2024-09-02T01:56:39.598+0000] {processor.py:208} INFO - Processing /home/airflow/.local/lib/python3.12/site-packages/airflow/example_dags/example_branch_operator.py took 0.076 seconds
[2024-09-02T01:57:09.769+0000] {processor.py:186} INFO - Started process (PID=1699) to work on /home/airflow/.local/lib/python3.12/site-packages/airflow/example_dags/example_branch_operator.py
[2024-09-02T01:57:09.772+0000] {processor.py:914} INFO - Processing file /home/airflow/.local/lib/python3.12/site-packages/airflow/example_dags/example_branch_operator.py for tasks to queue
[2024-09-02T01:57:09.776+0000] {logging_mixin.py:190} INFO - [2024-09-02T01:57:09.775+0000] {dagbag.py:587} INFO - Filling up the DagBag from /home/airflow/.local/lib/python3.12/site-packages/airflow/example_dags/example_branch_operator.py
[2024-09-02T01:57:09.792+0000] {processor.py:925} INFO - DAG(s) 'example_branch_operator' retrieved from /home/airflow/.local/lib/python3.12/site-packages/airflow/example_dags/example_branch_operator.py
[2024-09-02T01:57:09.816+0000] {logging_mixin.py:190} INFO - [2024-09-02T01:57:09.816+0000] {dag.py:3211} INFO - Sync 1 DAGs
[2024-09-02T01:57:09.829+0000] {logging_mixin.py:190} INFO - [2024-09-02T01:57:09.829+0000] {dag.py:4138} INFO - Setting next_dagrun for example_branch_operator to 2024-09-01 00:00:00+00:00, run_after=2024-09-02 00:00:00+00:00
[2024-09-02T01:57:09.843+0000] {processor.py:208} INFO - Processing /home/airflow/.local/lib/python3.12/site-packages/airflow/example_dags/example_branch_operator.py took 0.085 seconds
[2024-09-02T01:57:40.284+0000] {processor.py:186} INFO - Started process (PID=1986) to work on /home/airflow/.local/lib/python3.12/site-packages/airflow/example_dags/example_branch_operator.py
[2024-09-02T01:57:40.287+0000] {processor.py:914} INFO - Processing file /home/airflow/.local/lib/python3.12/site-packages/airflow/example_dags/example_branch_operator.py for tasks to queue
[2024-09-02T01:57:40.290+0000] {logging_mixin.py:190} INFO - [2024-09-02T01:57:40.290+0000] {dagbag.py:587} INFO - Filling up the DagBag from /home/airflow/.local/lib/python3.12/site-packages/airflow/example_dags/example_branch_operator.py
[2024-09-02T01:57:40.302+0000] {processor.py:925} INFO - DAG(s) 'example_branch_operator' retrieved from /home/airflow/.local/lib/python3.12/site-packages/airflow/example_dags/example_branch_operator.py
[2024-09-02T01:57:40.319+0000] {logging_mixin.py:190} INFO - [2024-09-02T01:57:40.319+0000] {dag.py:3211} INFO - Sync 1 DAGs
[2024-09-02T01:57:40.336+0000] {logging_mixin.py:190} INFO - [2024-09-02T01:57:40.335+0000] {dag.py:4138} INFO - Setting next_dagrun for example_branch_operator to 2024-09-01 00:00:00+00:00, run_after=2024-09-02 00:00:00+00:00
[2024-09-02T01:57:40.347+0000] {processor.py:208} INFO - Processing /home/airflow/.local/lib/python3.12/site-packages/airflow/example_dags/example_branch_operator.py took 0.068 seconds
[2024-09-02T01:58:10.787+0000] {processor.py:186} INFO - Started process (PID=2272) to work on /home/airflow/.local/lib/python3.12/site-packages/airflow/example_dags/example_branch_operator.py
[2024-09-02T01:58:10.791+0000] {processor.py:914} INFO - Processing file /home/airflow/.local/lib/python3.12/site-packages/airflow/example_dags/example_branch_operator.py for tasks to queue
[2024-09-02T01:58:10.799+0000] {logging_mixin.py:190} INFO - [2024-09-02T01:58:10.797+0000] {dagbag.py:587} INFO - Filling up the DagBag from /home/airflow/.local/lib/python3.12/site-packages/airflow/example_dags/example_branch_operator.py
[2024-09-02T01:58:10.843+0000] {processor.py:925} INFO - DAG(s) 'example_branch_operator' retrieved from /home/airflow/.local/lib/python3.12/site-packages/airflow/example_dags/example_branch_operator.py
[2024-09-02T01:58:10.866+0000] {logging_mixin.py:190} INFO - [2024-09-02T01:58:10.866+0000] {dag.py:3211} INFO - Sync 1 DAGs
[2024-09-02T01:58:10.883+0000] {logging_mixin.py:190} INFO - [2024-09-02T01:58:10.883+0000] {dag.py:4138} INFO - Setting next_dagrun for example_branch_operator to 2024-09-01 00:00:00+00:00, run_after=2024-09-02 00:00:00+00:00
[2024-09-02T01:58:10.896+0000] {processor.py:208} INFO - Processing /home/airflow/.local/lib/python3.12/site-packages/airflow/example_dags/example_branch_operator.py took 0.116 seconds
