[2024-09-02T01:39:21.384+0000] {processor.py:186} INFO - Started process (PID=223) to work on /home/airflow/.local/lib/python3.12/site-packages/airflow/example_dags/example_short_circuit_operator.py
[2024-09-02T01:39:21.385+0000] {processor.py:914} INFO - Processing file /home/airflow/.local/lib/python3.12/site-packages/airflow/example_dags/example_short_circuit_operator.py for tasks to queue
[2024-09-02T01:39:21.388+0000] {logging_mixin.py:190} INFO - [2024-09-02T01:39:21.387+0000] {dagbag.py:587} INFO - Filling up the DagBag from /home/airflow/.local/lib/python3.12/site-packages/airflow/example_dags/example_short_circuit_operator.py
[2024-09-02T01:39:21.397+0000] {processor.py:925} INFO - DAG(s) 'example_short_circuit_operator' retrieved from /home/airflow/.local/lib/python3.12/site-packages/airflow/example_dags/example_short_circuit_operator.py
[2024-09-02T01:39:21.500+0000] {logging_mixin.py:190} INFO - [2024-09-02T01:39:21.500+0000] {override.py:1858} INFO - Created Permission View: can edit on DAG:example_short_circuit_operator
[2024-09-02T01:39:21.510+0000] {logging_mixin.py:190} INFO - [2024-09-02T01:39:21.510+0000] {override.py:1858} INFO - Created Permission View: can read on DAG:example_short_circuit_operator
[2024-09-02T01:39:21.515+0000] {logging_mixin.py:190} INFO - [2024-09-02T01:39:21.515+0000] {override.py:1858} INFO - Created Permission View: can delete on DAG:example_short_circuit_operator
[2024-09-02T01:39:21.516+0000] {logging_mixin.py:190} INFO - [2024-09-02T01:39:21.516+0000] {dag.py:3211} INFO - Sync 1 DAGs
[2024-09-02T01:39:21.525+0000] {logging_mixin.py:190} INFO - [2024-09-02T01:39:21.525+0000] {dag.py:3234} INFO - Creating ORM DAG for example_short_circuit_operator
[2024-09-02T01:39:21.531+0000] {logging_mixin.py:190} INFO - [2024-09-02T01:39:21.531+0000] {dag.py:4138} INFO - Setting next_dagrun for example_short_circuit_operator to 2024-09-01 00:00:00+00:00, run_after=2024-09-02 00:00:00+00:00
[2024-09-02T01:39:21.543+0000] {processor.py:208} INFO - Processing /home/airflow/.local/lib/python3.12/site-packages/airflow/example_dags/example_short_circuit_operator.py took 0.163 seconds
[2024-09-02T01:39:51.705+0000] {processor.py:186} INFO - Started process (PID=507) to work on /home/airflow/.local/lib/python3.12/site-packages/airflow/example_dags/example_short_circuit_operator.py
[2024-09-02T01:39:51.707+0000] {processor.py:914} INFO - Processing file /home/airflow/.local/lib/python3.12/site-packages/airflow/example_dags/example_short_circuit_operator.py for tasks to queue
[2024-09-02T01:39:51.709+0000] {logging_mixin.py:190} INFO - [2024-09-02T01:39:51.709+0000] {dagbag.py:587} INFO - Filling up the DagBag from /home/airflow/.local/lib/python3.12/site-packages/airflow/example_dags/example_short_circuit_operator.py
[2024-09-02T01:39:51.715+0000] {processor.py:925} INFO - DAG(s) 'example_short_circuit_operator' retrieved from /home/airflow/.local/lib/python3.12/site-packages/airflow/example_dags/example_short_circuit_operator.py
[2024-09-02T01:39:51.732+0000] {logging_mixin.py:190} INFO - [2024-09-02T01:39:51.732+0000] {dag.py:3211} INFO - Sync 1 DAGs
[2024-09-02T01:39:51.745+0000] {logging_mixin.py:190} INFO - [2024-09-02T01:39:51.745+0000] {dag.py:4138} INFO - Setting next_dagrun for example_short_circuit_operator to 2024-09-01 00:00:00+00:00, run_after=2024-09-02 00:00:00+00:00
[2024-09-02T01:39:51.757+0000] {processor.py:208} INFO - Processing /home/airflow/.local/lib/python3.12/site-packages/airflow/example_dags/example_short_circuit_operator.py took 0.056 seconds
[2024-09-02T01:40:22.957+0000] {processor.py:186} INFO - Started process (PID=795) to work on /home/airflow/.local/lib/python3.12/site-packages/airflow/example_dags/example_short_circuit_operator.py
[2024-09-02T01:40:22.958+0000] {processor.py:914} INFO - Processing file /home/airflow/.local/lib/python3.12/site-packages/airflow/example_dags/example_short_circuit_operator.py for tasks to queue
[2024-09-02T01:40:22.961+0000] {logging_mixin.py:190} INFO - [2024-09-02T01:40:22.960+0000] {dagbag.py:587} INFO - Filling up the DagBag from /home/airflow/.local/lib/python3.12/site-packages/airflow/example_dags/example_short_circuit_operator.py
[2024-09-02T01:40:22.968+0000] {processor.py:925} INFO - DAG(s) 'example_short_circuit_operator' retrieved from /home/airflow/.local/lib/python3.12/site-packages/airflow/example_dags/example_short_circuit_operator.py
[2024-09-02T01:40:22.982+0000] {logging_mixin.py:190} INFO - [2024-09-02T01:40:22.982+0000] {dag.py:3211} INFO - Sync 1 DAGs
[2024-09-02T01:40:22.995+0000] {logging_mixin.py:190} INFO - [2024-09-02T01:40:22.995+0000] {dag.py:4138} INFO - Setting next_dagrun for example_short_circuit_operator to 2024-09-01 00:00:00+00:00, run_after=2024-09-02 00:00:00+00:00
[2024-09-02T01:40:23.005+0000] {processor.py:208} INFO - Processing /home/airflow/.local/lib/python3.12/site-packages/airflow/example_dags/example_short_circuit_operator.py took 0.052 seconds
[2024-09-02T01:40:53.540+0000] {processor.py:186} INFO - Started process (PID=1079) to work on /home/airflow/.local/lib/python3.12/site-packages/airflow/example_dags/example_short_circuit_operator.py
[2024-09-02T01:40:53.543+0000] {processor.py:914} INFO - Processing file /home/airflow/.local/lib/python3.12/site-packages/airflow/example_dags/example_short_circuit_operator.py for tasks to queue
[2024-09-02T01:40:53.546+0000] {logging_mixin.py:190} INFO - [2024-09-02T01:40:53.545+0000] {dagbag.py:587} INFO - Filling up the DagBag from /home/airflow/.local/lib/python3.12/site-packages/airflow/example_dags/example_short_circuit_operator.py
[2024-09-02T01:40:53.553+0000] {processor.py:925} INFO - DAG(s) 'example_short_circuit_operator' retrieved from /home/airflow/.local/lib/python3.12/site-packages/airflow/example_dags/example_short_circuit_operator.py
[2024-09-02T01:40:53.575+0000] {logging_mixin.py:190} INFO - [2024-09-02T01:40:53.575+0000] {dag.py:3211} INFO - Sync 1 DAGs
[2024-09-02T01:40:53.588+0000] {logging_mixin.py:190} INFO - [2024-09-02T01:40:53.588+0000] {dag.py:4138} INFO - Setting next_dagrun for example_short_circuit_operator to 2024-09-01 00:00:00+00:00, run_after=2024-09-02 00:00:00+00:00
[2024-09-02T01:40:53.599+0000] {processor.py:208} INFO - Processing /home/airflow/.local/lib/python3.12/site-packages/airflow/example_dags/example_short_circuit_operator.py took 0.064 seconds
[2024-09-02T01:41:24.969+0000] {processor.py:186} INFO - Started process (PID=1398) to work on /home/airflow/.local/lib/python3.12/site-packages/airflow/example_dags/example_short_circuit_operator.py
[2024-09-02T01:41:24.971+0000] {processor.py:914} INFO - Processing file /home/airflow/.local/lib/python3.12/site-packages/airflow/example_dags/example_short_circuit_operator.py for tasks to queue
[2024-09-02T01:41:24.973+0000] {logging_mixin.py:190} INFO - [2024-09-02T01:41:24.973+0000] {dagbag.py:587} INFO - Filling up the DagBag from /home/airflow/.local/lib/python3.12/site-packages/airflow/example_dags/example_short_circuit_operator.py
[2024-09-02T01:41:24.984+0000] {processor.py:925} INFO - DAG(s) 'example_short_circuit_operator' retrieved from /home/airflow/.local/lib/python3.12/site-packages/airflow/example_dags/example_short_circuit_operator.py
[2024-09-02T01:41:25.019+0000] {logging_mixin.py:190} INFO - [2024-09-02T01:41:25.019+0000] {dag.py:3211} INFO - Sync 1 DAGs
[2024-09-02T01:41:25.037+0000] {logging_mixin.py:190} INFO - [2024-09-02T01:41:25.037+0000] {dag.py:4138} INFO - Setting next_dagrun for example_short_circuit_operator to 2024-09-01 00:00:00+00:00, run_after=2024-09-02 00:00:00+00:00
[2024-09-02T01:41:25.048+0000] {processor.py:208} INFO - Processing /home/airflow/.local/lib/python3.12/site-packages/airflow/example_dags/example_short_circuit_operator.py took 0.083 seconds
[2024-09-02T01:41:55.165+0000] {processor.py:186} INFO - Started process (PID=1732) to work on /home/airflow/.local/lib/python3.12/site-packages/airflow/example_dags/example_short_circuit_operator.py
[2024-09-02T01:41:55.166+0000] {processor.py:914} INFO - Processing file /home/airflow/.local/lib/python3.12/site-packages/airflow/example_dags/example_short_circuit_operator.py for tasks to queue
[2024-09-02T01:41:55.169+0000] {logging_mixin.py:190} INFO - [2024-09-02T01:41:55.169+0000] {dagbag.py:587} INFO - Filling up the DagBag from /home/airflow/.local/lib/python3.12/site-packages/airflow/example_dags/example_short_circuit_operator.py
[2024-09-02T01:41:55.176+0000] {processor.py:925} INFO - DAG(s) 'example_short_circuit_operator' retrieved from /home/airflow/.local/lib/python3.12/site-packages/airflow/example_dags/example_short_circuit_operator.py
[2024-09-02T01:41:55.191+0000] {logging_mixin.py:190} INFO - [2024-09-02T01:41:55.191+0000] {dag.py:3211} INFO - Sync 1 DAGs
[2024-09-02T01:41:55.210+0000] {logging_mixin.py:190} INFO - [2024-09-02T01:41:55.209+0000] {dag.py:4138} INFO - Setting next_dagrun for example_short_circuit_operator to 2024-09-01 00:00:00+00:00, run_after=2024-09-02 00:00:00+00:00
[2024-09-02T01:41:55.234+0000] {processor.py:208} INFO - Processing /home/airflow/.local/lib/python3.12/site-packages/airflow/example_dags/example_short_circuit_operator.py took 0.073 seconds
[2024-09-02T01:42:26.185+0000] {processor.py:186} INFO - Started process (PID=2010) to work on /home/airflow/.local/lib/python3.12/site-packages/airflow/example_dags/example_short_circuit_operator.py
[2024-09-02T01:42:26.187+0000] {processor.py:914} INFO - Processing file /home/airflow/.local/lib/python3.12/site-packages/airflow/example_dags/example_short_circuit_operator.py for tasks to queue
[2024-09-02T01:42:26.189+0000] {logging_mixin.py:190} INFO - [2024-09-02T01:42:26.189+0000] {dagbag.py:587} INFO - Filling up the DagBag from /home/airflow/.local/lib/python3.12/site-packages/airflow/example_dags/example_short_circuit_operator.py
[2024-09-02T01:42:26.196+0000] {processor.py:925} INFO - DAG(s) 'example_short_circuit_operator' retrieved from /home/airflow/.local/lib/python3.12/site-packages/airflow/example_dags/example_short_circuit_operator.py
[2024-09-02T01:42:26.211+0000] {logging_mixin.py:190} INFO - [2024-09-02T01:42:26.211+0000] {dag.py:3211} INFO - Sync 1 DAGs
[2024-09-02T01:42:26.225+0000] {logging_mixin.py:190} INFO - [2024-09-02T01:42:26.225+0000] {dag.py:4138} INFO - Setting next_dagrun for example_short_circuit_operator to 2024-09-01 00:00:00+00:00, run_after=2024-09-02 00:00:00+00:00
[2024-09-02T01:42:26.238+0000] {processor.py:208} INFO - Processing /home/airflow/.local/lib/python3.12/site-packages/airflow/example_dags/example_short_circuit_operator.py took 0.057 seconds
[2024-09-02T01:42:57.209+0000] {processor.py:186} INFO - Started process (PID=2296) to work on /home/airflow/.local/lib/python3.12/site-packages/airflow/example_dags/example_short_circuit_operator.py
[2024-09-02T01:42:57.211+0000] {processor.py:914} INFO - Processing file /home/airflow/.local/lib/python3.12/site-packages/airflow/example_dags/example_short_circuit_operator.py for tasks to queue
[2024-09-02T01:42:57.213+0000] {logging_mixin.py:190} INFO - [2024-09-02T01:42:57.212+0000] {dagbag.py:587} INFO - Filling up the DagBag from /home/airflow/.local/lib/python3.12/site-packages/airflow/example_dags/example_short_circuit_operator.py
[2024-09-02T01:42:57.219+0000] {processor.py:925} INFO - DAG(s) 'example_short_circuit_operator' retrieved from /home/airflow/.local/lib/python3.12/site-packages/airflow/example_dags/example_short_circuit_operator.py
[2024-09-02T01:42:57.233+0000] {logging_mixin.py:190} INFO - [2024-09-02T01:42:57.233+0000] {dag.py:3211} INFO - Sync 1 DAGs
[2024-09-02T01:42:57.250+0000] {logging_mixin.py:190} INFO - [2024-09-02T01:42:57.249+0000] {dag.py:4138} INFO - Setting next_dagrun for example_short_circuit_operator to 2024-09-01 00:00:00+00:00, run_after=2024-09-02 00:00:00+00:00
[2024-09-02T01:42:57.260+0000] {processor.py:208} INFO - Processing /home/airflow/.local/lib/python3.12/site-packages/airflow/example_dags/example_short_circuit_operator.py took 0.055 seconds
[2024-09-02T01:43:28.019+0000] {processor.py:186} INFO - Started process (PID=2582) to work on /home/airflow/.local/lib/python3.12/site-packages/airflow/example_dags/example_short_circuit_operator.py
[2024-09-02T01:43:28.022+0000] {processor.py:914} INFO - Processing file /home/airflow/.local/lib/python3.12/site-packages/airflow/example_dags/example_short_circuit_operator.py for tasks to queue
[2024-09-02T01:43:28.025+0000] {logging_mixin.py:190} INFO - [2024-09-02T01:43:28.025+0000] {dagbag.py:587} INFO - Filling up the DagBag from /home/airflow/.local/lib/python3.12/site-packages/airflow/example_dags/example_short_circuit_operator.py
[2024-09-02T01:43:28.033+0000] {processor.py:925} INFO - DAG(s) 'example_short_circuit_operator' retrieved from /home/airflow/.local/lib/python3.12/site-packages/airflow/example_dags/example_short_circuit_operator.py
[2024-09-02T01:43:28.054+0000] {logging_mixin.py:190} INFO - [2024-09-02T01:43:28.053+0000] {dag.py:3211} INFO - Sync 1 DAGs
[2024-09-02T01:43:28.072+0000] {logging_mixin.py:190} INFO - [2024-09-02T01:43:28.072+0000] {dag.py:4138} INFO - Setting next_dagrun for example_short_circuit_operator to 2024-09-01 00:00:00+00:00, run_after=2024-09-02 00:00:00+00:00
[2024-09-02T01:43:28.088+0000] {processor.py:208} INFO - Processing /home/airflow/.local/lib/python3.12/site-packages/airflow/example_dags/example_short_circuit_operator.py took 0.073 seconds
[2024-09-02T01:43:59.081+0000] {processor.py:186} INFO - Started process (PID=2869) to work on /home/airflow/.local/lib/python3.12/site-packages/airflow/example_dags/example_short_circuit_operator.py
[2024-09-02T01:43:59.084+0000] {processor.py:914} INFO - Processing file /home/airflow/.local/lib/python3.12/site-packages/airflow/example_dags/example_short_circuit_operator.py for tasks to queue
[2024-09-02T01:43:59.090+0000] {logging_mixin.py:190} INFO - [2024-09-02T01:43:59.089+0000] {dagbag.py:587} INFO - Filling up the DagBag from /home/airflow/.local/lib/python3.12/site-packages/airflow/example_dags/example_short_circuit_operator.py
[2024-09-02T01:43:59.106+0000] {processor.py:925} INFO - DAG(s) 'example_short_circuit_operator' retrieved from /home/airflow/.local/lib/python3.12/site-packages/airflow/example_dags/example_short_circuit_operator.py
[2024-09-02T01:43:59.129+0000] {logging_mixin.py:190} INFO - [2024-09-02T01:43:59.128+0000] {dag.py:3211} INFO - Sync 1 DAGs
[2024-09-02T01:43:59.143+0000] {logging_mixin.py:190} INFO - [2024-09-02T01:43:59.143+0000] {dag.py:4138} INFO - Setting next_dagrun for example_short_circuit_operator to 2024-09-01 00:00:00+00:00, run_after=2024-09-02 00:00:00+00:00
[2024-09-02T01:43:59.157+0000] {processor.py:208} INFO - Processing /home/airflow/.local/lib/python3.12/site-packages/airflow/example_dags/example_short_circuit_operator.py took 0.098 seconds
[2024-09-02T01:44:29.698+0000] {processor.py:186} INFO - Started process (PID=3155) to work on /home/airflow/.local/lib/python3.12/site-packages/airflow/example_dags/example_short_circuit_operator.py
[2024-09-02T01:44:29.701+0000] {processor.py:914} INFO - Processing file /home/airflow/.local/lib/python3.12/site-packages/airflow/example_dags/example_short_circuit_operator.py for tasks to queue
[2024-09-02T01:44:29.703+0000] {logging_mixin.py:190} INFO - [2024-09-02T01:44:29.703+0000] {dagbag.py:587} INFO - Filling up the DagBag from /home/airflow/.local/lib/python3.12/site-packages/airflow/example_dags/example_short_circuit_operator.py
[2024-09-02T01:44:29.710+0000] {processor.py:925} INFO - DAG(s) 'example_short_circuit_operator' retrieved from /home/airflow/.local/lib/python3.12/site-packages/airflow/example_dags/example_short_circuit_operator.py
[2024-09-02T01:44:29.728+0000] {logging_mixin.py:190} INFO - [2024-09-02T01:44:29.728+0000] {dag.py:3211} INFO - Sync 1 DAGs
[2024-09-02T01:44:29.753+0000] {logging_mixin.py:190} INFO - [2024-09-02T01:44:29.753+0000] {dag.py:4138} INFO - Setting next_dagrun for example_short_circuit_operator to 2024-09-01 00:00:00+00:00, run_after=2024-09-02 00:00:00+00:00
[2024-09-02T01:44:29.770+0000] {processor.py:208} INFO - Processing /home/airflow/.local/lib/python3.12/site-packages/airflow/example_dags/example_short_circuit_operator.py took 0.077 seconds
[2024-09-02T01:45:00.107+0000] {processor.py:186} INFO - Started process (PID=3441) to work on /home/airflow/.local/lib/python3.12/site-packages/airflow/example_dags/example_short_circuit_operator.py
[2024-09-02T01:45:00.110+0000] {processor.py:914} INFO - Processing file /home/airflow/.local/lib/python3.12/site-packages/airflow/example_dags/example_short_circuit_operator.py for tasks to queue
[2024-09-02T01:45:00.113+0000] {logging_mixin.py:190} INFO - [2024-09-02T01:45:00.113+0000] {dagbag.py:587} INFO - Filling up the DagBag from /home/airflow/.local/lib/python3.12/site-packages/airflow/example_dags/example_short_circuit_operator.py
[2024-09-02T01:45:00.121+0000] {processor.py:925} INFO - DAG(s) 'example_short_circuit_operator' retrieved from /home/airflow/.local/lib/python3.12/site-packages/airflow/example_dags/example_short_circuit_operator.py
[2024-09-02T01:45:00.142+0000] {logging_mixin.py:190} INFO - [2024-09-02T01:45:00.142+0000] {dag.py:3211} INFO - Sync 1 DAGs
[2024-09-02T01:45:00.161+0000] {logging_mixin.py:190} INFO - [2024-09-02T01:45:00.161+0000] {dag.py:4138} INFO - Setting next_dagrun for example_short_circuit_operator to 2024-09-01 00:00:00+00:00, run_after=2024-09-02 00:00:00+00:00
[2024-09-02T01:45:00.174+0000] {processor.py:208} INFO - Processing /home/airflow/.local/lib/python3.12/site-packages/airflow/example_dags/example_short_circuit_operator.py took 0.071 seconds
[2024-09-02T01:54:37.073+0000] {processor.py:186} INFO - Started process (PID=225) to work on /home/airflow/.local/lib/python3.12/site-packages/airflow/example_dags/example_short_circuit_operator.py
[2024-09-02T01:54:37.075+0000] {processor.py:914} INFO - Processing file /home/airflow/.local/lib/python3.12/site-packages/airflow/example_dags/example_short_circuit_operator.py for tasks to queue
[2024-09-02T01:54:37.078+0000] {logging_mixin.py:190} INFO - [2024-09-02T01:54:37.077+0000] {dagbag.py:587} INFO - Filling up the DagBag from /home/airflow/.local/lib/python3.12/site-packages/airflow/example_dags/example_short_circuit_operator.py
[2024-09-02T01:54:37.085+0000] {processor.py:925} INFO - DAG(s) 'example_short_circuit_operator' retrieved from /home/airflow/.local/lib/python3.12/site-packages/airflow/example_dags/example_short_circuit_operator.py
[2024-09-02T01:54:37.107+0000] {logging_mixin.py:190} INFO - [2024-09-02T01:54:37.106+0000] {dag.py:3211} INFO - Sync 1 DAGs
[2024-09-02T01:54:37.124+0000] {logging_mixin.py:190} INFO - [2024-09-02T01:54:37.124+0000] {dag.py:4138} INFO - Setting next_dagrun for example_short_circuit_operator to 2024-09-01 00:00:00+00:00, run_after=2024-09-02 00:00:00+00:00
[2024-09-02T01:54:37.136+0000] {processor.py:208} INFO - Processing /home/airflow/.local/lib/python3.12/site-packages/airflow/example_dags/example_short_circuit_operator.py took 0.067 seconds
[2024-09-02T01:55:08.011+0000] {processor.py:186} INFO - Started process (PID=561) to work on /home/airflow/.local/lib/python3.12/site-packages/airflow/example_dags/example_short_circuit_operator.py
[2024-09-02T01:55:08.012+0000] {processor.py:914} INFO - Processing file /home/airflow/.local/lib/python3.12/site-packages/airflow/example_dags/example_short_circuit_operator.py for tasks to queue
[2024-09-02T01:55:08.014+0000] {logging_mixin.py:190} INFO - [2024-09-02T01:55:08.014+0000] {dagbag.py:587} INFO - Filling up the DagBag from /home/airflow/.local/lib/python3.12/site-packages/airflow/example_dags/example_short_circuit_operator.py
[2024-09-02T01:55:08.021+0000] {processor.py:925} INFO - DAG(s) 'example_short_circuit_operator' retrieved from /home/airflow/.local/lib/python3.12/site-packages/airflow/example_dags/example_short_circuit_operator.py
[2024-09-02T01:55:08.035+0000] {logging_mixin.py:190} INFO - [2024-09-02T01:55:08.035+0000] {dag.py:3211} INFO - Sync 1 DAGs
[2024-09-02T01:55:08.049+0000] {logging_mixin.py:190} INFO - [2024-09-02T01:55:08.049+0000] {dag.py:4138} INFO - Setting next_dagrun for example_short_circuit_operator to 2024-09-01 00:00:00+00:00, run_after=2024-09-02 00:00:00+00:00
[2024-09-02T01:55:08.061+0000] {processor.py:208} INFO - Processing /home/airflow/.local/lib/python3.12/site-packages/airflow/example_dags/example_short_circuit_operator.py took 0.054 seconds
[2024-09-02T01:55:38.878+0000] {processor.py:186} INFO - Started process (PID=847) to work on /home/airflow/.local/lib/python3.12/site-packages/airflow/example_dags/example_short_circuit_operator.py
[2024-09-02T01:55:38.879+0000] {processor.py:914} INFO - Processing file /home/airflow/.local/lib/python3.12/site-packages/airflow/example_dags/example_short_circuit_operator.py for tasks to queue
[2024-09-02T01:55:38.881+0000] {logging_mixin.py:190} INFO - [2024-09-02T01:55:38.881+0000] {dagbag.py:587} INFO - Filling up the DagBag from /home/airflow/.local/lib/python3.12/site-packages/airflow/example_dags/example_short_circuit_operator.py
[2024-09-02T01:55:38.888+0000] {processor.py:925} INFO - DAG(s) 'example_short_circuit_operator' retrieved from /home/airflow/.local/lib/python3.12/site-packages/airflow/example_dags/example_short_circuit_operator.py
[2024-09-02T01:55:38.905+0000] {logging_mixin.py:190} INFO - [2024-09-02T01:55:38.905+0000] {dag.py:3211} INFO - Sync 1 DAGs
[2024-09-02T01:55:38.919+0000] {logging_mixin.py:190} INFO - [2024-09-02T01:55:38.919+0000] {dag.py:4138} INFO - Setting next_dagrun for example_short_circuit_operator to 2024-09-01 00:00:00+00:00, run_after=2024-09-02 00:00:00+00:00
[2024-09-02T01:55:38.930+0000] {processor.py:208} INFO - Processing /home/airflow/.local/lib/python3.12/site-packages/airflow/example_dags/example_short_circuit_operator.py took 0.056 seconds
[2024-09-02T01:56:09.112+0000] {processor.py:186} INFO - Started process (PID=1135) to work on /home/airflow/.local/lib/python3.12/site-packages/airflow/example_dags/example_short_circuit_operator.py
[2024-09-02T01:56:09.114+0000] {processor.py:914} INFO - Processing file /home/airflow/.local/lib/python3.12/site-packages/airflow/example_dags/example_short_circuit_operator.py for tasks to queue
[2024-09-02T01:56:09.117+0000] {logging_mixin.py:190} INFO - [2024-09-02T01:56:09.117+0000] {dagbag.py:587} INFO - Filling up the DagBag from /home/airflow/.local/lib/python3.12/site-packages/airflow/example_dags/example_short_circuit_operator.py
[2024-09-02T01:56:09.124+0000] {processor.py:925} INFO - DAG(s) 'example_short_circuit_operator' retrieved from /home/airflow/.local/lib/python3.12/site-packages/airflow/example_dags/example_short_circuit_operator.py
[2024-09-02T01:56:09.141+0000] {logging_mixin.py:190} INFO - [2024-09-02T01:56:09.141+0000] {dag.py:3211} INFO - Sync 1 DAGs
[2024-09-02T01:56:09.157+0000] {logging_mixin.py:190} INFO - [2024-09-02T01:56:09.157+0000] {dag.py:4138} INFO - Setting next_dagrun for example_short_circuit_operator to 2024-09-01 00:00:00+00:00, run_after=2024-09-02 00:00:00+00:00
[2024-09-02T01:56:09.169+0000] {processor.py:208} INFO - Processing /home/airflow/.local/lib/python3.12/site-packages/airflow/example_dags/example_short_circuit_operator.py took 0.061 seconds
[2024-09-02T01:56:39.614+0000] {processor.py:186} INFO - Started process (PID=1423) to work on /home/airflow/.local/lib/python3.12/site-packages/airflow/example_dags/example_short_circuit_operator.py
[2024-09-02T01:56:39.616+0000] {processor.py:914} INFO - Processing file /home/airflow/.local/lib/python3.12/site-packages/airflow/example_dags/example_short_circuit_operator.py for tasks to queue
[2024-09-02T01:56:39.618+0000] {logging_mixin.py:190} INFO - [2024-09-02T01:56:39.618+0000] {dagbag.py:587} INFO - Filling up the DagBag from /home/airflow/.local/lib/python3.12/site-packages/airflow/example_dags/example_short_circuit_operator.py
[2024-09-02T01:56:39.626+0000] {processor.py:925} INFO - DAG(s) 'example_short_circuit_operator' retrieved from /home/airflow/.local/lib/python3.12/site-packages/airflow/example_dags/example_short_circuit_operator.py
[2024-09-02T01:56:39.642+0000] {logging_mixin.py:190} INFO - [2024-09-02T01:56:39.641+0000] {dag.py:3211} INFO - Sync 1 DAGs
[2024-09-02T01:56:39.666+0000] {logging_mixin.py:190} INFO - [2024-09-02T01:56:39.666+0000] {dag.py:4138} INFO - Setting next_dagrun for example_short_circuit_operator to 2024-09-01 00:00:00+00:00, run_after=2024-09-02 00:00:00+00:00
[2024-09-02T01:56:39.692+0000] {processor.py:208} INFO - Processing /home/airflow/.local/lib/python3.12/site-packages/airflow/example_dags/example_short_circuit_operator.py took 0.081 seconds
[2024-09-02T01:57:09.857+0000] {processor.py:186} INFO - Started process (PID=1709) to work on /home/airflow/.local/lib/python3.12/site-packages/airflow/example_dags/example_short_circuit_operator.py
[2024-09-02T01:57:09.858+0000] {processor.py:914} INFO - Processing file /home/airflow/.local/lib/python3.12/site-packages/airflow/example_dags/example_short_circuit_operator.py for tasks to queue
[2024-09-02T01:57:09.861+0000] {logging_mixin.py:190} INFO - [2024-09-02T01:57:09.860+0000] {dagbag.py:587} INFO - Filling up the DagBag from /home/airflow/.local/lib/python3.12/site-packages/airflow/example_dags/example_short_circuit_operator.py
[2024-09-02T01:57:09.867+0000] {processor.py:925} INFO - DAG(s) 'example_short_circuit_operator' retrieved from /home/airflow/.local/lib/python3.12/site-packages/airflow/example_dags/example_short_circuit_operator.py
[2024-09-02T01:57:09.882+0000] {logging_mixin.py:190} INFO - [2024-09-02T01:57:09.882+0000] {dag.py:3211} INFO - Sync 1 DAGs
[2024-09-02T01:57:09.895+0000] {logging_mixin.py:190} INFO - [2024-09-02T01:57:09.895+0000] {dag.py:4138} INFO - Setting next_dagrun for example_short_circuit_operator to 2024-09-01 00:00:00+00:00, run_after=2024-09-02 00:00:00+00:00
[2024-09-02T01:57:09.911+0000] {processor.py:208} INFO - Processing /home/airflow/.local/lib/python3.12/site-packages/airflow/example_dags/example_short_circuit_operator.py took 0.058 seconds
[2024-09-02T01:57:40.363+0000] {processor.py:186} INFO - Started process (PID=1995) to work on /home/airflow/.local/lib/python3.12/site-packages/airflow/example_dags/example_short_circuit_operator.py
[2024-09-02T01:57:40.365+0000] {processor.py:914} INFO - Processing file /home/airflow/.local/lib/python3.12/site-packages/airflow/example_dags/example_short_circuit_operator.py for tasks to queue
[2024-09-02T01:57:40.367+0000] {logging_mixin.py:190} INFO - [2024-09-02T01:57:40.367+0000] {dagbag.py:587} INFO - Filling up the DagBag from /home/airflow/.local/lib/python3.12/site-packages/airflow/example_dags/example_short_circuit_operator.py
[2024-09-02T01:57:40.373+0000] {processor.py:925} INFO - DAG(s) 'example_short_circuit_operator' retrieved from /home/airflow/.local/lib/python3.12/site-packages/airflow/example_dags/example_short_circuit_operator.py
[2024-09-02T01:57:40.397+0000] {logging_mixin.py:190} INFO - [2024-09-02T01:57:40.397+0000] {dag.py:3211} INFO - Sync 1 DAGs
[2024-09-02T01:57:40.410+0000] {logging_mixin.py:190} INFO - [2024-09-02T01:57:40.410+0000] {dag.py:4138} INFO - Setting next_dagrun for example_short_circuit_operator to 2024-09-01 00:00:00+00:00, run_after=2024-09-02 00:00:00+00:00
[2024-09-02T01:57:40.421+0000] {processor.py:208} INFO - Processing /home/airflow/.local/lib/python3.12/site-packages/airflow/example_dags/example_short_circuit_operator.py took 0.061 seconds
[2024-09-02T01:58:10.921+0000] {processor.py:186} INFO - Started process (PID=2282) to work on /home/airflow/.local/lib/python3.12/site-packages/airflow/example_dags/example_short_circuit_operator.py
[2024-09-02T01:58:10.922+0000] {processor.py:914} INFO - Processing file /home/airflow/.local/lib/python3.12/site-packages/airflow/example_dags/example_short_circuit_operator.py for tasks to queue
[2024-09-02T01:58:10.924+0000] {logging_mixin.py:190} INFO - [2024-09-02T01:58:10.924+0000] {dagbag.py:587} INFO - Filling up the DagBag from /home/airflow/.local/lib/python3.12/site-packages/airflow/example_dags/example_short_circuit_operator.py
[2024-09-02T01:58:10.930+0000] {processor.py:925} INFO - DAG(s) 'example_short_circuit_operator' retrieved from /home/airflow/.local/lib/python3.12/site-packages/airflow/example_dags/example_short_circuit_operator.py
[2024-09-02T01:58:10.945+0000] {logging_mixin.py:190} INFO - [2024-09-02T01:58:10.945+0000] {dag.py:3211} INFO - Sync 1 DAGs
[2024-09-02T01:58:10.958+0000] {logging_mixin.py:190} INFO - [2024-09-02T01:58:10.958+0000] {dag.py:4138} INFO - Setting next_dagrun for example_short_circuit_operator to 2024-09-01 00:00:00+00:00, run_after=2024-09-02 00:00:00+00:00
[2024-09-02T01:58:10.969+0000] {processor.py:208} INFO - Processing /home/airflow/.local/lib/python3.12/site-packages/airflow/example_dags/example_short_circuit_operator.py took 0.052 seconds
