[2024-09-02T01:39:23.181+0000] {processor.py:186} INFO - Started process (PID=296) to work on /home/airflow/.local/lib/python3.12/site-packages/airflow/example_dags/example_latest_only_with_trigger.py
[2024-09-02T01:39:23.183+0000] {processor.py:914} INFO - Processing file /home/airflow/.local/lib/python3.12/site-packages/airflow/example_dags/example_latest_only_with_trigger.py for tasks to queue
[2024-09-02T01:39:23.188+0000] {logging_mixin.py:190} INFO - [2024-09-02T01:39:23.187+0000] {dagbag.py:587} INFO - Filling up the DagBag from /home/airflow/.local/lib/python3.12/site-packages/airflow/example_dags/example_latest_only_with_trigger.py
[2024-09-02T01:39:23.199+0000] {processor.py:925} INFO - DAG(s) 'latest_only_with_trigger' retrieved from /home/airflow/.local/lib/python3.12/site-packages/airflow/example_dags/example_latest_only_with_trigger.py
[2024-09-02T01:39:23.424+0000] {logging_mixin.py:190} INFO - [2024-09-02T01:39:23.417+0000] {override.py:1858} INFO - Created Permission View: can edit on DAG:latest_only_with_trigger
[2024-09-02T01:39:23.447+0000] {logging_mixin.py:190} INFO - [2024-09-02T01:39:23.446+0000] {override.py:1858} INFO - Created Permission View: can read on DAG:latest_only_with_trigger
[2024-09-02T01:39:23.458+0000] {logging_mixin.py:190} INFO - [2024-09-02T01:39:23.458+0000] {override.py:1858} INFO - Created Permission View: can delete on DAG:latest_only_with_trigger
[2024-09-02T01:39:23.460+0000] {logging_mixin.py:190} INFO - [2024-09-02T01:39:23.460+0000] {dag.py:3211} INFO - Sync 1 DAGs
[2024-09-02T01:39:23.473+0000] {logging_mixin.py:190} INFO - [2024-09-02T01:39:23.473+0000] {dag.py:3234} INFO - Creating ORM DAG for latest_only_with_trigger
[2024-09-02T01:39:23.497+0000] {logging_mixin.py:190} INFO - [2024-09-02T01:39:23.497+0000] {dag.py:4138} INFO - Setting next_dagrun for latest_only_with_trigger to 2024-09-01 20:00:00+00:00, run_after=2024-09-02 00:00:00+00:00
[2024-09-02T01:39:23.514+0000] {processor.py:208} INFO - Processing /home/airflow/.local/lib/python3.12/site-packages/airflow/example_dags/example_latest_only_with_trigger.py took 0.338 seconds
[2024-09-02T01:39:53.612+0000] {processor.py:186} INFO - Started process (PID=582) to work on /home/airflow/.local/lib/python3.12/site-packages/airflow/example_dags/example_latest_only_with_trigger.py
[2024-09-02T01:39:53.613+0000] {processor.py:914} INFO - Processing file /home/airflow/.local/lib/python3.12/site-packages/airflow/example_dags/example_latest_only_with_trigger.py for tasks to queue
[2024-09-02T01:39:53.616+0000] {logging_mixin.py:190} INFO - [2024-09-02T01:39:53.615+0000] {dagbag.py:587} INFO - Filling up the DagBag from /home/airflow/.local/lib/python3.12/site-packages/airflow/example_dags/example_latest_only_with_trigger.py
[2024-09-02T01:39:53.622+0000] {processor.py:925} INFO - DAG(s) 'latest_only_with_trigger' retrieved from /home/airflow/.local/lib/python3.12/site-packages/airflow/example_dags/example_latest_only_with_trigger.py
[2024-09-02T01:39:53.639+0000] {logging_mixin.py:190} INFO - [2024-09-02T01:39:53.639+0000] {dag.py:3211} INFO - Sync 1 DAGs
[2024-09-02T01:39:53.672+0000] {logging_mixin.py:190} INFO - [2024-09-02T01:39:53.672+0000] {dag.py:4138} INFO - Setting next_dagrun for latest_only_with_trigger to 2024-09-01 20:00:00+00:00, run_after=2024-09-02 00:00:00+00:00
[2024-09-02T01:39:53.697+0000] {processor.py:208} INFO - Processing /home/airflow/.local/lib/python3.12/site-packages/airflow/example_dags/example_latest_only_with_trigger.py took 0.092 seconds
[2024-09-02T01:40:24.621+0000] {processor.py:186} INFO - Started process (PID=868) to work on /home/airflow/.local/lib/python3.12/site-packages/airflow/example_dags/example_latest_only_with_trigger.py
[2024-09-02T01:40:24.623+0000] {processor.py:914} INFO - Processing file /home/airflow/.local/lib/python3.12/site-packages/airflow/example_dags/example_latest_only_with_trigger.py for tasks to queue
[2024-09-02T01:40:24.625+0000] {logging_mixin.py:190} INFO - [2024-09-02T01:40:24.625+0000] {dagbag.py:587} INFO - Filling up the DagBag from /home/airflow/.local/lib/python3.12/site-packages/airflow/example_dags/example_latest_only_with_trigger.py
[2024-09-02T01:40:24.631+0000] {processor.py:925} INFO - DAG(s) 'latest_only_with_trigger' retrieved from /home/airflow/.local/lib/python3.12/site-packages/airflow/example_dags/example_latest_only_with_trigger.py
[2024-09-02T01:40:24.645+0000] {logging_mixin.py:190} INFO - [2024-09-02T01:40:24.645+0000] {dag.py:3211} INFO - Sync 1 DAGs
[2024-09-02T01:40:24.661+0000] {logging_mixin.py:190} INFO - [2024-09-02T01:40:24.661+0000] {dag.py:4138} INFO - Setting next_dagrun for latest_only_with_trigger to 2024-09-01 20:00:00+00:00, run_after=2024-09-02 00:00:00+00:00
[2024-09-02T01:40:24.675+0000] {processor.py:208} INFO - Processing /home/airflow/.local/lib/python3.12/site-packages/airflow/example_dags/example_latest_only_with_trigger.py took 0.058 seconds
[2024-09-02T01:40:55.302+0000] {processor.py:186} INFO - Started process (PID=1154) to work on /home/airflow/.local/lib/python3.12/site-packages/airflow/example_dags/example_latest_only_with_trigger.py
[2024-09-02T01:40:55.307+0000] {processor.py:914} INFO - Processing file /home/airflow/.local/lib/python3.12/site-packages/airflow/example_dags/example_latest_only_with_trigger.py for tasks to queue
[2024-09-02T01:40:55.310+0000] {logging_mixin.py:190} INFO - [2024-09-02T01:40:55.310+0000] {dagbag.py:587} INFO - Filling up the DagBag from /home/airflow/.local/lib/python3.12/site-packages/airflow/example_dags/example_latest_only_with_trigger.py
[2024-09-02T01:40:55.321+0000] {processor.py:925} INFO - DAG(s) 'latest_only_with_trigger' retrieved from /home/airflow/.local/lib/python3.12/site-packages/airflow/example_dags/example_latest_only_with_trigger.py
[2024-09-02T01:40:55.341+0000] {logging_mixin.py:190} INFO - [2024-09-02T01:40:55.340+0000] {dag.py:3211} INFO - Sync 1 DAGs
[2024-09-02T01:40:55.354+0000] {logging_mixin.py:190} INFO - [2024-09-02T01:40:55.354+0000] {dag.py:4138} INFO - Setting next_dagrun for latest_only_with_trigger to 2024-09-01 20:00:00+00:00, run_after=2024-09-02 00:00:00+00:00
[2024-09-02T01:40:55.365+0000] {processor.py:208} INFO - Processing /home/airflow/.local/lib/python3.12/site-packages/airflow/example_dags/example_latest_only_with_trigger.py took 0.071 seconds
[2024-09-02T01:41:26.033+0000] {processor.py:186} INFO - Started process (PID=1473) to work on /home/airflow/.local/lib/python3.12/site-packages/airflow/example_dags/example_latest_only_with_trigger.py
[2024-09-02T01:41:26.035+0000] {processor.py:914} INFO - Processing file /home/airflow/.local/lib/python3.12/site-packages/airflow/example_dags/example_latest_only_with_trigger.py for tasks to queue
[2024-09-02T01:41:26.037+0000] {logging_mixin.py:190} INFO - [2024-09-02T01:41:26.037+0000] {dagbag.py:587} INFO - Filling up the DagBag from /home/airflow/.local/lib/python3.12/site-packages/airflow/example_dags/example_latest_only_with_trigger.py
[2024-09-02T01:41:26.043+0000] {processor.py:925} INFO - DAG(s) 'latest_only_with_trigger' retrieved from /home/airflow/.local/lib/python3.12/site-packages/airflow/example_dags/example_latest_only_with_trigger.py
[2024-09-02T01:41:26.058+0000] {logging_mixin.py:190} INFO - [2024-09-02T01:41:26.058+0000] {dag.py:3211} INFO - Sync 1 DAGs
[2024-09-02T01:41:26.071+0000] {logging_mixin.py:190} INFO - [2024-09-02T01:41:26.071+0000] {dag.py:4138} INFO - Setting next_dagrun for latest_only_with_trigger to 2024-09-01 20:00:00+00:00, run_after=2024-09-02 00:00:00+00:00
[2024-09-02T01:41:26.082+0000] {processor.py:208} INFO - Processing /home/airflow/.local/lib/python3.12/site-packages/airflow/example_dags/example_latest_only_with_trigger.py took 0.054 seconds
[2024-09-02T01:41:57.109+0000] {processor.py:186} INFO - Started process (PID=1800) to work on /home/airflow/.local/lib/python3.12/site-packages/airflow/example_dags/example_latest_only_with_trigger.py
[2024-09-02T01:41:57.110+0000] {processor.py:914} INFO - Processing file /home/airflow/.local/lib/python3.12/site-packages/airflow/example_dags/example_latest_only_with_trigger.py for tasks to queue
[2024-09-02T01:41:57.112+0000] {logging_mixin.py:190} INFO - [2024-09-02T01:41:57.112+0000] {dagbag.py:587} INFO - Filling up the DagBag from /home/airflow/.local/lib/python3.12/site-packages/airflow/example_dags/example_latest_only_with_trigger.py
[2024-09-02T01:41:57.119+0000] {processor.py:925} INFO - DAG(s) 'latest_only_with_trigger' retrieved from /home/airflow/.local/lib/python3.12/site-packages/airflow/example_dags/example_latest_only_with_trigger.py
[2024-09-02T01:41:57.133+0000] {logging_mixin.py:190} INFO - [2024-09-02T01:41:57.133+0000] {dag.py:3211} INFO - Sync 1 DAGs
[2024-09-02T01:41:57.154+0000] {logging_mixin.py:190} INFO - [2024-09-02T01:41:57.154+0000] {dag.py:4138} INFO - Setting next_dagrun for latest_only_with_trigger to 2024-09-01 20:00:00+00:00, run_after=2024-09-02 00:00:00+00:00
[2024-09-02T01:41:57.166+0000] {processor.py:208} INFO - Processing /home/airflow/.local/lib/python3.12/site-packages/airflow/example_dags/example_latest_only_with_trigger.py took 0.063 seconds
[2024-09-02T01:42:28.304+0000] {processor.py:186} INFO - Started process (PID=2085) to work on /home/airflow/.local/lib/python3.12/site-packages/airflow/example_dags/example_latest_only_with_trigger.py
[2024-09-02T01:42:28.306+0000] {processor.py:914} INFO - Processing file /home/airflow/.local/lib/python3.12/site-packages/airflow/example_dags/example_latest_only_with_trigger.py for tasks to queue
[2024-09-02T01:42:28.309+0000] {logging_mixin.py:190} INFO - [2024-09-02T01:42:28.309+0000] {dagbag.py:587} INFO - Filling up the DagBag from /home/airflow/.local/lib/python3.12/site-packages/airflow/example_dags/example_latest_only_with_trigger.py
[2024-09-02T01:42:28.316+0000] {processor.py:925} INFO - DAG(s) 'latest_only_with_trigger' retrieved from /home/airflow/.local/lib/python3.12/site-packages/airflow/example_dags/example_latest_only_with_trigger.py
[2024-09-02T01:42:28.334+0000] {logging_mixin.py:190} INFO - [2024-09-02T01:42:28.334+0000] {dag.py:3211} INFO - Sync 1 DAGs
[2024-09-02T01:42:28.356+0000] {logging_mixin.py:190} INFO - [2024-09-02T01:42:28.356+0000] {dag.py:4138} INFO - Setting next_dagrun for latest_only_with_trigger to 2024-09-01 20:00:00+00:00, run_after=2024-09-02 00:00:00+00:00
[2024-09-02T01:42:28.368+0000] {processor.py:208} INFO - Processing /home/airflow/.local/lib/python3.12/site-packages/airflow/example_dags/example_latest_only_with_trigger.py took 0.068 seconds
[2024-09-02T01:42:59.073+0000] {processor.py:186} INFO - Started process (PID=2371) to work on /home/airflow/.local/lib/python3.12/site-packages/airflow/example_dags/example_latest_only_with_trigger.py
[2024-09-02T01:42:59.076+0000] {processor.py:914} INFO - Processing file /home/airflow/.local/lib/python3.12/site-packages/airflow/example_dags/example_latest_only_with_trigger.py for tasks to queue
[2024-09-02T01:42:59.079+0000] {logging_mixin.py:190} INFO - [2024-09-02T01:42:59.079+0000] {dagbag.py:587} INFO - Filling up the DagBag from /home/airflow/.local/lib/python3.12/site-packages/airflow/example_dags/example_latest_only_with_trigger.py
[2024-09-02T01:42:59.085+0000] {processor.py:925} INFO - DAG(s) 'latest_only_with_trigger' retrieved from /home/airflow/.local/lib/python3.12/site-packages/airflow/example_dags/example_latest_only_with_trigger.py
[2024-09-02T01:42:59.104+0000] {logging_mixin.py:190} INFO - [2024-09-02T01:42:59.104+0000] {dag.py:3211} INFO - Sync 1 DAGs
[2024-09-02T01:42:59.125+0000] {logging_mixin.py:190} INFO - [2024-09-02T01:42:59.124+0000] {dag.py:4138} INFO - Setting next_dagrun for latest_only_with_trigger to 2024-09-01 20:00:00+00:00, run_after=2024-09-02 00:00:00+00:00
[2024-09-02T01:42:59.135+0000] {processor.py:208} INFO - Processing /home/airflow/.local/lib/python3.12/site-packages/airflow/example_dags/example_latest_only_with_trigger.py took 0.066 seconds
[2024-09-02T01:43:29.956+0000] {processor.py:186} INFO - Started process (PID=2657) to work on /home/airflow/.local/lib/python3.12/site-packages/airflow/example_dags/example_latest_only_with_trigger.py
[2024-09-02T01:43:29.958+0000] {processor.py:914} INFO - Processing file /home/airflow/.local/lib/python3.12/site-packages/airflow/example_dags/example_latest_only_with_trigger.py for tasks to queue
[2024-09-02T01:43:29.961+0000] {logging_mixin.py:190} INFO - [2024-09-02T01:43:29.961+0000] {dagbag.py:587} INFO - Filling up the DagBag from /home/airflow/.local/lib/python3.12/site-packages/airflow/example_dags/example_latest_only_with_trigger.py
[2024-09-02T01:43:29.967+0000] {processor.py:925} INFO - DAG(s) 'latest_only_with_trigger' retrieved from /home/airflow/.local/lib/python3.12/site-packages/airflow/example_dags/example_latest_only_with_trigger.py
[2024-09-02T01:43:29.982+0000] {logging_mixin.py:190} INFO - [2024-09-02T01:43:29.982+0000] {dag.py:3211} INFO - Sync 1 DAGs
[2024-09-02T01:43:30.003+0000] {logging_mixin.py:190} INFO - [2024-09-02T01:43:30.002+0000] {dag.py:4138} INFO - Setting next_dagrun for latest_only_with_trigger to 2024-09-01 20:00:00+00:00, run_after=2024-09-02 00:00:00+00:00
[2024-09-02T01:43:30.015+0000] {processor.py:208} INFO - Processing /home/airflow/.local/lib/python3.12/site-packages/airflow/example_dags/example_latest_only_with_trigger.py took 0.064 seconds
[2024-09-02T01:44:00.912+0000] {processor.py:186} INFO - Started process (PID=2944) to work on /home/airflow/.local/lib/python3.12/site-packages/airflow/example_dags/example_latest_only_with_trigger.py
[2024-09-02T01:44:00.916+0000] {processor.py:914} INFO - Processing file /home/airflow/.local/lib/python3.12/site-packages/airflow/example_dags/example_latest_only_with_trigger.py for tasks to queue
[2024-09-02T01:44:00.920+0000] {logging_mixin.py:190} INFO - [2024-09-02T01:44:00.920+0000] {dagbag.py:587} INFO - Filling up the DagBag from /home/airflow/.local/lib/python3.12/site-packages/airflow/example_dags/example_latest_only_with_trigger.py
[2024-09-02T01:44:00.929+0000] {processor.py:925} INFO - DAG(s) 'latest_only_with_trigger' retrieved from /home/airflow/.local/lib/python3.12/site-packages/airflow/example_dags/example_latest_only_with_trigger.py
[2024-09-02T01:44:00.951+0000] {logging_mixin.py:190} INFO - [2024-09-02T01:44:00.951+0000] {dag.py:3211} INFO - Sync 1 DAGs
[2024-09-02T01:44:00.971+0000] {logging_mixin.py:190} INFO - [2024-09-02T01:44:00.971+0000] {dag.py:4138} INFO - Setting next_dagrun for latest_only_with_trigger to 2024-09-01 20:00:00+00:00, run_after=2024-09-02 00:00:00+00:00
[2024-09-02T01:44:00.981+0000] {processor.py:208} INFO - Processing /home/airflow/.local/lib/python3.12/site-packages/airflow/example_dags/example_latest_only_with_trigger.py took 0.075 seconds
[2024-09-02T01:44:31.442+0000] {processor.py:186} INFO - Started process (PID=3230) to work on /home/airflow/.local/lib/python3.12/site-packages/airflow/example_dags/example_latest_only_with_trigger.py
[2024-09-02T01:44:31.444+0000] {processor.py:914} INFO - Processing file /home/airflow/.local/lib/python3.12/site-packages/airflow/example_dags/example_latest_only_with_trigger.py for tasks to queue
[2024-09-02T01:44:31.447+0000] {logging_mixin.py:190} INFO - [2024-09-02T01:44:31.447+0000] {dagbag.py:587} INFO - Filling up the DagBag from /home/airflow/.local/lib/python3.12/site-packages/airflow/example_dags/example_latest_only_with_trigger.py
[2024-09-02T01:44:31.455+0000] {processor.py:925} INFO - DAG(s) 'latest_only_with_trigger' retrieved from /home/airflow/.local/lib/python3.12/site-packages/airflow/example_dags/example_latest_only_with_trigger.py
[2024-09-02T01:44:31.474+0000] {logging_mixin.py:190} INFO - [2024-09-02T01:44:31.474+0000] {dag.py:3211} INFO - Sync 1 DAGs
[2024-09-02T01:44:31.491+0000] {logging_mixin.py:190} INFO - [2024-09-02T01:44:31.491+0000] {dag.py:4138} INFO - Setting next_dagrun for latest_only_with_trigger to 2024-09-01 20:00:00+00:00, run_after=2024-09-02 00:00:00+00:00
[2024-09-02T01:44:31.501+0000] {processor.py:208} INFO - Processing /home/airflow/.local/lib/python3.12/site-packages/airflow/example_dags/example_latest_only_with_trigger.py took 0.063 seconds
[2024-09-02T01:45:01.854+0000] {processor.py:186} INFO - Started process (PID=3516) to work on /home/airflow/.local/lib/python3.12/site-packages/airflow/example_dags/example_latest_only_with_trigger.py
[2024-09-02T01:45:01.856+0000] {processor.py:914} INFO - Processing file /home/airflow/.local/lib/python3.12/site-packages/airflow/example_dags/example_latest_only_with_trigger.py for tasks to queue
[2024-09-02T01:45:01.858+0000] {logging_mixin.py:190} INFO - [2024-09-02T01:45:01.858+0000] {dagbag.py:587} INFO - Filling up the DagBag from /home/airflow/.local/lib/python3.12/site-packages/airflow/example_dags/example_latest_only_with_trigger.py
[2024-09-02T01:45:01.864+0000] {processor.py:925} INFO - DAG(s) 'latest_only_with_trigger' retrieved from /home/airflow/.local/lib/python3.12/site-packages/airflow/example_dags/example_latest_only_with_trigger.py
[2024-09-02T01:45:01.878+0000] {logging_mixin.py:190} INFO - [2024-09-02T01:45:01.878+0000] {dag.py:3211} INFO - Sync 1 DAGs
[2024-09-02T01:45:01.896+0000] {logging_mixin.py:190} INFO - [2024-09-02T01:45:01.895+0000] {dag.py:4138} INFO - Setting next_dagrun for latest_only_with_trigger to 2024-09-01 20:00:00+00:00, run_after=2024-09-02 00:00:00+00:00
[2024-09-02T01:45:01.905+0000] {processor.py:208} INFO - Processing /home/airflow/.local/lib/python3.12/site-packages/airflow/example_dags/example_latest_only_with_trigger.py took 0.055 seconds
[2024-09-02T01:54:39.424+0000] {processor.py:186} INFO - Started process (PID=314) to work on /home/airflow/.local/lib/python3.12/site-packages/airflow/example_dags/example_latest_only_with_trigger.py
[2024-09-02T01:54:39.426+0000] {processor.py:914} INFO - Processing file /home/airflow/.local/lib/python3.12/site-packages/airflow/example_dags/example_latest_only_with_trigger.py for tasks to queue
[2024-09-02T01:54:39.429+0000] {logging_mixin.py:190} INFO - [2024-09-02T01:54:39.429+0000] {dagbag.py:587} INFO - Filling up the DagBag from /home/airflow/.local/lib/python3.12/site-packages/airflow/example_dags/example_latest_only_with_trigger.py
[2024-09-02T01:54:39.444+0000] {processor.py:925} INFO - DAG(s) 'latest_only_with_trigger' retrieved from /home/airflow/.local/lib/python3.12/site-packages/airflow/example_dags/example_latest_only_with_trigger.py
[2024-09-02T01:54:39.576+0000] {logging_mixin.py:190} INFO - [2024-09-02T01:54:39.575+0000] {dag.py:3211} INFO - Sync 1 DAGs
[2024-09-02T01:54:39.649+0000] {logging_mixin.py:190} INFO - [2024-09-02T01:54:39.649+0000] {dag.py:4138} INFO - Setting next_dagrun for latest_only_with_trigger to 2024-09-01 20:00:00+00:00, run_after=2024-09-02 00:00:00+00:00
[2024-09-02T01:54:39.708+0000] {processor.py:208} INFO - Processing /home/airflow/.local/lib/python3.12/site-packages/airflow/example_dags/example_latest_only_with_trigger.py took 0.288 seconds
[2024-09-02T01:55:09.850+0000] {processor.py:186} INFO - Started process (PID=636) to work on /home/airflow/.local/lib/python3.12/site-packages/airflow/example_dags/example_latest_only_with_trigger.py
[2024-09-02T01:55:09.852+0000] {processor.py:914} INFO - Processing file /home/airflow/.local/lib/python3.12/site-packages/airflow/example_dags/example_latest_only_with_trigger.py for tasks to queue
[2024-09-02T01:55:09.854+0000] {logging_mixin.py:190} INFO - [2024-09-02T01:55:09.854+0000] {dagbag.py:587} INFO - Filling up the DagBag from /home/airflow/.local/lib/python3.12/site-packages/airflow/example_dags/example_latest_only_with_trigger.py
[2024-09-02T01:55:09.859+0000] {processor.py:925} INFO - DAG(s) 'latest_only_with_trigger' retrieved from /home/airflow/.local/lib/python3.12/site-packages/airflow/example_dags/example_latest_only_with_trigger.py
[2024-09-02T01:55:09.873+0000] {logging_mixin.py:190} INFO - [2024-09-02T01:55:09.873+0000] {dag.py:3211} INFO - Sync 1 DAGs
[2024-09-02T01:55:09.888+0000] {logging_mixin.py:190} INFO - [2024-09-02T01:55:09.888+0000] {dag.py:4138} INFO - Setting next_dagrun for latest_only_with_trigger to 2024-09-01 20:00:00+00:00, run_after=2024-09-02 00:00:00+00:00
[2024-09-02T01:55:09.900+0000] {processor.py:208} INFO - Processing /home/airflow/.local/lib/python3.12/site-packages/airflow/example_dags/example_latest_only_with_trigger.py took 0.054 seconds
[2024-09-02T01:55:40.704+0000] {processor.py:186} INFO - Started process (PID=924) to work on /home/airflow/.local/lib/python3.12/site-packages/airflow/example_dags/example_latest_only_with_trigger.py
[2024-09-02T01:55:40.707+0000] {processor.py:914} INFO - Processing file /home/airflow/.local/lib/python3.12/site-packages/airflow/example_dags/example_latest_only_with_trigger.py for tasks to queue
[2024-09-02T01:55:40.709+0000] {logging_mixin.py:190} INFO - [2024-09-02T01:55:40.708+0000] {dagbag.py:587} INFO - Filling up the DagBag from /home/airflow/.local/lib/python3.12/site-packages/airflow/example_dags/example_latest_only_with_trigger.py
[2024-09-02T01:55:40.715+0000] {processor.py:925} INFO - DAG(s) 'latest_only_with_trigger' retrieved from /home/airflow/.local/lib/python3.12/site-packages/airflow/example_dags/example_latest_only_with_trigger.py
[2024-09-02T01:55:40.729+0000] {logging_mixin.py:190} INFO - [2024-09-02T01:55:40.729+0000] {dag.py:3211} INFO - Sync 1 DAGs
[2024-09-02T01:55:40.743+0000] {logging_mixin.py:190} INFO - [2024-09-02T01:55:40.743+0000] {dag.py:4138} INFO - Setting next_dagrun for latest_only_with_trigger to 2024-09-01 20:00:00+00:00, run_after=2024-09-02 00:00:00+00:00
[2024-09-02T01:55:40.754+0000] {processor.py:208} INFO - Processing /home/airflow/.local/lib/python3.12/site-packages/airflow/example_dags/example_latest_only_with_trigger.py took 0.054 seconds
[2024-09-02T01:56:10.832+0000] {processor.py:186} INFO - Started process (PID=1208) to work on /home/airflow/.local/lib/python3.12/site-packages/airflow/example_dags/example_latest_only_with_trigger.py
[2024-09-02T01:56:10.833+0000] {processor.py:914} INFO - Processing file /home/airflow/.local/lib/python3.12/site-packages/airflow/example_dags/example_latest_only_with_trigger.py for tasks to queue
[2024-09-02T01:56:10.835+0000] {logging_mixin.py:190} INFO - [2024-09-02T01:56:10.835+0000] {dagbag.py:587} INFO - Filling up the DagBag from /home/airflow/.local/lib/python3.12/site-packages/airflow/example_dags/example_latest_only_with_trigger.py
[2024-09-02T01:56:10.841+0000] {processor.py:925} INFO - DAG(s) 'latest_only_with_trigger' retrieved from /home/airflow/.local/lib/python3.12/site-packages/airflow/example_dags/example_latest_only_with_trigger.py
[2024-09-02T01:56:10.859+0000] {logging_mixin.py:190} INFO - [2024-09-02T01:56:10.859+0000] {dag.py:3211} INFO - Sync 1 DAGs
[2024-09-02T01:56:10.874+0000] {logging_mixin.py:190} INFO - [2024-09-02T01:56:10.874+0000] {dag.py:4138} INFO - Setting next_dagrun for latest_only_with_trigger to 2024-09-01 20:00:00+00:00, run_after=2024-09-02 00:00:00+00:00
[2024-09-02T01:56:10.886+0000] {processor.py:208} INFO - Processing /home/airflow/.local/lib/python3.12/site-packages/airflow/example_dags/example_latest_only_with_trigger.py took 0.058 seconds
[2024-09-02T01:56:41.833+0000] {processor.py:186} INFO - Started process (PID=1496) to work on /home/airflow/.local/lib/python3.12/site-packages/airflow/example_dags/example_latest_only_with_trigger.py
[2024-09-02T01:56:41.835+0000] {processor.py:914} INFO - Processing file /home/airflow/.local/lib/python3.12/site-packages/airflow/example_dags/example_latest_only_with_trigger.py for tasks to queue
[2024-09-02T01:56:41.841+0000] {logging_mixin.py:190} INFO - [2024-09-02T01:56:41.841+0000] {dagbag.py:587} INFO - Filling up the DagBag from /home/airflow/.local/lib/python3.12/site-packages/airflow/example_dags/example_latest_only_with_trigger.py
[2024-09-02T01:56:41.849+0000] {processor.py:925} INFO - DAG(s) 'latest_only_with_trigger' retrieved from /home/airflow/.local/lib/python3.12/site-packages/airflow/example_dags/example_latest_only_with_trigger.py
[2024-09-02T01:56:41.871+0000] {logging_mixin.py:190} INFO - [2024-09-02T01:56:41.870+0000] {dag.py:3211} INFO - Sync 1 DAGs
[2024-09-02T01:56:41.890+0000] {logging_mixin.py:190} INFO - [2024-09-02T01:56:41.890+0000] {dag.py:4138} INFO - Setting next_dagrun for latest_only_with_trigger to 2024-09-01 20:00:00+00:00, run_after=2024-09-02 00:00:00+00:00
[2024-09-02T01:56:41.905+0000] {processor.py:208} INFO - Processing /home/airflow/.local/lib/python3.12/site-packages/airflow/example_dags/example_latest_only_with_trigger.py took 0.075 seconds
[2024-09-02T01:57:12.651+0000] {processor.py:186} INFO - Started process (PID=1782) to work on /home/airflow/.local/lib/python3.12/site-packages/airflow/example_dags/example_latest_only_with_trigger.py
[2024-09-02T01:57:12.652+0000] {processor.py:914} INFO - Processing file /home/airflow/.local/lib/python3.12/site-packages/airflow/example_dags/example_latest_only_with_trigger.py for tasks to queue
[2024-09-02T01:57:12.654+0000] {logging_mixin.py:190} INFO - [2024-09-02T01:57:12.654+0000] {dagbag.py:587} INFO - Filling up the DagBag from /home/airflow/.local/lib/python3.12/site-packages/airflow/example_dags/example_latest_only_with_trigger.py
[2024-09-02T01:57:12.660+0000] {processor.py:925} INFO - DAG(s) 'latest_only_with_trigger' retrieved from /home/airflow/.local/lib/python3.12/site-packages/airflow/example_dags/example_latest_only_with_trigger.py
[2024-09-02T01:57:12.676+0000] {logging_mixin.py:190} INFO - [2024-09-02T01:57:12.676+0000] {dag.py:3211} INFO - Sync 1 DAGs
[2024-09-02T01:57:12.693+0000] {logging_mixin.py:190} INFO - [2024-09-02T01:57:12.693+0000] {dag.py:4138} INFO - Setting next_dagrun for latest_only_with_trigger to 2024-09-01 20:00:00+00:00, run_after=2024-09-02 00:00:00+00:00
[2024-09-02T01:57:12.706+0000] {processor.py:208} INFO - Processing /home/airflow/.local/lib/python3.12/site-packages/airflow/example_dags/example_latest_only_with_trigger.py took 0.059 seconds
[2024-09-02T01:57:43.020+0000] {processor.py:186} INFO - Started process (PID=2069) to work on /home/airflow/.local/lib/python3.12/site-packages/airflow/example_dags/example_latest_only_with_trigger.py
[2024-09-02T01:57:43.022+0000] {processor.py:914} INFO - Processing file /home/airflow/.local/lib/python3.12/site-packages/airflow/example_dags/example_latest_only_with_trigger.py for tasks to queue
[2024-09-02T01:57:43.024+0000] {logging_mixin.py:190} INFO - [2024-09-02T01:57:43.024+0000] {dagbag.py:587} INFO - Filling up the DagBag from /home/airflow/.local/lib/python3.12/site-packages/airflow/example_dags/example_latest_only_with_trigger.py
[2024-09-02T01:57:43.030+0000] {processor.py:925} INFO - DAG(s) 'latest_only_with_trigger' retrieved from /home/airflow/.local/lib/python3.12/site-packages/airflow/example_dags/example_latest_only_with_trigger.py
[2024-09-02T01:57:43.044+0000] {logging_mixin.py:190} INFO - [2024-09-02T01:57:43.044+0000] {dag.py:3211} INFO - Sync 1 DAGs
[2024-09-02T01:57:43.058+0000] {logging_mixin.py:190} INFO - [2024-09-02T01:57:43.058+0000] {dag.py:4138} INFO - Setting next_dagrun for latest_only_with_trigger to 2024-09-01 20:00:00+00:00, run_after=2024-09-02 00:00:00+00:00
[2024-09-02T01:57:43.070+0000] {processor.py:208} INFO - Processing /home/airflow/.local/lib/python3.12/site-packages/airflow/example_dags/example_latest_only_with_trigger.py took 0.054 seconds
[2024-09-02T01:58:13.861+0000] {processor.py:186} INFO - Started process (PID=2355) to work on /home/airflow/.local/lib/python3.12/site-packages/airflow/example_dags/example_latest_only_with_trigger.py
[2024-09-02T01:58:13.865+0000] {processor.py:914} INFO - Processing file /home/airflow/.local/lib/python3.12/site-packages/airflow/example_dags/example_latest_only_with_trigger.py for tasks to queue
[2024-09-02T01:58:13.867+0000] {logging_mixin.py:190} INFO - [2024-09-02T01:58:13.867+0000] {dagbag.py:587} INFO - Filling up the DagBag from /home/airflow/.local/lib/python3.12/site-packages/airflow/example_dags/example_latest_only_with_trigger.py
[2024-09-02T01:58:13.874+0000] {processor.py:925} INFO - DAG(s) 'latest_only_with_trigger' retrieved from /home/airflow/.local/lib/python3.12/site-packages/airflow/example_dags/example_latest_only_with_trigger.py
[2024-09-02T01:58:13.890+0000] {logging_mixin.py:190} INFO - [2024-09-02T01:58:13.890+0000] {dag.py:3211} INFO - Sync 1 DAGs
[2024-09-02T01:58:13.905+0000] {logging_mixin.py:190} INFO - [2024-09-02T01:58:13.905+0000] {dag.py:4138} INFO - Setting next_dagrun for latest_only_with_trigger to 2024-09-01 20:00:00+00:00, run_after=2024-09-02 00:00:00+00:00
[2024-09-02T01:58:13.917+0000] {processor.py:208} INFO - Processing /home/airflow/.local/lib/python3.12/site-packages/airflow/example_dags/example_latest_only_with_trigger.py took 0.062 seconds
