[2024-09-02T01:39:19.756+0000] {processor.py:186} INFO - Started process (PID=163) to work on /home/airflow/.local/lib/python3.12/site-packages/airflow/example_dags/example_dataset_alias.py
[2024-09-02T01:39:19.759+0000] {processor.py:914} INFO - Processing file /home/airflow/.local/lib/python3.12/site-packages/airflow/example_dags/example_dataset_alias.py for tasks to queue
[2024-09-02T01:39:19.762+0000] {logging_mixin.py:190} INFO - [2024-09-02T01:39:19.762+0000] {dagbag.py:587} INFO - Filling up the DagBag from /home/airflow/.local/lib/python3.12/site-packages/airflow/example_dags/example_dataset_alias.py
[2024-09-02T01:39:20.227+0000] {processor.py:925} INFO - DAG(s) 'dataset_s3_bucket_producer', 'dataset_s3_bucket_consumer', 'dataset_alias_example_alias_consumer', 'dataset_alias_example_alias_producer' retrieved from /home/airflow/.local/lib/python3.12/site-packages/airflow/example_dags/example_dataset_alias.py
[2024-09-02T01:39:20.312+0000] {logging_mixin.py:190} INFO - [2024-09-02T01:39:20.311+0000] {override.py:1858} INFO - Created Permission View: can edit on DAG:dataset_s3_bucket_producer
[2024-09-02T01:39:20.318+0000] {logging_mixin.py:190} INFO - [2024-09-02T01:39:20.318+0000] {override.py:1858} INFO - Created Permission View: can read on DAG:dataset_s3_bucket_producer
[2024-09-02T01:39:20.323+0000] {logging_mixin.py:190} INFO - [2024-09-02T01:39:20.322+0000] {override.py:1858} INFO - Created Permission View: can delete on DAG:dataset_s3_bucket_producer
[2024-09-02T01:39:20.331+0000] {logging_mixin.py:190} INFO - [2024-09-02T01:39:20.330+0000] {override.py:1858} INFO - Created Permission View: can edit on DAG:dataset_s3_bucket_consumer
[2024-09-02T01:39:20.336+0000] {logging_mixin.py:190} INFO - [2024-09-02T01:39:20.336+0000] {override.py:1858} INFO - Created Permission View: can read on DAG:dataset_s3_bucket_consumer
[2024-09-02T01:39:20.341+0000] {logging_mixin.py:190} INFO - [2024-09-02T01:39:20.341+0000] {override.py:1858} INFO - Created Permission View: can delete on DAG:dataset_s3_bucket_consumer
[2024-09-02T01:39:20.350+0000] {logging_mixin.py:190} INFO - [2024-09-02T01:39:20.349+0000] {override.py:1858} INFO - Created Permission View: can edit on DAG:dataset_alias_example_alias_consumer
[2024-09-02T01:39:20.353+0000] {logging_mixin.py:190} INFO - [2024-09-02T01:39:20.353+0000] {override.py:1858} INFO - Created Permission View: can read on DAG:dataset_alias_example_alias_consumer
[2024-09-02T01:39:20.358+0000] {logging_mixin.py:190} INFO - [2024-09-02T01:39:20.358+0000] {override.py:1858} INFO - Created Permission View: can delete on DAG:dataset_alias_example_alias_consumer
[2024-09-02T01:39:20.365+0000] {logging_mixin.py:190} INFO - [2024-09-02T01:39:20.365+0000] {override.py:1858} INFO - Created Permission View: can edit on DAG:dataset_alias_example_alias_producer
[2024-09-02T01:39:20.369+0000] {logging_mixin.py:190} INFO - [2024-09-02T01:39:20.369+0000] {override.py:1858} INFO - Created Permission View: can read on DAG:dataset_alias_example_alias_producer
[2024-09-02T01:39:20.374+0000] {logging_mixin.py:190} INFO - [2024-09-02T01:39:20.373+0000] {override.py:1858} INFO - Created Permission View: can delete on DAG:dataset_alias_example_alias_producer
[2024-09-02T01:39:20.376+0000] {logging_mixin.py:190} INFO - [2024-09-02T01:39:20.376+0000] {dag.py:3211} INFO - Sync 4 DAGs
[2024-09-02T01:39:20.384+0000] {logging_mixin.py:190} INFO - [2024-09-02T01:39:20.384+0000] {dag.py:3234} INFO - Creating ORM DAG for dataset_alias_example_alias_producer
[2024-09-02T01:39:20.385+0000] {logging_mixin.py:190} INFO - [2024-09-02T01:39:20.385+0000] {dag.py:3234} INFO - Creating ORM DAG for dataset_alias_example_alias_consumer
[2024-09-02T01:39:20.386+0000] {logging_mixin.py:190} INFO - [2024-09-02T01:39:20.386+0000] {dag.py:3234} INFO - Creating ORM DAG for dataset_s3_bucket_producer
[2024-09-02T01:39:20.387+0000] {logging_mixin.py:190} INFO - [2024-09-02T01:39:20.387+0000] {dag.py:3234} INFO - Creating ORM DAG for dataset_s3_bucket_consumer
[2024-09-02T01:39:20.393+0000] {logging_mixin.py:190} INFO - [2024-09-02T01:39:20.393+0000] {dag.py:4138} INFO - Setting next_dagrun for dataset_alias_example_alias_consumer to None, run_after=None
[2024-09-02T01:39:20.395+0000] {logging_mixin.py:190} INFO - [2024-09-02T01:39:20.395+0000] {dag.py:4138} INFO - Setting next_dagrun for dataset_alias_example_alias_producer to None, run_after=None
[2024-09-02T01:39:20.396+0000] {logging_mixin.py:190} INFO - [2024-09-02T01:39:20.396+0000] {dag.py:4138} INFO - Setting next_dagrun for dataset_s3_bucket_consumer to None, run_after=None
[2024-09-02T01:39:20.397+0000] {logging_mixin.py:190} INFO - [2024-09-02T01:39:20.397+0000] {dag.py:4138} INFO - Setting next_dagrun for dataset_s3_bucket_producer to None, run_after=None
[2024-09-02T01:39:20.421+0000] {processor.py:208} INFO - Processing /home/airflow/.local/lib/python3.12/site-packages/airflow/example_dags/example_dataset_alias.py took 0.668 seconds
[2024-09-02T01:39:50.843+0000] {processor.py:186} INFO - Started process (PID=449) to work on /home/airflow/.local/lib/python3.12/site-packages/airflow/example_dags/example_dataset_alias.py
[2024-09-02T01:39:50.846+0000] {processor.py:914} INFO - Processing file /home/airflow/.local/lib/python3.12/site-packages/airflow/example_dags/example_dataset_alias.py for tasks to queue
[2024-09-02T01:39:50.852+0000] {logging_mixin.py:190} INFO - [2024-09-02T01:39:50.851+0000] {dagbag.py:587} INFO - Filling up the DagBag from /home/airflow/.local/lib/python3.12/site-packages/airflow/example_dags/example_dataset_alias.py
[2024-09-02T01:39:51.107+0000] {processor.py:925} INFO - DAG(s) 'dataset_s3_bucket_consumer', 'dataset_alias_example_alias_producer', 'dataset_alias_example_alias_consumer', 'dataset_s3_bucket_producer' retrieved from /home/airflow/.local/lib/python3.12/site-packages/airflow/example_dags/example_dataset_alias.py
[2024-09-02T01:39:51.121+0000] {logging_mixin.py:190} INFO - [2024-09-02T01:39:51.121+0000] {dag.py:3211} INFO - Sync 4 DAGs
[2024-09-02T01:39:51.137+0000] {logging_mixin.py:190} INFO - [2024-09-02T01:39:51.137+0000] {dag.py:4138} INFO - Setting next_dagrun for dataset_alias_example_alias_consumer to None, run_after=None
[2024-09-02T01:39:51.140+0000] {logging_mixin.py:190} INFO - [2024-09-02T01:39:51.140+0000] {dag.py:4138} INFO - Setting next_dagrun for dataset_alias_example_alias_producer to None, run_after=None
[2024-09-02T01:39:51.143+0000] {logging_mixin.py:190} INFO - [2024-09-02T01:39:51.142+0000] {dag.py:4138} INFO - Setting next_dagrun for dataset_s3_bucket_consumer to None, run_after=None
[2024-09-02T01:39:51.145+0000] {logging_mixin.py:190} INFO - [2024-09-02T01:39:51.145+0000] {dag.py:4138} INFO - Setting next_dagrun for dataset_s3_bucket_producer to None, run_after=None
[2024-09-02T01:39:51.170+0000] {processor.py:208} INFO - Processing /home/airflow/.local/lib/python3.12/site-packages/airflow/example_dags/example_dataset_alias.py took 0.353 seconds
[2024-09-02T01:40:21.835+0000] {processor.py:186} INFO - Started process (PID=735) to work on /home/airflow/.local/lib/python3.12/site-packages/airflow/example_dags/example_dataset_alias.py
[2024-09-02T01:40:21.850+0000] {processor.py:914} INFO - Processing file /home/airflow/.local/lib/python3.12/site-packages/airflow/example_dags/example_dataset_alias.py for tasks to queue
[2024-09-02T01:40:21.861+0000] {logging_mixin.py:190} INFO - [2024-09-02T01:40:21.861+0000] {dagbag.py:587} INFO - Filling up the DagBag from /home/airflow/.local/lib/python3.12/site-packages/airflow/example_dags/example_dataset_alias.py
[2024-09-02T01:40:22.211+0000] {processor.py:925} INFO - DAG(s) 'dataset_s3_bucket_consumer', 'dataset_s3_bucket_producer', 'dataset_alias_example_alias_consumer', 'dataset_alias_example_alias_producer' retrieved from /home/airflow/.local/lib/python3.12/site-packages/airflow/example_dags/example_dataset_alias.py
[2024-09-02T01:40:22.228+0000] {logging_mixin.py:190} INFO - [2024-09-02T01:40:22.228+0000] {dag.py:3211} INFO - Sync 4 DAGs
[2024-09-02T01:40:22.246+0000] {logging_mixin.py:190} INFO - [2024-09-02T01:40:22.245+0000] {dag.py:4138} INFO - Setting next_dagrun for dataset_alias_example_alias_consumer to None, run_after=None
[2024-09-02T01:40:22.253+0000] {logging_mixin.py:190} INFO - [2024-09-02T01:40:22.252+0000] {dag.py:4138} INFO - Setting next_dagrun for dataset_alias_example_alias_producer to None, run_after=None
[2024-09-02T01:40:22.256+0000] {logging_mixin.py:190} INFO - [2024-09-02T01:40:22.255+0000] {dag.py:4138} INFO - Setting next_dagrun for dataset_s3_bucket_consumer to None, run_after=None
[2024-09-02T01:40:22.258+0000] {logging_mixin.py:190} INFO - [2024-09-02T01:40:22.258+0000] {dag.py:4138} INFO - Setting next_dagrun for dataset_s3_bucket_producer to None, run_after=None
[2024-09-02T01:40:22.294+0000] {processor.py:208} INFO - Processing /home/airflow/.local/lib/python3.12/site-packages/airflow/example_dags/example_dataset_alias.py took 0.470 seconds
[2024-09-02T01:40:52.858+0000] {processor.py:186} INFO - Started process (PID=1021) to work on /home/airflow/.local/lib/python3.12/site-packages/airflow/example_dags/example_dataset_alias.py
[2024-09-02T01:40:52.861+0000] {processor.py:914} INFO - Processing file /home/airflow/.local/lib/python3.12/site-packages/airflow/example_dags/example_dataset_alias.py for tasks to queue
[2024-09-02T01:40:52.867+0000] {logging_mixin.py:190} INFO - [2024-09-02T01:40:52.866+0000] {dagbag.py:587} INFO - Filling up the DagBag from /home/airflow/.local/lib/python3.12/site-packages/airflow/example_dags/example_dataset_alias.py
[2024-09-02T01:40:53.016+0000] {processor.py:925} INFO - DAG(s) 'dataset_s3_bucket_consumer', 'dataset_alias_example_alias_producer', 'dataset_alias_example_alias_consumer', 'dataset_s3_bucket_producer' retrieved from /home/airflow/.local/lib/python3.12/site-packages/airflow/example_dags/example_dataset_alias.py
[2024-09-02T01:40:53.032+0000] {logging_mixin.py:190} INFO - [2024-09-02T01:40:53.032+0000] {dag.py:3211} INFO - Sync 4 DAGs
[2024-09-02T01:40:53.045+0000] {logging_mixin.py:190} INFO - [2024-09-02T01:40:53.045+0000] {dag.py:4138} INFO - Setting next_dagrun for dataset_alias_example_alias_consumer to None, run_after=None
[2024-09-02T01:40:53.048+0000] {logging_mixin.py:190} INFO - [2024-09-02T01:40:53.047+0000] {dag.py:4138} INFO - Setting next_dagrun for dataset_alias_example_alias_producer to None, run_after=None
[2024-09-02T01:40:53.051+0000] {logging_mixin.py:190} INFO - [2024-09-02T01:40:53.051+0000] {dag.py:4138} INFO - Setting next_dagrun for dataset_s3_bucket_consumer to None, run_after=None
[2024-09-02T01:40:53.053+0000] {logging_mixin.py:190} INFO - [2024-09-02T01:40:53.052+0000] {dag.py:4138} INFO - Setting next_dagrun for dataset_s3_bucket_producer to None, run_after=None
[2024-09-02T01:40:53.068+0000] {processor.py:208} INFO - Processing /home/airflow/.local/lib/python3.12/site-packages/airflow/example_dags/example_dataset_alias.py took 0.230 seconds
[2024-09-02T01:41:23.847+0000] {processor.py:186} INFO - Started process (PID=1338) to work on /home/airflow/.local/lib/python3.12/site-packages/airflow/example_dags/example_dataset_alias.py
[2024-09-02T01:41:23.850+0000] {processor.py:914} INFO - Processing file /home/airflow/.local/lib/python3.12/site-packages/airflow/example_dags/example_dataset_alias.py for tasks to queue
[2024-09-02T01:41:23.859+0000] {logging_mixin.py:190} INFO - [2024-09-02T01:41:23.858+0000] {dagbag.py:587} INFO - Filling up the DagBag from /home/airflow/.local/lib/python3.12/site-packages/airflow/example_dags/example_dataset_alias.py
[2024-09-02T01:41:24.118+0000] {processor.py:925} INFO - DAG(s) 'dataset_alias_example_alias_consumer', 'dataset_s3_bucket_consumer', 'dataset_s3_bucket_producer', 'dataset_alias_example_alias_producer' retrieved from /home/airflow/.local/lib/python3.12/site-packages/airflow/example_dags/example_dataset_alias.py
[2024-09-02T01:41:24.157+0000] {logging_mixin.py:190} INFO - [2024-09-02T01:41:24.156+0000] {dag.py:3211} INFO - Sync 4 DAGs
[2024-09-02T01:41:24.206+0000] {logging_mixin.py:190} INFO - [2024-09-02T01:41:24.206+0000] {dag.py:4138} INFO - Setting next_dagrun for dataset_alias_example_alias_consumer to None, run_after=None
[2024-09-02T01:41:24.210+0000] {logging_mixin.py:190} INFO - [2024-09-02T01:41:24.210+0000] {dag.py:4138} INFO - Setting next_dagrun for dataset_alias_example_alias_producer to None, run_after=None
[2024-09-02T01:41:24.216+0000] {logging_mixin.py:190} INFO - [2024-09-02T01:41:24.216+0000] {dag.py:4138} INFO - Setting next_dagrun for dataset_s3_bucket_consumer to None, run_after=None
[2024-09-02T01:41:24.219+0000] {logging_mixin.py:190} INFO - [2024-09-02T01:41:24.219+0000] {dag.py:4138} INFO - Setting next_dagrun for dataset_s3_bucket_producer to None, run_after=None
[2024-09-02T01:41:24.239+0000] {processor.py:208} INFO - Processing /home/airflow/.local/lib/python3.12/site-packages/airflow/example_dags/example_dataset_alias.py took 0.417 seconds
[2024-09-02T01:41:54.306+0000] {processor.py:186} INFO - Started process (PID=1670) to work on /home/airflow/.local/lib/python3.12/site-packages/airflow/example_dags/example_dataset_alias.py
[2024-09-02T01:41:54.308+0000] {processor.py:914} INFO - Processing file /home/airflow/.local/lib/python3.12/site-packages/airflow/example_dags/example_dataset_alias.py for tasks to queue
[2024-09-02T01:41:54.310+0000] {logging_mixin.py:190} INFO - [2024-09-02T01:41:54.310+0000] {dagbag.py:587} INFO - Filling up the DagBag from /home/airflow/.local/lib/python3.12/site-packages/airflow/example_dags/example_dataset_alias.py
[2024-09-02T01:41:54.502+0000] {processor.py:925} INFO - DAG(s) 'dataset_s3_bucket_consumer', 'dataset_s3_bucket_producer', 'dataset_alias_example_alias_producer', 'dataset_alias_example_alias_consumer' retrieved from /home/airflow/.local/lib/python3.12/site-packages/airflow/example_dags/example_dataset_alias.py
[2024-09-02T01:41:54.514+0000] {logging_mixin.py:190} INFO - [2024-09-02T01:41:54.514+0000] {dag.py:3211} INFO - Sync 4 DAGs
[2024-09-02T01:41:54.530+0000] {logging_mixin.py:190} INFO - [2024-09-02T01:41:54.530+0000] {dag.py:4138} INFO - Setting next_dagrun for dataset_alias_example_alias_consumer to None, run_after=None
[2024-09-02T01:41:54.533+0000] {logging_mixin.py:190} INFO - [2024-09-02T01:41:54.533+0000] {dag.py:4138} INFO - Setting next_dagrun for dataset_alias_example_alias_producer to None, run_after=None
[2024-09-02T01:41:54.534+0000] {logging_mixin.py:190} INFO - [2024-09-02T01:41:54.534+0000] {dag.py:4138} INFO - Setting next_dagrun for dataset_s3_bucket_consumer to None, run_after=None
[2024-09-02T01:41:54.536+0000] {logging_mixin.py:190} INFO - [2024-09-02T01:41:54.536+0000] {dag.py:4138} INFO - Setting next_dagrun for dataset_s3_bucket_producer to None, run_after=None
[2024-09-02T01:41:54.550+0000] {processor.py:208} INFO - Processing /home/airflow/.local/lib/python3.12/site-packages/airflow/example_dags/example_dataset_alias.py took 0.250 seconds
[2024-09-02T01:42:25.410+0000] {processor.py:186} INFO - Started process (PID=1952) to work on /home/airflow/.local/lib/python3.12/site-packages/airflow/example_dags/example_dataset_alias.py
[2024-09-02T01:42:25.414+0000] {processor.py:914} INFO - Processing file /home/airflow/.local/lib/python3.12/site-packages/airflow/example_dags/example_dataset_alias.py for tasks to queue
[2024-09-02T01:42:25.438+0000] {logging_mixin.py:190} INFO - [2024-09-02T01:42:25.437+0000] {dagbag.py:587} INFO - Filling up the DagBag from /home/airflow/.local/lib/python3.12/site-packages/airflow/example_dags/example_dataset_alias.py
[2024-09-02T01:42:25.632+0000] {processor.py:925} INFO - DAG(s) 'dataset_alias_example_alias_producer', 'dataset_s3_bucket_producer', 'dataset_s3_bucket_consumer', 'dataset_alias_example_alias_consumer' retrieved from /home/airflow/.local/lib/python3.12/site-packages/airflow/example_dags/example_dataset_alias.py
[2024-09-02T01:42:25.646+0000] {logging_mixin.py:190} INFO - [2024-09-02T01:42:25.645+0000] {dag.py:3211} INFO - Sync 4 DAGs
[2024-09-02T01:42:25.659+0000] {logging_mixin.py:190} INFO - [2024-09-02T01:42:25.659+0000] {dag.py:4138} INFO - Setting next_dagrun for dataset_alias_example_alias_consumer to None, run_after=None
[2024-09-02T01:42:25.662+0000] {logging_mixin.py:190} INFO - [2024-09-02T01:42:25.662+0000] {dag.py:4138} INFO - Setting next_dagrun for dataset_alias_example_alias_producer to None, run_after=None
[2024-09-02T01:42:25.664+0000] {logging_mixin.py:190} INFO - [2024-09-02T01:42:25.664+0000] {dag.py:4138} INFO - Setting next_dagrun for dataset_s3_bucket_consumer to None, run_after=None
[2024-09-02T01:42:25.666+0000] {logging_mixin.py:190} INFO - [2024-09-02T01:42:25.666+0000] {dag.py:4138} INFO - Setting next_dagrun for dataset_s3_bucket_producer to None, run_after=None
[2024-09-02T01:42:25.681+0000] {processor.py:208} INFO - Processing /home/airflow/.local/lib/python3.12/site-packages/airflow/example_dags/example_dataset_alias.py took 0.280 seconds
[2024-09-02T01:42:56.459+0000] {processor.py:186} INFO - Started process (PID=2238) to work on /home/airflow/.local/lib/python3.12/site-packages/airflow/example_dags/example_dataset_alias.py
[2024-09-02T01:42:56.466+0000] {processor.py:914} INFO - Processing file /home/airflow/.local/lib/python3.12/site-packages/airflow/example_dags/example_dataset_alias.py for tasks to queue
[2024-09-02T01:42:56.484+0000] {logging_mixin.py:190} INFO - [2024-09-02T01:42:56.484+0000] {dagbag.py:587} INFO - Filling up the DagBag from /home/airflow/.local/lib/python3.12/site-packages/airflow/example_dags/example_dataset_alias.py
[2024-09-02T01:42:56.677+0000] {processor.py:925} INFO - DAG(s) 'dataset_alias_example_alias_consumer', 'dataset_s3_bucket_consumer', 'dataset_alias_example_alias_producer', 'dataset_s3_bucket_producer' retrieved from /home/airflow/.local/lib/python3.12/site-packages/airflow/example_dags/example_dataset_alias.py
[2024-09-02T01:42:56.693+0000] {logging_mixin.py:190} INFO - [2024-09-02T01:42:56.693+0000] {dag.py:3211} INFO - Sync 4 DAGs
[2024-09-02T01:42:56.709+0000] {logging_mixin.py:190} INFO - [2024-09-02T01:42:56.709+0000] {dag.py:4138} INFO - Setting next_dagrun for dataset_alias_example_alias_consumer to None, run_after=None
[2024-09-02T01:42:56.712+0000] {logging_mixin.py:190} INFO - [2024-09-02T01:42:56.712+0000] {dag.py:4138} INFO - Setting next_dagrun for dataset_alias_example_alias_producer to None, run_after=None
[2024-09-02T01:42:56.714+0000] {logging_mixin.py:190} INFO - [2024-09-02T01:42:56.714+0000] {dag.py:4138} INFO - Setting next_dagrun for dataset_s3_bucket_consumer to None, run_after=None
[2024-09-02T01:42:56.715+0000] {logging_mixin.py:190} INFO - [2024-09-02T01:42:56.715+0000] {dag.py:4138} INFO - Setting next_dagrun for dataset_s3_bucket_producer to None, run_after=None
[2024-09-02T01:42:56.730+0000] {processor.py:208} INFO - Processing /home/airflow/.local/lib/python3.12/site-packages/airflow/example_dags/example_dataset_alias.py took 0.280 seconds
[2024-09-02T01:43:27.168+0000] {processor.py:186} INFO - Started process (PID=2524) to work on /home/airflow/.local/lib/python3.12/site-packages/airflow/example_dags/example_dataset_alias.py
[2024-09-02T01:43:27.171+0000] {processor.py:914} INFO - Processing file /home/airflow/.local/lib/python3.12/site-packages/airflow/example_dags/example_dataset_alias.py for tasks to queue
[2024-09-02T01:43:27.177+0000] {logging_mixin.py:190} INFO - [2024-09-02T01:43:27.176+0000] {dagbag.py:587} INFO - Filling up the DagBag from /home/airflow/.local/lib/python3.12/site-packages/airflow/example_dags/example_dataset_alias.py
[2024-09-02T01:43:27.388+0000] {processor.py:925} INFO - DAG(s) 'dataset_s3_bucket_producer', 'dataset_s3_bucket_consumer', 'dataset_alias_example_alias_producer', 'dataset_alias_example_alias_consumer' retrieved from /home/airflow/.local/lib/python3.12/site-packages/airflow/example_dags/example_dataset_alias.py
[2024-09-02T01:43:27.403+0000] {logging_mixin.py:190} INFO - [2024-09-02T01:43:27.403+0000] {dag.py:3211} INFO - Sync 4 DAGs
[2024-09-02T01:43:27.416+0000] {logging_mixin.py:190} INFO - [2024-09-02T01:43:27.416+0000] {dag.py:4138} INFO - Setting next_dagrun for dataset_alias_example_alias_consumer to None, run_after=None
[2024-09-02T01:43:27.419+0000] {logging_mixin.py:190} INFO - [2024-09-02T01:43:27.419+0000] {dag.py:4138} INFO - Setting next_dagrun for dataset_alias_example_alias_producer to None, run_after=None
[2024-09-02T01:43:27.421+0000] {logging_mixin.py:190} INFO - [2024-09-02T01:43:27.421+0000] {dag.py:4138} INFO - Setting next_dagrun for dataset_s3_bucket_consumer to None, run_after=None
[2024-09-02T01:43:27.423+0000] {logging_mixin.py:190} INFO - [2024-09-02T01:43:27.423+0000] {dag.py:4138} INFO - Setting next_dagrun for dataset_s3_bucket_producer to None, run_after=None
[2024-09-02T01:43:27.437+0000] {processor.py:208} INFO - Processing /home/airflow/.local/lib/python3.12/site-packages/airflow/example_dags/example_dataset_alias.py took 0.281 seconds
[2024-09-02T01:43:58.195+0000] {processor.py:186} INFO - Started process (PID=2811) to work on /home/airflow/.local/lib/python3.12/site-packages/airflow/example_dags/example_dataset_alias.py
[2024-09-02T01:43:58.202+0000] {processor.py:914} INFO - Processing file /home/airflow/.local/lib/python3.12/site-packages/airflow/example_dags/example_dataset_alias.py for tasks to queue
[2024-09-02T01:43:58.221+0000] {logging_mixin.py:190} INFO - [2024-09-02T01:43:58.217+0000] {dagbag.py:587} INFO - Filling up the DagBag from /home/airflow/.local/lib/python3.12/site-packages/airflow/example_dags/example_dataset_alias.py
[2024-09-02T01:43:58.415+0000] {processor.py:925} INFO - DAG(s) 'dataset_alias_example_alias_consumer', 'dataset_s3_bucket_producer', 'dataset_s3_bucket_consumer', 'dataset_alias_example_alias_producer' retrieved from /home/airflow/.local/lib/python3.12/site-packages/airflow/example_dags/example_dataset_alias.py
[2024-09-02T01:43:58.441+0000] {logging_mixin.py:190} INFO - [2024-09-02T01:43:58.441+0000] {dag.py:3211} INFO - Sync 4 DAGs
[2024-09-02T01:43:58.457+0000] {logging_mixin.py:190} INFO - [2024-09-02T01:43:58.457+0000] {dag.py:4138} INFO - Setting next_dagrun for dataset_alias_example_alias_consumer to None, run_after=None
[2024-09-02T01:43:58.460+0000] {logging_mixin.py:190} INFO - [2024-09-02T01:43:58.460+0000] {dag.py:4138} INFO - Setting next_dagrun for dataset_alias_example_alias_producer to None, run_after=None
[2024-09-02T01:43:58.461+0000] {logging_mixin.py:190} INFO - [2024-09-02T01:43:58.461+0000] {dag.py:4138} INFO - Setting next_dagrun for dataset_s3_bucket_consumer to None, run_after=None
[2024-09-02T01:43:58.463+0000] {logging_mixin.py:190} INFO - [2024-09-02T01:43:58.463+0000] {dag.py:4138} INFO - Setting next_dagrun for dataset_s3_bucket_producer to None, run_after=None
[2024-09-02T01:43:58.478+0000] {processor.py:208} INFO - Processing /home/airflow/.local/lib/python3.12/site-packages/airflow/example_dags/example_dataset_alias.py took 0.294 seconds
[2024-09-02T01:44:28.926+0000] {processor.py:186} INFO - Started process (PID=3097) to work on /home/airflow/.local/lib/python3.12/site-packages/airflow/example_dags/example_dataset_alias.py
[2024-09-02T01:44:28.930+0000] {processor.py:914} INFO - Processing file /home/airflow/.local/lib/python3.12/site-packages/airflow/example_dags/example_dataset_alias.py for tasks to queue
[2024-09-02T01:44:28.935+0000] {logging_mixin.py:190} INFO - [2024-09-02T01:44:28.934+0000] {dagbag.py:587} INFO - Filling up the DagBag from /home/airflow/.local/lib/python3.12/site-packages/airflow/example_dags/example_dataset_alias.py
[2024-09-02T01:44:29.085+0000] {processor.py:925} INFO - DAG(s) 'dataset_alias_example_alias_consumer', 'dataset_alias_example_alias_producer', 'dataset_s3_bucket_consumer', 'dataset_s3_bucket_producer' retrieved from /home/airflow/.local/lib/python3.12/site-packages/airflow/example_dags/example_dataset_alias.py
[2024-09-02T01:44:29.104+0000] {logging_mixin.py:190} INFO - [2024-09-02T01:44:29.104+0000] {dag.py:3211} INFO - Sync 4 DAGs
[2024-09-02T01:44:29.124+0000] {logging_mixin.py:190} INFO - [2024-09-02T01:44:29.124+0000] {dag.py:4138} INFO - Setting next_dagrun for dataset_alias_example_alias_consumer to None, run_after=None
[2024-09-02T01:44:29.128+0000] {logging_mixin.py:190} INFO - [2024-09-02T01:44:29.128+0000] {dag.py:4138} INFO - Setting next_dagrun for dataset_alias_example_alias_producer to None, run_after=None
[2024-09-02T01:44:29.129+0000] {logging_mixin.py:190} INFO - [2024-09-02T01:44:29.129+0000] {dag.py:4138} INFO - Setting next_dagrun for dataset_s3_bucket_consumer to None, run_after=None
[2024-09-02T01:44:29.132+0000] {logging_mixin.py:190} INFO - [2024-09-02T01:44:29.132+0000] {dag.py:4138} INFO - Setting next_dagrun for dataset_s3_bucket_producer to None, run_after=None
[2024-09-02T01:44:29.147+0000] {processor.py:208} INFO - Processing /home/airflow/.local/lib/python3.12/site-packages/airflow/example_dags/example_dataset_alias.py took 0.234 seconds
[2024-09-02T01:44:59.273+0000] {processor.py:186} INFO - Started process (PID=3383) to work on /home/airflow/.local/lib/python3.12/site-packages/airflow/example_dags/example_dataset_alias.py
[2024-09-02T01:44:59.276+0000] {processor.py:914} INFO - Processing file /home/airflow/.local/lib/python3.12/site-packages/airflow/example_dags/example_dataset_alias.py for tasks to queue
[2024-09-02T01:44:59.282+0000] {logging_mixin.py:190} INFO - [2024-09-02T01:44:59.280+0000] {dagbag.py:587} INFO - Filling up the DagBag from /home/airflow/.local/lib/python3.12/site-packages/airflow/example_dags/example_dataset_alias.py
[2024-09-02T01:44:59.436+0000] {processor.py:925} INFO - DAG(s) 'dataset_s3_bucket_producer', 'dataset_alias_example_alias_producer', 'dataset_alias_example_alias_consumer', 'dataset_s3_bucket_consumer' retrieved from /home/airflow/.local/lib/python3.12/site-packages/airflow/example_dags/example_dataset_alias.py
[2024-09-02T01:44:59.451+0000] {logging_mixin.py:190} INFO - [2024-09-02T01:44:59.451+0000] {dag.py:3211} INFO - Sync 4 DAGs
[2024-09-02T01:44:59.472+0000] {logging_mixin.py:190} INFO - [2024-09-02T01:44:59.472+0000] {dag.py:4138} INFO - Setting next_dagrun for dataset_alias_example_alias_consumer to None, run_after=None
[2024-09-02T01:44:59.475+0000] {logging_mixin.py:190} INFO - [2024-09-02T01:44:59.475+0000] {dag.py:4138} INFO - Setting next_dagrun for dataset_alias_example_alias_producer to None, run_after=None
[2024-09-02T01:44:59.477+0000] {logging_mixin.py:190} INFO - [2024-09-02T01:44:59.477+0000] {dag.py:4138} INFO - Setting next_dagrun for dataset_s3_bucket_consumer to None, run_after=None
[2024-09-02T01:44:59.478+0000] {logging_mixin.py:190} INFO - [2024-09-02T01:44:59.478+0000] {dag.py:4138} INFO - Setting next_dagrun for dataset_s3_bucket_producer to None, run_after=None
[2024-09-02T01:44:59.497+0000] {processor.py:208} INFO - Processing /home/airflow/.local/lib/python3.12/site-packages/airflow/example_dags/example_dataset_alias.py took 0.230 seconds
[2024-09-02T01:54:35.275+0000] {processor.py:186} INFO - Started process (PID=163) to work on /home/airflow/.local/lib/python3.12/site-packages/airflow/example_dags/example_dataset_alias.py
[2024-09-02T01:54:35.279+0000] {processor.py:914} INFO - Processing file /home/airflow/.local/lib/python3.12/site-packages/airflow/example_dags/example_dataset_alias.py for tasks to queue
[2024-09-02T01:54:35.293+0000] {logging_mixin.py:190} INFO - [2024-09-02T01:54:35.292+0000] {dagbag.py:587} INFO - Filling up the DagBag from /home/airflow/.local/lib/python3.12/site-packages/airflow/example_dags/example_dataset_alias.py
[2024-09-02T01:54:35.530+0000] {processor.py:925} INFO - DAG(s) 'dataset_alias_example_alias_consumer', 'dataset_s3_bucket_producer', 'dataset_s3_bucket_consumer', 'dataset_alias_example_alias_producer' retrieved from /home/airflow/.local/lib/python3.12/site-packages/airflow/example_dags/example_dataset_alias.py
[2024-09-02T01:54:35.581+0000] {logging_mixin.py:190} INFO - [2024-09-02T01:54:35.580+0000] {dag.py:3211} INFO - Sync 4 DAGs
[2024-09-02T01:54:35.606+0000] {logging_mixin.py:190} INFO - [2024-09-02T01:54:35.606+0000] {dag.py:4138} INFO - Setting next_dagrun for dataset_alias_example_alias_consumer to None, run_after=None
[2024-09-02T01:54:35.611+0000] {logging_mixin.py:190} INFO - [2024-09-02T01:54:35.611+0000] {dag.py:4138} INFO - Setting next_dagrun for dataset_alias_example_alias_producer to None, run_after=None
[2024-09-02T01:54:35.614+0000] {logging_mixin.py:190} INFO - [2024-09-02T01:54:35.613+0000] {dag.py:4138} INFO - Setting next_dagrun for dataset_s3_bucket_consumer to None, run_after=None
[2024-09-02T01:54:35.617+0000] {logging_mixin.py:190} INFO - [2024-09-02T01:54:35.617+0000] {dag.py:4138} INFO - Setting next_dagrun for dataset_s3_bucket_producer to None, run_after=None
[2024-09-02T01:54:35.693+0000] {processor.py:208} INFO - Processing /home/airflow/.local/lib/python3.12/site-packages/airflow/example_dags/example_dataset_alias.py took 0.458 seconds
[2024-09-02T01:55:06.315+0000] {processor.py:186} INFO - Started process (PID=503) to work on /home/airflow/.local/lib/python3.12/site-packages/airflow/example_dags/example_dataset_alias.py
[2024-09-02T01:55:06.318+0000] {processor.py:914} INFO - Processing file /home/airflow/.local/lib/python3.12/site-packages/airflow/example_dags/example_dataset_alias.py for tasks to queue
[2024-09-02T01:55:06.327+0000] {logging_mixin.py:190} INFO - [2024-09-02T01:55:06.327+0000] {dagbag.py:587} INFO - Filling up the DagBag from /home/airflow/.local/lib/python3.12/site-packages/airflow/example_dags/example_dataset_alias.py
[2024-09-02T01:55:06.474+0000] {processor.py:925} INFO - DAG(s) 'dataset_alias_example_alias_consumer', 'dataset_s3_bucket_producer', 'dataset_s3_bucket_consumer', 'dataset_alias_example_alias_producer' retrieved from /home/airflow/.local/lib/python3.12/site-packages/airflow/example_dags/example_dataset_alias.py
[2024-09-02T01:55:06.490+0000] {logging_mixin.py:190} INFO - [2024-09-02T01:55:06.490+0000] {dag.py:3211} INFO - Sync 4 DAGs
[2024-09-02T01:55:06.503+0000] {logging_mixin.py:190} INFO - [2024-09-02T01:55:06.503+0000] {dag.py:4138} INFO - Setting next_dagrun for dataset_alias_example_alias_consumer to None, run_after=None
[2024-09-02T01:55:06.506+0000] {logging_mixin.py:190} INFO - [2024-09-02T01:55:06.506+0000] {dag.py:4138} INFO - Setting next_dagrun for dataset_alias_example_alias_producer to None, run_after=None
[2024-09-02T01:55:06.508+0000] {logging_mixin.py:190} INFO - [2024-09-02T01:55:06.508+0000] {dag.py:4138} INFO - Setting next_dagrun for dataset_s3_bucket_consumer to None, run_after=None
[2024-09-02T01:55:06.509+0000] {logging_mixin.py:190} INFO - [2024-09-02T01:55:06.509+0000] {dag.py:4138} INFO - Setting next_dagrun for dataset_s3_bucket_producer to None, run_after=None
[2024-09-02T01:55:06.522+0000] {processor.py:208} INFO - Processing /home/airflow/.local/lib/python3.12/site-packages/airflow/example_dags/example_dataset_alias.py took 0.234 seconds
[2024-09-02T01:55:37.073+0000] {processor.py:186} INFO - Started process (PID=789) to work on /home/airflow/.local/lib/python3.12/site-packages/airflow/example_dags/example_dataset_alias.py
[2024-09-02T01:55:37.075+0000] {processor.py:914} INFO - Processing file /home/airflow/.local/lib/python3.12/site-packages/airflow/example_dags/example_dataset_alias.py for tasks to queue
[2024-09-02T01:55:37.080+0000] {logging_mixin.py:190} INFO - [2024-09-02T01:55:37.080+0000] {dagbag.py:587} INFO - Filling up the DagBag from /home/airflow/.local/lib/python3.12/site-packages/airflow/example_dags/example_dataset_alias.py
[2024-09-02T01:55:37.261+0000] {processor.py:925} INFO - DAG(s) 'dataset_alias_example_alias_producer', 'dataset_s3_bucket_producer', 'dataset_s3_bucket_consumer', 'dataset_alias_example_alias_consumer' retrieved from /home/airflow/.local/lib/python3.12/site-packages/airflow/example_dags/example_dataset_alias.py
[2024-09-02T01:55:37.280+0000] {logging_mixin.py:190} INFO - [2024-09-02T01:55:37.280+0000] {dag.py:3211} INFO - Sync 4 DAGs
[2024-09-02T01:55:37.295+0000] {logging_mixin.py:190} INFO - [2024-09-02T01:55:37.295+0000] {dag.py:4138} INFO - Setting next_dagrun for dataset_alias_example_alias_consumer to None, run_after=None
[2024-09-02T01:55:37.298+0000] {logging_mixin.py:190} INFO - [2024-09-02T01:55:37.298+0000] {dag.py:4138} INFO - Setting next_dagrun for dataset_alias_example_alias_producer to None, run_after=None
[2024-09-02T01:55:37.300+0000] {logging_mixin.py:190} INFO - [2024-09-02T01:55:37.300+0000] {dag.py:4138} INFO - Setting next_dagrun for dataset_s3_bucket_consumer to None, run_after=None
[2024-09-02T01:55:37.302+0000] {logging_mixin.py:190} INFO - [2024-09-02T01:55:37.302+0000] {dag.py:4138} INFO - Setting next_dagrun for dataset_s3_bucket_producer to None, run_after=None
[2024-09-02T01:55:37.315+0000] {processor.py:208} INFO - Processing /home/airflow/.local/lib/python3.12/site-packages/airflow/example_dags/example_dataset_alias.py took 0.258 seconds
[2024-09-02T01:56:07.413+0000] {processor.py:186} INFO - Started process (PID=1075) to work on /home/airflow/.local/lib/python3.12/site-packages/airflow/example_dags/example_dataset_alias.py
[2024-09-02T01:56:07.416+0000] {processor.py:914} INFO - Processing file /home/airflow/.local/lib/python3.12/site-packages/airflow/example_dags/example_dataset_alias.py for tasks to queue
[2024-09-02T01:56:07.420+0000] {logging_mixin.py:190} INFO - [2024-09-02T01:56:07.420+0000] {dagbag.py:587} INFO - Filling up the DagBag from /home/airflow/.local/lib/python3.12/site-packages/airflow/example_dags/example_dataset_alias.py
[2024-09-02T01:56:07.576+0000] {processor.py:925} INFO - DAG(s) 'dataset_alias_example_alias_producer', 'dataset_alias_example_alias_consumer', 'dataset_s3_bucket_producer', 'dataset_s3_bucket_consumer' retrieved from /home/airflow/.local/lib/python3.12/site-packages/airflow/example_dags/example_dataset_alias.py
[2024-09-02T01:56:07.592+0000] {logging_mixin.py:190} INFO - [2024-09-02T01:56:07.592+0000] {dag.py:3211} INFO - Sync 4 DAGs
[2024-09-02T01:56:07.607+0000] {logging_mixin.py:190} INFO - [2024-09-02T01:56:07.607+0000] {dag.py:4138} INFO - Setting next_dagrun for dataset_alias_example_alias_consumer to None, run_after=None
[2024-09-02T01:56:07.609+0000] {logging_mixin.py:190} INFO - [2024-09-02T01:56:07.609+0000] {dag.py:4138} INFO - Setting next_dagrun for dataset_alias_example_alias_producer to None, run_after=None
[2024-09-02T01:56:07.610+0000] {logging_mixin.py:190} INFO - [2024-09-02T01:56:07.610+0000] {dag.py:4138} INFO - Setting next_dagrun for dataset_s3_bucket_consumer to None, run_after=None
[2024-09-02T01:56:07.611+0000] {logging_mixin.py:190} INFO - [2024-09-02T01:56:07.611+0000] {dag.py:4138} INFO - Setting next_dagrun for dataset_s3_bucket_producer to None, run_after=None
[2024-09-02T01:56:07.623+0000] {processor.py:208} INFO - Processing /home/airflow/.local/lib/python3.12/site-packages/airflow/example_dags/example_dataset_alias.py took 0.223 seconds
[2024-09-02T01:56:37.806+0000] {processor.py:186} INFO - Started process (PID=1363) to work on /home/airflow/.local/lib/python3.12/site-packages/airflow/example_dags/example_dataset_alias.py
[2024-09-02T01:56:37.812+0000] {processor.py:914} INFO - Processing file /home/airflow/.local/lib/python3.12/site-packages/airflow/example_dags/example_dataset_alias.py for tasks to queue
[2024-09-02T01:56:37.817+0000] {logging_mixin.py:190} INFO - [2024-09-02T01:56:37.816+0000] {dagbag.py:587} INFO - Filling up the DagBag from /home/airflow/.local/lib/python3.12/site-packages/airflow/example_dags/example_dataset_alias.py
[2024-09-02T01:56:37.984+0000] {processor.py:925} INFO - DAG(s) 'dataset_alias_example_alias_producer', 'dataset_alias_example_alias_consumer', 'dataset_s3_bucket_producer', 'dataset_s3_bucket_consumer' retrieved from /home/airflow/.local/lib/python3.12/site-packages/airflow/example_dags/example_dataset_alias.py
[2024-09-02T01:56:38.013+0000] {logging_mixin.py:190} INFO - [2024-09-02T01:56:38.013+0000] {dag.py:3211} INFO - Sync 4 DAGs
[2024-09-02T01:56:38.027+0000] {logging_mixin.py:190} INFO - [2024-09-02T01:56:38.027+0000] {dag.py:4138} INFO - Setting next_dagrun for dataset_alias_example_alias_consumer to None, run_after=None
[2024-09-02T01:56:38.029+0000] {logging_mixin.py:190} INFO - [2024-09-02T01:56:38.029+0000] {dag.py:4138} INFO - Setting next_dagrun for dataset_alias_example_alias_producer to None, run_after=None
[2024-09-02T01:56:38.031+0000] {logging_mixin.py:190} INFO - [2024-09-02T01:56:38.031+0000] {dag.py:4138} INFO - Setting next_dagrun for dataset_s3_bucket_consumer to None, run_after=None
[2024-09-02T01:56:38.032+0000] {logging_mixin.py:190} INFO - [2024-09-02T01:56:38.032+0000] {dag.py:4138} INFO - Setting next_dagrun for dataset_s3_bucket_producer to None, run_after=None
[2024-09-02T01:56:38.045+0000] {processor.py:208} INFO - Processing /home/airflow/.local/lib/python3.12/site-packages/airflow/example_dags/example_dataset_alias.py took 0.257 seconds
[2024-09-02T01:57:08.185+0000] {processor.py:186} INFO - Started process (PID=1654) to work on /home/airflow/.local/lib/python3.12/site-packages/airflow/example_dags/example_dataset_alias.py
[2024-09-02T01:57:08.186+0000] {processor.py:914} INFO - Processing file /home/airflow/.local/lib/python3.12/site-packages/airflow/example_dags/example_dataset_alias.py for tasks to queue
[2024-09-02T01:57:08.189+0000] {logging_mixin.py:190} INFO - [2024-09-02T01:57:08.189+0000] {dagbag.py:587} INFO - Filling up the DagBag from /home/airflow/.local/lib/python3.12/site-packages/airflow/example_dags/example_dataset_alias.py
[2024-09-02T01:57:08.315+0000] {processor.py:925} INFO - DAG(s) 'dataset_s3_bucket_producer', 'dataset_s3_bucket_consumer', 'dataset_alias_example_alias_producer', 'dataset_alias_example_alias_consumer' retrieved from /home/airflow/.local/lib/python3.12/site-packages/airflow/example_dags/example_dataset_alias.py
[2024-09-02T01:57:08.344+0000] {logging_mixin.py:190} INFO - [2024-09-02T01:57:08.344+0000] {dag.py:3211} INFO - Sync 4 DAGs
[2024-09-02T01:57:08.362+0000] {logging_mixin.py:190} INFO - [2024-09-02T01:57:08.362+0000] {dag.py:4138} INFO - Setting next_dagrun for dataset_alias_example_alias_consumer to None, run_after=None
[2024-09-02T01:57:08.365+0000] {logging_mixin.py:190} INFO - [2024-09-02T01:57:08.365+0000] {dag.py:4138} INFO - Setting next_dagrun for dataset_alias_example_alias_producer to None, run_after=None
[2024-09-02T01:57:08.367+0000] {logging_mixin.py:190} INFO - [2024-09-02T01:57:08.367+0000] {dag.py:4138} INFO - Setting next_dagrun for dataset_s3_bucket_consumer to None, run_after=None
[2024-09-02T01:57:08.368+0000] {logging_mixin.py:190} INFO - [2024-09-02T01:57:08.368+0000] {dag.py:4138} INFO - Setting next_dagrun for dataset_s3_bucket_producer to None, run_after=None
[2024-09-02T01:57:08.383+0000] {processor.py:208} INFO - Processing /home/airflow/.local/lib/python3.12/site-packages/airflow/example_dags/example_dataset_alias.py took 0.203 seconds
[2024-09-02T01:57:38.609+0000] {processor.py:186} INFO - Started process (PID=1936) to work on /home/airflow/.local/lib/python3.12/site-packages/airflow/example_dags/example_dataset_alias.py
[2024-09-02T01:57:38.613+0000] {processor.py:914} INFO - Processing file /home/airflow/.local/lib/python3.12/site-packages/airflow/example_dags/example_dataset_alias.py for tasks to queue
[2024-09-02T01:57:38.627+0000] {logging_mixin.py:190} INFO - [2024-09-02T01:57:38.625+0000] {dagbag.py:587} INFO - Filling up the DagBag from /home/airflow/.local/lib/python3.12/site-packages/airflow/example_dags/example_dataset_alias.py
[2024-09-02T01:57:38.780+0000] {processor.py:925} INFO - DAG(s) 'dataset_s3_bucket_producer', 'dataset_alias_example_alias_consumer', 'dataset_alias_example_alias_producer', 'dataset_s3_bucket_consumer' retrieved from /home/airflow/.local/lib/python3.12/site-packages/airflow/example_dags/example_dataset_alias.py
[2024-09-02T01:57:38.792+0000] {logging_mixin.py:190} INFO - [2024-09-02T01:57:38.792+0000] {dag.py:3211} INFO - Sync 4 DAGs
[2024-09-02T01:57:38.806+0000] {logging_mixin.py:190} INFO - [2024-09-02T01:57:38.806+0000] {dag.py:4138} INFO - Setting next_dagrun for dataset_alias_example_alias_consumer to None, run_after=None
[2024-09-02T01:57:38.809+0000] {logging_mixin.py:190} INFO - [2024-09-02T01:57:38.809+0000] {dag.py:4138} INFO - Setting next_dagrun for dataset_alias_example_alias_producer to None, run_after=None
[2024-09-02T01:57:38.811+0000] {logging_mixin.py:190} INFO - [2024-09-02T01:57:38.811+0000] {dag.py:4138} INFO - Setting next_dagrun for dataset_s3_bucket_consumer to None, run_after=None
[2024-09-02T01:57:38.812+0000] {logging_mixin.py:190} INFO - [2024-09-02T01:57:38.812+0000] {dag.py:4138} INFO - Setting next_dagrun for dataset_s3_bucket_producer to None, run_after=None
[2024-09-02T01:57:38.832+0000] {processor.py:208} INFO - Processing /home/airflow/.local/lib/python3.12/site-packages/airflow/example_dags/example_dataset_alias.py took 0.234 seconds
[2024-09-02T01:58:08.901+0000] {processor.py:186} INFO - Started process (PID=2225) to work on /home/airflow/.local/lib/python3.12/site-packages/airflow/example_dags/example_dataset_alias.py
[2024-09-02T01:58:08.903+0000] {processor.py:914} INFO - Processing file /home/airflow/.local/lib/python3.12/site-packages/airflow/example_dags/example_dataset_alias.py for tasks to queue
[2024-09-02T01:58:08.906+0000] {logging_mixin.py:190} INFO - [2024-09-02T01:58:08.906+0000] {dagbag.py:587} INFO - Filling up the DagBag from /home/airflow/.local/lib/python3.12/site-packages/airflow/example_dags/example_dataset_alias.py
[2024-09-02T01:58:09.123+0000] {processor.py:925} INFO - DAG(s) 'dataset_s3_bucket_producer', 'dataset_alias_example_alias_producer', 'dataset_s3_bucket_consumer', 'dataset_alias_example_alias_consumer' retrieved from /home/airflow/.local/lib/python3.12/site-packages/airflow/example_dags/example_dataset_alias.py
[2024-09-02T01:58:09.149+0000] {logging_mixin.py:190} INFO - [2024-09-02T01:58:09.148+0000] {dag.py:3211} INFO - Sync 4 DAGs
[2024-09-02T01:58:09.169+0000] {logging_mixin.py:190} INFO - [2024-09-02T01:58:09.169+0000] {dag.py:4138} INFO - Setting next_dagrun for dataset_alias_example_alias_consumer to None, run_after=None
[2024-09-02T01:58:09.172+0000] {logging_mixin.py:190} INFO - [2024-09-02T01:58:09.172+0000] {dag.py:4138} INFO - Setting next_dagrun for dataset_alias_example_alias_producer to None, run_after=None
[2024-09-02T01:58:09.174+0000] {logging_mixin.py:190} INFO - [2024-09-02T01:58:09.174+0000] {dag.py:4138} INFO - Setting next_dagrun for dataset_s3_bucket_consumer to None, run_after=None
[2024-09-02T01:58:09.176+0000] {logging_mixin.py:190} INFO - [2024-09-02T01:58:09.176+0000] {dag.py:4138} INFO - Setting next_dagrun for dataset_s3_bucket_producer to None, run_after=None
[2024-09-02T01:58:09.191+0000] {processor.py:208} INFO - Processing /home/airflow/.local/lib/python3.12/site-packages/airflow/example_dags/example_dataset_alias.py took 0.295 seconds
