[2024-09-02T01:39:26.035+0000] {processor.py:186} INFO - Started process (PID=411) to work on /home/airflow/.local/lib/python3.12/site-packages/airflow/example_dags/example_datasets.py
[2024-09-02T01:39:26.037+0000] {processor.py:914} INFO - Processing file /home/airflow/.local/lib/python3.12/site-packages/airflow/example_dags/example_datasets.py for tasks to queue
[2024-09-02T01:39:26.039+0000] {logging_mixin.py:190} INFO - [2024-09-02T01:39:26.039+0000] {dagbag.py:587} INFO - Filling up the DagBag from /home/airflow/.local/lib/python3.12/site-packages/airflow/example_dags/example_datasets.py
[2024-09-02T01:39:26.126+0000] {processor.py:925} INFO - DAG(s) 'dataset_consumes_1', 'conditional_dataset_and_time_based_timetable', 'dataset_consumes_1_and_2', 'dataset_produces_2', 'consume_1_or_2_with_dataset_expressions', 'consume_1_and_2_with_dataset_expressions', 'dataset_consumes_1_never_scheduled', 'dataset_consumes_unknown_never_scheduled', 'consume_1_or_both_2_and_3_with_dataset_expressions', 'dataset_produces_1' retrieved from /home/airflow/.local/lib/python3.12/site-packages/airflow/example_dags/example_datasets.py
[2024-09-02T01:39:26.188+0000] {logging_mixin.py:190} INFO - [2024-09-02T01:39:26.188+0000] {override.py:1858} INFO - Created Permission View: can edit on DAG:dataset_consumes_1
[2024-09-02T01:39:26.195+0000] {logging_mixin.py:190} INFO - [2024-09-02T01:39:26.195+0000] {override.py:1858} INFO - Created Permission View: can read on DAG:dataset_consumes_1
[2024-09-02T01:39:26.200+0000] {logging_mixin.py:190} INFO - [2024-09-02T01:39:26.200+0000] {override.py:1858} INFO - Created Permission View: can delete on DAG:dataset_consumes_1
[2024-09-02T01:39:26.207+0000] {logging_mixin.py:190} INFO - [2024-09-02T01:39:26.207+0000] {override.py:1858} INFO - Created Permission View: can edit on DAG:conditional_dataset_and_time_based_timetable
[2024-09-02T01:39:26.212+0000] {logging_mixin.py:190} INFO - [2024-09-02T01:39:26.212+0000] {override.py:1858} INFO - Created Permission View: can read on DAG:conditional_dataset_and_time_based_timetable
[2024-09-02T01:39:26.218+0000] {logging_mixin.py:190} INFO - [2024-09-02T01:39:26.218+0000] {override.py:1858} INFO - Created Permission View: can delete on DAG:conditional_dataset_and_time_based_timetable
[2024-09-02T01:39:26.226+0000] {logging_mixin.py:190} INFO - [2024-09-02T01:39:26.225+0000] {override.py:1858} INFO - Created Permission View: can edit on DAG:dataset_consumes_1_and_2
[2024-09-02T01:39:26.230+0000] {logging_mixin.py:190} INFO - [2024-09-02T01:39:26.229+0000] {override.py:1858} INFO - Created Permission View: can read on DAG:dataset_consumes_1_and_2
[2024-09-02T01:39:26.234+0000] {logging_mixin.py:190} INFO - [2024-09-02T01:39:26.234+0000] {override.py:1858} INFO - Created Permission View: can delete on DAG:dataset_consumes_1_and_2
[2024-09-02T01:39:26.242+0000] {logging_mixin.py:190} INFO - [2024-09-02T01:39:26.242+0000] {override.py:1858} INFO - Created Permission View: can edit on DAG:dataset_produces_2
[2024-09-02T01:39:26.246+0000] {logging_mixin.py:190} INFO - [2024-09-02T01:39:26.246+0000] {override.py:1858} INFO - Created Permission View: can read on DAG:dataset_produces_2
[2024-09-02T01:39:26.250+0000] {logging_mixin.py:190} INFO - [2024-09-02T01:39:26.250+0000] {override.py:1858} INFO - Created Permission View: can delete on DAG:dataset_produces_2
[2024-09-02T01:39:26.259+0000] {logging_mixin.py:190} INFO - [2024-09-02T01:39:26.259+0000] {override.py:1858} INFO - Created Permission View: can edit on DAG:consume_1_or_2_with_dataset_expressions
[2024-09-02T01:39:26.263+0000] {logging_mixin.py:190} INFO - [2024-09-02T01:39:26.263+0000] {override.py:1858} INFO - Created Permission View: can read on DAG:consume_1_or_2_with_dataset_expressions
[2024-09-02T01:39:26.268+0000] {logging_mixin.py:190} INFO - [2024-09-02T01:39:26.268+0000] {override.py:1858} INFO - Created Permission View: can delete on DAG:consume_1_or_2_with_dataset_expressions
[2024-09-02T01:39:26.277+0000] {logging_mixin.py:190} INFO - [2024-09-02T01:39:26.277+0000] {override.py:1858} INFO - Created Permission View: can edit on DAG:consume_1_and_2_with_dataset_expressions
[2024-09-02T01:39:26.282+0000] {logging_mixin.py:190} INFO - [2024-09-02T01:39:26.282+0000] {override.py:1858} INFO - Created Permission View: can read on DAG:consume_1_and_2_with_dataset_expressions
[2024-09-02T01:39:26.289+0000] {logging_mixin.py:190} INFO - [2024-09-02T01:39:26.289+0000] {override.py:1858} INFO - Created Permission View: can delete on DAG:consume_1_and_2_with_dataset_expressions
[2024-09-02T01:39:26.297+0000] {logging_mixin.py:190} INFO - [2024-09-02T01:39:26.297+0000] {override.py:1858} INFO - Created Permission View: can edit on DAG:dataset_consumes_1_never_scheduled
[2024-09-02T01:39:26.301+0000] {logging_mixin.py:190} INFO - [2024-09-02T01:39:26.301+0000] {override.py:1858} INFO - Created Permission View: can read on DAG:dataset_consumes_1_never_scheduled
[2024-09-02T01:39:26.307+0000] {logging_mixin.py:190} INFO - [2024-09-02T01:39:26.307+0000] {override.py:1858} INFO - Created Permission View: can delete on DAG:dataset_consumes_1_never_scheduled
[2024-09-02T01:39:26.314+0000] {logging_mixin.py:190} INFO - [2024-09-02T01:39:26.314+0000] {override.py:1858} INFO - Created Permission View: can edit on DAG:dataset_consumes_unknown_never_scheduled
[2024-09-02T01:39:26.319+0000] {logging_mixin.py:190} INFO - [2024-09-02T01:39:26.319+0000] {override.py:1858} INFO - Created Permission View: can read on DAG:dataset_consumes_unknown_never_scheduled
[2024-09-02T01:39:26.323+0000] {logging_mixin.py:190} INFO - [2024-09-02T01:39:26.323+0000] {override.py:1858} INFO - Created Permission View: can delete on DAG:dataset_consumes_unknown_never_scheduled
[2024-09-02T01:39:26.332+0000] {logging_mixin.py:190} INFO - [2024-09-02T01:39:26.331+0000] {override.py:1858} INFO - Created Permission View: can edit on DAG:consume_1_or_both_2_and_3_with_dataset_expressions
[2024-09-02T01:39:26.336+0000] {logging_mixin.py:190} INFO - [2024-09-02T01:39:26.336+0000] {override.py:1858} INFO - Created Permission View: can read on DAG:consume_1_or_both_2_and_3_with_dataset_expressions
[2024-09-02T01:39:26.344+0000] {logging_mixin.py:190} INFO - [2024-09-02T01:39:26.343+0000] {override.py:1858} INFO - Created Permission View: can delete on DAG:consume_1_or_both_2_and_3_with_dataset_expressions
[2024-09-02T01:39:26.350+0000] {logging_mixin.py:190} INFO - [2024-09-02T01:39:26.350+0000] {override.py:1858} INFO - Created Permission View: can edit on DAG:dataset_produces_1
[2024-09-02T01:39:26.354+0000] {logging_mixin.py:190} INFO - [2024-09-02T01:39:26.354+0000] {override.py:1858} INFO - Created Permission View: can read on DAG:dataset_produces_1
[2024-09-02T01:39:26.358+0000] {logging_mixin.py:190} INFO - [2024-09-02T01:39:26.358+0000] {override.py:1858} INFO - Created Permission View: can delete on DAG:dataset_produces_1
[2024-09-02T01:39:26.359+0000] {logging_mixin.py:190} INFO - [2024-09-02T01:39:26.359+0000] {dag.py:3211} INFO - Sync 10 DAGs
[2024-09-02T01:39:26.367+0000] {logging_mixin.py:190} INFO - [2024-09-02T01:39:26.367+0000] {dag.py:3234} INFO - Creating ORM DAG for dataset_consumes_1_never_scheduled
[2024-09-02T01:39:26.368+0000] {logging_mixin.py:190} INFO - [2024-09-02T01:39:26.368+0000] {dag.py:3234} INFO - Creating ORM DAG for dataset_consumes_1_and_2
[2024-09-02T01:39:26.369+0000] {logging_mixin.py:190} INFO - [2024-09-02T01:39:26.369+0000] {dag.py:3234} INFO - Creating ORM DAG for dataset_produces_2
[2024-09-02T01:39:26.370+0000] {logging_mixin.py:190} INFO - [2024-09-02T01:39:26.370+0000] {dag.py:3234} INFO - Creating ORM DAG for consume_1_or_2_with_dataset_expressions
[2024-09-02T01:39:26.371+0000] {logging_mixin.py:190} INFO - [2024-09-02T01:39:26.371+0000] {dag.py:3234} INFO - Creating ORM DAG for consume_1_and_2_with_dataset_expressions
[2024-09-02T01:39:26.372+0000] {logging_mixin.py:190} INFO - [2024-09-02T01:39:26.372+0000] {dag.py:3234} INFO - Creating ORM DAG for dataset_consumes_unknown_never_scheduled
[2024-09-02T01:39:26.372+0000] {logging_mixin.py:190} INFO - [2024-09-02T01:39:26.372+0000] {dag.py:3234} INFO - Creating ORM DAG for consume_1_or_both_2_and_3_with_dataset_expressions
[2024-09-02T01:39:26.374+0000] {logging_mixin.py:190} INFO - [2024-09-02T01:39:26.374+0000] {dag.py:3234} INFO - Creating ORM DAG for dataset_produces_1
[2024-09-02T01:39:26.375+0000] {logging_mixin.py:190} INFO - [2024-09-02T01:39:26.375+0000] {dag.py:3234} INFO - Creating ORM DAG for dataset_consumes_1
[2024-09-02T01:39:26.375+0000] {logging_mixin.py:190} INFO - [2024-09-02T01:39:26.375+0000] {dag.py:3234} INFO - Creating ORM DAG for conditional_dataset_and_time_based_timetable
[2024-09-02T01:39:26.381+0000] {logging_mixin.py:190} INFO - [2024-09-02T01:39:26.381+0000] {dag.py:4138} INFO - Setting next_dagrun for conditional_dataset_and_time_based_timetable to 2024-08-28 01:00:00+00:00, run_after=2024-08-28 01:00:00+00:00
[2024-09-02T01:39:26.383+0000] {logging_mixin.py:190} INFO - [2024-09-02T01:39:26.382+0000] {dag.py:4138} INFO - Setting next_dagrun for consume_1_and_2_with_dataset_expressions to None, run_after=None
[2024-09-02T01:39:26.383+0000] {logging_mixin.py:190} INFO - [2024-09-02T01:39:26.383+0000] {dag.py:4138} INFO - Setting next_dagrun for consume_1_or_2_with_dataset_expressions to None, run_after=None
[2024-09-02T01:39:26.384+0000] {logging_mixin.py:190} INFO - [2024-09-02T01:39:26.384+0000] {dag.py:4138} INFO - Setting next_dagrun for consume_1_or_both_2_and_3_with_dataset_expressions to None, run_after=None
[2024-09-02T01:39:26.385+0000] {logging_mixin.py:190} INFO - [2024-09-02T01:39:26.385+0000] {dag.py:4138} INFO - Setting next_dagrun for dataset_consumes_1 to None, run_after=None
[2024-09-02T01:39:26.385+0000] {logging_mixin.py:190} INFO - [2024-09-02T01:39:26.385+0000] {dag.py:4138} INFO - Setting next_dagrun for dataset_consumes_1_and_2 to None, run_after=None
[2024-09-02T01:39:26.386+0000] {logging_mixin.py:190} INFO - [2024-09-02T01:39:26.386+0000] {dag.py:4138} INFO - Setting next_dagrun for dataset_consumes_1_never_scheduled to None, run_after=None
[2024-09-02T01:39:26.387+0000] {logging_mixin.py:190} INFO - [2024-09-02T01:39:26.387+0000] {dag.py:4138} INFO - Setting next_dagrun for dataset_consumes_unknown_never_scheduled to None, run_after=None
[2024-09-02T01:39:26.388+0000] {logging_mixin.py:190} INFO - [2024-09-02T01:39:26.388+0000] {dag.py:4138} INFO - Setting next_dagrun for dataset_produces_1 to 2024-09-01 00:00:00+00:00, run_after=2024-09-02 00:00:00+00:00
[2024-09-02T01:39:26.389+0000] {logging_mixin.py:190} INFO - [2024-09-02T01:39:26.389+0000] {dag.py:4138} INFO - Setting next_dagrun for dataset_produces_2 to None, run_after=None
[2024-09-02T01:39:26.412+0000] {processor.py:208} INFO - Processing /home/airflow/.local/lib/python3.12/site-packages/airflow/example_dags/example_datasets.py took 0.381 seconds
[2024-09-02T01:39:56.887+0000] {processor.py:186} INFO - Started process (PID=699) to work on /home/airflow/.local/lib/python3.12/site-packages/airflow/example_dags/example_datasets.py
[2024-09-02T01:39:56.889+0000] {processor.py:914} INFO - Processing file /home/airflow/.local/lib/python3.12/site-packages/airflow/example_dags/example_datasets.py for tasks to queue
[2024-09-02T01:39:56.893+0000] {logging_mixin.py:190} INFO - [2024-09-02T01:39:56.892+0000] {dagbag.py:587} INFO - Filling up the DagBag from /home/airflow/.local/lib/python3.12/site-packages/airflow/example_dags/example_datasets.py
[2024-09-02T01:39:56.983+0000] {processor.py:925} INFO - DAG(s) 'consume_1_and_2_with_dataset_expressions', 'dataset_produces_1', 'consume_1_or_2_with_dataset_expressions', 'dataset_consumes_1_never_scheduled', 'consume_1_or_both_2_and_3_with_dataset_expressions', 'dataset_consumes_1', 'conditional_dataset_and_time_based_timetable', 'dataset_consumes_unknown_never_scheduled', 'dataset_consumes_1_and_2', 'dataset_produces_2' retrieved from /home/airflow/.local/lib/python3.12/site-packages/airflow/example_dags/example_datasets.py
[2024-09-02T01:39:57.009+0000] {logging_mixin.py:190} INFO - [2024-09-02T01:39:57.009+0000] {dag.py:3211} INFO - Sync 10 DAGs
[2024-09-02T01:39:57.028+0000] {logging_mixin.py:190} INFO - [2024-09-02T01:39:57.028+0000] {dag.py:4138} INFO - Setting next_dagrun for conditional_dataset_and_time_based_timetable to 2024-08-28 01:00:00+00:00, run_after=2024-08-28 01:00:00+00:00
[2024-09-02T01:39:57.031+0000] {logging_mixin.py:190} INFO - [2024-09-02T01:39:57.031+0000] {dag.py:4138} INFO - Setting next_dagrun for consume_1_and_2_with_dataset_expressions to None, run_after=None
[2024-09-02T01:39:57.033+0000] {logging_mixin.py:190} INFO - [2024-09-02T01:39:57.033+0000] {dag.py:4138} INFO - Setting next_dagrun for consume_1_or_2_with_dataset_expressions to None, run_after=None
[2024-09-02T01:39:57.034+0000] {logging_mixin.py:190} INFO - [2024-09-02T01:39:57.034+0000] {dag.py:4138} INFO - Setting next_dagrun for consume_1_or_both_2_and_3_with_dataset_expressions to None, run_after=None
[2024-09-02T01:39:57.036+0000] {logging_mixin.py:190} INFO - [2024-09-02T01:39:57.036+0000] {dag.py:4138} INFO - Setting next_dagrun for dataset_consumes_1 to None, run_after=None
[2024-09-02T01:39:57.037+0000] {logging_mixin.py:190} INFO - [2024-09-02T01:39:57.037+0000] {dag.py:4138} INFO - Setting next_dagrun for dataset_consumes_1_and_2 to None, run_after=None
[2024-09-02T01:39:57.038+0000] {logging_mixin.py:190} INFO - [2024-09-02T01:39:57.038+0000] {dag.py:4138} INFO - Setting next_dagrun for dataset_consumes_1_never_scheduled to None, run_after=None
[2024-09-02T01:39:57.040+0000] {logging_mixin.py:190} INFO - [2024-09-02T01:39:57.039+0000] {dag.py:4138} INFO - Setting next_dagrun for dataset_consumes_unknown_never_scheduled to None, run_after=None
[2024-09-02T01:39:57.042+0000] {logging_mixin.py:190} INFO - [2024-09-02T01:39:57.042+0000] {dag.py:4138} INFO - Setting next_dagrun for dataset_produces_1 to 2024-09-01 00:00:00+00:00, run_after=2024-09-02 00:00:00+00:00
[2024-09-02T01:39:57.043+0000] {logging_mixin.py:190} INFO - [2024-09-02T01:39:57.043+0000] {dag.py:4138} INFO - Setting next_dagrun for dataset_produces_2 to None, run_after=None
[2024-09-02T01:39:57.066+0000] {processor.py:208} INFO - Processing /home/airflow/.local/lib/python3.12/site-packages/airflow/example_dags/example_datasets.py took 0.183 seconds
[2024-09-02T01:40:27.713+0000] {processor.py:186} INFO - Started process (PID=983) to work on /home/airflow/.local/lib/python3.12/site-packages/airflow/example_dags/example_datasets.py
[2024-09-02T01:40:27.716+0000] {processor.py:914} INFO - Processing file /home/airflow/.local/lib/python3.12/site-packages/airflow/example_dags/example_datasets.py for tasks to queue
[2024-09-02T01:40:27.720+0000] {logging_mixin.py:190} INFO - [2024-09-02T01:40:27.719+0000] {dagbag.py:587} INFO - Filling up the DagBag from /home/airflow/.local/lib/python3.12/site-packages/airflow/example_dags/example_datasets.py
[2024-09-02T01:40:28.042+0000] {processor.py:925} INFO - DAG(s) 'consume_1_or_2_with_dataset_expressions', 'dataset_consumes_1_and_2', 'dataset_consumes_1_never_scheduled', 'consume_1_or_both_2_and_3_with_dataset_expressions', 'dataset_consumes_1', 'dataset_produces_2', 'dataset_consumes_unknown_never_scheduled', 'dataset_produces_1', 'consume_1_and_2_with_dataset_expressions', 'conditional_dataset_and_time_based_timetable' retrieved from /home/airflow/.local/lib/python3.12/site-packages/airflow/example_dags/example_datasets.py
[2024-09-02T01:40:28.082+0000] {logging_mixin.py:190} INFO - [2024-09-02T01:40:28.081+0000] {dag.py:3211} INFO - Sync 10 DAGs
[2024-09-02T01:40:28.103+0000] {logging_mixin.py:190} INFO - [2024-09-02T01:40:28.103+0000] {dag.py:4138} INFO - Setting next_dagrun for conditional_dataset_and_time_based_timetable to 2024-08-28 01:00:00+00:00, run_after=2024-08-28 01:00:00+00:00
[2024-09-02T01:40:28.106+0000] {logging_mixin.py:190} INFO - [2024-09-02T01:40:28.106+0000] {dag.py:4138} INFO - Setting next_dagrun for consume_1_and_2_with_dataset_expressions to None, run_after=None
[2024-09-02T01:40:28.108+0000] {logging_mixin.py:190} INFO - [2024-09-02T01:40:28.108+0000] {dag.py:4138} INFO - Setting next_dagrun for consume_1_or_2_with_dataset_expressions to None, run_after=None
[2024-09-02T01:40:28.110+0000] {logging_mixin.py:190} INFO - [2024-09-02T01:40:28.110+0000] {dag.py:4138} INFO - Setting next_dagrun for consume_1_or_both_2_and_3_with_dataset_expressions to None, run_after=None
[2024-09-02T01:40:28.112+0000] {logging_mixin.py:190} INFO - [2024-09-02T01:40:28.112+0000] {dag.py:4138} INFO - Setting next_dagrun for dataset_consumes_1 to None, run_after=None
[2024-09-02T01:40:28.114+0000] {logging_mixin.py:190} INFO - [2024-09-02T01:40:28.114+0000] {dag.py:4138} INFO - Setting next_dagrun for dataset_consumes_1_and_2 to None, run_after=None
[2024-09-02T01:40:28.117+0000] {logging_mixin.py:190} INFO - [2024-09-02T01:40:28.117+0000] {dag.py:4138} INFO - Setting next_dagrun for dataset_consumes_1_never_scheduled to None, run_after=None
[2024-09-02T01:40:28.119+0000] {logging_mixin.py:190} INFO - [2024-09-02T01:40:28.119+0000] {dag.py:4138} INFO - Setting next_dagrun for dataset_consumes_unknown_never_scheduled to None, run_after=None
[2024-09-02T01:40:28.121+0000] {logging_mixin.py:190} INFO - [2024-09-02T01:40:28.121+0000] {dag.py:4138} INFO - Setting next_dagrun for dataset_produces_1 to 2024-09-01 00:00:00+00:00, run_after=2024-09-02 00:00:00+00:00
[2024-09-02T01:40:28.122+0000] {logging_mixin.py:190} INFO - [2024-09-02T01:40:28.122+0000] {dag.py:4138} INFO - Setting next_dagrun for dataset_produces_2 to None, run_after=None
[2024-09-02T01:40:28.145+0000] {processor.py:208} INFO - Processing /home/airflow/.local/lib/python3.12/site-packages/airflow/example_dags/example_datasets.py took 0.443 seconds
[2024-09-02T01:40:58.887+0000] {processor.py:186} INFO - Started process (PID=1269) to work on /home/airflow/.local/lib/python3.12/site-packages/airflow/example_dags/example_datasets.py
[2024-09-02T01:40:58.890+0000] {processor.py:914} INFO - Processing file /home/airflow/.local/lib/python3.12/site-packages/airflow/example_dags/example_datasets.py for tasks to queue
[2024-09-02T01:40:58.894+0000] {logging_mixin.py:190} INFO - [2024-09-02T01:40:58.894+0000] {dagbag.py:587} INFO - Filling up the DagBag from /home/airflow/.local/lib/python3.12/site-packages/airflow/example_dags/example_datasets.py
[2024-09-02T01:40:59.016+0000] {processor.py:925} INFO - DAG(s) 'dataset_produces_1', 'consume_1_or_2_with_dataset_expressions', 'dataset_consumes_1_never_scheduled', 'dataset_consumes_unknown_never_scheduled', 'dataset_consumes_1', 'consume_1_or_both_2_and_3_with_dataset_expressions', 'dataset_consumes_1_and_2', 'consume_1_and_2_with_dataset_expressions', 'dataset_produces_2', 'conditional_dataset_and_time_based_timetable' retrieved from /home/airflow/.local/lib/python3.12/site-packages/airflow/example_dags/example_datasets.py
[2024-09-02T01:40:59.044+0000] {logging_mixin.py:190} INFO - [2024-09-02T01:40:59.044+0000] {dag.py:3211} INFO - Sync 10 DAGs
[2024-09-02T01:40:59.061+0000] {logging_mixin.py:190} INFO - [2024-09-02T01:40:59.061+0000] {dag.py:4138} INFO - Setting next_dagrun for conditional_dataset_and_time_based_timetable to 2024-08-28 01:00:00+00:00, run_after=2024-08-28 01:00:00+00:00
[2024-09-02T01:40:59.064+0000] {logging_mixin.py:190} INFO - [2024-09-02T01:40:59.064+0000] {dag.py:4138} INFO - Setting next_dagrun for consume_1_and_2_with_dataset_expressions to None, run_after=None
[2024-09-02T01:40:59.066+0000] {logging_mixin.py:190} INFO - [2024-09-02T01:40:59.066+0000] {dag.py:4138} INFO - Setting next_dagrun for consume_1_or_2_with_dataset_expressions to None, run_after=None
[2024-09-02T01:40:59.068+0000] {logging_mixin.py:190} INFO - [2024-09-02T01:40:59.067+0000] {dag.py:4138} INFO - Setting next_dagrun for consume_1_or_both_2_and_3_with_dataset_expressions to None, run_after=None
[2024-09-02T01:40:59.069+0000] {logging_mixin.py:190} INFO - [2024-09-02T01:40:59.069+0000] {dag.py:4138} INFO - Setting next_dagrun for dataset_consumes_1 to None, run_after=None
[2024-09-02T01:40:59.071+0000] {logging_mixin.py:190} INFO - [2024-09-02T01:40:59.070+0000] {dag.py:4138} INFO - Setting next_dagrun for dataset_consumes_1_and_2 to None, run_after=None
[2024-09-02T01:40:59.072+0000] {logging_mixin.py:190} INFO - [2024-09-02T01:40:59.072+0000] {dag.py:4138} INFO - Setting next_dagrun for dataset_consumes_1_never_scheduled to None, run_after=None
[2024-09-02T01:40:59.074+0000] {logging_mixin.py:190} INFO - [2024-09-02T01:40:59.074+0000] {dag.py:4138} INFO - Setting next_dagrun for dataset_consumes_unknown_never_scheduled to None, run_after=None
[2024-09-02T01:40:59.076+0000] {logging_mixin.py:190} INFO - [2024-09-02T01:40:59.076+0000] {dag.py:4138} INFO - Setting next_dagrun for dataset_produces_1 to 2024-09-01 00:00:00+00:00, run_after=2024-09-02 00:00:00+00:00
[2024-09-02T01:40:59.078+0000] {logging_mixin.py:190} INFO - [2024-09-02T01:40:59.078+0000] {dag.py:4138} INFO - Setting next_dagrun for dataset_produces_2 to None, run_after=None
[2024-09-02T01:40:59.100+0000] {processor.py:208} INFO - Processing /home/airflow/.local/lib/python3.12/site-packages/airflow/example_dags/example_datasets.py took 0.217 seconds
[2024-09-02T01:41:29.552+0000] {processor.py:186} INFO - Started process (PID=1595) to work on /home/airflow/.local/lib/python3.12/site-packages/airflow/example_dags/example_datasets.py
[2024-09-02T01:41:29.553+0000] {processor.py:914} INFO - Processing file /home/airflow/.local/lib/python3.12/site-packages/airflow/example_dags/example_datasets.py for tasks to queue
[2024-09-02T01:41:29.556+0000] {logging_mixin.py:190} INFO - [2024-09-02T01:41:29.556+0000] {dagbag.py:587} INFO - Filling up the DagBag from /home/airflow/.local/lib/python3.12/site-packages/airflow/example_dags/example_datasets.py
[2024-09-02T01:41:29.648+0000] {processor.py:925} INFO - DAG(s) 'dataset_consumes_1_and_2', 'consume_1_or_both_2_and_3_with_dataset_expressions', 'dataset_produces_1', 'consume_1_or_2_with_dataset_expressions', 'dataset_consumes_1_never_scheduled', 'dataset_produces_2', 'dataset_consumes_unknown_never_scheduled', 'dataset_consumes_1', 'conditional_dataset_and_time_based_timetable', 'consume_1_and_2_with_dataset_expressions' retrieved from /home/airflow/.local/lib/python3.12/site-packages/airflow/example_dags/example_datasets.py
[2024-09-02T01:41:29.687+0000] {logging_mixin.py:190} INFO - [2024-09-02T01:41:29.686+0000] {dag.py:3211} INFO - Sync 10 DAGs
[2024-09-02T01:41:29.711+0000] {logging_mixin.py:190} INFO - [2024-09-02T01:41:29.711+0000] {dag.py:4138} INFO - Setting next_dagrun for conditional_dataset_and_time_based_timetable to 2024-08-28 01:00:00+00:00, run_after=2024-08-28 01:00:00+00:00
[2024-09-02T01:41:29.717+0000] {logging_mixin.py:190} INFO - [2024-09-02T01:41:29.717+0000] {dag.py:4138} INFO - Setting next_dagrun for consume_1_and_2_with_dataset_expressions to None, run_after=None
[2024-09-02T01:41:29.724+0000] {logging_mixin.py:190} INFO - [2024-09-02T01:41:29.724+0000] {dag.py:4138} INFO - Setting next_dagrun for consume_1_or_2_with_dataset_expressions to None, run_after=None
[2024-09-02T01:41:29.727+0000] {logging_mixin.py:190} INFO - [2024-09-02T01:41:29.726+0000] {dag.py:4138} INFO - Setting next_dagrun for consume_1_or_both_2_and_3_with_dataset_expressions to None, run_after=None
[2024-09-02T01:41:29.729+0000] {logging_mixin.py:190} INFO - [2024-09-02T01:41:29.729+0000] {dag.py:4138} INFO - Setting next_dagrun for dataset_consumes_1 to None, run_after=None
[2024-09-02T01:41:29.731+0000] {logging_mixin.py:190} INFO - [2024-09-02T01:41:29.731+0000] {dag.py:4138} INFO - Setting next_dagrun for dataset_consumes_1_and_2 to None, run_after=None
[2024-09-02T01:41:29.732+0000] {logging_mixin.py:190} INFO - [2024-09-02T01:41:29.732+0000] {dag.py:4138} INFO - Setting next_dagrun for dataset_consumes_1_never_scheduled to None, run_after=None
[2024-09-02T01:41:29.734+0000] {logging_mixin.py:190} INFO - [2024-09-02T01:41:29.734+0000] {dag.py:4138} INFO - Setting next_dagrun for dataset_consumes_unknown_never_scheduled to None, run_after=None
[2024-09-02T01:41:29.737+0000] {logging_mixin.py:190} INFO - [2024-09-02T01:41:29.737+0000] {dag.py:4138} INFO - Setting next_dagrun for dataset_produces_1 to 2024-09-01 00:00:00+00:00, run_after=2024-09-02 00:00:00+00:00
[2024-09-02T01:41:29.741+0000] {logging_mixin.py:190} INFO - [2024-09-02T01:41:29.741+0000] {dag.py:4138} INFO - Setting next_dagrun for dataset_produces_2 to None, run_after=None
[2024-09-02T01:41:29.789+0000] {processor.py:208} INFO - Processing /home/airflow/.local/lib/python3.12/site-packages/airflow/example_dags/example_datasets.py took 0.242 seconds
[2024-09-02T01:42:00.540+0000] {processor.py:186} INFO - Started process (PID=1915) to work on /home/airflow/.local/lib/python3.12/site-packages/airflow/example_dags/example_datasets.py
[2024-09-02T01:42:00.542+0000] {processor.py:914} INFO - Processing file /home/airflow/.local/lib/python3.12/site-packages/airflow/example_dags/example_datasets.py for tasks to queue
[2024-09-02T01:42:00.544+0000] {logging_mixin.py:190} INFO - [2024-09-02T01:42:00.544+0000] {dagbag.py:587} INFO - Filling up the DagBag from /home/airflow/.local/lib/python3.12/site-packages/airflow/example_dags/example_datasets.py
[2024-09-02T01:42:00.644+0000] {processor.py:925} INFO - DAG(s) 'conditional_dataset_and_time_based_timetable', 'dataset_consumes_1_never_scheduled', 'dataset_consumes_1', 'consume_1_and_2_with_dataset_expressions', 'dataset_consumes_unknown_never_scheduled', 'dataset_consumes_1_and_2', 'dataset_produces_1', 'dataset_produces_2', 'consume_1_or_2_with_dataset_expressions', 'consume_1_or_both_2_and_3_with_dataset_expressions' retrieved from /home/airflow/.local/lib/python3.12/site-packages/airflow/example_dags/example_datasets.py
[2024-09-02T01:42:00.677+0000] {logging_mixin.py:190} INFO - [2024-09-02T01:42:00.676+0000] {dag.py:3211} INFO - Sync 10 DAGs
[2024-09-02T01:42:00.693+0000] {logging_mixin.py:190} INFO - [2024-09-02T01:42:00.693+0000] {dag.py:4138} INFO - Setting next_dagrun for conditional_dataset_and_time_based_timetable to 2024-08-28 01:00:00+00:00, run_after=2024-08-28 01:00:00+00:00
[2024-09-02T01:42:00.698+0000] {logging_mixin.py:190} INFO - [2024-09-02T01:42:00.697+0000] {dag.py:4138} INFO - Setting next_dagrun for consume_1_and_2_with_dataset_expressions to None, run_after=None
[2024-09-02T01:42:00.699+0000] {logging_mixin.py:190} INFO - [2024-09-02T01:42:00.699+0000] {dag.py:4138} INFO - Setting next_dagrun for consume_1_or_2_with_dataset_expressions to None, run_after=None
[2024-09-02T01:42:00.700+0000] {logging_mixin.py:190} INFO - [2024-09-02T01:42:00.700+0000] {dag.py:4138} INFO - Setting next_dagrun for consume_1_or_both_2_and_3_with_dataset_expressions to None, run_after=None
[2024-09-02T01:42:00.704+0000] {logging_mixin.py:190} INFO - [2024-09-02T01:42:00.704+0000] {dag.py:4138} INFO - Setting next_dagrun for dataset_consumes_1 to None, run_after=None
[2024-09-02T01:42:00.706+0000] {logging_mixin.py:190} INFO - [2024-09-02T01:42:00.706+0000] {dag.py:4138} INFO - Setting next_dagrun for dataset_consumes_1_and_2 to None, run_after=None
[2024-09-02T01:42:00.708+0000] {logging_mixin.py:190} INFO - [2024-09-02T01:42:00.707+0000] {dag.py:4138} INFO - Setting next_dagrun for dataset_consumes_1_never_scheduled to None, run_after=None
[2024-09-02T01:42:00.709+0000] {logging_mixin.py:190} INFO - [2024-09-02T01:42:00.709+0000] {dag.py:4138} INFO - Setting next_dagrun for dataset_consumes_unknown_never_scheduled to None, run_after=None
[2024-09-02T01:42:00.711+0000] {logging_mixin.py:190} INFO - [2024-09-02T01:42:00.711+0000] {dag.py:4138} INFO - Setting next_dagrun for dataset_produces_1 to 2024-09-01 00:00:00+00:00, run_after=2024-09-02 00:00:00+00:00
[2024-09-02T01:42:00.713+0000] {logging_mixin.py:190} INFO - [2024-09-02T01:42:00.713+0000] {dag.py:4138} INFO - Setting next_dagrun for dataset_produces_2 to None, run_after=None
[2024-09-02T01:42:00.733+0000] {processor.py:208} INFO - Processing /home/airflow/.local/lib/python3.12/site-packages/airflow/example_dags/example_datasets.py took 0.197 seconds
[2024-09-02T01:42:31.565+0000] {processor.py:186} INFO - Started process (PID=2200) to work on /home/airflow/.local/lib/python3.12/site-packages/airflow/example_dags/example_datasets.py
[2024-09-02T01:42:31.567+0000] {processor.py:914} INFO - Processing file /home/airflow/.local/lib/python3.12/site-packages/airflow/example_dags/example_datasets.py for tasks to queue
[2024-09-02T01:42:31.570+0000] {logging_mixin.py:190} INFO - [2024-09-02T01:42:31.569+0000] {dagbag.py:587} INFO - Filling up the DagBag from /home/airflow/.local/lib/python3.12/site-packages/airflow/example_dags/example_datasets.py
[2024-09-02T01:42:31.676+0000] {processor.py:925} INFO - DAG(s) 'dataset_produces_1', 'consume_1_and_2_with_dataset_expressions', 'dataset_consumes_1_never_scheduled', 'dataset_consumes_1', 'conditional_dataset_and_time_based_timetable', 'dataset_consumes_unknown_never_scheduled', 'dataset_consumes_1_and_2', 'dataset_produces_2', 'consume_1_or_both_2_and_3_with_dataset_expressions', 'consume_1_or_2_with_dataset_expressions' retrieved from /home/airflow/.local/lib/python3.12/site-packages/airflow/example_dags/example_datasets.py
[2024-09-02T01:42:31.703+0000] {logging_mixin.py:190} INFO - [2024-09-02T01:42:31.702+0000] {dag.py:3211} INFO - Sync 10 DAGs
[2024-09-02T01:42:31.723+0000] {logging_mixin.py:190} INFO - [2024-09-02T01:42:31.723+0000] {dag.py:4138} INFO - Setting next_dagrun for conditional_dataset_and_time_based_timetable to 2024-08-28 01:00:00+00:00, run_after=2024-08-28 01:00:00+00:00
[2024-09-02T01:42:31.727+0000] {logging_mixin.py:190} INFO - [2024-09-02T01:42:31.726+0000] {dag.py:4138} INFO - Setting next_dagrun for consume_1_and_2_with_dataset_expressions to None, run_after=None
[2024-09-02T01:42:31.729+0000] {logging_mixin.py:190} INFO - [2024-09-02T01:42:31.729+0000] {dag.py:4138} INFO - Setting next_dagrun for consume_1_or_2_with_dataset_expressions to None, run_after=None
[2024-09-02T01:42:31.731+0000] {logging_mixin.py:190} INFO - [2024-09-02T01:42:31.731+0000] {dag.py:4138} INFO - Setting next_dagrun for consume_1_or_both_2_and_3_with_dataset_expressions to None, run_after=None
[2024-09-02T01:42:31.736+0000] {logging_mixin.py:190} INFO - [2024-09-02T01:42:31.736+0000] {dag.py:4138} INFO - Setting next_dagrun for dataset_consumes_1 to None, run_after=None
[2024-09-02T01:42:31.741+0000] {logging_mixin.py:190} INFO - [2024-09-02T01:42:31.741+0000] {dag.py:4138} INFO - Setting next_dagrun for dataset_consumes_1_and_2 to None, run_after=None
[2024-09-02T01:42:31.745+0000] {logging_mixin.py:190} INFO - [2024-09-02T01:42:31.745+0000] {dag.py:4138} INFO - Setting next_dagrun for dataset_consumes_1_never_scheduled to None, run_after=None
[2024-09-02T01:42:31.748+0000] {logging_mixin.py:190} INFO - [2024-09-02T01:42:31.748+0000] {dag.py:4138} INFO - Setting next_dagrun for dataset_consumes_unknown_never_scheduled to None, run_after=None
[2024-09-02T01:42:31.754+0000] {logging_mixin.py:190} INFO - [2024-09-02T01:42:31.752+0000] {dag.py:4138} INFO - Setting next_dagrun for dataset_produces_1 to 2024-09-01 00:00:00+00:00, run_after=2024-09-02 00:00:00+00:00
[2024-09-02T01:42:31.762+0000] {logging_mixin.py:190} INFO - [2024-09-02T01:42:31.762+0000] {dag.py:4138} INFO - Setting next_dagrun for dataset_produces_2 to None, run_after=None
[2024-09-02T01:42:31.894+0000] {processor.py:208} INFO - Processing /home/airflow/.local/lib/python3.12/site-packages/airflow/example_dags/example_datasets.py took 0.332 seconds
[2024-09-02T01:43:02.325+0000] {processor.py:186} INFO - Started process (PID=2491) to work on /home/airflow/.local/lib/python3.12/site-packages/airflow/example_dags/example_datasets.py
[2024-09-02T01:43:02.328+0000] {processor.py:914} INFO - Processing file /home/airflow/.local/lib/python3.12/site-packages/airflow/example_dags/example_datasets.py for tasks to queue
[2024-09-02T01:43:02.330+0000] {logging_mixin.py:190} INFO - [2024-09-02T01:43:02.330+0000] {dagbag.py:587} INFO - Filling up the DagBag from /home/airflow/.local/lib/python3.12/site-packages/airflow/example_dags/example_datasets.py
[2024-09-02T01:43:02.444+0000] {processor.py:925} INFO - DAG(s) 'dataset_consumes_1', 'consume_1_and_2_with_dataset_expressions', 'dataset_consumes_1_never_scheduled', 'dataset_produces_1', 'conditional_dataset_and_time_based_timetable', 'dataset_consumes_1_and_2', 'dataset_produces_2', 'consume_1_or_2_with_dataset_expressions', 'dataset_consumes_unknown_never_scheduled', 'consume_1_or_both_2_and_3_with_dataset_expressions' retrieved from /home/airflow/.local/lib/python3.12/site-packages/airflow/example_dags/example_datasets.py
[2024-09-02T01:43:02.488+0000] {logging_mixin.py:190} INFO - [2024-09-02T01:43:02.488+0000] {dag.py:3211} INFO - Sync 10 DAGs
[2024-09-02T01:43:02.509+0000] {logging_mixin.py:190} INFO - [2024-09-02T01:43:02.509+0000] {dag.py:4138} INFO - Setting next_dagrun for conditional_dataset_and_time_based_timetable to 2024-08-28 01:00:00+00:00, run_after=2024-08-28 01:00:00+00:00
[2024-09-02T01:43:02.512+0000] {logging_mixin.py:190} INFO - [2024-09-02T01:43:02.512+0000] {dag.py:4138} INFO - Setting next_dagrun for consume_1_and_2_with_dataset_expressions to None, run_after=None
[2024-09-02T01:43:02.516+0000] {logging_mixin.py:190} INFO - [2024-09-02T01:43:02.516+0000] {dag.py:4138} INFO - Setting next_dagrun for consume_1_or_2_with_dataset_expressions to None, run_after=None
[2024-09-02T01:43:02.518+0000] {logging_mixin.py:190} INFO - [2024-09-02T01:43:02.518+0000] {dag.py:4138} INFO - Setting next_dagrun for consume_1_or_both_2_and_3_with_dataset_expressions to None, run_after=None
[2024-09-02T01:43:02.522+0000] {logging_mixin.py:190} INFO - [2024-09-02T01:43:02.522+0000] {dag.py:4138} INFO - Setting next_dagrun for dataset_consumes_1 to None, run_after=None
[2024-09-02T01:43:02.524+0000] {logging_mixin.py:190} INFO - [2024-09-02T01:43:02.524+0000] {dag.py:4138} INFO - Setting next_dagrun for dataset_consumes_1_and_2 to None, run_after=None
[2024-09-02T01:43:02.525+0000] {logging_mixin.py:190} INFO - [2024-09-02T01:43:02.525+0000] {dag.py:4138} INFO - Setting next_dagrun for dataset_consumes_1_never_scheduled to None, run_after=None
[2024-09-02T01:43:02.529+0000] {logging_mixin.py:190} INFO - [2024-09-02T01:43:02.529+0000] {dag.py:4138} INFO - Setting next_dagrun for dataset_consumes_unknown_never_scheduled to None, run_after=None
[2024-09-02T01:43:02.533+0000] {logging_mixin.py:190} INFO - [2024-09-02T01:43:02.533+0000] {dag.py:4138} INFO - Setting next_dagrun for dataset_produces_1 to 2024-09-01 00:00:00+00:00, run_after=2024-09-02 00:00:00+00:00
[2024-09-02T01:43:02.536+0000] {logging_mixin.py:190} INFO - [2024-09-02T01:43:02.536+0000] {dag.py:4138} INFO - Setting next_dagrun for dataset_produces_2 to None, run_after=None
[2024-09-02T01:43:02.560+0000] {processor.py:208} INFO - Processing /home/airflow/.local/lib/python3.12/site-packages/airflow/example_dags/example_datasets.py took 0.241 seconds
[2024-09-02T01:43:33.230+0000] {processor.py:186} INFO - Started process (PID=2772) to work on /home/airflow/.local/lib/python3.12/site-packages/airflow/example_dags/example_datasets.py
[2024-09-02T01:43:33.232+0000] {processor.py:914} INFO - Processing file /home/airflow/.local/lib/python3.12/site-packages/airflow/example_dags/example_datasets.py for tasks to queue
[2024-09-02T01:43:33.235+0000] {logging_mixin.py:190} INFO - [2024-09-02T01:43:33.234+0000] {dagbag.py:587} INFO - Filling up the DagBag from /home/airflow/.local/lib/python3.12/site-packages/airflow/example_dags/example_datasets.py
[2024-09-02T01:43:33.340+0000] {processor.py:925} INFO - DAG(s) 'consume_1_or_2_with_dataset_expressions', 'dataset_consumes_1_never_scheduled', 'dataset_consumes_1', 'dataset_consumes_1_and_2', 'dataset_produces_1', 'dataset_produces_2', 'consume_1_and_2_with_dataset_expressions', 'conditional_dataset_and_time_based_timetable', 'consume_1_or_both_2_and_3_with_dataset_expressions', 'dataset_consumes_unknown_never_scheduled' retrieved from /home/airflow/.local/lib/python3.12/site-packages/airflow/example_dags/example_datasets.py
[2024-09-02T01:43:33.375+0000] {logging_mixin.py:190} INFO - [2024-09-02T01:43:33.375+0000] {dag.py:3211} INFO - Sync 10 DAGs
[2024-09-02T01:43:33.393+0000] {logging_mixin.py:190} INFO - [2024-09-02T01:43:33.393+0000] {dag.py:4138} INFO - Setting next_dagrun for conditional_dataset_and_time_based_timetable to 2024-08-28 01:00:00+00:00, run_after=2024-08-28 01:00:00+00:00
[2024-09-02T01:43:33.397+0000] {logging_mixin.py:190} INFO - [2024-09-02T01:43:33.396+0000] {dag.py:4138} INFO - Setting next_dagrun for consume_1_and_2_with_dataset_expressions to None, run_after=None
[2024-09-02T01:43:33.404+0000] {logging_mixin.py:190} INFO - [2024-09-02T01:43:33.404+0000] {dag.py:4138} INFO - Setting next_dagrun for consume_1_or_2_with_dataset_expressions to None, run_after=None
[2024-09-02T01:43:33.406+0000] {logging_mixin.py:190} INFO - [2024-09-02T01:43:33.406+0000] {dag.py:4138} INFO - Setting next_dagrun for consume_1_or_both_2_and_3_with_dataset_expressions to None, run_after=None
[2024-09-02T01:43:33.408+0000] {logging_mixin.py:190} INFO - [2024-09-02T01:43:33.407+0000] {dag.py:4138} INFO - Setting next_dagrun for dataset_consumes_1 to None, run_after=None
[2024-09-02T01:43:33.410+0000] {logging_mixin.py:190} INFO - [2024-09-02T01:43:33.410+0000] {dag.py:4138} INFO - Setting next_dagrun for dataset_consumes_1_and_2 to None, run_after=None
[2024-09-02T01:43:33.412+0000] {logging_mixin.py:190} INFO - [2024-09-02T01:43:33.412+0000] {dag.py:4138} INFO - Setting next_dagrun for dataset_consumes_1_never_scheduled to None, run_after=None
[2024-09-02T01:43:33.414+0000] {logging_mixin.py:190} INFO - [2024-09-02T01:43:33.413+0000] {dag.py:4138} INFO - Setting next_dagrun for dataset_consumes_unknown_never_scheduled to None, run_after=None
[2024-09-02T01:43:33.416+0000] {logging_mixin.py:190} INFO - [2024-09-02T01:43:33.416+0000] {dag.py:4138} INFO - Setting next_dagrun for dataset_produces_1 to 2024-09-01 00:00:00+00:00, run_after=2024-09-02 00:00:00+00:00
[2024-09-02T01:43:33.418+0000] {logging_mixin.py:190} INFO - [2024-09-02T01:43:33.417+0000] {dag.py:4138} INFO - Setting next_dagrun for dataset_produces_2 to None, run_after=None
[2024-09-02T01:43:33.439+0000] {processor.py:208} INFO - Processing /home/airflow/.local/lib/python3.12/site-packages/airflow/example_dags/example_datasets.py took 0.215 seconds
[2024-09-02T01:44:04.111+0000] {processor.py:186} INFO - Started process (PID=3059) to work on /home/airflow/.local/lib/python3.12/site-packages/airflow/example_dags/example_datasets.py
[2024-09-02T01:44:04.113+0000] {processor.py:914} INFO - Processing file /home/airflow/.local/lib/python3.12/site-packages/airflow/example_dags/example_datasets.py for tasks to queue
[2024-09-02T01:44:04.115+0000] {logging_mixin.py:190} INFO - [2024-09-02T01:44:04.115+0000] {dagbag.py:587} INFO - Filling up the DagBag from /home/airflow/.local/lib/python3.12/site-packages/airflow/example_dags/example_datasets.py
[2024-09-02T01:44:04.204+0000] {processor.py:925} INFO - DAG(s) 'dataset_produces_1', 'consume_1_and_2_with_dataset_expressions', 'consume_1_or_2_with_dataset_expressions', 'dataset_consumes_1_never_scheduled', 'dataset_consumes_1', 'consume_1_or_both_2_and_3_with_dataset_expressions', 'dataset_produces_2', 'conditional_dataset_and_time_based_timetable', 'dataset_consumes_unknown_never_scheduled', 'dataset_consumes_1_and_2' retrieved from /home/airflow/.local/lib/python3.12/site-packages/airflow/example_dags/example_datasets.py
[2024-09-02T01:44:04.230+0000] {logging_mixin.py:190} INFO - [2024-09-02T01:44:04.230+0000] {dag.py:3211} INFO - Sync 10 DAGs
[2024-09-02T01:44:04.248+0000] {logging_mixin.py:190} INFO - [2024-09-02T01:44:04.248+0000] {dag.py:4138} INFO - Setting next_dagrun for conditional_dataset_and_time_based_timetable to 2024-08-28 01:00:00+00:00, run_after=2024-08-28 01:00:00+00:00
[2024-09-02T01:44:04.251+0000] {logging_mixin.py:190} INFO - [2024-09-02T01:44:04.251+0000] {dag.py:4138} INFO - Setting next_dagrun for consume_1_and_2_with_dataset_expressions to None, run_after=None
[2024-09-02T01:44:04.253+0000] {logging_mixin.py:190} INFO - [2024-09-02T01:44:04.252+0000] {dag.py:4138} INFO - Setting next_dagrun for consume_1_or_2_with_dataset_expressions to None, run_after=None
[2024-09-02T01:44:04.254+0000] {logging_mixin.py:190} INFO - [2024-09-02T01:44:04.254+0000] {dag.py:4138} INFO - Setting next_dagrun for consume_1_or_both_2_and_3_with_dataset_expressions to None, run_after=None
[2024-09-02T01:44:04.255+0000] {logging_mixin.py:190} INFO - [2024-09-02T01:44:04.255+0000] {dag.py:4138} INFO - Setting next_dagrun for dataset_consumes_1 to None, run_after=None
[2024-09-02T01:44:04.257+0000] {logging_mixin.py:190} INFO - [2024-09-02T01:44:04.257+0000] {dag.py:4138} INFO - Setting next_dagrun for dataset_consumes_1_and_2 to None, run_after=None
[2024-09-02T01:44:04.259+0000] {logging_mixin.py:190} INFO - [2024-09-02T01:44:04.259+0000] {dag.py:4138} INFO - Setting next_dagrun for dataset_consumes_1_never_scheduled to None, run_after=None
[2024-09-02T01:44:04.262+0000] {logging_mixin.py:190} INFO - [2024-09-02T01:44:04.262+0000] {dag.py:4138} INFO - Setting next_dagrun for dataset_consumes_unknown_never_scheduled to None, run_after=None
[2024-09-02T01:44:04.264+0000] {logging_mixin.py:190} INFO - [2024-09-02T01:44:04.264+0000] {dag.py:4138} INFO - Setting next_dagrun for dataset_produces_1 to 2024-09-01 00:00:00+00:00, run_after=2024-09-02 00:00:00+00:00
[2024-09-02T01:44:04.266+0000] {logging_mixin.py:190} INFO - [2024-09-02T01:44:04.266+0000] {dag.py:4138} INFO - Setting next_dagrun for dataset_produces_2 to None, run_after=None
[2024-09-02T01:44:04.285+0000] {processor.py:208} INFO - Processing /home/airflow/.local/lib/python3.12/site-packages/airflow/example_dags/example_datasets.py took 0.178 seconds
[2024-09-02T01:44:34.595+0000] {processor.py:186} INFO - Started process (PID=3345) to work on /home/airflow/.local/lib/python3.12/site-packages/airflow/example_dags/example_datasets.py
[2024-09-02T01:44:34.598+0000] {processor.py:914} INFO - Processing file /home/airflow/.local/lib/python3.12/site-packages/airflow/example_dags/example_datasets.py for tasks to queue
[2024-09-02T01:44:34.600+0000] {logging_mixin.py:190} INFO - [2024-09-02T01:44:34.600+0000] {dagbag.py:587} INFO - Filling up the DagBag from /home/airflow/.local/lib/python3.12/site-packages/airflow/example_dags/example_datasets.py
[2024-09-02T01:44:34.699+0000] {processor.py:925} INFO - DAG(s) 'conditional_dataset_and_time_based_timetable', 'dataset_consumes_1', 'consume_1_or_2_with_dataset_expressions', 'dataset_produces_1', 'dataset_produces_2', 'dataset_consumes_1_and_2', 'consume_1_and_2_with_dataset_expressions', 'dataset_consumes_1_never_scheduled', 'consume_1_or_both_2_and_3_with_dataset_expressions', 'dataset_consumes_unknown_never_scheduled' retrieved from /home/airflow/.local/lib/python3.12/site-packages/airflow/example_dags/example_datasets.py
[2024-09-02T01:44:34.735+0000] {logging_mixin.py:190} INFO - [2024-09-02T01:44:34.735+0000] {dag.py:3211} INFO - Sync 10 DAGs
[2024-09-02T01:44:34.755+0000] {logging_mixin.py:190} INFO - [2024-09-02T01:44:34.755+0000] {dag.py:4138} INFO - Setting next_dagrun for conditional_dataset_and_time_based_timetable to 2024-08-28 01:00:00+00:00, run_after=2024-08-28 01:00:00+00:00
[2024-09-02T01:44:34.760+0000] {logging_mixin.py:190} INFO - [2024-09-02T01:44:34.760+0000] {dag.py:4138} INFO - Setting next_dagrun for consume_1_and_2_with_dataset_expressions to None, run_after=None
[2024-09-02T01:44:34.764+0000] {logging_mixin.py:190} INFO - [2024-09-02T01:44:34.764+0000] {dag.py:4138} INFO - Setting next_dagrun for consume_1_or_2_with_dataset_expressions to None, run_after=None
[2024-09-02T01:44:34.767+0000] {logging_mixin.py:190} INFO - [2024-09-02T01:44:34.767+0000] {dag.py:4138} INFO - Setting next_dagrun for consume_1_or_both_2_and_3_with_dataset_expressions to None, run_after=None
[2024-09-02T01:44:34.768+0000] {logging_mixin.py:190} INFO - [2024-09-02T01:44:34.768+0000] {dag.py:4138} INFO - Setting next_dagrun for dataset_consumes_1 to None, run_after=None
[2024-09-02T01:44:34.770+0000] {logging_mixin.py:190} INFO - [2024-09-02T01:44:34.770+0000] {dag.py:4138} INFO - Setting next_dagrun for dataset_consumes_1_and_2 to None, run_after=None
[2024-09-02T01:44:34.771+0000] {logging_mixin.py:190} INFO - [2024-09-02T01:44:34.771+0000] {dag.py:4138} INFO - Setting next_dagrun for dataset_consumes_1_never_scheduled to None, run_after=None
[2024-09-02T01:44:34.772+0000] {logging_mixin.py:190} INFO - [2024-09-02T01:44:34.772+0000] {dag.py:4138} INFO - Setting next_dagrun for dataset_consumes_unknown_never_scheduled to None, run_after=None
[2024-09-02T01:44:34.774+0000] {logging_mixin.py:190} INFO - [2024-09-02T01:44:34.774+0000] {dag.py:4138} INFO - Setting next_dagrun for dataset_produces_1 to 2024-09-01 00:00:00+00:00, run_after=2024-09-02 00:00:00+00:00
[2024-09-02T01:44:34.777+0000] {logging_mixin.py:190} INFO - [2024-09-02T01:44:34.776+0000] {dag.py:4138} INFO - Setting next_dagrun for dataset_produces_2 to None, run_after=None
[2024-09-02T01:44:34.798+0000] {processor.py:208} INFO - Processing /home/airflow/.local/lib/python3.12/site-packages/airflow/example_dags/example_datasets.py took 0.207 seconds
[2024-09-02T01:54:43.247+0000] {processor.py:186} INFO - Started process (PID=443) to work on /home/airflow/.local/lib/python3.12/site-packages/airflow/example_dags/example_datasets.py
[2024-09-02T01:54:43.249+0000] {processor.py:914} INFO - Processing file /home/airflow/.local/lib/python3.12/site-packages/airflow/example_dags/example_datasets.py for tasks to queue
[2024-09-02T01:54:43.251+0000] {logging_mixin.py:190} INFO - [2024-09-02T01:54:43.251+0000] {dagbag.py:587} INFO - Filling up the DagBag from /home/airflow/.local/lib/python3.12/site-packages/airflow/example_dags/example_datasets.py
[2024-09-02T01:54:43.354+0000] {processor.py:925} INFO - DAG(s) 'dataset_consumes_1_and_2', 'dataset_produces_1', 'consume_1_and_2_with_dataset_expressions', 'consume_1_or_both_2_and_3_with_dataset_expressions', 'dataset_produces_2', 'dataset_consumes_unknown_never_scheduled', 'conditional_dataset_and_time_based_timetable', 'dataset_consumes_1_never_scheduled', 'consume_1_or_2_with_dataset_expressions', 'dataset_consumes_1' retrieved from /home/airflow/.local/lib/python3.12/site-packages/airflow/example_dags/example_datasets.py
[2024-09-02T01:54:43.384+0000] {logging_mixin.py:190} INFO - [2024-09-02T01:54:43.384+0000] {dag.py:3211} INFO - Sync 10 DAGs
[2024-09-02T01:54:43.399+0000] {logging_mixin.py:190} INFO - [2024-09-02T01:54:43.399+0000] {dag.py:4138} INFO - Setting next_dagrun for conditional_dataset_and_time_based_timetable to 2024-08-28 01:00:00+00:00, run_after=2024-08-28 01:00:00+00:00
[2024-09-02T01:54:43.402+0000] {logging_mixin.py:190} INFO - [2024-09-02T01:54:43.402+0000] {dag.py:4138} INFO - Setting next_dagrun for consume_1_and_2_with_dataset_expressions to None, run_after=None
[2024-09-02T01:54:43.404+0000] {logging_mixin.py:190} INFO - [2024-09-02T01:54:43.404+0000] {dag.py:4138} INFO - Setting next_dagrun for consume_1_or_2_with_dataset_expressions to None, run_after=None
[2024-09-02T01:54:43.405+0000] {logging_mixin.py:190} INFO - [2024-09-02T01:54:43.405+0000] {dag.py:4138} INFO - Setting next_dagrun for consume_1_or_both_2_and_3_with_dataset_expressions to None, run_after=None
[2024-09-02T01:54:43.407+0000] {logging_mixin.py:190} INFO - [2024-09-02T01:54:43.407+0000] {dag.py:4138} INFO - Setting next_dagrun for dataset_consumes_1 to None, run_after=None
[2024-09-02T01:54:43.408+0000] {logging_mixin.py:190} INFO - [2024-09-02T01:54:43.408+0000] {dag.py:4138} INFO - Setting next_dagrun for dataset_consumes_1_and_2 to None, run_after=None
[2024-09-02T01:54:43.409+0000] {logging_mixin.py:190} INFO - [2024-09-02T01:54:43.409+0000] {dag.py:4138} INFO - Setting next_dagrun for dataset_consumes_1_never_scheduled to None, run_after=None
[2024-09-02T01:54:43.410+0000] {logging_mixin.py:190} INFO - [2024-09-02T01:54:43.410+0000] {dag.py:4138} INFO - Setting next_dagrun for dataset_consumes_unknown_never_scheduled to None, run_after=None
[2024-09-02T01:54:43.412+0000] {logging_mixin.py:190} INFO - [2024-09-02T01:54:43.412+0000] {dag.py:4138} INFO - Setting next_dagrun for dataset_produces_1 to 2024-09-01 00:00:00+00:00, run_after=2024-09-02 00:00:00+00:00
[2024-09-02T01:54:43.413+0000] {logging_mixin.py:190} INFO - [2024-09-02T01:54:43.413+0000] {dag.py:4138} INFO - Setting next_dagrun for dataset_produces_2 to None, run_after=None
[2024-09-02T01:54:43.435+0000] {processor.py:208} INFO - Processing /home/airflow/.local/lib/python3.12/site-packages/airflow/example_dags/example_datasets.py took 0.192 seconds
[2024-09-02T01:55:14.307+0000] {processor.py:186} INFO - Started process (PID=753) to work on /home/airflow/.local/lib/python3.12/site-packages/airflow/example_dags/example_datasets.py
[2024-09-02T01:55:14.309+0000] {processor.py:914} INFO - Processing file /home/airflow/.local/lib/python3.12/site-packages/airflow/example_dags/example_datasets.py for tasks to queue
[2024-09-02T01:55:14.312+0000] {logging_mixin.py:190} INFO - [2024-09-02T01:55:14.311+0000] {dagbag.py:587} INFO - Filling up the DagBag from /home/airflow/.local/lib/python3.12/site-packages/airflow/example_dags/example_datasets.py
[2024-09-02T01:55:14.398+0000] {processor.py:925} INFO - DAG(s) 'consume_1_or_both_2_and_3_with_dataset_expressions', 'consume_1_or_2_with_dataset_expressions', 'dataset_consumes_1_never_scheduled', 'dataset_consumes_1_and_2', 'dataset_produces_2', 'consume_1_and_2_with_dataset_expressions', 'conditional_dataset_and_time_based_timetable', 'dataset_consumes_unknown_never_scheduled', 'dataset_consumes_1', 'dataset_produces_1' retrieved from /home/airflow/.local/lib/python3.12/site-packages/airflow/example_dags/example_datasets.py
[2024-09-02T01:55:14.425+0000] {logging_mixin.py:190} INFO - [2024-09-02T01:55:14.425+0000] {dag.py:3211} INFO - Sync 10 DAGs
[2024-09-02T01:55:14.443+0000] {logging_mixin.py:190} INFO - [2024-09-02T01:55:14.443+0000] {dag.py:4138} INFO - Setting next_dagrun for conditional_dataset_and_time_based_timetable to 2024-08-28 01:00:00+00:00, run_after=2024-08-28 01:00:00+00:00
[2024-09-02T01:55:14.447+0000] {logging_mixin.py:190} INFO - [2024-09-02T01:55:14.447+0000] {dag.py:4138} INFO - Setting next_dagrun for consume_1_and_2_with_dataset_expressions to None, run_after=None
[2024-09-02T01:55:14.448+0000] {logging_mixin.py:190} INFO - [2024-09-02T01:55:14.448+0000] {dag.py:4138} INFO - Setting next_dagrun for consume_1_or_2_with_dataset_expressions to None, run_after=None
[2024-09-02T01:55:14.451+0000] {logging_mixin.py:190} INFO - [2024-09-02T01:55:14.450+0000] {dag.py:4138} INFO - Setting next_dagrun for consume_1_or_both_2_and_3_with_dataset_expressions to None, run_after=None
[2024-09-02T01:55:14.452+0000] {logging_mixin.py:190} INFO - [2024-09-02T01:55:14.452+0000] {dag.py:4138} INFO - Setting next_dagrun for dataset_consumes_1 to None, run_after=None
[2024-09-02T01:55:14.454+0000] {logging_mixin.py:190} INFO - [2024-09-02T01:55:14.454+0000] {dag.py:4138} INFO - Setting next_dagrun for dataset_consumes_1_and_2 to None, run_after=None
[2024-09-02T01:55:14.455+0000] {logging_mixin.py:190} INFO - [2024-09-02T01:55:14.455+0000] {dag.py:4138} INFO - Setting next_dagrun for dataset_consumes_1_never_scheduled to None, run_after=None
[2024-09-02T01:55:14.457+0000] {logging_mixin.py:190} INFO - [2024-09-02T01:55:14.456+0000] {dag.py:4138} INFO - Setting next_dagrun for dataset_consumes_unknown_never_scheduled to None, run_after=None
[2024-09-02T01:55:14.458+0000] {logging_mixin.py:190} INFO - [2024-09-02T01:55:14.458+0000] {dag.py:4138} INFO - Setting next_dagrun for dataset_produces_1 to 2024-09-01 00:00:00+00:00, run_after=2024-09-02 00:00:00+00:00
[2024-09-02T01:55:14.460+0000] {logging_mixin.py:190} INFO - [2024-09-02T01:55:14.460+0000] {dag.py:4138} INFO - Setting next_dagrun for dataset_produces_2 to None, run_after=None
[2024-09-02T01:55:14.480+0000] {processor.py:208} INFO - Processing /home/airflow/.local/lib/python3.12/site-packages/airflow/example_dags/example_datasets.py took 0.177 seconds
[2024-09-02T01:55:44.815+0000] {processor.py:186} INFO - Started process (PID=1039) to work on /home/airflow/.local/lib/python3.12/site-packages/airflow/example_dags/example_datasets.py
[2024-09-02T01:55:44.817+0000] {processor.py:914} INFO - Processing file /home/airflow/.local/lib/python3.12/site-packages/airflow/example_dags/example_datasets.py for tasks to queue
[2024-09-02T01:55:44.819+0000] {logging_mixin.py:190} INFO - [2024-09-02T01:55:44.819+0000] {dagbag.py:587} INFO - Filling up the DagBag from /home/airflow/.local/lib/python3.12/site-packages/airflow/example_dags/example_datasets.py
[2024-09-02T01:55:44.917+0000] {processor.py:925} INFO - DAG(s) 'consume_1_or_both_2_and_3_with_dataset_expressions', 'dataset_consumes_unknown_never_scheduled', 'dataset_produces_2', 'dataset_consumes_1_never_scheduled', 'dataset_consumes_1_and_2', 'dataset_consumes_1', 'consume_1_or_2_with_dataset_expressions', 'conditional_dataset_and_time_based_timetable', 'consume_1_and_2_with_dataset_expressions', 'dataset_produces_1' retrieved from /home/airflow/.local/lib/python3.12/site-packages/airflow/example_dags/example_datasets.py
[2024-09-02T01:55:44.944+0000] {logging_mixin.py:190} INFO - [2024-09-02T01:55:44.944+0000] {dag.py:3211} INFO - Sync 10 DAGs
[2024-09-02T01:55:44.960+0000] {logging_mixin.py:190} INFO - [2024-09-02T01:55:44.960+0000] {dag.py:4138} INFO - Setting next_dagrun for conditional_dataset_and_time_based_timetable to 2024-08-28 01:00:00+00:00, run_after=2024-08-28 01:00:00+00:00
[2024-09-02T01:55:44.962+0000] {logging_mixin.py:190} INFO - [2024-09-02T01:55:44.962+0000] {dag.py:4138} INFO - Setting next_dagrun for consume_1_and_2_with_dataset_expressions to None, run_after=None
[2024-09-02T01:55:44.964+0000] {logging_mixin.py:190} INFO - [2024-09-02T01:55:44.964+0000] {dag.py:4138} INFO - Setting next_dagrun for consume_1_or_2_with_dataset_expressions to None, run_after=None
[2024-09-02T01:55:44.965+0000] {logging_mixin.py:190} INFO - [2024-09-02T01:55:44.965+0000] {dag.py:4138} INFO - Setting next_dagrun for consume_1_or_both_2_and_3_with_dataset_expressions to None, run_after=None
[2024-09-02T01:55:44.967+0000] {logging_mixin.py:190} INFO - [2024-09-02T01:55:44.967+0000] {dag.py:4138} INFO - Setting next_dagrun for dataset_consumes_1 to None, run_after=None
[2024-09-02T01:55:44.968+0000] {logging_mixin.py:190} INFO - [2024-09-02T01:55:44.968+0000] {dag.py:4138} INFO - Setting next_dagrun for dataset_consumes_1_and_2 to None, run_after=None
[2024-09-02T01:55:44.969+0000] {logging_mixin.py:190} INFO - [2024-09-02T01:55:44.969+0000] {dag.py:4138} INFO - Setting next_dagrun for dataset_consumes_1_never_scheduled to None, run_after=None
[2024-09-02T01:55:44.971+0000] {logging_mixin.py:190} INFO - [2024-09-02T01:55:44.971+0000] {dag.py:4138} INFO - Setting next_dagrun for dataset_consumes_unknown_never_scheduled to None, run_after=None
[2024-09-02T01:55:44.974+0000] {logging_mixin.py:190} INFO - [2024-09-02T01:55:44.974+0000] {dag.py:4138} INFO - Setting next_dagrun for dataset_produces_1 to 2024-09-01 00:00:00+00:00, run_after=2024-09-02 00:00:00+00:00
[2024-09-02T01:55:44.976+0000] {logging_mixin.py:190} INFO - [2024-09-02T01:55:44.976+0000] {dag.py:4138} INFO - Setting next_dagrun for dataset_produces_2 to None, run_after=None
[2024-09-02T01:55:44.996+0000] {processor.py:208} INFO - Processing /home/airflow/.local/lib/python3.12/site-packages/airflow/example_dags/example_datasets.py took 0.184 seconds
[2024-09-02T01:56:15.049+0000] {processor.py:186} INFO - Started process (PID=1328) to work on /home/airflow/.local/lib/python3.12/site-packages/airflow/example_dags/example_datasets.py
[2024-09-02T01:56:15.051+0000] {processor.py:914} INFO - Processing file /home/airflow/.local/lib/python3.12/site-packages/airflow/example_dags/example_datasets.py for tasks to queue
[2024-09-02T01:56:15.054+0000] {logging_mixin.py:190} INFO - [2024-09-02T01:56:15.053+0000] {dagbag.py:587} INFO - Filling up the DagBag from /home/airflow/.local/lib/python3.12/site-packages/airflow/example_dags/example_datasets.py
[2024-09-02T01:56:15.154+0000] {processor.py:925} INFO - DAG(s) 'consume_1_or_both_2_and_3_with_dataset_expressions', 'dataset_consumes_1_and_2', 'consume_1_and_2_with_dataset_expressions', 'dataset_consumes_1', 'consume_1_or_2_with_dataset_expressions', 'dataset_consumes_1_never_scheduled', 'dataset_consumes_unknown_never_scheduled', 'dataset_produces_1', 'dataset_produces_2', 'conditional_dataset_and_time_based_timetable' retrieved from /home/airflow/.local/lib/python3.12/site-packages/airflow/example_dags/example_datasets.py
[2024-09-02T01:56:15.198+0000] {logging_mixin.py:190} INFO - [2024-09-02T01:56:15.197+0000] {dag.py:3211} INFO - Sync 10 DAGs
[2024-09-02T01:56:15.225+0000] {logging_mixin.py:190} INFO - [2024-09-02T01:56:15.224+0000] {dag.py:4138} INFO - Setting next_dagrun for conditional_dataset_and_time_based_timetable to 2024-08-28 01:00:00+00:00, run_after=2024-08-28 01:00:00+00:00
[2024-09-02T01:56:15.230+0000] {logging_mixin.py:190} INFO - [2024-09-02T01:56:15.230+0000] {dag.py:4138} INFO - Setting next_dagrun for consume_1_and_2_with_dataset_expressions to None, run_after=None
[2024-09-02T01:56:15.232+0000] {logging_mixin.py:190} INFO - [2024-09-02T01:56:15.232+0000] {dag.py:4138} INFO - Setting next_dagrun for consume_1_or_2_with_dataset_expressions to None, run_after=None
[2024-09-02T01:56:15.234+0000] {logging_mixin.py:190} INFO - [2024-09-02T01:56:15.234+0000] {dag.py:4138} INFO - Setting next_dagrun for consume_1_or_both_2_and_3_with_dataset_expressions to None, run_after=None
[2024-09-02T01:56:15.239+0000] {logging_mixin.py:190} INFO - [2024-09-02T01:56:15.239+0000] {dag.py:4138} INFO - Setting next_dagrun for dataset_consumes_1 to None, run_after=None
[2024-09-02T01:56:15.242+0000] {logging_mixin.py:190} INFO - [2024-09-02T01:56:15.241+0000] {dag.py:4138} INFO - Setting next_dagrun for dataset_consumes_1_and_2 to None, run_after=None
[2024-09-02T01:56:15.244+0000] {logging_mixin.py:190} INFO - [2024-09-02T01:56:15.244+0000] {dag.py:4138} INFO - Setting next_dagrun for dataset_consumes_1_never_scheduled to None, run_after=None
[2024-09-02T01:56:15.246+0000] {logging_mixin.py:190} INFO - [2024-09-02T01:56:15.246+0000] {dag.py:4138} INFO - Setting next_dagrun for dataset_consumes_unknown_never_scheduled to None, run_after=None
[2024-09-02T01:56:15.249+0000] {logging_mixin.py:190} INFO - [2024-09-02T01:56:15.249+0000] {dag.py:4138} INFO - Setting next_dagrun for dataset_produces_1 to 2024-09-01 00:00:00+00:00, run_after=2024-09-02 00:00:00+00:00
[2024-09-02T01:56:15.251+0000] {logging_mixin.py:190} INFO - [2024-09-02T01:56:15.251+0000] {dag.py:4138} INFO - Setting next_dagrun for dataset_produces_2 to None, run_after=None
[2024-09-02T01:56:15.274+0000] {processor.py:208} INFO - Processing /home/airflow/.local/lib/python3.12/site-packages/airflow/example_dags/example_datasets.py took 0.230 seconds
[2024-09-02T01:56:45.409+0000] {processor.py:186} INFO - Started process (PID=1626) to work on /home/airflow/.local/lib/python3.12/site-packages/airflow/example_dags/example_datasets.py
[2024-09-02T01:56:45.410+0000] {processor.py:914} INFO - Processing file /home/airflow/.local/lib/python3.12/site-packages/airflow/example_dags/example_datasets.py for tasks to queue
[2024-09-02T01:56:45.412+0000] {logging_mixin.py:190} INFO - [2024-09-02T01:56:45.412+0000] {dagbag.py:587} INFO - Filling up the DagBag from /home/airflow/.local/lib/python3.12/site-packages/airflow/example_dags/example_datasets.py
[2024-09-02T01:56:45.499+0000] {processor.py:925} INFO - DAG(s) 'dataset_consumes_1', 'dataset_consumes_1_and_2', 'dataset_produces_1', 'consume_1_or_2_with_dataset_expressions', 'dataset_produces_2', 'consume_1_or_both_2_and_3_with_dataset_expressions', 'consume_1_and_2_with_dataset_expressions', 'conditional_dataset_and_time_based_timetable', 'dataset_consumes_unknown_never_scheduled', 'dataset_consumes_1_never_scheduled' retrieved from /home/airflow/.local/lib/python3.12/site-packages/airflow/example_dags/example_datasets.py
[2024-09-02T01:56:45.526+0000] {logging_mixin.py:190} INFO - [2024-09-02T01:56:45.526+0000] {dag.py:3211} INFO - Sync 10 DAGs
[2024-09-02T01:56:45.543+0000] {logging_mixin.py:190} INFO - [2024-09-02T01:56:45.543+0000] {dag.py:4138} INFO - Setting next_dagrun for conditional_dataset_and_time_based_timetable to 2024-08-28 01:00:00+00:00, run_after=2024-08-28 01:00:00+00:00
[2024-09-02T01:56:45.547+0000] {logging_mixin.py:190} INFO - [2024-09-02T01:56:45.547+0000] {dag.py:4138} INFO - Setting next_dagrun for consume_1_and_2_with_dataset_expressions to None, run_after=None
[2024-09-02T01:56:45.550+0000] {logging_mixin.py:190} INFO - [2024-09-02T01:56:45.549+0000] {dag.py:4138} INFO - Setting next_dagrun for consume_1_or_2_with_dataset_expressions to None, run_after=None
[2024-09-02T01:56:45.552+0000] {logging_mixin.py:190} INFO - [2024-09-02T01:56:45.551+0000] {dag.py:4138} INFO - Setting next_dagrun for consume_1_or_both_2_and_3_with_dataset_expressions to None, run_after=None
[2024-09-02T01:56:45.553+0000] {logging_mixin.py:190} INFO - [2024-09-02T01:56:45.553+0000] {dag.py:4138} INFO - Setting next_dagrun for dataset_consumes_1 to None, run_after=None
[2024-09-02T01:56:45.555+0000] {logging_mixin.py:190} INFO - [2024-09-02T01:56:45.554+0000] {dag.py:4138} INFO - Setting next_dagrun for dataset_consumes_1_and_2 to None, run_after=None
[2024-09-02T01:56:45.558+0000] {logging_mixin.py:190} INFO - [2024-09-02T01:56:45.558+0000] {dag.py:4138} INFO - Setting next_dagrun for dataset_consumes_1_never_scheduled to None, run_after=None
[2024-09-02T01:56:45.560+0000] {logging_mixin.py:190} INFO - [2024-09-02T01:56:45.560+0000] {dag.py:4138} INFO - Setting next_dagrun for dataset_consumes_unknown_never_scheduled to None, run_after=None
[2024-09-02T01:56:45.564+0000] {logging_mixin.py:190} INFO - [2024-09-02T01:56:45.563+0000] {dag.py:4138} INFO - Setting next_dagrun for dataset_produces_1 to 2024-09-01 00:00:00+00:00, run_after=2024-09-02 00:00:00+00:00
[2024-09-02T01:56:45.565+0000] {logging_mixin.py:190} INFO - [2024-09-02T01:56:45.565+0000] {dag.py:4138} INFO - Setting next_dagrun for dataset_produces_2 to None, run_after=None
[2024-09-02T01:56:45.590+0000] {processor.py:208} INFO - Processing /home/airflow/.local/lib/python3.12/site-packages/airflow/example_dags/example_datasets.py took 0.185 seconds
[2024-09-02T01:57:15.947+0000] {processor.py:186} INFO - Started process (PID=1899) to work on /home/airflow/.local/lib/python3.12/site-packages/airflow/example_dags/example_datasets.py
[2024-09-02T01:57:15.949+0000] {processor.py:914} INFO - Processing file /home/airflow/.local/lib/python3.12/site-packages/airflow/example_dags/example_datasets.py for tasks to queue
[2024-09-02T01:57:15.954+0000] {logging_mixin.py:190} INFO - [2024-09-02T01:57:15.953+0000] {dagbag.py:587} INFO - Filling up the DagBag from /home/airflow/.local/lib/python3.12/site-packages/airflow/example_dags/example_datasets.py
[2024-09-02T01:57:16.019+0000] {processor.py:925} INFO - DAG(s) 'dataset_consumes_1', 'dataset_consumes_1_never_scheduled', 'dataset_produces_2', 'consume_1_or_2_with_dataset_expressions', 'conditional_dataset_and_time_based_timetable', 'consume_1_or_both_2_and_3_with_dataset_expressions', 'dataset_consumes_unknown_never_scheduled', 'dataset_produces_1', 'dataset_consumes_1_and_2', 'consume_1_and_2_with_dataset_expressions' retrieved from /home/airflow/.local/lib/python3.12/site-packages/airflow/example_dags/example_datasets.py
[2024-09-02T01:57:16.041+0000] {logging_mixin.py:190} INFO - [2024-09-02T01:57:16.041+0000] {dag.py:3211} INFO - Sync 10 DAGs
[2024-09-02T01:57:16.055+0000] {logging_mixin.py:190} INFO - [2024-09-02T01:57:16.055+0000] {dag.py:4138} INFO - Setting next_dagrun for conditional_dataset_and_time_based_timetable to 2024-08-28 01:00:00+00:00, run_after=2024-08-28 01:00:00+00:00
[2024-09-02T01:57:16.059+0000] {logging_mixin.py:190} INFO - [2024-09-02T01:57:16.058+0000] {dag.py:4138} INFO - Setting next_dagrun for consume_1_and_2_with_dataset_expressions to None, run_after=None
[2024-09-02T01:57:16.060+0000] {logging_mixin.py:190} INFO - [2024-09-02T01:57:16.060+0000] {dag.py:4138} INFO - Setting next_dagrun for consume_1_or_2_with_dataset_expressions to None, run_after=None
[2024-09-02T01:57:16.061+0000] {logging_mixin.py:190} INFO - [2024-09-02T01:57:16.061+0000] {dag.py:4138} INFO - Setting next_dagrun for consume_1_or_both_2_and_3_with_dataset_expressions to None, run_after=None
[2024-09-02T01:57:16.063+0000] {logging_mixin.py:190} INFO - [2024-09-02T01:57:16.063+0000] {dag.py:4138} INFO - Setting next_dagrun for dataset_consumes_1 to None, run_after=None
[2024-09-02T01:57:16.064+0000] {logging_mixin.py:190} INFO - [2024-09-02T01:57:16.064+0000] {dag.py:4138} INFO - Setting next_dagrun for dataset_consumes_1_and_2 to None, run_after=None
[2024-09-02T01:57:16.067+0000] {logging_mixin.py:190} INFO - [2024-09-02T01:57:16.067+0000] {dag.py:4138} INFO - Setting next_dagrun for dataset_consumes_1_never_scheduled to None, run_after=None
[2024-09-02T01:57:16.069+0000] {logging_mixin.py:190} INFO - [2024-09-02T01:57:16.069+0000] {dag.py:4138} INFO - Setting next_dagrun for dataset_consumes_unknown_never_scheduled to None, run_after=None
[2024-09-02T01:57:16.071+0000] {logging_mixin.py:190} INFO - [2024-09-02T01:57:16.071+0000] {dag.py:4138} INFO - Setting next_dagrun for dataset_produces_1 to 2024-09-01 00:00:00+00:00, run_after=2024-09-02 00:00:00+00:00
[2024-09-02T01:57:16.072+0000] {logging_mixin.py:190} INFO - [2024-09-02T01:57:16.072+0000] {dag.py:4138} INFO - Setting next_dagrun for dataset_produces_2 to None, run_after=None
[2024-09-02T01:57:16.087+0000] {processor.py:208} INFO - Processing /home/airflow/.local/lib/python3.12/site-packages/airflow/example_dags/example_datasets.py took 0.146 seconds
[2024-09-02T01:57:46.190+0000] {processor.py:186} INFO - Started process (PID=2186) to work on /home/airflow/.local/lib/python3.12/site-packages/airflow/example_dags/example_datasets.py
[2024-09-02T01:57:46.192+0000] {processor.py:914} INFO - Processing file /home/airflow/.local/lib/python3.12/site-packages/airflow/example_dags/example_datasets.py for tasks to queue
[2024-09-02T01:57:46.194+0000] {logging_mixin.py:190} INFO - [2024-09-02T01:57:46.194+0000] {dagbag.py:587} INFO - Filling up the DagBag from /home/airflow/.local/lib/python3.12/site-packages/airflow/example_dags/example_datasets.py
[2024-09-02T01:57:46.256+0000] {processor.py:925} INFO - DAG(s) 'consume_1_or_2_with_dataset_expressions', 'dataset_consumes_1_never_scheduled', 'consume_1_or_both_2_and_3_with_dataset_expressions', 'dataset_consumes_unknown_never_scheduled', 'conditional_dataset_and_time_based_timetable', 'dataset_produces_2', 'dataset_consumes_1', 'dataset_produces_1', 'consume_1_and_2_with_dataset_expressions', 'dataset_consumes_1_and_2' retrieved from /home/airflow/.local/lib/python3.12/site-packages/airflow/example_dags/example_datasets.py
[2024-09-02T01:57:46.282+0000] {logging_mixin.py:190} INFO - [2024-09-02T01:57:46.282+0000] {dag.py:3211} INFO - Sync 10 DAGs
[2024-09-02T01:57:46.296+0000] {logging_mixin.py:190} INFO - [2024-09-02T01:57:46.296+0000] {dag.py:4138} INFO - Setting next_dagrun for conditional_dataset_and_time_based_timetable to 2024-08-28 01:00:00+00:00, run_after=2024-08-28 01:00:00+00:00
[2024-09-02T01:57:46.300+0000] {logging_mixin.py:190} INFO - [2024-09-02T01:57:46.300+0000] {dag.py:4138} INFO - Setting next_dagrun for consume_1_and_2_with_dataset_expressions to None, run_after=None
[2024-09-02T01:57:46.303+0000] {logging_mixin.py:190} INFO - [2024-09-02T01:57:46.302+0000] {dag.py:4138} INFO - Setting next_dagrun for consume_1_or_2_with_dataset_expressions to None, run_after=None
[2024-09-02T01:57:46.304+0000] {logging_mixin.py:190} INFO - [2024-09-02T01:57:46.304+0000] {dag.py:4138} INFO - Setting next_dagrun for consume_1_or_both_2_and_3_with_dataset_expressions to None, run_after=None
[2024-09-02T01:57:46.305+0000] {logging_mixin.py:190} INFO - [2024-09-02T01:57:46.305+0000] {dag.py:4138} INFO - Setting next_dagrun for dataset_consumes_1 to None, run_after=None
[2024-09-02T01:57:46.307+0000] {logging_mixin.py:190} INFO - [2024-09-02T01:57:46.307+0000] {dag.py:4138} INFO - Setting next_dagrun for dataset_consumes_1_and_2 to None, run_after=None
[2024-09-02T01:57:46.309+0000] {logging_mixin.py:190} INFO - [2024-09-02T01:57:46.309+0000] {dag.py:4138} INFO - Setting next_dagrun for dataset_consumes_1_never_scheduled to None, run_after=None
[2024-09-02T01:57:46.311+0000] {logging_mixin.py:190} INFO - [2024-09-02T01:57:46.311+0000] {dag.py:4138} INFO - Setting next_dagrun for dataset_consumes_unknown_never_scheduled to None, run_after=None
[2024-09-02T01:57:46.313+0000] {logging_mixin.py:190} INFO - [2024-09-02T01:57:46.313+0000] {dag.py:4138} INFO - Setting next_dagrun for dataset_produces_1 to 2024-09-01 00:00:00+00:00, run_after=2024-09-02 00:00:00+00:00
[2024-09-02T01:57:46.314+0000] {logging_mixin.py:190} INFO - [2024-09-02T01:57:46.314+0000] {dag.py:4138} INFO - Setting next_dagrun for dataset_produces_2 to None, run_after=None
[2024-09-02T01:57:46.330+0000] {processor.py:208} INFO - Processing /home/airflow/.local/lib/python3.12/site-packages/airflow/example_dags/example_datasets.py took 0.143 seconds
[2024-09-02T01:58:17.173+0000] {processor.py:186} INFO - Started process (PID=2472) to work on /home/airflow/.local/lib/python3.12/site-packages/airflow/example_dags/example_datasets.py
[2024-09-02T01:58:17.174+0000] {processor.py:914} INFO - Processing file /home/airflow/.local/lib/python3.12/site-packages/airflow/example_dags/example_datasets.py for tasks to queue
[2024-09-02T01:58:17.176+0000] {logging_mixin.py:190} INFO - [2024-09-02T01:58:17.176+0000] {dagbag.py:587} INFO - Filling up the DagBag from /home/airflow/.local/lib/python3.12/site-packages/airflow/example_dags/example_datasets.py
[2024-09-02T01:58:17.254+0000] {processor.py:925} INFO - DAG(s) 'dataset_consumes_unknown_never_scheduled', 'dataset_produces_1', 'dataset_consumes_1_and_2', 'dataset_consumes_1', 'dataset_produces_2', 'dataset_consumes_1_never_scheduled', 'consume_1_and_2_with_dataset_expressions', 'consume_1_or_2_with_dataset_expressions', 'conditional_dataset_and_time_based_timetable', 'consume_1_or_both_2_and_3_with_dataset_expressions' retrieved from /home/airflow/.local/lib/python3.12/site-packages/airflow/example_dags/example_datasets.py
[2024-09-02T01:58:17.280+0000] {logging_mixin.py:190} INFO - [2024-09-02T01:58:17.280+0000] {dag.py:3211} INFO - Sync 10 DAGs
[2024-09-02T01:58:17.295+0000] {logging_mixin.py:190} INFO - [2024-09-02T01:58:17.294+0000] {dag.py:4138} INFO - Setting next_dagrun for conditional_dataset_and_time_based_timetable to 2024-08-28 01:00:00+00:00, run_after=2024-08-28 01:00:00+00:00
[2024-09-02T01:58:17.297+0000] {logging_mixin.py:190} INFO - [2024-09-02T01:58:17.297+0000] {dag.py:4138} INFO - Setting next_dagrun for consume_1_and_2_with_dataset_expressions to None, run_after=None
[2024-09-02T01:58:17.299+0000] {logging_mixin.py:190} INFO - [2024-09-02T01:58:17.299+0000] {dag.py:4138} INFO - Setting next_dagrun for consume_1_or_2_with_dataset_expressions to None, run_after=None
[2024-09-02T01:58:17.300+0000] {logging_mixin.py:190} INFO - [2024-09-02T01:58:17.300+0000] {dag.py:4138} INFO - Setting next_dagrun for consume_1_or_both_2_and_3_with_dataset_expressions to None, run_after=None
[2024-09-02T01:58:17.301+0000] {logging_mixin.py:190} INFO - [2024-09-02T01:58:17.301+0000] {dag.py:4138} INFO - Setting next_dagrun for dataset_consumes_1 to None, run_after=None
[2024-09-02T01:58:17.302+0000] {logging_mixin.py:190} INFO - [2024-09-02T01:58:17.302+0000] {dag.py:4138} INFO - Setting next_dagrun for dataset_consumes_1_and_2 to None, run_after=None
[2024-09-02T01:58:17.304+0000] {logging_mixin.py:190} INFO - [2024-09-02T01:58:17.304+0000] {dag.py:4138} INFO - Setting next_dagrun for dataset_consumes_1_never_scheduled to None, run_after=None
[2024-09-02T01:58:17.305+0000] {logging_mixin.py:190} INFO - [2024-09-02T01:58:17.305+0000] {dag.py:4138} INFO - Setting next_dagrun for dataset_consumes_unknown_never_scheduled to None, run_after=None
[2024-09-02T01:58:17.307+0000] {logging_mixin.py:190} INFO - [2024-09-02T01:58:17.306+0000] {dag.py:4138} INFO - Setting next_dagrun for dataset_produces_1 to 2024-09-01 00:00:00+00:00, run_after=2024-09-02 00:00:00+00:00
[2024-09-02T01:58:17.308+0000] {logging_mixin.py:190} INFO - [2024-09-02T01:58:17.308+0000] {dag.py:4138} INFO - Setting next_dagrun for dataset_produces_2 to None, run_after=None
[2024-09-02T01:58:17.324+0000] {processor.py:208} INFO - Processing /home/airflow/.local/lib/python3.12/site-packages/airflow/example_dags/example_datasets.py took 0.155 seconds
