[2024-09-02T01:39:24.769+0000] {processor.py:186} INFO - Started process (PID=366) to work on /home/airflow/.local/lib/python3.12/site-packages/airflow/example_dags/tutorial_objectstorage.py
[2024-09-02T01:39:24.771+0000] {processor.py:914} INFO - Processing file /home/airflow/.local/lib/python3.12/site-packages/airflow/example_dags/tutorial_objectstorage.py for tasks to queue
[2024-09-02T01:39:24.774+0000] {logging_mixin.py:190} INFO - [2024-09-02T01:39:24.774+0000] {dagbag.py:587} INFO - Filling up the DagBag from /home/airflow/.local/lib/python3.12/site-packages/airflow/example_dags/tutorial_objectstorage.py
[2024-09-02T01:39:24.785+0000] {processor.py:925} INFO - DAG(s) 'tutorial_objectstorage' retrieved from /home/airflow/.local/lib/python3.12/site-packages/airflow/example_dags/tutorial_objectstorage.py
[2024-09-02T01:39:24.959+0000] {logging_mixin.py:190} INFO - [2024-09-02T01:39:24.959+0000] {override.py:1858} INFO - Created Permission View: can edit on DAG:tutorial_objectstorage
[2024-09-02T01:39:24.966+0000] {logging_mixin.py:190} INFO - [2024-09-02T01:39:24.966+0000] {override.py:1858} INFO - Created Permission View: can read on DAG:tutorial_objectstorage
[2024-09-02T01:39:24.971+0000] {logging_mixin.py:190} INFO - [2024-09-02T01:39:24.971+0000] {override.py:1858} INFO - Created Permission View: can delete on DAG:tutorial_objectstorage
[2024-09-02T01:39:24.972+0000] {logging_mixin.py:190} INFO - [2024-09-02T01:39:24.972+0000] {dag.py:3211} INFO - Sync 1 DAGs
[2024-09-02T01:39:24.990+0000] {logging_mixin.py:190} INFO - [2024-09-02T01:39:24.989+0000] {dag.py:3234} INFO - Creating ORM DAG for tutorial_objectstorage
[2024-09-02T01:39:24.994+0000] {logging_mixin.py:190} INFO - [2024-09-02T01:39:24.993+0000] {dag.py:4138} INFO - Setting next_dagrun for tutorial_objectstorage to None, run_after=None
[2024-09-02T01:39:25.031+0000] {processor.py:208} INFO - Processing /home/airflow/.local/lib/python3.12/site-packages/airflow/example_dags/tutorial_objectstorage.py took 0.268 seconds
[2024-09-02T01:39:55.449+0000] {processor.py:186} INFO - Started process (PID=654) to work on /home/airflow/.local/lib/python3.12/site-packages/airflow/example_dags/tutorial_objectstorage.py
[2024-09-02T01:39:55.450+0000] {processor.py:914} INFO - Processing file /home/airflow/.local/lib/python3.12/site-packages/airflow/example_dags/tutorial_objectstorage.py for tasks to queue
[2024-09-02T01:39:55.452+0000] {logging_mixin.py:190} INFO - [2024-09-02T01:39:55.452+0000] {dagbag.py:587} INFO - Filling up the DagBag from /home/airflow/.local/lib/python3.12/site-packages/airflow/example_dags/tutorial_objectstorage.py
[2024-09-02T01:39:55.459+0000] {processor.py:925} INFO - DAG(s) 'tutorial_objectstorage' retrieved from /home/airflow/.local/lib/python3.12/site-packages/airflow/example_dags/tutorial_objectstorage.py
[2024-09-02T01:39:55.472+0000] {logging_mixin.py:190} INFO - [2024-09-02T01:39:55.472+0000] {dag.py:3211} INFO - Sync 1 DAGs
[2024-09-02T01:39:55.481+0000] {logging_mixin.py:190} INFO - [2024-09-02T01:39:55.481+0000] {dag.py:4138} INFO - Setting next_dagrun for tutorial_objectstorage to None, run_after=None
[2024-09-02T01:39:55.490+0000] {processor.py:208} INFO - Processing /home/airflow/.local/lib/python3.12/site-packages/airflow/example_dags/tutorial_objectstorage.py took 0.046 seconds
[2024-09-02T01:40:26.679+0000] {processor.py:186} INFO - Started process (PID=938) to work on /home/airflow/.local/lib/python3.12/site-packages/airflow/example_dags/tutorial_objectstorage.py
[2024-09-02T01:40:26.683+0000] {processor.py:914} INFO - Processing file /home/airflow/.local/lib/python3.12/site-packages/airflow/example_dags/tutorial_objectstorage.py for tasks to queue
[2024-09-02T01:40:26.692+0000] {logging_mixin.py:190} INFO - [2024-09-02T01:40:26.691+0000] {dagbag.py:587} INFO - Filling up the DagBag from /home/airflow/.local/lib/python3.12/site-packages/airflow/example_dags/tutorial_objectstorage.py
[2024-09-02T01:40:26.706+0000] {processor.py:925} INFO - DAG(s) 'tutorial_objectstorage' retrieved from /home/airflow/.local/lib/python3.12/site-packages/airflow/example_dags/tutorial_objectstorage.py
[2024-09-02T01:40:26.724+0000] {logging_mixin.py:190} INFO - [2024-09-02T01:40:26.724+0000] {dag.py:3211} INFO - Sync 1 DAGs
[2024-09-02T01:40:26.735+0000] {logging_mixin.py:190} INFO - [2024-09-02T01:40:26.734+0000] {dag.py:4138} INFO - Setting next_dagrun for tutorial_objectstorage to None, run_after=None
[2024-09-02T01:40:26.750+0000] {processor.py:208} INFO - Processing /home/airflow/.local/lib/python3.12/site-packages/airflow/example_dags/tutorial_objectstorage.py took 0.075 seconds
[2024-09-02T01:40:57.122+0000] {processor.py:186} INFO - Started process (PID=1226) to work on /home/airflow/.local/lib/python3.12/site-packages/airflow/example_dags/tutorial_objectstorage.py
[2024-09-02T01:40:57.124+0000] {processor.py:914} INFO - Processing file /home/airflow/.local/lib/python3.12/site-packages/airflow/example_dags/tutorial_objectstorage.py for tasks to queue
[2024-09-02T01:40:57.126+0000] {logging_mixin.py:190} INFO - [2024-09-02T01:40:57.126+0000] {dagbag.py:587} INFO - Filling up the DagBag from /home/airflow/.local/lib/python3.12/site-packages/airflow/example_dags/tutorial_objectstorage.py
[2024-09-02T01:40:57.136+0000] {processor.py:925} INFO - DAG(s) 'tutorial_objectstorage' retrieved from /home/airflow/.local/lib/python3.12/site-packages/airflow/example_dags/tutorial_objectstorage.py
[2024-09-02T01:40:57.150+0000] {logging_mixin.py:190} INFO - [2024-09-02T01:40:57.149+0000] {dag.py:3211} INFO - Sync 1 DAGs
[2024-09-02T01:40:57.158+0000] {logging_mixin.py:190} INFO - [2024-09-02T01:40:57.158+0000] {dag.py:4138} INFO - Setting next_dagrun for tutorial_objectstorage to None, run_after=None
[2024-09-02T01:40:57.169+0000] {processor.py:208} INFO - Processing /home/airflow/.local/lib/python3.12/site-packages/airflow/example_dags/tutorial_objectstorage.py took 0.050 seconds
[2024-09-02T01:41:27.992+0000] {processor.py:186} INFO - Started process (PID=1543) to work on /home/airflow/.local/lib/python3.12/site-packages/airflow/example_dags/tutorial_objectstorage.py
[2024-09-02T01:41:27.994+0000] {processor.py:914} INFO - Processing file /home/airflow/.local/lib/python3.12/site-packages/airflow/example_dags/tutorial_objectstorage.py for tasks to queue
[2024-09-02T01:41:27.998+0000] {logging_mixin.py:190} INFO - [2024-09-02T01:41:27.998+0000] {dagbag.py:587} INFO - Filling up the DagBag from /home/airflow/.local/lib/python3.12/site-packages/airflow/example_dags/tutorial_objectstorage.py
[2024-09-02T01:41:28.007+0000] {processor.py:925} INFO - DAG(s) 'tutorial_objectstorage' retrieved from /home/airflow/.local/lib/python3.12/site-packages/airflow/example_dags/tutorial_objectstorage.py
[2024-09-02T01:41:28.026+0000] {logging_mixin.py:190} INFO - [2024-09-02T01:41:28.026+0000] {dag.py:3211} INFO - Sync 1 DAGs
[2024-09-02T01:41:28.037+0000] {logging_mixin.py:190} INFO - [2024-09-02T01:41:28.037+0000] {dag.py:4138} INFO - Setting next_dagrun for tutorial_objectstorage to None, run_after=None
[2024-09-02T01:41:28.051+0000] {processor.py:208} INFO - Processing /home/airflow/.local/lib/python3.12/site-packages/airflow/example_dags/tutorial_objectstorage.py took 0.063 seconds
[2024-09-02T01:41:59.088+0000] {processor.py:186} INFO - Started process (PID=1872) to work on /home/airflow/.local/lib/python3.12/site-packages/airflow/example_dags/tutorial_objectstorage.py
[2024-09-02T01:41:59.089+0000] {processor.py:914} INFO - Processing file /home/airflow/.local/lib/python3.12/site-packages/airflow/example_dags/tutorial_objectstorage.py for tasks to queue
[2024-09-02T01:41:59.091+0000] {logging_mixin.py:190} INFO - [2024-09-02T01:41:59.091+0000] {dagbag.py:587} INFO - Filling up the DagBag from /home/airflow/.local/lib/python3.12/site-packages/airflow/example_dags/tutorial_objectstorage.py
[2024-09-02T01:41:59.098+0000] {processor.py:925} INFO - DAG(s) 'tutorial_objectstorage' retrieved from /home/airflow/.local/lib/python3.12/site-packages/airflow/example_dags/tutorial_objectstorage.py
[2024-09-02T01:41:59.116+0000] {logging_mixin.py:190} INFO - [2024-09-02T01:41:59.116+0000] {dag.py:3211} INFO - Sync 1 DAGs
[2024-09-02T01:41:59.135+0000] {logging_mixin.py:190} INFO - [2024-09-02T01:41:59.135+0000] {dag.py:4138} INFO - Setting next_dagrun for tutorial_objectstorage to None, run_after=None
[2024-09-02T01:41:59.150+0000] {processor.py:208} INFO - Processing /home/airflow/.local/lib/python3.12/site-packages/airflow/example_dags/tutorial_objectstorage.py took 0.066 seconds
[2024-09-02T01:42:30.090+0000] {processor.py:186} INFO - Started process (PID=2155) to work on /home/airflow/.local/lib/python3.12/site-packages/airflow/example_dags/tutorial_objectstorage.py
[2024-09-02T01:42:30.091+0000] {processor.py:914} INFO - Processing file /home/airflow/.local/lib/python3.12/site-packages/airflow/example_dags/tutorial_objectstorage.py for tasks to queue
[2024-09-02T01:42:30.094+0000] {logging_mixin.py:190} INFO - [2024-09-02T01:42:30.094+0000] {dagbag.py:587} INFO - Filling up the DagBag from /home/airflow/.local/lib/python3.12/site-packages/airflow/example_dags/tutorial_objectstorage.py
[2024-09-02T01:42:30.101+0000] {processor.py:925} INFO - DAG(s) 'tutorial_objectstorage' retrieved from /home/airflow/.local/lib/python3.12/site-packages/airflow/example_dags/tutorial_objectstorage.py
[2024-09-02T01:42:30.117+0000] {logging_mixin.py:190} INFO - [2024-09-02T01:42:30.117+0000] {dag.py:3211} INFO - Sync 1 DAGs
[2024-09-02T01:42:30.126+0000] {logging_mixin.py:190} INFO - [2024-09-02T01:42:30.126+0000] {dag.py:4138} INFO - Setting next_dagrun for tutorial_objectstorage to None, run_after=None
[2024-09-02T01:42:30.137+0000] {processor.py:208} INFO - Processing /home/airflow/.local/lib/python3.12/site-packages/airflow/example_dags/tutorial_objectstorage.py took 0.051 seconds
[2024-09-02T01:43:01.506+0000] {processor.py:186} INFO - Started process (PID=2443) to work on /home/airflow/.local/lib/python3.12/site-packages/airflow/example_dags/tutorial_objectstorage.py
[2024-09-02T01:43:01.508+0000] {processor.py:914} INFO - Processing file /home/airflow/.local/lib/python3.12/site-packages/airflow/example_dags/tutorial_objectstorage.py for tasks to queue
[2024-09-02T01:43:01.510+0000] {logging_mixin.py:190} INFO - [2024-09-02T01:43:01.510+0000] {dagbag.py:587} INFO - Filling up the DagBag from /home/airflow/.local/lib/python3.12/site-packages/airflow/example_dags/tutorial_objectstorage.py
[2024-09-02T01:43:01.517+0000] {processor.py:925} INFO - DAG(s) 'tutorial_objectstorage' retrieved from /home/airflow/.local/lib/python3.12/site-packages/airflow/example_dags/tutorial_objectstorage.py
[2024-09-02T01:43:01.532+0000] {logging_mixin.py:190} INFO - [2024-09-02T01:43:01.531+0000] {dag.py:3211} INFO - Sync 1 DAGs
[2024-09-02T01:43:01.541+0000] {logging_mixin.py:190} INFO - [2024-09-02T01:43:01.540+0000] {dag.py:4138} INFO - Setting next_dagrun for tutorial_objectstorage to None, run_after=None
[2024-09-02T01:43:01.552+0000] {processor.py:208} INFO - Processing /home/airflow/.local/lib/python3.12/site-packages/airflow/example_dags/tutorial_objectstorage.py took 0.049 seconds
[2024-09-02T01:43:31.764+0000] {processor.py:186} INFO - Started process (PID=2729) to work on /home/airflow/.local/lib/python3.12/site-packages/airflow/example_dags/tutorial_objectstorage.py
[2024-09-02T01:43:31.765+0000] {processor.py:914} INFO - Processing file /home/airflow/.local/lib/python3.12/site-packages/airflow/example_dags/tutorial_objectstorage.py for tasks to queue
[2024-09-02T01:43:31.767+0000] {logging_mixin.py:190} INFO - [2024-09-02T01:43:31.767+0000] {dagbag.py:587} INFO - Filling up the DagBag from /home/airflow/.local/lib/python3.12/site-packages/airflow/example_dags/tutorial_objectstorage.py
[2024-09-02T01:43:31.773+0000] {processor.py:925} INFO - DAG(s) 'tutorial_objectstorage' retrieved from /home/airflow/.local/lib/python3.12/site-packages/airflow/example_dags/tutorial_objectstorage.py
[2024-09-02T01:43:31.785+0000] {logging_mixin.py:190} INFO - [2024-09-02T01:43:31.785+0000] {dag.py:3211} INFO - Sync 1 DAGs
[2024-09-02T01:43:31.794+0000] {logging_mixin.py:190} INFO - [2024-09-02T01:43:31.794+0000] {dag.py:4138} INFO - Setting next_dagrun for tutorial_objectstorage to None, run_after=None
[2024-09-02T01:43:31.804+0000] {processor.py:208} INFO - Processing /home/airflow/.local/lib/python3.12/site-packages/airflow/example_dags/tutorial_objectstorage.py took 0.044 seconds
[2024-09-02T01:44:02.673+0000] {processor.py:186} INFO - Started process (PID=3016) to work on /home/airflow/.local/lib/python3.12/site-packages/airflow/example_dags/tutorial_objectstorage.py
[2024-09-02T01:44:02.675+0000] {processor.py:914} INFO - Processing file /home/airflow/.local/lib/python3.12/site-packages/airflow/example_dags/tutorial_objectstorage.py for tasks to queue
[2024-09-02T01:44:02.677+0000] {logging_mixin.py:190} INFO - [2024-09-02T01:44:02.677+0000] {dagbag.py:587} INFO - Filling up the DagBag from /home/airflow/.local/lib/python3.12/site-packages/airflow/example_dags/tutorial_objectstorage.py
[2024-09-02T01:44:02.683+0000] {processor.py:925} INFO - DAG(s) 'tutorial_objectstorage' retrieved from /home/airflow/.local/lib/python3.12/site-packages/airflow/example_dags/tutorial_objectstorage.py
[2024-09-02T01:44:02.696+0000] {logging_mixin.py:190} INFO - [2024-09-02T01:44:02.696+0000] {dag.py:3211} INFO - Sync 1 DAGs
[2024-09-02T01:44:02.704+0000] {logging_mixin.py:190} INFO - [2024-09-02T01:44:02.704+0000] {dag.py:4138} INFO - Setting next_dagrun for tutorial_objectstorage to None, run_after=None
[2024-09-02T01:44:02.713+0000] {processor.py:208} INFO - Processing /home/airflow/.local/lib/python3.12/site-packages/airflow/example_dags/tutorial_objectstorage.py took 0.043 seconds
[2024-09-02T01:44:33.182+0000] {processor.py:186} INFO - Started process (PID=3301) to work on /home/airflow/.local/lib/python3.12/site-packages/airflow/example_dags/tutorial_objectstorage.py
[2024-09-02T01:44:33.184+0000] {processor.py:914} INFO - Processing file /home/airflow/.local/lib/python3.12/site-packages/airflow/example_dags/tutorial_objectstorage.py for tasks to queue
[2024-09-02T01:44:33.186+0000] {logging_mixin.py:190} INFO - [2024-09-02T01:44:33.186+0000] {dagbag.py:587} INFO - Filling up the DagBag from /home/airflow/.local/lib/python3.12/site-packages/airflow/example_dags/tutorial_objectstorage.py
[2024-09-02T01:44:33.193+0000] {processor.py:925} INFO - DAG(s) 'tutorial_objectstorage' retrieved from /home/airflow/.local/lib/python3.12/site-packages/airflow/example_dags/tutorial_objectstorage.py
[2024-09-02T01:44:33.206+0000] {logging_mixin.py:190} INFO - [2024-09-02T01:44:33.206+0000] {dag.py:3211} INFO - Sync 1 DAGs
[2024-09-02T01:44:33.215+0000] {logging_mixin.py:190} INFO - [2024-09-02T01:44:33.215+0000] {dag.py:4138} INFO - Setting next_dagrun for tutorial_objectstorage to None, run_after=None
[2024-09-02T01:44:33.226+0000] {processor.py:208} INFO - Processing /home/airflow/.local/lib/python3.12/site-packages/airflow/example_dags/tutorial_objectstorage.py took 0.049 seconds
[2024-09-02T01:45:03.512+0000] {processor.py:186} INFO - Started process (PID=3586) to work on /home/airflow/.local/lib/python3.12/site-packages/airflow/example_dags/tutorial_objectstorage.py
[2024-09-02T01:45:03.513+0000] {processor.py:914} INFO - Processing file /home/airflow/.local/lib/python3.12/site-packages/airflow/example_dags/tutorial_objectstorage.py for tasks to queue
[2024-09-02T01:45:03.516+0000] {logging_mixin.py:190} INFO - [2024-09-02T01:45:03.515+0000] {dagbag.py:587} INFO - Filling up the DagBag from /home/airflow/.local/lib/python3.12/site-packages/airflow/example_dags/tutorial_objectstorage.py
[2024-09-02T01:45:03.522+0000] {processor.py:925} INFO - DAG(s) 'tutorial_objectstorage' retrieved from /home/airflow/.local/lib/python3.12/site-packages/airflow/example_dags/tutorial_objectstorage.py
[2024-09-02T01:45:03.535+0000] {logging_mixin.py:190} INFO - [2024-09-02T01:45:03.535+0000] {dag.py:3211} INFO - Sync 1 DAGs
[2024-09-02T01:45:03.544+0000] {logging_mixin.py:190} INFO - [2024-09-02T01:45:03.544+0000] {dag.py:4138} INFO - Setting next_dagrun for tutorial_objectstorage to None, run_after=None
[2024-09-02T01:45:03.557+0000] {processor.py:208} INFO - Processing /home/airflow/.local/lib/python3.12/site-packages/airflow/example_dags/tutorial_objectstorage.py took 0.049 seconds
[2024-09-02T01:54:42.353+0000] {processor.py:186} INFO - Started process (PID=392) to work on /home/airflow/.local/lib/python3.12/site-packages/airflow/example_dags/tutorial_objectstorage.py
[2024-09-02T01:54:42.354+0000] {processor.py:914} INFO - Processing file /home/airflow/.local/lib/python3.12/site-packages/airflow/example_dags/tutorial_objectstorage.py for tasks to queue
[2024-09-02T01:54:42.357+0000] {logging_mixin.py:190} INFO - [2024-09-02T01:54:42.356+0000] {dagbag.py:587} INFO - Filling up the DagBag from /home/airflow/.local/lib/python3.12/site-packages/airflow/example_dags/tutorial_objectstorage.py
[2024-09-02T01:54:42.365+0000] {processor.py:925} INFO - DAG(s) 'tutorial_objectstorage' retrieved from /home/airflow/.local/lib/python3.12/site-packages/airflow/example_dags/tutorial_objectstorage.py
[2024-09-02T01:54:42.385+0000] {logging_mixin.py:190} INFO - [2024-09-02T01:54:42.385+0000] {dag.py:3211} INFO - Sync 1 DAGs
[2024-09-02T01:54:42.396+0000] {logging_mixin.py:190} INFO - [2024-09-02T01:54:42.396+0000] {dag.py:4138} INFO - Setting next_dagrun for tutorial_objectstorage to None, run_after=None
[2024-09-02T01:54:42.413+0000] {processor.py:208} INFO - Processing /home/airflow/.local/lib/python3.12/site-packages/airflow/example_dags/tutorial_objectstorage.py took 0.065 seconds
[2024-09-02T01:55:12.617+0000] {processor.py:186} INFO - Started process (PID=701) to work on /home/airflow/.local/lib/python3.12/site-packages/airflow/example_dags/tutorial_objectstorage.py
[2024-09-02T01:55:12.618+0000] {processor.py:914} INFO - Processing file /home/airflow/.local/lib/python3.12/site-packages/airflow/example_dags/tutorial_objectstorage.py for tasks to queue
[2024-09-02T01:55:12.620+0000] {logging_mixin.py:190} INFO - [2024-09-02T01:55:12.620+0000] {dagbag.py:587} INFO - Filling up the DagBag from /home/airflow/.local/lib/python3.12/site-packages/airflow/example_dags/tutorial_objectstorage.py
[2024-09-02T01:55:12.627+0000] {processor.py:925} INFO - DAG(s) 'tutorial_objectstorage' retrieved from /home/airflow/.local/lib/python3.12/site-packages/airflow/example_dags/tutorial_objectstorage.py
[2024-09-02T01:55:12.640+0000] {logging_mixin.py:190} INFO - [2024-09-02T01:55:12.639+0000] {dag.py:3211} INFO - Sync 1 DAGs
[2024-09-02T01:55:12.648+0000] {logging_mixin.py:190} INFO - [2024-09-02T01:55:12.648+0000] {dag.py:4138} INFO - Setting next_dagrun for tutorial_objectstorage to None, run_after=None
[2024-09-02T01:55:12.660+0000] {processor.py:208} INFO - Processing /home/airflow/.local/lib/python3.12/site-packages/airflow/example_dags/tutorial_objectstorage.py took 0.047 seconds
[2024-09-02T01:55:43.300+0000] {processor.py:186} INFO - Started process (PID=993) to work on /home/airflow/.local/lib/python3.12/site-packages/airflow/example_dags/tutorial_objectstorage.py
[2024-09-02T01:55:43.301+0000] {processor.py:914} INFO - Processing file /home/airflow/.local/lib/python3.12/site-packages/airflow/example_dags/tutorial_objectstorage.py for tasks to queue
[2024-09-02T01:55:43.303+0000] {logging_mixin.py:190} INFO - [2024-09-02T01:55:43.303+0000] {dagbag.py:587} INFO - Filling up the DagBag from /home/airflow/.local/lib/python3.12/site-packages/airflow/example_dags/tutorial_objectstorage.py
[2024-09-02T01:55:43.310+0000] {processor.py:925} INFO - DAG(s) 'tutorial_objectstorage' retrieved from /home/airflow/.local/lib/python3.12/site-packages/airflow/example_dags/tutorial_objectstorage.py
[2024-09-02T01:55:43.325+0000] {logging_mixin.py:190} INFO - [2024-09-02T01:55:43.325+0000] {dag.py:3211} INFO - Sync 1 DAGs
[2024-09-02T01:55:43.334+0000] {logging_mixin.py:190} INFO - [2024-09-02T01:55:43.333+0000] {dag.py:4138} INFO - Setting next_dagrun for tutorial_objectstorage to None, run_after=None
[2024-09-02T01:55:43.344+0000] {processor.py:208} INFO - Processing /home/airflow/.local/lib/python3.12/site-packages/airflow/example_dags/tutorial_objectstorage.py took 0.049 seconds
[2024-09-02T01:56:13.525+0000] {processor.py:186} INFO - Started process (PID=1279) to work on /home/airflow/.local/lib/python3.12/site-packages/airflow/example_dags/tutorial_objectstorage.py
[2024-09-02T01:56:13.527+0000] {processor.py:914} INFO - Processing file /home/airflow/.local/lib/python3.12/site-packages/airflow/example_dags/tutorial_objectstorage.py for tasks to queue
[2024-09-02T01:56:13.529+0000] {logging_mixin.py:190} INFO - [2024-09-02T01:56:13.529+0000] {dagbag.py:587} INFO - Filling up the DagBag from /home/airflow/.local/lib/python3.12/site-packages/airflow/example_dags/tutorial_objectstorage.py
[2024-09-02T01:56:13.536+0000] {processor.py:925} INFO - DAG(s) 'tutorial_objectstorage' retrieved from /home/airflow/.local/lib/python3.12/site-packages/airflow/example_dags/tutorial_objectstorage.py
[2024-09-02T01:56:13.548+0000] {logging_mixin.py:190} INFO - [2024-09-02T01:56:13.548+0000] {dag.py:3211} INFO - Sync 1 DAGs
[2024-09-02T01:56:13.557+0000] {logging_mixin.py:190} INFO - [2024-09-02T01:56:13.557+0000] {dag.py:4138} INFO - Setting next_dagrun for tutorial_objectstorage to None, run_after=None
[2024-09-02T01:56:13.568+0000] {processor.py:208} INFO - Processing /home/airflow/.local/lib/python3.12/site-packages/airflow/example_dags/tutorial_objectstorage.py took 0.047 seconds
[2024-09-02T01:56:43.847+0000] {processor.py:186} INFO - Started process (PID=1568) to work on /home/airflow/.local/lib/python3.12/site-packages/airflow/example_dags/tutorial_objectstorage.py
[2024-09-02T01:56:43.849+0000] {processor.py:914} INFO - Processing file /home/airflow/.local/lib/python3.12/site-packages/airflow/example_dags/tutorial_objectstorage.py for tasks to queue
[2024-09-02T01:56:43.851+0000] {logging_mixin.py:190} INFO - [2024-09-02T01:56:43.851+0000] {dagbag.py:587} INFO - Filling up the DagBag from /home/airflow/.local/lib/python3.12/site-packages/airflow/example_dags/tutorial_objectstorage.py
[2024-09-02T01:56:43.858+0000] {processor.py:925} INFO - DAG(s) 'tutorial_objectstorage' retrieved from /home/airflow/.local/lib/python3.12/site-packages/airflow/example_dags/tutorial_objectstorage.py
[2024-09-02T01:56:43.872+0000] {logging_mixin.py:190} INFO - [2024-09-02T01:56:43.872+0000] {dag.py:3211} INFO - Sync 1 DAGs
[2024-09-02T01:56:43.881+0000] {logging_mixin.py:190} INFO - [2024-09-02T01:56:43.880+0000] {dag.py:4138} INFO - Setting next_dagrun for tutorial_objectstorage to None, run_after=None
[2024-09-02T01:56:43.890+0000] {processor.py:208} INFO - Processing /home/airflow/.local/lib/python3.12/site-packages/airflow/example_dags/tutorial_objectstorage.py took 0.047 seconds
[2024-09-02T01:57:14.407+0000] {processor.py:186} INFO - Started process (PID=1854) to work on /home/airflow/.local/lib/python3.12/site-packages/airflow/example_dags/tutorial_objectstorage.py
[2024-09-02T01:57:14.409+0000] {processor.py:914} INFO - Processing file /home/airflow/.local/lib/python3.12/site-packages/airflow/example_dags/tutorial_objectstorage.py for tasks to queue
[2024-09-02T01:57:14.411+0000] {logging_mixin.py:190} INFO - [2024-09-02T01:57:14.411+0000] {dagbag.py:587} INFO - Filling up the DagBag from /home/airflow/.local/lib/python3.12/site-packages/airflow/example_dags/tutorial_objectstorage.py
[2024-09-02T01:57:14.418+0000] {processor.py:925} INFO - DAG(s) 'tutorial_objectstorage' retrieved from /home/airflow/.local/lib/python3.12/site-packages/airflow/example_dags/tutorial_objectstorage.py
[2024-09-02T01:57:14.431+0000] {logging_mixin.py:190} INFO - [2024-09-02T01:57:14.431+0000] {dag.py:3211} INFO - Sync 1 DAGs
[2024-09-02T01:57:14.440+0000] {logging_mixin.py:190} INFO - [2024-09-02T01:57:14.440+0000] {dag.py:4138} INFO - Setting next_dagrun for tutorial_objectstorage to None, run_after=None
[2024-09-02T01:57:14.451+0000] {processor.py:208} INFO - Processing /home/airflow/.local/lib/python3.12/site-packages/airflow/example_dags/tutorial_objectstorage.py took 0.047 seconds
[2024-09-02T01:57:44.771+0000] {processor.py:186} INFO - Started process (PID=2141) to work on /home/airflow/.local/lib/python3.12/site-packages/airflow/example_dags/tutorial_objectstorage.py
[2024-09-02T01:57:44.773+0000] {processor.py:914} INFO - Processing file /home/airflow/.local/lib/python3.12/site-packages/airflow/example_dags/tutorial_objectstorage.py for tasks to queue
[2024-09-02T01:57:44.776+0000] {logging_mixin.py:190} INFO - [2024-09-02T01:57:44.776+0000] {dagbag.py:587} INFO - Filling up the DagBag from /home/airflow/.local/lib/python3.12/site-packages/airflow/example_dags/tutorial_objectstorage.py
[2024-09-02T01:57:44.783+0000] {processor.py:925} INFO - DAG(s) 'tutorial_objectstorage' retrieved from /home/airflow/.local/lib/python3.12/site-packages/airflow/example_dags/tutorial_objectstorage.py
[2024-09-02T01:57:44.796+0000] {logging_mixin.py:190} INFO - [2024-09-02T01:57:44.796+0000] {dag.py:3211} INFO - Sync 1 DAGs
[2024-09-02T01:57:44.805+0000] {logging_mixin.py:190} INFO - [2024-09-02T01:57:44.805+0000] {dag.py:4138} INFO - Setting next_dagrun for tutorial_objectstorage to None, run_after=None
[2024-09-02T01:57:44.816+0000] {processor.py:208} INFO - Processing /home/airflow/.local/lib/python3.12/site-packages/airflow/example_dags/tutorial_objectstorage.py took 0.049 seconds
[2024-09-02T01:58:15.717+0000] {processor.py:186} INFO - Started process (PID=2427) to work on /home/airflow/.local/lib/python3.12/site-packages/airflow/example_dags/tutorial_objectstorage.py
[2024-09-02T01:58:15.721+0000] {processor.py:914} INFO - Processing file /home/airflow/.local/lib/python3.12/site-packages/airflow/example_dags/tutorial_objectstorage.py for tasks to queue
[2024-09-02T01:58:15.726+0000] {logging_mixin.py:190} INFO - [2024-09-02T01:58:15.726+0000] {dagbag.py:587} INFO - Filling up the DagBag from /home/airflow/.local/lib/python3.12/site-packages/airflow/example_dags/tutorial_objectstorage.py
[2024-09-02T01:58:15.739+0000] {processor.py:925} INFO - DAG(s) 'tutorial_objectstorage' retrieved from /home/airflow/.local/lib/python3.12/site-packages/airflow/example_dags/tutorial_objectstorage.py
[2024-09-02T01:58:15.757+0000] {logging_mixin.py:190} INFO - [2024-09-02T01:58:15.756+0000] {dag.py:3211} INFO - Sync 1 DAGs
[2024-09-02T01:58:15.770+0000] {logging_mixin.py:190} INFO - [2024-09-02T01:58:15.769+0000] {dag.py:4138} INFO - Setting next_dagrun for tutorial_objectstorage to None, run_after=None
[2024-09-02T01:58:15.782+0000] {processor.py:208} INFO - Processing /home/airflow/.local/lib/python3.12/site-packages/airflow/example_dags/tutorial_objectstorage.py took 0.069 seconds
