[2024-09-02T01:39:20.844+0000] {processor.py:186} INFO - Started process (PID=198) to work on /home/airflow/.local/lib/python3.12/site-packages/airflow/example_dags/tutorial.py
[2024-09-02T01:39:20.846+0000] {processor.py:914} INFO - Processing file /home/airflow/.local/lib/python3.12/site-packages/airflow/example_dags/tutorial.py for tasks to queue
[2024-09-02T01:39:20.849+0000] {logging_mixin.py:190} INFO - [2024-09-02T01:39:20.848+0000] {dagbag.py:587} INFO - Filling up the DagBag from /home/airflow/.local/lib/python3.12/site-packages/airflow/example_dags/tutorial.py
[2024-09-02T01:39:20.861+0000] {processor.py:925} INFO - DAG(s) 'tutorial' retrieved from /home/airflow/.local/lib/python3.12/site-packages/airflow/example_dags/tutorial.py
[2024-09-02T01:39:20.935+0000] {logging_mixin.py:190} INFO - [2024-09-02T01:39:20.935+0000] {override.py:1858} INFO - Created Permission View: can edit on DAG:tutorial
[2024-09-02T01:39:20.943+0000] {logging_mixin.py:190} INFO - [2024-09-02T01:39:20.942+0000] {override.py:1858} INFO - Created Permission View: can read on DAG:tutorial
[2024-09-02T01:39:20.947+0000] {logging_mixin.py:190} INFO - [2024-09-02T01:39:20.947+0000] {override.py:1858} INFO - Created Permission View: can delete on DAG:tutorial
[2024-09-02T01:39:20.948+0000] {logging_mixin.py:190} INFO - [2024-09-02T01:39:20.948+0000] {dag.py:3211} INFO - Sync 1 DAGs
[2024-09-02T01:39:20.956+0000] {logging_mixin.py:190} INFO - [2024-09-02T01:39:20.956+0000] {dag.py:3234} INFO - Creating ORM DAG for tutorial
[2024-09-02T01:39:20.963+0000] {logging_mixin.py:190} INFO - [2024-09-02T01:39:20.963+0000] {dag.py:4138} INFO - Setting next_dagrun for tutorial to 2024-09-01 00:00:00+00:00, run_after=2024-09-02 00:00:00+00:00
[2024-09-02T01:39:20.974+0000] {processor.py:208} INFO - Processing /home/airflow/.local/lib/python3.12/site-packages/airflow/example_dags/tutorial.py took 0.138 seconds
[2024-09-02T01:39:51.471+0000] {processor.py:186} INFO - Started process (PID=484) to work on /home/airflow/.local/lib/python3.12/site-packages/airflow/example_dags/tutorial.py
[2024-09-02T01:39:51.473+0000] {processor.py:914} INFO - Processing file /home/airflow/.local/lib/python3.12/site-packages/airflow/example_dags/tutorial.py for tasks to queue
[2024-09-02T01:39:51.475+0000] {logging_mixin.py:190} INFO - [2024-09-02T01:39:51.475+0000] {dagbag.py:587} INFO - Filling up the DagBag from /home/airflow/.local/lib/python3.12/site-packages/airflow/example_dags/tutorial.py
[2024-09-02T01:39:51.481+0000] {processor.py:925} INFO - DAG(s) 'tutorial' retrieved from /home/airflow/.local/lib/python3.12/site-packages/airflow/example_dags/tutorial.py
[2024-09-02T01:39:51.494+0000] {logging_mixin.py:190} INFO - [2024-09-02T01:39:51.494+0000] {dag.py:3211} INFO - Sync 1 DAGs
[2024-09-02T01:39:51.507+0000] {logging_mixin.py:190} INFO - [2024-09-02T01:39:51.507+0000] {dag.py:4138} INFO - Setting next_dagrun for tutorial to 2024-09-01 00:00:00+00:00, run_after=2024-09-02 00:00:00+00:00
[2024-09-02T01:39:51.518+0000] {processor.py:208} INFO - Processing /home/airflow/.local/lib/python3.12/site-packages/airflow/example_dags/tutorial.py took 0.051 seconds
[2024-09-02T01:40:22.638+0000] {processor.py:186} INFO - Started process (PID=770) to work on /home/airflow/.local/lib/python3.12/site-packages/airflow/example_dags/tutorial.py
[2024-09-02T01:40:22.640+0000] {processor.py:914} INFO - Processing file /home/airflow/.local/lib/python3.12/site-packages/airflow/example_dags/tutorial.py for tasks to queue
[2024-09-02T01:40:22.642+0000] {logging_mixin.py:190} INFO - [2024-09-02T01:40:22.642+0000] {dagbag.py:587} INFO - Filling up the DagBag from /home/airflow/.local/lib/python3.12/site-packages/airflow/example_dags/tutorial.py
[2024-09-02T01:40:22.648+0000] {processor.py:925} INFO - DAG(s) 'tutorial' retrieved from /home/airflow/.local/lib/python3.12/site-packages/airflow/example_dags/tutorial.py
[2024-09-02T01:40:22.661+0000] {logging_mixin.py:190} INFO - [2024-09-02T01:40:22.661+0000] {dag.py:3211} INFO - Sync 1 DAGs
[2024-09-02T01:40:22.674+0000] {logging_mixin.py:190} INFO - [2024-09-02T01:40:22.674+0000] {dag.py:4138} INFO - Setting next_dagrun for tutorial to 2024-09-01 00:00:00+00:00, run_after=2024-09-02 00:00:00+00:00
[2024-09-02T01:40:22.686+0000] {processor.py:208} INFO - Processing /home/airflow/.local/lib/python3.12/site-packages/airflow/example_dags/tutorial.py took 0.052 seconds
[2024-09-02T01:40:53.287+0000] {processor.py:186} INFO - Started process (PID=1054) to work on /home/airflow/.local/lib/python3.12/site-packages/airflow/example_dags/tutorial.py
[2024-09-02T01:40:53.289+0000] {processor.py:914} INFO - Processing file /home/airflow/.local/lib/python3.12/site-packages/airflow/example_dags/tutorial.py for tasks to queue
[2024-09-02T01:40:53.292+0000] {logging_mixin.py:190} INFO - [2024-09-02T01:40:53.292+0000] {dagbag.py:587} INFO - Filling up the DagBag from /home/airflow/.local/lib/python3.12/site-packages/airflow/example_dags/tutorial.py
[2024-09-02T01:40:53.300+0000] {processor.py:925} INFO - DAG(s) 'tutorial' retrieved from /home/airflow/.local/lib/python3.12/site-packages/airflow/example_dags/tutorial.py
[2024-09-02T01:40:53.313+0000] {logging_mixin.py:190} INFO - [2024-09-02T01:40:53.313+0000] {dag.py:3211} INFO - Sync 1 DAGs
[2024-09-02T01:40:53.327+0000] {logging_mixin.py:190} INFO - [2024-09-02T01:40:53.327+0000] {dag.py:4138} INFO - Setting next_dagrun for tutorial to 2024-09-01 00:00:00+00:00, run_after=2024-09-02 00:00:00+00:00
[2024-09-02T01:40:53.339+0000] {processor.py:208} INFO - Processing /home/airflow/.local/lib/python3.12/site-packages/airflow/example_dags/tutorial.py took 0.056 seconds
[2024-09-02T01:41:24.554+0000] {processor.py:186} INFO - Started process (PID=1371) to work on /home/airflow/.local/lib/python3.12/site-packages/airflow/example_dags/tutorial.py
[2024-09-02T01:41:24.556+0000] {processor.py:914} INFO - Processing file /home/airflow/.local/lib/python3.12/site-packages/airflow/example_dags/tutorial.py for tasks to queue
[2024-09-02T01:41:24.558+0000] {logging_mixin.py:190} INFO - [2024-09-02T01:41:24.558+0000] {dagbag.py:587} INFO - Filling up the DagBag from /home/airflow/.local/lib/python3.12/site-packages/airflow/example_dags/tutorial.py
[2024-09-02T01:41:24.564+0000] {processor.py:925} INFO - DAG(s) 'tutorial' retrieved from /home/airflow/.local/lib/python3.12/site-packages/airflow/example_dags/tutorial.py
[2024-09-02T01:41:24.580+0000] {logging_mixin.py:190} INFO - [2024-09-02T01:41:24.580+0000] {dag.py:3211} INFO - Sync 1 DAGs
[2024-09-02T01:41:24.600+0000] {logging_mixin.py:190} INFO - [2024-09-02T01:41:24.600+0000] {dag.py:4138} INFO - Setting next_dagrun for tutorial to 2024-09-01 00:00:00+00:00, run_after=2024-09-02 00:00:00+00:00
[2024-09-02T01:41:24.624+0000] {processor.py:208} INFO - Processing /home/airflow/.local/lib/python3.12/site-packages/airflow/example_dags/tutorial.py took 0.074 seconds
[2024-09-02T01:41:54.797+0000] {processor.py:186} INFO - Started process (PID=1700) to work on /home/airflow/.local/lib/python3.12/site-packages/airflow/example_dags/tutorial.py
[2024-09-02T01:41:54.798+0000] {processor.py:914} INFO - Processing file /home/airflow/.local/lib/python3.12/site-packages/airflow/example_dags/tutorial.py for tasks to queue
[2024-09-02T01:41:54.800+0000] {logging_mixin.py:190} INFO - [2024-09-02T01:41:54.800+0000] {dagbag.py:587} INFO - Filling up the DagBag from /home/airflow/.local/lib/python3.12/site-packages/airflow/example_dags/tutorial.py
[2024-09-02T01:41:54.806+0000] {processor.py:925} INFO - DAG(s) 'tutorial' retrieved from /home/airflow/.local/lib/python3.12/site-packages/airflow/example_dags/tutorial.py
[2024-09-02T01:41:54.819+0000] {logging_mixin.py:190} INFO - [2024-09-02T01:41:54.819+0000] {dag.py:3211} INFO - Sync 1 DAGs
[2024-09-02T01:41:54.834+0000] {logging_mixin.py:190} INFO - [2024-09-02T01:41:54.834+0000] {dag.py:4138} INFO - Setting next_dagrun for tutorial to 2024-09-01 00:00:00+00:00, run_after=2024-09-02 00:00:00+00:00
[2024-09-02T01:41:54.845+0000] {processor.py:208} INFO - Processing /home/airflow/.local/lib/python3.12/site-packages/airflow/example_dags/tutorial.py took 0.053 seconds
[2024-09-02T01:42:25.929+0000] {processor.py:186} INFO - Started process (PID=1985) to work on /home/airflow/.local/lib/python3.12/site-packages/airflow/example_dags/tutorial.py
[2024-09-02T01:42:25.930+0000] {processor.py:914} INFO - Processing file /home/airflow/.local/lib/python3.12/site-packages/airflow/example_dags/tutorial.py for tasks to queue
[2024-09-02T01:42:25.933+0000] {logging_mixin.py:190} INFO - [2024-09-02T01:42:25.932+0000] {dagbag.py:587} INFO - Filling up the DagBag from /home/airflow/.local/lib/python3.12/site-packages/airflow/example_dags/tutorial.py
[2024-09-02T01:42:25.938+0000] {processor.py:925} INFO - DAG(s) 'tutorial' retrieved from /home/airflow/.local/lib/python3.12/site-packages/airflow/example_dags/tutorial.py
[2024-09-02T01:42:25.952+0000] {logging_mixin.py:190} INFO - [2024-09-02T01:42:25.952+0000] {dag.py:3211} INFO - Sync 1 DAGs
[2024-09-02T01:42:25.969+0000] {logging_mixin.py:190} INFO - [2024-09-02T01:42:25.968+0000] {dag.py:4138} INFO - Setting next_dagrun for tutorial to 2024-09-01 00:00:00+00:00, run_after=2024-09-02 00:00:00+00:00
[2024-09-02T01:42:25.980+0000] {processor.py:208} INFO - Processing /home/airflow/.local/lib/python3.12/site-packages/airflow/example_dags/tutorial.py took 0.055 seconds
[2024-09-02T01:42:56.959+0000] {processor.py:186} INFO - Started process (PID=2271) to work on /home/airflow/.local/lib/python3.12/site-packages/airflow/example_dags/tutorial.py
[2024-09-02T01:42:56.960+0000] {processor.py:914} INFO - Processing file /home/airflow/.local/lib/python3.12/site-packages/airflow/example_dags/tutorial.py for tasks to queue
[2024-09-02T01:42:56.964+0000] {logging_mixin.py:190} INFO - [2024-09-02T01:42:56.963+0000] {dagbag.py:587} INFO - Filling up the DagBag from /home/airflow/.local/lib/python3.12/site-packages/airflow/example_dags/tutorial.py
[2024-09-02T01:42:56.969+0000] {processor.py:925} INFO - DAG(s) 'tutorial' retrieved from /home/airflow/.local/lib/python3.12/site-packages/airflow/example_dags/tutorial.py
[2024-09-02T01:42:56.984+0000] {logging_mixin.py:190} INFO - [2024-09-02T01:42:56.983+0000] {dag.py:3211} INFO - Sync 1 DAGs
[2024-09-02T01:42:56.999+0000] {logging_mixin.py:190} INFO - [2024-09-02T01:42:56.999+0000] {dag.py:4138} INFO - Setting next_dagrun for tutorial to 2024-09-01 00:00:00+00:00, run_after=2024-09-02 00:00:00+00:00
[2024-09-02T01:42:57.013+0000] {processor.py:208} INFO - Processing /home/airflow/.local/lib/python3.12/site-packages/airflow/example_dags/tutorial.py took 0.058 seconds
[2024-09-02T01:43:27.754+0000] {processor.py:186} INFO - Started process (PID=2559) to work on /home/airflow/.local/lib/python3.12/site-packages/airflow/example_dags/tutorial.py
[2024-09-02T01:43:27.755+0000] {processor.py:914} INFO - Processing file /home/airflow/.local/lib/python3.12/site-packages/airflow/example_dags/tutorial.py for tasks to queue
[2024-09-02T01:43:27.757+0000] {logging_mixin.py:190} INFO - [2024-09-02T01:43:27.757+0000] {dagbag.py:587} INFO - Filling up the DagBag from /home/airflow/.local/lib/python3.12/site-packages/airflow/example_dags/tutorial.py
[2024-09-02T01:43:27.762+0000] {processor.py:925} INFO - DAG(s) 'tutorial' retrieved from /home/airflow/.local/lib/python3.12/site-packages/airflow/example_dags/tutorial.py
[2024-09-02T01:43:27.774+0000] {logging_mixin.py:190} INFO - [2024-09-02T01:43:27.774+0000] {dag.py:3211} INFO - Sync 1 DAGs
[2024-09-02T01:43:27.786+0000] {logging_mixin.py:190} INFO - [2024-09-02T01:43:27.786+0000] {dag.py:4138} INFO - Setting next_dagrun for tutorial to 2024-09-01 00:00:00+00:00, run_after=2024-09-02 00:00:00+00:00
[2024-09-02T01:43:27.797+0000] {processor.py:208} INFO - Processing /home/airflow/.local/lib/python3.12/site-packages/airflow/example_dags/tutorial.py took 0.047 seconds
[2024-09-02T01:43:58.732+0000] {processor.py:186} INFO - Started process (PID=2844) to work on /home/airflow/.local/lib/python3.12/site-packages/airflow/example_dags/tutorial.py
[2024-09-02T01:43:58.734+0000] {processor.py:914} INFO - Processing file /home/airflow/.local/lib/python3.12/site-packages/airflow/example_dags/tutorial.py for tasks to queue
[2024-09-02T01:43:58.736+0000] {logging_mixin.py:190} INFO - [2024-09-02T01:43:58.736+0000] {dagbag.py:587} INFO - Filling up the DagBag from /home/airflow/.local/lib/python3.12/site-packages/airflow/example_dags/tutorial.py
[2024-09-02T01:43:58.743+0000] {processor.py:925} INFO - DAG(s) 'tutorial' retrieved from /home/airflow/.local/lib/python3.12/site-packages/airflow/example_dags/tutorial.py
[2024-09-02T01:43:58.757+0000] {logging_mixin.py:190} INFO - [2024-09-02T01:43:58.757+0000] {dag.py:3211} INFO - Sync 1 DAGs
[2024-09-02T01:43:58.778+0000] {logging_mixin.py:190} INFO - [2024-09-02T01:43:58.778+0000] {dag.py:4138} INFO - Setting next_dagrun for tutorial to 2024-09-01 00:00:00+00:00, run_after=2024-09-02 00:00:00+00:00
[2024-09-02T01:43:58.791+0000] {processor.py:208} INFO - Processing /home/airflow/.local/lib/python3.12/site-packages/airflow/example_dags/tutorial.py took 0.064 seconds
[2024-09-02T01:44:29.373+0000] {processor.py:186} INFO - Started process (PID=3130) to work on /home/airflow/.local/lib/python3.12/site-packages/airflow/example_dags/tutorial.py
[2024-09-02T01:44:29.376+0000] {processor.py:914} INFO - Processing file /home/airflow/.local/lib/python3.12/site-packages/airflow/example_dags/tutorial.py for tasks to queue
[2024-09-02T01:44:29.380+0000] {logging_mixin.py:190} INFO - [2024-09-02T01:44:29.379+0000] {dagbag.py:587} INFO - Filling up the DagBag from /home/airflow/.local/lib/python3.12/site-packages/airflow/example_dags/tutorial.py
[2024-09-02T01:44:29.387+0000] {processor.py:925} INFO - DAG(s) 'tutorial' retrieved from /home/airflow/.local/lib/python3.12/site-packages/airflow/example_dags/tutorial.py
[2024-09-02T01:44:29.401+0000] {logging_mixin.py:190} INFO - [2024-09-02T01:44:29.401+0000] {dag.py:3211} INFO - Sync 1 DAGs
[2024-09-02T01:44:29.415+0000] {logging_mixin.py:190} INFO - [2024-09-02T01:44:29.415+0000] {dag.py:4138} INFO - Setting next_dagrun for tutorial to 2024-09-01 00:00:00+00:00, run_after=2024-09-02 00:00:00+00:00
[2024-09-02T01:44:29.427+0000] {processor.py:208} INFO - Processing /home/airflow/.local/lib/python3.12/site-packages/airflow/example_dags/tutorial.py took 0.061 seconds
[2024-09-02T01:44:59.784+0000] {processor.py:186} INFO - Started process (PID=3418) to work on /home/airflow/.local/lib/python3.12/site-packages/airflow/example_dags/tutorial.py
[2024-09-02T01:44:59.786+0000] {processor.py:914} INFO - Processing file /home/airflow/.local/lib/python3.12/site-packages/airflow/example_dags/tutorial.py for tasks to queue
[2024-09-02T01:44:59.788+0000] {logging_mixin.py:190} INFO - [2024-09-02T01:44:59.788+0000] {dagbag.py:587} INFO - Filling up the DagBag from /home/airflow/.local/lib/python3.12/site-packages/airflow/example_dags/tutorial.py
[2024-09-02T01:44:59.793+0000] {processor.py:925} INFO - DAG(s) 'tutorial' retrieved from /home/airflow/.local/lib/python3.12/site-packages/airflow/example_dags/tutorial.py
[2024-09-02T01:44:59.805+0000] {logging_mixin.py:190} INFO - [2024-09-02T01:44:59.805+0000] {dag.py:3211} INFO - Sync 1 DAGs
[2024-09-02T01:44:59.818+0000] {logging_mixin.py:190} INFO - [2024-09-02T01:44:59.818+0000] {dag.py:4138} INFO - Setting next_dagrun for tutorial to 2024-09-01 00:00:00+00:00, run_after=2024-09-02 00:00:00+00:00
[2024-09-02T01:44:59.828+0000] {processor.py:208} INFO - Processing /home/airflow/.local/lib/python3.12/site-packages/airflow/example_dags/tutorial.py took 0.047 seconds
[2024-09-02T01:54:36.394+0000] {processor.py:186} INFO - Started process (PID=198) to work on /home/airflow/.local/lib/python3.12/site-packages/airflow/example_dags/tutorial.py
[2024-09-02T01:54:36.395+0000] {processor.py:914} INFO - Processing file /home/airflow/.local/lib/python3.12/site-packages/airflow/example_dags/tutorial.py for tasks to queue
[2024-09-02T01:54:36.401+0000] {logging_mixin.py:190} INFO - [2024-09-02T01:54:36.400+0000] {dagbag.py:587} INFO - Filling up the DagBag from /home/airflow/.local/lib/python3.12/site-packages/airflow/example_dags/tutorial.py
[2024-09-02T01:54:36.428+0000] {processor.py:925} INFO - DAG(s) 'tutorial' retrieved from /home/airflow/.local/lib/python3.12/site-packages/airflow/example_dags/tutorial.py
[2024-09-02T01:54:36.459+0000] {logging_mixin.py:190} INFO - [2024-09-02T01:54:36.458+0000] {dag.py:3211} INFO - Sync 1 DAGs
[2024-09-02T01:54:36.508+0000] {logging_mixin.py:190} INFO - [2024-09-02T01:54:36.508+0000] {dag.py:4138} INFO - Setting next_dagrun for tutorial to 2024-09-01 00:00:00+00:00, run_after=2024-09-02 00:00:00+00:00
[2024-09-02T01:54:36.526+0000] {processor.py:208} INFO - Processing /home/airflow/.local/lib/python3.12/site-packages/airflow/example_dags/tutorial.py took 0.137 seconds
[2024-09-02T01:55:06.742+0000] {processor.py:186} INFO - Started process (PID=536) to work on /home/airflow/.local/lib/python3.12/site-packages/airflow/example_dags/tutorial.py
[2024-09-02T01:55:06.743+0000] {processor.py:914} INFO - Processing file /home/airflow/.local/lib/python3.12/site-packages/airflow/example_dags/tutorial.py for tasks to queue
[2024-09-02T01:55:06.746+0000] {logging_mixin.py:190} INFO - [2024-09-02T01:55:06.745+0000] {dagbag.py:587} INFO - Filling up the DagBag from /home/airflow/.local/lib/python3.12/site-packages/airflow/example_dags/tutorial.py
[2024-09-02T01:55:06.752+0000] {processor.py:925} INFO - DAG(s) 'tutorial' retrieved from /home/airflow/.local/lib/python3.12/site-packages/airflow/example_dags/tutorial.py
[2024-09-02T01:55:06.766+0000] {logging_mixin.py:190} INFO - [2024-09-02T01:55:06.765+0000] {dag.py:3211} INFO - Sync 1 DAGs
[2024-09-02T01:55:06.782+0000] {logging_mixin.py:190} INFO - [2024-09-02T01:55:06.782+0000] {dag.py:4138} INFO - Setting next_dagrun for tutorial to 2024-09-01 00:00:00+00:00, run_after=2024-09-02 00:00:00+00:00
[2024-09-02T01:55:06.794+0000] {processor.py:208} INFO - Processing /home/airflow/.local/lib/python3.12/site-packages/airflow/example_dags/tutorial.py took 0.057 seconds
[2024-09-02T01:55:37.562+0000] {processor.py:186} INFO - Started process (PID=822) to work on /home/airflow/.local/lib/python3.12/site-packages/airflow/example_dags/tutorial.py
[2024-09-02T01:55:37.563+0000] {processor.py:914} INFO - Processing file /home/airflow/.local/lib/python3.12/site-packages/airflow/example_dags/tutorial.py for tasks to queue
[2024-09-02T01:55:37.565+0000] {logging_mixin.py:190} INFO - [2024-09-02T01:55:37.565+0000] {dagbag.py:587} INFO - Filling up the DagBag from /home/airflow/.local/lib/python3.12/site-packages/airflow/example_dags/tutorial.py
[2024-09-02T01:55:37.571+0000] {processor.py:925} INFO - DAG(s) 'tutorial' retrieved from /home/airflow/.local/lib/python3.12/site-packages/airflow/example_dags/tutorial.py
[2024-09-02T01:55:37.584+0000] {logging_mixin.py:190} INFO - [2024-09-02T01:55:37.584+0000] {dag.py:3211} INFO - Sync 1 DAGs
[2024-09-02T01:55:37.599+0000] {logging_mixin.py:190} INFO - [2024-09-02T01:55:37.599+0000] {dag.py:4138} INFO - Setting next_dagrun for tutorial to 2024-09-01 00:00:00+00:00, run_after=2024-09-02 00:00:00+00:00
[2024-09-02T01:55:37.611+0000] {processor.py:208} INFO - Processing /home/airflow/.local/lib/python3.12/site-packages/airflow/example_dags/tutorial.py took 0.052 seconds
[2024-09-02T01:56:07.839+0000] {processor.py:186} INFO - Started process (PID=1108) to work on /home/airflow/.local/lib/python3.12/site-packages/airflow/example_dags/tutorial.py
[2024-09-02T01:56:07.841+0000] {processor.py:914} INFO - Processing file /home/airflow/.local/lib/python3.12/site-packages/airflow/example_dags/tutorial.py for tasks to queue
[2024-09-02T01:56:07.843+0000] {logging_mixin.py:190} INFO - [2024-09-02T01:56:07.843+0000] {dagbag.py:587} INFO - Filling up the DagBag from /home/airflow/.local/lib/python3.12/site-packages/airflow/example_dags/tutorial.py
[2024-09-02T01:56:07.848+0000] {processor.py:925} INFO - DAG(s) 'tutorial' retrieved from /home/airflow/.local/lib/python3.12/site-packages/airflow/example_dags/tutorial.py
[2024-09-02T01:56:07.861+0000] {logging_mixin.py:190} INFO - [2024-09-02T01:56:07.861+0000] {dag.py:3211} INFO - Sync 1 DAGs
[2024-09-02T01:56:07.875+0000] {logging_mixin.py:190} INFO - [2024-09-02T01:56:07.875+0000] {dag.py:4138} INFO - Setting next_dagrun for tutorial to 2024-09-01 00:00:00+00:00, run_after=2024-09-02 00:00:00+00:00
[2024-09-02T01:56:07.888+0000] {processor.py:208} INFO - Processing /home/airflow/.local/lib/python3.12/site-packages/airflow/example_dags/tutorial.py took 0.052 seconds
[2024-09-02T01:56:38.303+0000] {processor.py:186} INFO - Started process (PID=1396) to work on /home/airflow/.local/lib/python3.12/site-packages/airflow/example_dags/tutorial.py
[2024-09-02T01:56:38.304+0000] {processor.py:914} INFO - Processing file /home/airflow/.local/lib/python3.12/site-packages/airflow/example_dags/tutorial.py for tasks to queue
[2024-09-02T01:56:38.306+0000] {logging_mixin.py:190} INFO - [2024-09-02T01:56:38.306+0000] {dagbag.py:587} INFO - Filling up the DagBag from /home/airflow/.local/lib/python3.12/site-packages/airflow/example_dags/tutorial.py
[2024-09-02T01:56:38.312+0000] {processor.py:925} INFO - DAG(s) 'tutorial' retrieved from /home/airflow/.local/lib/python3.12/site-packages/airflow/example_dags/tutorial.py
[2024-09-02T01:56:38.328+0000] {logging_mixin.py:190} INFO - [2024-09-02T01:56:38.328+0000] {dag.py:3211} INFO - Sync 1 DAGs
[2024-09-02T01:56:38.344+0000] {logging_mixin.py:190} INFO - [2024-09-02T01:56:38.344+0000] {dag.py:4138} INFO - Setting next_dagrun for tutorial to 2024-09-01 00:00:00+00:00, run_after=2024-09-02 00:00:00+00:00
[2024-09-02T01:56:38.356+0000] {processor.py:208} INFO - Processing /home/airflow/.local/lib/python3.12/site-packages/airflow/example_dags/tutorial.py took 0.057 seconds
[2024-09-02T01:57:08.574+0000] {processor.py:186} INFO - Started process (PID=1684) to work on /home/airflow/.local/lib/python3.12/site-packages/airflow/example_dags/tutorial.py
[2024-09-02T01:57:08.576+0000] {processor.py:914} INFO - Processing file /home/airflow/.local/lib/python3.12/site-packages/airflow/example_dags/tutorial.py for tasks to queue
[2024-09-02T01:57:08.578+0000] {logging_mixin.py:190} INFO - [2024-09-02T01:57:08.577+0000] {dagbag.py:587} INFO - Filling up the DagBag from /home/airflow/.local/lib/python3.12/site-packages/airflow/example_dags/tutorial.py
[2024-09-02T01:57:08.583+0000] {processor.py:925} INFO - DAG(s) 'tutorial' retrieved from /home/airflow/.local/lib/python3.12/site-packages/airflow/example_dags/tutorial.py
[2024-09-02T01:57:08.596+0000] {logging_mixin.py:190} INFO - [2024-09-02T01:57:08.596+0000] {dag.py:3211} INFO - Sync 1 DAGs
[2024-09-02T01:57:08.608+0000] {logging_mixin.py:190} INFO - [2024-09-02T01:57:08.608+0000] {dag.py:4138} INFO - Setting next_dagrun for tutorial to 2024-09-01 00:00:00+00:00, run_after=2024-09-02 00:00:00+00:00
[2024-09-02T01:57:08.619+0000] {processor.py:208} INFO - Processing /home/airflow/.local/lib/python3.12/site-packages/airflow/example_dags/tutorial.py took 0.048 seconds
[2024-09-02T01:57:39.113+0000] {processor.py:186} INFO - Started process (PID=1971) to work on /home/airflow/.local/lib/python3.12/site-packages/airflow/example_dags/tutorial.py
[2024-09-02T01:57:39.115+0000] {processor.py:914} INFO - Processing file /home/airflow/.local/lib/python3.12/site-packages/airflow/example_dags/tutorial.py for tasks to queue
[2024-09-02T01:57:39.118+0000] {logging_mixin.py:190} INFO - [2024-09-02T01:57:39.117+0000] {dagbag.py:587} INFO - Filling up the DagBag from /home/airflow/.local/lib/python3.12/site-packages/airflow/example_dags/tutorial.py
[2024-09-02T01:57:39.125+0000] {processor.py:925} INFO - DAG(s) 'tutorial' retrieved from /home/airflow/.local/lib/python3.12/site-packages/airflow/example_dags/tutorial.py
[2024-09-02T01:57:39.140+0000] {logging_mixin.py:190} INFO - [2024-09-02T01:57:39.140+0000] {dag.py:3211} INFO - Sync 1 DAGs
[2024-09-02T01:57:39.154+0000] {logging_mixin.py:190} INFO - [2024-09-02T01:57:39.154+0000] {dag.py:4138} INFO - Setting next_dagrun for tutorial to 2024-09-01 00:00:00+00:00, run_after=2024-09-02 00:00:00+00:00
[2024-09-02T01:57:39.165+0000] {processor.py:208} INFO - Processing /home/airflow/.local/lib/python3.12/site-packages/airflow/example_dags/tutorial.py took 0.059 seconds
[2024-09-02T01:58:09.480+0000] {processor.py:186} INFO - Started process (PID=2255) to work on /home/airflow/.local/lib/python3.12/site-packages/airflow/example_dags/tutorial.py
[2024-09-02T01:58:09.484+0000] {processor.py:914} INFO - Processing file /home/airflow/.local/lib/python3.12/site-packages/airflow/example_dags/tutorial.py for tasks to queue
[2024-09-02T01:58:09.488+0000] {logging_mixin.py:190} INFO - [2024-09-02T01:58:09.488+0000] {dagbag.py:587} INFO - Filling up the DagBag from /home/airflow/.local/lib/python3.12/site-packages/airflow/example_dags/tutorial.py
[2024-09-02T01:58:09.499+0000] {processor.py:925} INFO - DAG(s) 'tutorial' retrieved from /home/airflow/.local/lib/python3.12/site-packages/airflow/example_dags/tutorial.py
[2024-09-02T01:58:09.523+0000] {logging_mixin.py:190} INFO - [2024-09-02T01:58:09.522+0000] {dag.py:3211} INFO - Sync 1 DAGs
[2024-09-02T01:58:09.540+0000] {logging_mixin.py:190} INFO - [2024-09-02T01:58:09.540+0000] {dag.py:4138} INFO - Setting next_dagrun for tutorial to 2024-09-01 00:00:00+00:00, run_after=2024-09-02 00:00:00+00:00
[2024-09-02T01:58:09.554+0000] {processor.py:208} INFO - Processing /home/airflow/.local/lib/python3.12/site-packages/airflow/example_dags/tutorial.py took 0.082 seconds
