[2024-09-02T01:39:25.563+0000] {processor.py:186} INFO - Started process (PID=391) to work on /home/airflow/.local/lib/python3.12/site-packages/airflow/example_dags/tutorial_dag.py
[2024-09-02T01:39:25.565+0000] {processor.py:914} INFO - Processing file /home/airflow/.local/lib/python3.12/site-packages/airflow/example_dags/tutorial_dag.py for tasks to queue
[2024-09-02T01:39:25.568+0000] {logging_mixin.py:190} INFO - [2024-09-02T01:39:25.567+0000] {dagbag.py:587} INFO - Filling up the DagBag from /home/airflow/.local/lib/python3.12/site-packages/airflow/example_dags/tutorial_dag.py
[2024-09-02T01:39:25.576+0000] {processor.py:925} INFO - DAG(s) 'tutorial_dag' retrieved from /home/airflow/.local/lib/python3.12/site-packages/airflow/example_dags/tutorial_dag.py
[2024-09-02T01:39:25.644+0000] {logging_mixin.py:190} INFO - [2024-09-02T01:39:25.643+0000] {override.py:1858} INFO - Created Permission View: can edit on DAG:tutorial_dag
[2024-09-02T01:39:25.650+0000] {logging_mixin.py:190} INFO - [2024-09-02T01:39:25.650+0000] {override.py:1858} INFO - Created Permission View: can read on DAG:tutorial_dag
[2024-09-02T01:39:25.654+0000] {logging_mixin.py:190} INFO - [2024-09-02T01:39:25.654+0000] {override.py:1858} INFO - Created Permission View: can delete on DAG:tutorial_dag
[2024-09-02T01:39:25.655+0000] {logging_mixin.py:190} INFO - [2024-09-02T01:39:25.655+0000] {dag.py:3211} INFO - Sync 1 DAGs
[2024-09-02T01:39:25.663+0000] {logging_mixin.py:190} INFO - [2024-09-02T01:39:25.663+0000] {dag.py:3234} INFO - Creating ORM DAG for tutorial_dag
[2024-09-02T01:39:25.664+0000] {logging_mixin.py:190} INFO - [2024-09-02T01:39:25.664+0000] {dag.py:4138} INFO - Setting next_dagrun for tutorial_dag to None, run_after=None
[2024-09-02T01:39:25.675+0000] {processor.py:208} INFO - Processing /home/airflow/.local/lib/python3.12/site-packages/airflow/example_dags/tutorial_dag.py took 0.117 seconds
[2024-09-02T01:39:56.627+0000] {processor.py:186} INFO - Started process (PID=677) to work on /home/airflow/.local/lib/python3.12/site-packages/airflow/example_dags/tutorial_dag.py
[2024-09-02T01:39:56.628+0000] {processor.py:914} INFO - Processing file /home/airflow/.local/lib/python3.12/site-packages/airflow/example_dags/tutorial_dag.py for tasks to queue
[2024-09-02T01:39:56.631+0000] {logging_mixin.py:190} INFO - [2024-09-02T01:39:56.630+0000] {dagbag.py:587} INFO - Filling up the DagBag from /home/airflow/.local/lib/python3.12/site-packages/airflow/example_dags/tutorial_dag.py
[2024-09-02T01:39:56.636+0000] {processor.py:925} INFO - DAG(s) 'tutorial_dag' retrieved from /home/airflow/.local/lib/python3.12/site-packages/airflow/example_dags/tutorial_dag.py
[2024-09-02T01:39:56.652+0000] {logging_mixin.py:190} INFO - [2024-09-02T01:39:56.651+0000] {dag.py:3211} INFO - Sync 1 DAGs
[2024-09-02T01:39:56.661+0000] {logging_mixin.py:190} INFO - [2024-09-02T01:39:56.661+0000] {dag.py:4138} INFO - Setting next_dagrun for tutorial_dag to None, run_after=None
[2024-09-02T01:39:56.674+0000] {processor.py:208} INFO - Processing /home/airflow/.local/lib/python3.12/site-packages/airflow/example_dags/tutorial_dag.py took 0.051 seconds
[2024-09-02T01:40:27.199+0000] {processor.py:186} INFO - Started process (PID=965) to work on /home/airflow/.local/lib/python3.12/site-packages/airflow/example_dags/tutorial_dag.py
[2024-09-02T01:40:27.200+0000] {processor.py:914} INFO - Processing file /home/airflow/.local/lib/python3.12/site-packages/airflow/example_dags/tutorial_dag.py for tasks to queue
[2024-09-02T01:40:27.202+0000] {logging_mixin.py:190} INFO - [2024-09-02T01:40:27.202+0000] {dagbag.py:587} INFO - Filling up the DagBag from /home/airflow/.local/lib/python3.12/site-packages/airflow/example_dags/tutorial_dag.py
[2024-09-02T01:40:27.208+0000] {processor.py:925} INFO - DAG(s) 'tutorial_dag' retrieved from /home/airflow/.local/lib/python3.12/site-packages/airflow/example_dags/tutorial_dag.py
[2024-09-02T01:40:27.222+0000] {logging_mixin.py:190} INFO - [2024-09-02T01:40:27.222+0000] {dag.py:3211} INFO - Sync 1 DAGs
[2024-09-02T01:40:27.232+0000] {logging_mixin.py:190} INFO - [2024-09-02T01:40:27.232+0000] {dag.py:4138} INFO - Setting next_dagrun for tutorial_dag to None, run_after=None
[2024-09-02T01:40:27.252+0000] {processor.py:208} INFO - Processing /home/airflow/.local/lib/python3.12/site-packages/airflow/example_dags/tutorial_dag.py took 0.059 seconds
[2024-09-02T01:40:57.295+0000] {processor.py:186} INFO - Started process (PID=1249) to work on /home/airflow/.local/lib/python3.12/site-packages/airflow/example_dags/tutorial_dag.py
[2024-09-02T01:40:57.296+0000] {processor.py:914} INFO - Processing file /home/airflow/.local/lib/python3.12/site-packages/airflow/example_dags/tutorial_dag.py for tasks to queue
[2024-09-02T01:40:57.298+0000] {logging_mixin.py:190} INFO - [2024-09-02T01:40:57.298+0000] {dagbag.py:587} INFO - Filling up the DagBag from /home/airflow/.local/lib/python3.12/site-packages/airflow/example_dags/tutorial_dag.py
[2024-09-02T01:40:57.303+0000] {processor.py:925} INFO - DAG(s) 'tutorial_dag' retrieved from /home/airflow/.local/lib/python3.12/site-packages/airflow/example_dags/tutorial_dag.py
[2024-09-02T01:40:57.316+0000] {logging_mixin.py:190} INFO - [2024-09-02T01:40:57.316+0000] {dag.py:3211} INFO - Sync 1 DAGs
[2024-09-02T01:40:57.324+0000] {logging_mixin.py:190} INFO - [2024-09-02T01:40:57.324+0000] {dag.py:4138} INFO - Setting next_dagrun for tutorial_dag to None, run_after=None
[2024-09-02T01:40:57.335+0000] {processor.py:208} INFO - Processing /home/airflow/.local/lib/python3.12/site-packages/airflow/example_dags/tutorial_dag.py took 0.044 seconds
[2024-09-02T01:41:28.311+0000] {processor.py:186} INFO - Started process (PID=1567) to work on /home/airflow/.local/lib/python3.12/site-packages/airflow/example_dags/tutorial_dag.py
[2024-09-02T01:41:28.313+0000] {processor.py:914} INFO - Processing file /home/airflow/.local/lib/python3.12/site-packages/airflow/example_dags/tutorial_dag.py for tasks to queue
[2024-09-02T01:41:28.315+0000] {logging_mixin.py:190} INFO - [2024-09-02T01:41:28.315+0000] {dagbag.py:587} INFO - Filling up the DagBag from /home/airflow/.local/lib/python3.12/site-packages/airflow/example_dags/tutorial_dag.py
[2024-09-02T01:41:28.321+0000] {processor.py:925} INFO - DAG(s) 'tutorial_dag' retrieved from /home/airflow/.local/lib/python3.12/site-packages/airflow/example_dags/tutorial_dag.py
[2024-09-02T01:41:28.336+0000] {logging_mixin.py:190} INFO - [2024-09-02T01:41:28.335+0000] {dag.py:3211} INFO - Sync 1 DAGs
[2024-09-02T01:41:28.344+0000] {logging_mixin.py:190} INFO - [2024-09-02T01:41:28.344+0000] {dag.py:4138} INFO - Setting next_dagrun for tutorial_dag to None, run_after=None
[2024-09-02T01:41:28.359+0000] {processor.py:208} INFO - Processing /home/airflow/.local/lib/python3.12/site-packages/airflow/example_dags/tutorial_dag.py took 0.051 seconds
[2024-09-02T01:41:59.348+0000] {processor.py:186} INFO - Started process (PID=1897) to work on /home/airflow/.local/lib/python3.12/site-packages/airflow/example_dags/tutorial_dag.py
[2024-09-02T01:41:59.350+0000] {processor.py:914} INFO - Processing file /home/airflow/.local/lib/python3.12/site-packages/airflow/example_dags/tutorial_dag.py for tasks to queue
[2024-09-02T01:41:59.352+0000] {logging_mixin.py:190} INFO - [2024-09-02T01:41:59.352+0000] {dagbag.py:587} INFO - Filling up the DagBag from /home/airflow/.local/lib/python3.12/site-packages/airflow/example_dags/tutorial_dag.py
[2024-09-02T01:41:59.357+0000] {processor.py:925} INFO - DAG(s) 'tutorial_dag' retrieved from /home/airflow/.local/lib/python3.12/site-packages/airflow/example_dags/tutorial_dag.py
[2024-09-02T01:41:59.369+0000] {logging_mixin.py:190} INFO - [2024-09-02T01:41:59.369+0000] {dag.py:3211} INFO - Sync 1 DAGs
[2024-09-02T01:41:59.377+0000] {logging_mixin.py:190} INFO - [2024-09-02T01:41:59.377+0000] {dag.py:4138} INFO - Setting next_dagrun for tutorial_dag to None, run_after=None
[2024-09-02T01:41:59.387+0000] {processor.py:208} INFO - Processing /home/airflow/.local/lib/python3.12/site-packages/airflow/example_dags/tutorial_dag.py took 0.042 seconds
[2024-09-02T01:42:30.301+0000] {processor.py:186} INFO - Started process (PID=2180) to work on /home/airflow/.local/lib/python3.12/site-packages/airflow/example_dags/tutorial_dag.py
[2024-09-02T01:42:30.303+0000] {processor.py:914} INFO - Processing file /home/airflow/.local/lib/python3.12/site-packages/airflow/example_dags/tutorial_dag.py for tasks to queue
[2024-09-02T01:42:30.306+0000] {logging_mixin.py:190} INFO - [2024-09-02T01:42:30.305+0000] {dagbag.py:587} INFO - Filling up the DagBag from /home/airflow/.local/lib/python3.12/site-packages/airflow/example_dags/tutorial_dag.py
[2024-09-02T01:42:30.311+0000] {processor.py:925} INFO - DAG(s) 'tutorial_dag' retrieved from /home/airflow/.local/lib/python3.12/site-packages/airflow/example_dags/tutorial_dag.py
[2024-09-02T01:42:30.327+0000] {logging_mixin.py:190} INFO - [2024-09-02T01:42:30.327+0000] {dag.py:3211} INFO - Sync 1 DAGs
[2024-09-02T01:42:30.337+0000] {logging_mixin.py:190} INFO - [2024-09-02T01:42:30.337+0000] {dag.py:4138} INFO - Setting next_dagrun for tutorial_dag to None, run_after=None
[2024-09-02T01:42:30.349+0000] {processor.py:208} INFO - Processing /home/airflow/.local/lib/python3.12/site-packages/airflow/example_dags/tutorial_dag.py took 0.052 seconds
[2024-09-02T01:43:01.694+0000] {processor.py:186} INFO - Started process (PID=2466) to work on /home/airflow/.local/lib/python3.12/site-packages/airflow/example_dags/tutorial_dag.py
[2024-09-02T01:43:01.696+0000] {processor.py:914} INFO - Processing file /home/airflow/.local/lib/python3.12/site-packages/airflow/example_dags/tutorial_dag.py for tasks to queue
[2024-09-02T01:43:01.698+0000] {logging_mixin.py:190} INFO - [2024-09-02T01:43:01.698+0000] {dagbag.py:587} INFO - Filling up the DagBag from /home/airflow/.local/lib/python3.12/site-packages/airflow/example_dags/tutorial_dag.py
[2024-09-02T01:43:01.704+0000] {processor.py:925} INFO - DAG(s) 'tutorial_dag' retrieved from /home/airflow/.local/lib/python3.12/site-packages/airflow/example_dags/tutorial_dag.py
[2024-09-02T01:43:01.725+0000] {logging_mixin.py:190} INFO - [2024-09-02T01:43:01.725+0000] {dag.py:3211} INFO - Sync 1 DAGs
[2024-09-02T01:43:01.739+0000] {logging_mixin.py:190} INFO - [2024-09-02T01:43:01.739+0000] {dag.py:4138} INFO - Setting next_dagrun for tutorial_dag to None, run_after=None
[2024-09-02T01:43:01.754+0000] {processor.py:208} INFO - Processing /home/airflow/.local/lib/python3.12/site-packages/airflow/example_dags/tutorial_dag.py took 0.065 seconds
[2024-09-02T01:43:32.008+0000] {processor.py:186} INFO - Started process (PID=2754) to work on /home/airflow/.local/lib/python3.12/site-packages/airflow/example_dags/tutorial_dag.py
[2024-09-02T01:43:32.010+0000] {processor.py:914} INFO - Processing file /home/airflow/.local/lib/python3.12/site-packages/airflow/example_dags/tutorial_dag.py for tasks to queue
[2024-09-02T01:43:32.012+0000] {logging_mixin.py:190} INFO - [2024-09-02T01:43:32.012+0000] {dagbag.py:587} INFO - Filling up the DagBag from /home/airflow/.local/lib/python3.12/site-packages/airflow/example_dags/tutorial_dag.py
[2024-09-02T01:43:32.018+0000] {processor.py:925} INFO - DAG(s) 'tutorial_dag' retrieved from /home/airflow/.local/lib/python3.12/site-packages/airflow/example_dags/tutorial_dag.py
[2024-09-02T01:43:32.032+0000] {logging_mixin.py:190} INFO - [2024-09-02T01:43:32.032+0000] {dag.py:3211} INFO - Sync 1 DAGs
[2024-09-02T01:43:32.041+0000] {logging_mixin.py:190} INFO - [2024-09-02T01:43:32.041+0000] {dag.py:4138} INFO - Setting next_dagrun for tutorial_dag to None, run_after=None
[2024-09-02T01:43:32.051+0000] {processor.py:208} INFO - Processing /home/airflow/.local/lib/python3.12/site-packages/airflow/example_dags/tutorial_dag.py took 0.047 seconds
[2024-09-02T01:44:02.900+0000] {processor.py:186} INFO - Started process (PID=3041) to work on /home/airflow/.local/lib/python3.12/site-packages/airflow/example_dags/tutorial_dag.py
[2024-09-02T01:44:02.901+0000] {processor.py:914} INFO - Processing file /home/airflow/.local/lib/python3.12/site-packages/airflow/example_dags/tutorial_dag.py for tasks to queue
[2024-09-02T01:44:02.904+0000] {logging_mixin.py:190} INFO - [2024-09-02T01:44:02.903+0000] {dagbag.py:587} INFO - Filling up the DagBag from /home/airflow/.local/lib/python3.12/site-packages/airflow/example_dags/tutorial_dag.py
[2024-09-02T01:44:02.910+0000] {processor.py:925} INFO - DAG(s) 'tutorial_dag' retrieved from /home/airflow/.local/lib/python3.12/site-packages/airflow/example_dags/tutorial_dag.py
[2024-09-02T01:44:02.924+0000] {logging_mixin.py:190} INFO - [2024-09-02T01:44:02.923+0000] {dag.py:3211} INFO - Sync 1 DAGs
[2024-09-02T01:44:02.933+0000] {logging_mixin.py:190} INFO - [2024-09-02T01:44:02.932+0000] {dag.py:4138} INFO - Setting next_dagrun for tutorial_dag to None, run_after=None
[2024-09-02T01:44:02.945+0000] {processor.py:208} INFO - Processing /home/airflow/.local/lib/python3.12/site-packages/airflow/example_dags/tutorial_dag.py took 0.048 seconds
[2024-09-02T01:44:33.362+0000] {processor.py:186} INFO - Started process (PID=3325) to work on /home/airflow/.local/lib/python3.12/site-packages/airflow/example_dags/tutorial_dag.py
[2024-09-02T01:44:33.364+0000] {processor.py:914} INFO - Processing file /home/airflow/.local/lib/python3.12/site-packages/airflow/example_dags/tutorial_dag.py for tasks to queue
[2024-09-02T01:44:33.366+0000] {logging_mixin.py:190} INFO - [2024-09-02T01:44:33.365+0000] {dagbag.py:587} INFO - Filling up the DagBag from /home/airflow/.local/lib/python3.12/site-packages/airflow/example_dags/tutorial_dag.py
[2024-09-02T01:44:33.372+0000] {processor.py:925} INFO - DAG(s) 'tutorial_dag' retrieved from /home/airflow/.local/lib/python3.12/site-packages/airflow/example_dags/tutorial_dag.py
[2024-09-02T01:44:33.385+0000] {logging_mixin.py:190} INFO - [2024-09-02T01:44:33.385+0000] {dag.py:3211} INFO - Sync 1 DAGs
[2024-09-02T01:44:33.394+0000] {logging_mixin.py:190} INFO - [2024-09-02T01:44:33.394+0000] {dag.py:4138} INFO - Setting next_dagrun for tutorial_dag to None, run_after=None
[2024-09-02T01:44:33.407+0000] {processor.py:208} INFO - Processing /home/airflow/.local/lib/python3.12/site-packages/airflow/example_dags/tutorial_dag.py took 0.049 seconds
[2024-09-02T01:45:03.767+0000] {processor.py:186} INFO - Started process (PID=3611) to work on /home/airflow/.local/lib/python3.12/site-packages/airflow/example_dags/tutorial_dag.py
[2024-09-02T01:45:03.770+0000] {processor.py:914} INFO - Processing file /home/airflow/.local/lib/python3.12/site-packages/airflow/example_dags/tutorial_dag.py for tasks to queue
[2024-09-02T01:45:03.772+0000] {logging_mixin.py:190} INFO - [2024-09-02T01:45:03.772+0000] {dagbag.py:587} INFO - Filling up the DagBag from /home/airflow/.local/lib/python3.12/site-packages/airflow/example_dags/tutorial_dag.py
[2024-09-02T01:45:03.780+0000] {processor.py:925} INFO - DAG(s) 'tutorial_dag' retrieved from /home/airflow/.local/lib/python3.12/site-packages/airflow/example_dags/tutorial_dag.py
[2024-09-02T01:45:03.797+0000] {logging_mixin.py:190} INFO - [2024-09-02T01:45:03.797+0000] {dag.py:3211} INFO - Sync 1 DAGs
[2024-09-02T01:45:03.808+0000] {logging_mixin.py:190} INFO - [2024-09-02T01:45:03.807+0000] {dag.py:4138} INFO - Setting next_dagrun for tutorial_dag to None, run_after=None
[2024-09-02T01:45:03.820+0000] {processor.py:208} INFO - Processing /home/airflow/.local/lib/python3.12/site-packages/airflow/example_dags/tutorial_dag.py took 0.058 seconds
[2024-09-02T01:54:42.861+0000] {processor.py:186} INFO - Started process (PID=420) to work on /home/airflow/.local/lib/python3.12/site-packages/airflow/example_dags/tutorial_dag.py
[2024-09-02T01:54:42.863+0000] {processor.py:914} INFO - Processing file /home/airflow/.local/lib/python3.12/site-packages/airflow/example_dags/tutorial_dag.py for tasks to queue
[2024-09-02T01:54:42.866+0000] {logging_mixin.py:190} INFO - [2024-09-02T01:54:42.865+0000] {dagbag.py:587} INFO - Filling up the DagBag from /home/airflow/.local/lib/python3.12/site-packages/airflow/example_dags/tutorial_dag.py
[2024-09-02T01:54:42.881+0000] {processor.py:925} INFO - DAG(s) 'tutorial_dag' retrieved from /home/airflow/.local/lib/python3.12/site-packages/airflow/example_dags/tutorial_dag.py
[2024-09-02T01:54:42.898+0000] {logging_mixin.py:190} INFO - [2024-09-02T01:54:42.898+0000] {dag.py:3211} INFO - Sync 1 DAGs
[2024-09-02T01:54:42.927+0000] {logging_mixin.py:190} INFO - [2024-09-02T01:54:42.927+0000] {dag.py:4138} INFO - Setting next_dagrun for tutorial_dag to None, run_after=None
[2024-09-02T01:54:42.945+0000] {processor.py:208} INFO - Processing /home/airflow/.local/lib/python3.12/site-packages/airflow/example_dags/tutorial_dag.py took 0.090 seconds
[2024-09-02T01:55:13.041+0000] {processor.py:186} INFO - Started process (PID=733) to work on /home/airflow/.local/lib/python3.12/site-packages/airflow/example_dags/tutorial_dag.py
[2024-09-02T01:55:13.043+0000] {processor.py:914} INFO - Processing file /home/airflow/.local/lib/python3.12/site-packages/airflow/example_dags/tutorial_dag.py for tasks to queue
[2024-09-02T01:55:13.045+0000] {logging_mixin.py:190} INFO - [2024-09-02T01:55:13.044+0000] {dagbag.py:587} INFO - Filling up the DagBag from /home/airflow/.local/lib/python3.12/site-packages/airflow/example_dags/tutorial_dag.py
[2024-09-02T01:55:13.050+0000] {processor.py:925} INFO - DAG(s) 'tutorial_dag' retrieved from /home/airflow/.local/lib/python3.12/site-packages/airflow/example_dags/tutorial_dag.py
[2024-09-02T01:55:13.064+0000] {logging_mixin.py:190} INFO - [2024-09-02T01:55:13.064+0000] {dag.py:3211} INFO - Sync 1 DAGs
[2024-09-02T01:55:13.073+0000] {logging_mixin.py:190} INFO - [2024-09-02T01:55:13.073+0000] {dag.py:4138} INFO - Setting next_dagrun for tutorial_dag to None, run_after=None
[2024-09-02T01:55:13.083+0000] {processor.py:208} INFO - Processing /home/airflow/.local/lib/python3.12/site-packages/airflow/example_dags/tutorial_dag.py took 0.045 seconds
[2024-09-02T01:55:43.491+0000] {processor.py:186} INFO - Started process (PID=1017) to work on /home/airflow/.local/lib/python3.12/site-packages/airflow/example_dags/tutorial_dag.py
[2024-09-02T01:55:43.493+0000] {processor.py:914} INFO - Processing file /home/airflow/.local/lib/python3.12/site-packages/airflow/example_dags/tutorial_dag.py for tasks to queue
[2024-09-02T01:55:43.497+0000] {logging_mixin.py:190} INFO - [2024-09-02T01:55:43.496+0000] {dagbag.py:587} INFO - Filling up the DagBag from /home/airflow/.local/lib/python3.12/site-packages/airflow/example_dags/tutorial_dag.py
[2024-09-02T01:55:43.506+0000] {processor.py:925} INFO - DAG(s) 'tutorial_dag' retrieved from /home/airflow/.local/lib/python3.12/site-packages/airflow/example_dags/tutorial_dag.py
[2024-09-02T01:55:43.561+0000] {logging_mixin.py:190} INFO - [2024-09-02T01:55:43.561+0000] {dag.py:3211} INFO - Sync 1 DAGs
[2024-09-02T01:55:43.578+0000] {logging_mixin.py:190} INFO - [2024-09-02T01:55:43.578+0000] {dag.py:4138} INFO - Setting next_dagrun for tutorial_dag to None, run_after=None
[2024-09-02T01:55:43.593+0000] {processor.py:208} INFO - Processing /home/airflow/.local/lib/python3.12/site-packages/airflow/example_dags/tutorial_dag.py took 0.108 seconds
[2024-09-02T01:56:13.713+0000] {processor.py:186} INFO - Started process (PID=1303) to work on /home/airflow/.local/lib/python3.12/site-packages/airflow/example_dags/tutorial_dag.py
[2024-09-02T01:56:13.715+0000] {processor.py:914} INFO - Processing file /home/airflow/.local/lib/python3.12/site-packages/airflow/example_dags/tutorial_dag.py for tasks to queue
[2024-09-02T01:56:13.717+0000] {logging_mixin.py:190} INFO - [2024-09-02T01:56:13.717+0000] {dagbag.py:587} INFO - Filling up the DagBag from /home/airflow/.local/lib/python3.12/site-packages/airflow/example_dags/tutorial_dag.py
[2024-09-02T01:56:13.722+0000] {processor.py:925} INFO - DAG(s) 'tutorial_dag' retrieved from /home/airflow/.local/lib/python3.12/site-packages/airflow/example_dags/tutorial_dag.py
[2024-09-02T01:56:13.736+0000] {logging_mixin.py:190} INFO - [2024-09-02T01:56:13.736+0000] {dag.py:3211} INFO - Sync 1 DAGs
[2024-09-02T01:56:13.745+0000] {logging_mixin.py:190} INFO - [2024-09-02T01:56:13.745+0000] {dag.py:4138} INFO - Setting next_dagrun for tutorial_dag to None, run_after=None
[2024-09-02T01:56:13.757+0000] {processor.py:208} INFO - Processing /home/airflow/.local/lib/python3.12/site-packages/airflow/example_dags/tutorial_dag.py took 0.048 seconds
[2024-09-02T01:56:44.084+0000] {processor.py:186} INFO - Started process (PID=1593) to work on /home/airflow/.local/lib/python3.12/site-packages/airflow/example_dags/tutorial_dag.py
[2024-09-02T01:56:44.086+0000] {processor.py:914} INFO - Processing file /home/airflow/.local/lib/python3.12/site-packages/airflow/example_dags/tutorial_dag.py for tasks to queue
[2024-09-02T01:56:44.087+0000] {logging_mixin.py:190} INFO - [2024-09-02T01:56:44.087+0000] {dagbag.py:587} INFO - Filling up the DagBag from /home/airflow/.local/lib/python3.12/site-packages/airflow/example_dags/tutorial_dag.py
[2024-09-02T01:56:44.092+0000] {processor.py:925} INFO - DAG(s) 'tutorial_dag' retrieved from /home/airflow/.local/lib/python3.12/site-packages/airflow/example_dags/tutorial_dag.py
[2024-09-02T01:56:44.105+0000] {logging_mixin.py:190} INFO - [2024-09-02T01:56:44.105+0000] {dag.py:3211} INFO - Sync 1 DAGs
[2024-09-02T01:56:44.113+0000] {logging_mixin.py:190} INFO - [2024-09-02T01:56:44.113+0000] {dag.py:4138} INFO - Setting next_dagrun for tutorial_dag to None, run_after=None
[2024-09-02T01:56:44.126+0000] {processor.py:208} INFO - Processing /home/airflow/.local/lib/python3.12/site-packages/airflow/example_dags/tutorial_dag.py took 0.046 seconds
[2024-09-02T01:57:14.586+0000] {processor.py:186} INFO - Started process (PID=1877) to work on /home/airflow/.local/lib/python3.12/site-packages/airflow/example_dags/tutorial_dag.py
[2024-09-02T01:57:14.587+0000] {processor.py:914} INFO - Processing file /home/airflow/.local/lib/python3.12/site-packages/airflow/example_dags/tutorial_dag.py for tasks to queue
[2024-09-02T01:57:14.590+0000] {logging_mixin.py:190} INFO - [2024-09-02T01:57:14.589+0000] {dagbag.py:587} INFO - Filling up the DagBag from /home/airflow/.local/lib/python3.12/site-packages/airflow/example_dags/tutorial_dag.py
[2024-09-02T01:57:14.597+0000] {processor.py:925} INFO - DAG(s) 'tutorial_dag' retrieved from /home/airflow/.local/lib/python3.12/site-packages/airflow/example_dags/tutorial_dag.py
[2024-09-02T01:57:14.615+0000] {logging_mixin.py:190} INFO - [2024-09-02T01:57:14.615+0000] {dag.py:3211} INFO - Sync 1 DAGs
[2024-09-02T01:57:14.624+0000] {logging_mixin.py:190} INFO - [2024-09-02T01:57:14.624+0000] {dag.py:4138} INFO - Setting next_dagrun for tutorial_dag to None, run_after=None
[2024-09-02T01:57:14.638+0000] {processor.py:208} INFO - Processing /home/airflow/.local/lib/python3.12/site-packages/airflow/example_dags/tutorial_dag.py took 0.057 seconds
[2024-09-02T01:57:44.937+0000] {processor.py:186} INFO - Started process (PID=2164) to work on /home/airflow/.local/lib/python3.12/site-packages/airflow/example_dags/tutorial_dag.py
[2024-09-02T01:57:44.938+0000] {processor.py:914} INFO - Processing file /home/airflow/.local/lib/python3.12/site-packages/airflow/example_dags/tutorial_dag.py for tasks to queue
[2024-09-02T01:57:44.940+0000] {logging_mixin.py:190} INFO - [2024-09-02T01:57:44.940+0000] {dagbag.py:587} INFO - Filling up the DagBag from /home/airflow/.local/lib/python3.12/site-packages/airflow/example_dags/tutorial_dag.py
[2024-09-02T01:57:44.945+0000] {processor.py:925} INFO - DAG(s) 'tutorial_dag' retrieved from /home/airflow/.local/lib/python3.12/site-packages/airflow/example_dags/tutorial_dag.py
[2024-09-02T01:57:44.959+0000] {logging_mixin.py:190} INFO - [2024-09-02T01:57:44.959+0000] {dag.py:3211} INFO - Sync 1 DAGs
[2024-09-02T01:57:44.968+0000] {logging_mixin.py:190} INFO - [2024-09-02T01:57:44.968+0000] {dag.py:4138} INFO - Setting next_dagrun for tutorial_dag to None, run_after=None
[2024-09-02T01:57:44.978+0000] {processor.py:208} INFO - Processing /home/airflow/.local/lib/python3.12/site-packages/airflow/example_dags/tutorial_dag.py took 0.045 seconds
[2024-09-02T01:58:15.898+0000] {processor.py:186} INFO - Started process (PID=2450) to work on /home/airflow/.local/lib/python3.12/site-packages/airflow/example_dags/tutorial_dag.py
[2024-09-02T01:58:15.901+0000] {processor.py:914} INFO - Processing file /home/airflow/.local/lib/python3.12/site-packages/airflow/example_dags/tutorial_dag.py for tasks to queue
[2024-09-02T01:58:15.903+0000] {logging_mixin.py:190} INFO - [2024-09-02T01:58:15.903+0000] {dagbag.py:587} INFO - Filling up the DagBag from /home/airflow/.local/lib/python3.12/site-packages/airflow/example_dags/tutorial_dag.py
[2024-09-02T01:58:15.908+0000] {processor.py:925} INFO - DAG(s) 'tutorial_dag' retrieved from /home/airflow/.local/lib/python3.12/site-packages/airflow/example_dags/tutorial_dag.py
[2024-09-02T01:58:15.921+0000] {logging_mixin.py:190} INFO - [2024-09-02T01:58:15.921+0000] {dag.py:3211} INFO - Sync 1 DAGs
[2024-09-02T01:58:15.931+0000] {logging_mixin.py:190} INFO - [2024-09-02T01:58:15.931+0000] {dag.py:4138} INFO - Setting next_dagrun for tutorial_dag to None, run_after=None
[2024-09-02T01:58:15.945+0000] {processor.py:208} INFO - Processing /home/airflow/.local/lib/python3.12/site-packages/airflow/example_dags/tutorial_dag.py took 0.050 seconds
