[2024-09-02T01:39:23.140+0000] {processor.py:186} INFO - Started process (PID=291) to work on /home/airflow/.local/lib/python3.12/site-packages/airflow/example_dags/tutorial_taskflow_api.py
[2024-09-02T01:39:23.142+0000] {processor.py:914} INFO - Processing file /home/airflow/.local/lib/python3.12/site-packages/airflow/example_dags/tutorial_taskflow_api.py for tasks to queue
[2024-09-02T01:39:23.144+0000] {logging_mixin.py:190} INFO - [2024-09-02T01:39:23.144+0000] {dagbag.py:587} INFO - Filling up the DagBag from /home/airflow/.local/lib/python3.12/site-packages/airflow/example_dags/tutorial_taskflow_api.py
[2024-09-02T01:39:23.152+0000] {processor.py:925} INFO - DAG(s) 'tutorial_taskflow_api' retrieved from /home/airflow/.local/lib/python3.12/site-packages/airflow/example_dags/tutorial_taskflow_api.py
[2024-09-02T01:39:23.232+0000] {logging_mixin.py:190} INFO - [2024-09-02T01:39:23.231+0000] {override.py:1858} INFO - Created Permission View: can edit on DAG:tutorial_taskflow_api
[2024-09-02T01:39:23.239+0000] {logging_mixin.py:190} INFO - [2024-09-02T01:39:23.238+0000] {override.py:1858} INFO - Created Permission View: can read on DAG:tutorial_taskflow_api
[2024-09-02T01:39:23.243+0000] {logging_mixin.py:190} INFO - [2024-09-02T01:39:23.243+0000] {override.py:1858} INFO - Created Permission View: can delete on DAG:tutorial_taskflow_api
[2024-09-02T01:39:23.245+0000] {logging_mixin.py:190} INFO - [2024-09-02T01:39:23.245+0000] {dag.py:3211} INFO - Sync 1 DAGs
[2024-09-02T01:39:23.253+0000] {logging_mixin.py:190} INFO - [2024-09-02T01:39:23.253+0000] {dag.py:3234} INFO - Creating ORM DAG for tutorial_taskflow_api
[2024-09-02T01:39:23.255+0000] {logging_mixin.py:190} INFO - [2024-09-02T01:39:23.255+0000] {dag.py:4138} INFO - Setting next_dagrun for tutorial_taskflow_api to None, run_after=None
[2024-09-02T01:39:23.267+0000] {processor.py:208} INFO - Processing /home/airflow/.local/lib/python3.12/site-packages/airflow/example_dags/tutorial_taskflow_api.py took 0.130 seconds
[2024-09-02T01:39:53.606+0000] {processor.py:186} INFO - Started process (PID=579) to work on /home/airflow/.local/lib/python3.12/site-packages/airflow/example_dags/tutorial_taskflow_api.py
[2024-09-02T01:39:53.608+0000] {processor.py:914} INFO - Processing file /home/airflow/.local/lib/python3.12/site-packages/airflow/example_dags/tutorial_taskflow_api.py for tasks to queue
[2024-09-02T01:39:53.610+0000] {logging_mixin.py:190} INFO - [2024-09-02T01:39:53.610+0000] {dagbag.py:587} INFO - Filling up the DagBag from /home/airflow/.local/lib/python3.12/site-packages/airflow/example_dags/tutorial_taskflow_api.py
[2024-09-02T01:39:53.617+0000] {processor.py:925} INFO - DAG(s) 'tutorial_taskflow_api' retrieved from /home/airflow/.local/lib/python3.12/site-packages/airflow/example_dags/tutorial_taskflow_api.py
[2024-09-02T01:39:53.633+0000] {logging_mixin.py:190} INFO - [2024-09-02T01:39:53.632+0000] {dag.py:3211} INFO - Sync 1 DAGs
[2024-09-02T01:39:53.644+0000] {logging_mixin.py:190} INFO - [2024-09-02T01:39:53.644+0000] {dag.py:4138} INFO - Setting next_dagrun for tutorial_taskflow_api to None, run_after=None
[2024-09-02T01:39:53.673+0000] {processor.py:208} INFO - Processing /home/airflow/.local/lib/python3.12/site-packages/airflow/example_dags/tutorial_taskflow_api.py took 0.071 seconds
[2024-09-02T01:40:24.542+0000] {processor.py:186} INFO - Started process (PID=863) to work on /home/airflow/.local/lib/python3.12/site-packages/airflow/example_dags/tutorial_taskflow_api.py
[2024-09-02T01:40:24.544+0000] {processor.py:914} INFO - Processing file /home/airflow/.local/lib/python3.12/site-packages/airflow/example_dags/tutorial_taskflow_api.py for tasks to queue
[2024-09-02T01:40:24.547+0000] {logging_mixin.py:190} INFO - [2024-09-02T01:40:24.546+0000] {dagbag.py:587} INFO - Filling up the DagBag from /home/airflow/.local/lib/python3.12/site-packages/airflow/example_dags/tutorial_taskflow_api.py
[2024-09-02T01:40:24.555+0000] {processor.py:925} INFO - DAG(s) 'tutorial_taskflow_api' retrieved from /home/airflow/.local/lib/python3.12/site-packages/airflow/example_dags/tutorial_taskflow_api.py
[2024-09-02T01:40:24.573+0000] {logging_mixin.py:190} INFO - [2024-09-02T01:40:24.573+0000] {dag.py:3211} INFO - Sync 1 DAGs
[2024-09-02T01:40:24.584+0000] {logging_mixin.py:190} INFO - [2024-09-02T01:40:24.584+0000] {dag.py:4138} INFO - Setting next_dagrun for tutorial_taskflow_api to None, run_after=None
[2024-09-02T01:40:24.596+0000] {processor.py:208} INFO - Processing /home/airflow/.local/lib/python3.12/site-packages/airflow/example_dags/tutorial_taskflow_api.py took 0.060 seconds
[2024-09-02T01:40:55.162+0000] {processor.py:186} INFO - Started process (PID=1149) to work on /home/airflow/.local/lib/python3.12/site-packages/airflow/example_dags/tutorial_taskflow_api.py
[2024-09-02T01:40:55.167+0000] {processor.py:914} INFO - Processing file /home/airflow/.local/lib/python3.12/site-packages/airflow/example_dags/tutorial_taskflow_api.py for tasks to queue
[2024-09-02T01:40:55.171+0000] {logging_mixin.py:190} INFO - [2024-09-02T01:40:55.170+0000] {dagbag.py:587} INFO - Filling up the DagBag from /home/airflow/.local/lib/python3.12/site-packages/airflow/example_dags/tutorial_taskflow_api.py
[2024-09-02T01:40:55.180+0000] {processor.py:925} INFO - DAG(s) 'tutorial_taskflow_api' retrieved from /home/airflow/.local/lib/python3.12/site-packages/airflow/example_dags/tutorial_taskflow_api.py
[2024-09-02T01:40:55.202+0000] {logging_mixin.py:190} INFO - [2024-09-02T01:40:55.202+0000] {dag.py:3211} INFO - Sync 1 DAGs
[2024-09-02T01:40:55.217+0000] {logging_mixin.py:190} INFO - [2024-09-02T01:40:55.216+0000] {dag.py:4138} INFO - Setting next_dagrun for tutorial_taskflow_api to None, run_after=None
[2024-09-02T01:40:55.235+0000] {processor.py:208} INFO - Processing /home/airflow/.local/lib/python3.12/site-packages/airflow/example_dags/tutorial_taskflow_api.py took 0.079 seconds
[2024-09-02T01:41:25.850+0000] {processor.py:186} INFO - Started process (PID=1466) to work on /home/airflow/.local/lib/python3.12/site-packages/airflow/example_dags/tutorial_taskflow_api.py
[2024-09-02T01:41:25.855+0000] {processor.py:914} INFO - Processing file /home/airflow/.local/lib/python3.12/site-packages/airflow/example_dags/tutorial_taskflow_api.py for tasks to queue
[2024-09-02T01:41:25.869+0000] {logging_mixin.py:190} INFO - [2024-09-02T01:41:25.868+0000] {dagbag.py:587} INFO - Filling up the DagBag from /home/airflow/.local/lib/python3.12/site-packages/airflow/example_dags/tutorial_taskflow_api.py
[2024-09-02T01:41:25.900+0000] {processor.py:925} INFO - DAG(s) 'tutorial_taskflow_api' retrieved from /home/airflow/.local/lib/python3.12/site-packages/airflow/example_dags/tutorial_taskflow_api.py
[2024-09-02T01:41:25.966+0000] {logging_mixin.py:190} INFO - [2024-09-02T01:41:25.965+0000] {dag.py:3211} INFO - Sync 1 DAGs
[2024-09-02T01:41:25.982+0000] {logging_mixin.py:190} INFO - [2024-09-02T01:41:25.981+0000] {dag.py:4138} INFO - Setting next_dagrun for tutorial_taskflow_api to None, run_after=None
[2024-09-02T01:41:25.997+0000] {processor.py:208} INFO - Processing /home/airflow/.local/lib/python3.12/site-packages/airflow/example_dags/tutorial_taskflow_api.py took 0.157 seconds
[2024-09-02T01:41:56.950+0000] {processor.py:186} INFO - Started process (PID=1795) to work on /home/airflow/.local/lib/python3.12/site-packages/airflow/example_dags/tutorial_taskflow_api.py
[2024-09-02T01:41:56.954+0000] {processor.py:914} INFO - Processing file /home/airflow/.local/lib/python3.12/site-packages/airflow/example_dags/tutorial_taskflow_api.py for tasks to queue
[2024-09-02T01:41:56.965+0000] {logging_mixin.py:190} INFO - [2024-09-02T01:41:56.963+0000] {dagbag.py:587} INFO - Filling up the DagBag from /home/airflow/.local/lib/python3.12/site-packages/airflow/example_dags/tutorial_taskflow_api.py
[2024-09-02T01:41:56.986+0000] {processor.py:925} INFO - DAG(s) 'tutorial_taskflow_api' retrieved from /home/airflow/.local/lib/python3.12/site-packages/airflow/example_dags/tutorial_taskflow_api.py
[2024-09-02T01:41:57.031+0000] {logging_mixin.py:190} INFO - [2024-09-02T01:41:57.030+0000] {dag.py:3211} INFO - Sync 1 DAGs
[2024-09-02T01:41:57.049+0000] {logging_mixin.py:190} INFO - [2024-09-02T01:41:57.049+0000] {dag.py:4138} INFO - Setting next_dagrun for tutorial_taskflow_api to None, run_after=None
[2024-09-02T01:41:57.069+0000] {processor.py:208} INFO - Processing /home/airflow/.local/lib/python3.12/site-packages/airflow/example_dags/tutorial_taskflow_api.py took 0.126 seconds
[2024-09-02T01:42:28.115+0000] {processor.py:186} INFO - Started process (PID=2080) to work on /home/airflow/.local/lib/python3.12/site-packages/airflow/example_dags/tutorial_taskflow_api.py
[2024-09-02T01:42:28.120+0000] {processor.py:914} INFO - Processing file /home/airflow/.local/lib/python3.12/site-packages/airflow/example_dags/tutorial_taskflow_api.py for tasks to queue
[2024-09-02T01:42:28.126+0000] {logging_mixin.py:190} INFO - [2024-09-02T01:42:28.125+0000] {dagbag.py:587} INFO - Filling up the DagBag from /home/airflow/.local/lib/python3.12/site-packages/airflow/example_dags/tutorial_taskflow_api.py
[2024-09-02T01:42:28.153+0000] {processor.py:925} INFO - DAG(s) 'tutorial_taskflow_api' retrieved from /home/airflow/.local/lib/python3.12/site-packages/airflow/example_dags/tutorial_taskflow_api.py
[2024-09-02T01:42:28.206+0000] {logging_mixin.py:190} INFO - [2024-09-02T01:42:28.205+0000] {dag.py:3211} INFO - Sync 1 DAGs
[2024-09-02T01:42:28.233+0000] {logging_mixin.py:190} INFO - [2024-09-02T01:42:28.233+0000] {dag.py:4138} INFO - Setting next_dagrun for tutorial_taskflow_api to None, run_after=None
[2024-09-02T01:42:28.256+0000] {processor.py:208} INFO - Processing /home/airflow/.local/lib/python3.12/site-packages/airflow/example_dags/tutorial_taskflow_api.py took 0.180 seconds
[2024-09-02T01:42:58.899+0000] {processor.py:186} INFO - Started process (PID=2366) to work on /home/airflow/.local/lib/python3.12/site-packages/airflow/example_dags/tutorial_taskflow_api.py
[2024-09-02T01:42:58.904+0000] {processor.py:914} INFO - Processing file /home/airflow/.local/lib/python3.12/site-packages/airflow/example_dags/tutorial_taskflow_api.py for tasks to queue
[2024-09-02T01:42:58.919+0000] {logging_mixin.py:190} INFO - [2024-09-02T01:42:58.918+0000] {dagbag.py:587} INFO - Filling up the DagBag from /home/airflow/.local/lib/python3.12/site-packages/airflow/example_dags/tutorial_taskflow_api.py
[2024-09-02T01:42:58.937+0000] {processor.py:925} INFO - DAG(s) 'tutorial_taskflow_api' retrieved from /home/airflow/.local/lib/python3.12/site-packages/airflow/example_dags/tutorial_taskflow_api.py
[2024-09-02T01:42:58.987+0000] {logging_mixin.py:190} INFO - [2024-09-02T01:42:58.987+0000] {dag.py:3211} INFO - Sync 1 DAGs
[2024-09-02T01:42:59.009+0000] {logging_mixin.py:190} INFO - [2024-09-02T01:42:59.009+0000] {dag.py:4138} INFO - Setting next_dagrun for tutorial_taskflow_api to None, run_after=None
[2024-09-02T01:42:59.035+0000] {processor.py:208} INFO - Processing /home/airflow/.local/lib/python3.12/site-packages/airflow/example_dags/tutorial_taskflow_api.py took 0.145 seconds
[2024-09-02T01:43:29.852+0000] {processor.py:186} INFO - Started process (PID=2652) to work on /home/airflow/.local/lib/python3.12/site-packages/airflow/example_dags/tutorial_taskflow_api.py
[2024-09-02T01:43:29.854+0000] {processor.py:914} INFO - Processing file /home/airflow/.local/lib/python3.12/site-packages/airflow/example_dags/tutorial_taskflow_api.py for tasks to queue
[2024-09-02T01:43:29.857+0000] {logging_mixin.py:190} INFO - [2024-09-02T01:43:29.856+0000] {dagbag.py:587} INFO - Filling up the DagBag from /home/airflow/.local/lib/python3.12/site-packages/airflow/example_dags/tutorial_taskflow_api.py
[2024-09-02T01:43:29.864+0000] {processor.py:925} INFO - DAG(s) 'tutorial_taskflow_api' retrieved from /home/airflow/.local/lib/python3.12/site-packages/airflow/example_dags/tutorial_taskflow_api.py
[2024-09-02T01:43:29.889+0000] {logging_mixin.py:190} INFO - [2024-09-02T01:43:29.889+0000] {dag.py:3211} INFO - Sync 1 DAGs
[2024-09-02T01:43:29.899+0000] {logging_mixin.py:190} INFO - [2024-09-02T01:43:29.899+0000] {dag.py:4138} INFO - Setting next_dagrun for tutorial_taskflow_api to None, run_after=None
[2024-09-02T01:43:29.914+0000] {processor.py:208} INFO - Processing /home/airflow/.local/lib/python3.12/site-packages/airflow/example_dags/tutorial_taskflow_api.py took 0.068 seconds
[2024-09-02T01:44:00.812+0000] {processor.py:186} INFO - Started process (PID=2939) to work on /home/airflow/.local/lib/python3.12/site-packages/airflow/example_dags/tutorial_taskflow_api.py
[2024-09-02T01:44:00.816+0000] {processor.py:914} INFO - Processing file /home/airflow/.local/lib/python3.12/site-packages/airflow/example_dags/tutorial_taskflow_api.py for tasks to queue
[2024-09-02T01:44:00.820+0000] {logging_mixin.py:190} INFO - [2024-09-02T01:44:00.819+0000] {dagbag.py:587} INFO - Filling up the DagBag from /home/airflow/.local/lib/python3.12/site-packages/airflow/example_dags/tutorial_taskflow_api.py
[2024-09-02T01:44:00.830+0000] {processor.py:925} INFO - DAG(s) 'tutorial_taskflow_api' retrieved from /home/airflow/.local/lib/python3.12/site-packages/airflow/example_dags/tutorial_taskflow_api.py
[2024-09-02T01:44:00.847+0000] {logging_mixin.py:190} INFO - [2024-09-02T01:44:00.847+0000] {dag.py:3211} INFO - Sync 1 DAGs
[2024-09-02T01:44:00.859+0000] {logging_mixin.py:190} INFO - [2024-09-02T01:44:00.859+0000] {dag.py:4138} INFO - Setting next_dagrun for tutorial_taskflow_api to None, run_after=None
[2024-09-02T01:44:00.872+0000] {processor.py:208} INFO - Processing /home/airflow/.local/lib/python3.12/site-packages/airflow/example_dags/tutorial_taskflow_api.py took 0.068 seconds
[2024-09-02T01:44:31.370+0000] {processor.py:186} INFO - Started process (PID=3225) to work on /home/airflow/.local/lib/python3.12/site-packages/airflow/example_dags/tutorial_taskflow_api.py
[2024-09-02T01:44:31.372+0000] {processor.py:914} INFO - Processing file /home/airflow/.local/lib/python3.12/site-packages/airflow/example_dags/tutorial_taskflow_api.py for tasks to queue
[2024-09-02T01:44:31.374+0000] {logging_mixin.py:190} INFO - [2024-09-02T01:44:31.374+0000] {dagbag.py:587} INFO - Filling up the DagBag from /home/airflow/.local/lib/python3.12/site-packages/airflow/example_dags/tutorial_taskflow_api.py
[2024-09-02T01:44:31.381+0000] {processor.py:925} INFO - DAG(s) 'tutorial_taskflow_api' retrieved from /home/airflow/.local/lib/python3.12/site-packages/airflow/example_dags/tutorial_taskflow_api.py
[2024-09-02T01:44:31.395+0000] {logging_mixin.py:190} INFO - [2024-09-02T01:44:31.395+0000] {dag.py:3211} INFO - Sync 1 DAGs
[2024-09-02T01:44:31.405+0000] {logging_mixin.py:190} INFO - [2024-09-02T01:44:31.404+0000] {dag.py:4138} INFO - Setting next_dagrun for tutorial_taskflow_api to None, run_after=None
[2024-09-02T01:44:31.415+0000] {processor.py:208} INFO - Processing /home/airflow/.local/lib/python3.12/site-packages/airflow/example_dags/tutorial_taskflow_api.py took 0.050 seconds
[2024-09-02T01:45:01.758+0000] {processor.py:186} INFO - Started process (PID=3511) to work on /home/airflow/.local/lib/python3.12/site-packages/airflow/example_dags/tutorial_taskflow_api.py
[2024-09-02T01:45:01.760+0000] {processor.py:914} INFO - Processing file /home/airflow/.local/lib/python3.12/site-packages/airflow/example_dags/tutorial_taskflow_api.py for tasks to queue
[2024-09-02T01:45:01.764+0000] {logging_mixin.py:190} INFO - [2024-09-02T01:45:01.763+0000] {dagbag.py:587} INFO - Filling up the DagBag from /home/airflow/.local/lib/python3.12/site-packages/airflow/example_dags/tutorial_taskflow_api.py
[2024-09-02T01:45:01.774+0000] {processor.py:925} INFO - DAG(s) 'tutorial_taskflow_api' retrieved from /home/airflow/.local/lib/python3.12/site-packages/airflow/example_dags/tutorial_taskflow_api.py
[2024-09-02T01:45:01.793+0000] {logging_mixin.py:190} INFO - [2024-09-02T01:45:01.793+0000] {dag.py:3211} INFO - Sync 1 DAGs
[2024-09-02T01:45:01.806+0000] {logging_mixin.py:190} INFO - [2024-09-02T01:45:01.806+0000] {dag.py:4138} INFO - Setting next_dagrun for tutorial_taskflow_api to None, run_after=None
[2024-09-02T01:45:01.821+0000] {processor.py:208} INFO - Processing /home/airflow/.local/lib/python3.12/site-packages/airflow/example_dags/tutorial_taskflow_api.py took 0.069 seconds
[2024-09-02T01:54:39.129+0000] {processor.py:186} INFO - Started process (PID=307) to work on /home/airflow/.local/lib/python3.12/site-packages/airflow/example_dags/tutorial_taskflow_api.py
[2024-09-02T01:54:39.132+0000] {processor.py:914} INFO - Processing file /home/airflow/.local/lib/python3.12/site-packages/airflow/example_dags/tutorial_taskflow_api.py for tasks to queue
[2024-09-02T01:54:39.135+0000] {logging_mixin.py:190} INFO - [2024-09-02T01:54:39.134+0000] {dagbag.py:587} INFO - Filling up the DagBag from /home/airflow/.local/lib/python3.12/site-packages/airflow/example_dags/tutorial_taskflow_api.py
[2024-09-02T01:54:39.156+0000] {processor.py:925} INFO - DAG(s) 'tutorial_taskflow_api' retrieved from /home/airflow/.local/lib/python3.12/site-packages/airflow/example_dags/tutorial_taskflow_api.py
[2024-09-02T01:54:39.283+0000] {logging_mixin.py:190} INFO - [2024-09-02T01:54:39.283+0000] {dag.py:3211} INFO - Sync 1 DAGs
[2024-09-02T01:54:39.317+0000] {logging_mixin.py:190} INFO - [2024-09-02T01:54:39.317+0000] {dag.py:4138} INFO - Setting next_dagrun for tutorial_taskflow_api to None, run_after=None
[2024-09-02T01:54:39.357+0000] {processor.py:208} INFO - Processing /home/airflow/.local/lib/python3.12/site-packages/airflow/example_dags/tutorial_taskflow_api.py took 0.233 seconds
[2024-09-02T01:55:09.812+0000] {processor.py:186} INFO - Started process (PID=631) to work on /home/airflow/.local/lib/python3.12/site-packages/airflow/example_dags/tutorial_taskflow_api.py
[2024-09-02T01:55:09.814+0000] {processor.py:914} INFO - Processing file /home/airflow/.local/lib/python3.12/site-packages/airflow/example_dags/tutorial_taskflow_api.py for tasks to queue
[2024-09-02T01:55:09.816+0000] {logging_mixin.py:190} INFO - [2024-09-02T01:55:09.816+0000] {dagbag.py:587} INFO - Filling up the DagBag from /home/airflow/.local/lib/python3.12/site-packages/airflow/example_dags/tutorial_taskflow_api.py
[2024-09-02T01:55:09.826+0000] {processor.py:925} INFO - DAG(s) 'tutorial_taskflow_api' retrieved from /home/airflow/.local/lib/python3.12/site-packages/airflow/example_dags/tutorial_taskflow_api.py
[2024-09-02T01:55:09.842+0000] {logging_mixin.py:190} INFO - [2024-09-02T01:55:09.842+0000] {dag.py:3211} INFO - Sync 1 DAGs
[2024-09-02T01:55:09.855+0000] {logging_mixin.py:190} INFO - [2024-09-02T01:55:09.855+0000] {dag.py:4138} INFO - Setting next_dagrun for tutorial_taskflow_api to None, run_after=None
[2024-09-02T01:55:09.866+0000] {processor.py:208} INFO - Processing /home/airflow/.local/lib/python3.12/site-packages/airflow/example_dags/tutorial_taskflow_api.py took 0.061 seconds
[2024-09-02T01:55:40.541+0000] {processor.py:186} INFO - Started process (PID=917) to work on /home/airflow/.local/lib/python3.12/site-packages/airflow/example_dags/tutorial_taskflow_api.py
[2024-09-02T01:55:40.543+0000] {processor.py:914} INFO - Processing file /home/airflow/.local/lib/python3.12/site-packages/airflow/example_dags/tutorial_taskflow_api.py for tasks to queue
[2024-09-02T01:55:40.545+0000] {logging_mixin.py:190} INFO - [2024-09-02T01:55:40.545+0000] {dagbag.py:587} INFO - Filling up the DagBag from /home/airflow/.local/lib/python3.12/site-packages/airflow/example_dags/tutorial_taskflow_api.py
[2024-09-02T01:55:40.552+0000] {processor.py:925} INFO - DAG(s) 'tutorial_taskflow_api' retrieved from /home/airflow/.local/lib/python3.12/site-packages/airflow/example_dags/tutorial_taskflow_api.py
[2024-09-02T01:55:40.567+0000] {logging_mixin.py:190} INFO - [2024-09-02T01:55:40.567+0000] {dag.py:3211} INFO - Sync 1 DAGs
[2024-09-02T01:55:40.577+0000] {logging_mixin.py:190} INFO - [2024-09-02T01:55:40.576+0000] {dag.py:4138} INFO - Setting next_dagrun for tutorial_taskflow_api to None, run_after=None
[2024-09-02T01:55:40.598+0000] {processor.py:208} INFO - Processing /home/airflow/.local/lib/python3.12/site-packages/airflow/example_dags/tutorial_taskflow_api.py took 0.061 seconds
[2024-09-02T01:56:10.753+0000] {processor.py:186} INFO - Started process (PID=1203) to work on /home/airflow/.local/lib/python3.12/site-packages/airflow/example_dags/tutorial_taskflow_api.py
[2024-09-02T01:56:10.756+0000] {processor.py:914} INFO - Processing file /home/airflow/.local/lib/python3.12/site-packages/airflow/example_dags/tutorial_taskflow_api.py for tasks to queue
[2024-09-02T01:56:10.758+0000] {logging_mixin.py:190} INFO - [2024-09-02T01:56:10.758+0000] {dagbag.py:587} INFO - Filling up the DagBag from /home/airflow/.local/lib/python3.12/site-packages/airflow/example_dags/tutorial_taskflow_api.py
[2024-09-02T01:56:10.764+0000] {processor.py:925} INFO - DAG(s) 'tutorial_taskflow_api' retrieved from /home/airflow/.local/lib/python3.12/site-packages/airflow/example_dags/tutorial_taskflow_api.py
[2024-09-02T01:56:10.778+0000] {logging_mixin.py:190} INFO - [2024-09-02T01:56:10.778+0000] {dag.py:3211} INFO - Sync 1 DAGs
[2024-09-02T01:56:10.787+0000] {logging_mixin.py:190} INFO - [2024-09-02T01:56:10.787+0000] {dag.py:4138} INFO - Setting next_dagrun for tutorial_taskflow_api to None, run_after=None
[2024-09-02T01:56:10.800+0000] {processor.py:208} INFO - Processing /home/airflow/.local/lib/python3.12/site-packages/airflow/example_dags/tutorial_taskflow_api.py took 0.050 seconds
[2024-09-02T01:56:41.742+0000] {processor.py:186} INFO - Started process (PID=1491) to work on /home/airflow/.local/lib/python3.12/site-packages/airflow/example_dags/tutorial_taskflow_api.py
[2024-09-02T01:56:41.744+0000] {processor.py:914} INFO - Processing file /home/airflow/.local/lib/python3.12/site-packages/airflow/example_dags/tutorial_taskflow_api.py for tasks to queue
[2024-09-02T01:56:41.747+0000] {logging_mixin.py:190} INFO - [2024-09-02T01:56:41.746+0000] {dagbag.py:587} INFO - Filling up the DagBag from /home/airflow/.local/lib/python3.12/site-packages/airflow/example_dags/tutorial_taskflow_api.py
[2024-09-02T01:56:41.753+0000] {processor.py:925} INFO - DAG(s) 'tutorial_taskflow_api' retrieved from /home/airflow/.local/lib/python3.12/site-packages/airflow/example_dags/tutorial_taskflow_api.py
[2024-09-02T01:56:41.774+0000] {logging_mixin.py:190} INFO - [2024-09-02T01:56:41.774+0000] {dag.py:3211} INFO - Sync 1 DAGs
[2024-09-02T01:56:41.787+0000] {logging_mixin.py:190} INFO - [2024-09-02T01:56:41.787+0000] {dag.py:4138} INFO - Setting next_dagrun for tutorial_taskflow_api to None, run_after=None
[2024-09-02T01:56:41.799+0000] {processor.py:208} INFO - Processing /home/airflow/.local/lib/python3.12/site-packages/airflow/example_dags/tutorial_taskflow_api.py took 0.066 seconds
[2024-09-02T01:57:12.574+0000] {processor.py:186} INFO - Started process (PID=1777) to work on /home/airflow/.local/lib/python3.12/site-packages/airflow/example_dags/tutorial_taskflow_api.py
[2024-09-02T01:57:12.576+0000] {processor.py:914} INFO - Processing file /home/airflow/.local/lib/python3.12/site-packages/airflow/example_dags/tutorial_taskflow_api.py for tasks to queue
[2024-09-02T01:57:12.578+0000] {logging_mixin.py:190} INFO - [2024-09-02T01:57:12.578+0000] {dagbag.py:587} INFO - Filling up the DagBag from /home/airflow/.local/lib/python3.12/site-packages/airflow/example_dags/tutorial_taskflow_api.py
[2024-09-02T01:57:12.584+0000] {processor.py:925} INFO - DAG(s) 'tutorial_taskflow_api' retrieved from /home/airflow/.local/lib/python3.12/site-packages/airflow/example_dags/tutorial_taskflow_api.py
[2024-09-02T01:57:12.599+0000] {logging_mixin.py:190} INFO - [2024-09-02T01:57:12.599+0000] {dag.py:3211} INFO - Sync 1 DAGs
[2024-09-02T01:57:12.609+0000] {logging_mixin.py:190} INFO - [2024-09-02T01:57:12.609+0000] {dag.py:4138} INFO - Setting next_dagrun for tutorial_taskflow_api to None, run_after=None
[2024-09-02T01:57:12.623+0000] {processor.py:208} INFO - Processing /home/airflow/.local/lib/python3.12/site-packages/airflow/example_dags/tutorial_taskflow_api.py took 0.052 seconds
[2024-09-02T01:57:42.950+0000] {processor.py:186} INFO - Started process (PID=2059) to work on /home/airflow/.local/lib/python3.12/site-packages/airflow/example_dags/tutorial_taskflow_api.py
[2024-09-02T01:57:42.951+0000] {processor.py:914} INFO - Processing file /home/airflow/.local/lib/python3.12/site-packages/airflow/example_dags/tutorial_taskflow_api.py for tasks to queue
[2024-09-02T01:57:42.954+0000] {logging_mixin.py:190} INFO - [2024-09-02T01:57:42.954+0000] {dagbag.py:587} INFO - Filling up the DagBag from /home/airflow/.local/lib/python3.12/site-packages/airflow/example_dags/tutorial_taskflow_api.py
[2024-09-02T01:57:42.960+0000] {processor.py:925} INFO - DAG(s) 'tutorial_taskflow_api' retrieved from /home/airflow/.local/lib/python3.12/site-packages/airflow/example_dags/tutorial_taskflow_api.py
[2024-09-02T01:57:42.974+0000] {logging_mixin.py:190} INFO - [2024-09-02T01:57:42.974+0000] {dag.py:3211} INFO - Sync 1 DAGs
[2024-09-02T01:57:42.982+0000] {logging_mixin.py:190} INFO - [2024-09-02T01:57:42.982+0000] {dag.py:4138} INFO - Setting next_dagrun for tutorial_taskflow_api to None, run_after=None
[2024-09-02T01:57:42.993+0000] {processor.py:208} INFO - Processing /home/airflow/.local/lib/python3.12/site-packages/airflow/example_dags/tutorial_taskflow_api.py took 0.046 seconds
[2024-09-02T01:58:13.771+0000] {processor.py:186} INFO - Started process (PID=2350) to work on /home/airflow/.local/lib/python3.12/site-packages/airflow/example_dags/tutorial_taskflow_api.py
[2024-09-02T01:58:13.773+0000] {processor.py:914} INFO - Processing file /home/airflow/.local/lib/python3.12/site-packages/airflow/example_dags/tutorial_taskflow_api.py for tasks to queue
[2024-09-02T01:58:13.775+0000] {logging_mixin.py:190} INFO - [2024-09-02T01:58:13.775+0000] {dagbag.py:587} INFO - Filling up the DagBag from /home/airflow/.local/lib/python3.12/site-packages/airflow/example_dags/tutorial_taskflow_api.py
[2024-09-02T01:58:13.784+0000] {processor.py:925} INFO - DAG(s) 'tutorial_taskflow_api' retrieved from /home/airflow/.local/lib/python3.12/site-packages/airflow/example_dags/tutorial_taskflow_api.py
[2024-09-02T01:58:13.799+0000] {logging_mixin.py:190} INFO - [2024-09-02T01:58:13.799+0000] {dag.py:3211} INFO - Sync 1 DAGs
[2024-09-02T01:58:13.808+0000] {logging_mixin.py:190} INFO - [2024-09-02T01:58:13.808+0000] {dag.py:4138} INFO - Setting next_dagrun for tutorial_taskflow_api to None, run_after=None
[2024-09-02T01:58:13.820+0000] {processor.py:208} INFO - Processing /home/airflow/.local/lib/python3.12/site-packages/airflow/example_dags/tutorial_taskflow_api.py took 0.053 seconds
