[2024-09-02T01:54:39.828+0000] {local_task_job_runner.py:123} INFO - ::group::Pre task execution logs
[2024-09-02T01:54:39.855+0000] {taskinstance.py:2603} INFO - Dependencies all met for dep_context=non-requeueable deps ti=<TaskInstance: example_python_operator.sleep_for_1 manual__2024-09-02T01:45:14.618466+00:00 [queued]>
[2024-09-02T01:54:39.877+0000] {taskinstance.py:2603} INFO - Dependencies all met for dep_context=requeueable deps ti=<TaskInstance: example_python_operator.sleep_for_1 manual__2024-09-02T01:45:14.618466+00:00 [queued]>
[2024-09-02T01:54:39.882+0000] {taskinstance.py:2856} INFO - Starting attempt 1 of 1
[2024-09-02T01:54:39.943+0000] {taskinstance.py:2879} INFO - Executing <Task(PythonOperator): sleep_for_1> on 2024-09-02 01:45:14.618466+00:00
[2024-09-02T01:54:39.954+0000] {logging_mixin.py:190} WARNING - /home/***/.local/lib/python3.12/site-packages/***/task/task_runner/standard_task_runner.py:70 DeprecationWarning: This process (pid=299) is multi-threaded, use of fork() may lead to deadlocks in the child.
[2024-09-02T01:54:39.961+0000] {standard_task_runner.py:72} INFO - Started process 330 to run task
[2024-09-02T01:54:39.977+0000] {standard_task_runner.py:104} INFO - Running: ['***', 'tasks', 'run', 'example_python_operator', 'sleep_for_1', 'manual__2024-09-02T01:45:14.618466+00:00', '--job-id', '17', '--raw', '--subdir', '/home/***/.local/lib/python3.12/site-packages/***/example_dags/example_python_operator.py', '--cfg-path', '/tmp/tmpkhdcdies']
[2024-09-02T01:54:39.987+0000] {standard_task_runner.py:105} INFO - Job 17: Subtask sleep_for_1
[2024-09-02T01:54:40.134+0000] {task_command.py:467} INFO - Running <TaskInstance: example_python_operator.sleep_for_1 manual__2024-09-02T01:45:14.618466+00:00 [running]> on host 453e90e1ba4d
[2024-09-02T01:54:40.437+0000] {taskinstance.py:3122} INFO - Exporting env vars: AIRFLOW_CTX_DAG_OWNER='***' AIRFLOW_CTX_DAG_ID='example_python_operator' AIRFLOW_CTX_TASK_ID='sleep_for_1' AIRFLOW_CTX_EXECUTION_DATE='2024-09-02T01:45:14.618466+00:00' AIRFLOW_CTX_TRY_NUMBER='1' AIRFLOW_CTX_DAG_RUN_ID='manual__2024-09-02T01:45:14.618466+00:00'
[2024-09-02T01:54:40.440+0000] {logging_mixin.py:190} INFO - Task instance is in running state
[2024-09-02T01:54:40.441+0000] {logging_mixin.py:190} INFO -  Previous state of the Task instance: queued
[2024-09-02T01:54:40.445+0000] {logging_mixin.py:190} INFO - Current task name:sleep_for_1 state:running start_date:2024-09-02 01:54:39.856640+00:00
[2024-09-02T01:54:40.446+0000] {logging_mixin.py:190} INFO - Dag name:example_python_operator and current dag run status:running
[2024-09-02T01:54:40.448+0000] {taskinstance.py:731} INFO - ::endgroup::
[2024-09-02T01:54:40.552+0000] {python.py:240} INFO - Done. Returned value was: None
[2024-09-02T01:54:40.579+0000] {taskinstance.py:340} INFO - ::group::Post task execution logs
[2024-09-02T01:54:40.582+0000] {taskinstance.py:352} INFO - Marking task as SUCCESS. dag_id=example_python_operator, task_id=sleep_for_1, run_id=manual__2024-09-02T01:45:14.618466+00:00, execution_date=20240902T014514, start_date=20240902T015439, end_date=20240902T015440
[2024-09-02T01:54:40.596+0000] {logging_mixin.py:190} INFO - Task instance in success state
[2024-09-02T01:54:40.597+0000] {logging_mixin.py:190} INFO -  Previous state of the Task instance: running
[2024-09-02T01:54:40.601+0000] {logging_mixin.py:190} INFO - Dag name:example_python_operator queued_at:2024-09-02 01:45:14.645637+00:00
[2024-09-02T01:54:40.603+0000] {logging_mixin.py:190} INFO - Task hostname:453e90e1ba4d operator:PythonOperator
[2024-09-02T01:54:40.675+0000] {local_task_job_runner.py:261} INFO - Task exited with return code 0
[2024-09-02T01:54:40.713+0000] {taskinstance.py:3891} INFO - 0 downstream tasks scheduled from follow-on schedule check
[2024-09-02T01:54:40.721+0000] {local_task_job_runner.py:240} INFO - ::endgroup::
