[2024-09-02T01:41:28.474+0000] {local_task_job_runner.py:123} INFO - ::group::Pre task execution logs
[2024-09-02T01:41:28.491+0000] {taskinstance.py:2603} INFO - Dependencies all met for dep_context=non-requeueable deps ti=<TaskInstance: example_python_operator.virtualenv_python manual__2024-09-02T01:41:15.472675+00:00 [queued]>
[2024-09-02T01:41:28.496+0000] {taskinstance.py:2603} INFO - Dependencies all met for dep_context=requeueable deps ti=<TaskInstance: example_python_operator.virtualenv_python manual__2024-09-02T01:41:15.472675+00:00 [queued]>
[2024-09-02T01:41:28.497+0000] {taskinstance.py:2856} INFO - Starting attempt 1 of 1
[2024-09-02T01:41:28.504+0000] {taskinstance.py:2879} INFO - Executing <Task(PythonVirtualenvOperator): virtualenv_python> on 2024-09-02 01:41:15.472675+00:00
[2024-09-02T01:41:28.512+0000] {logging_mixin.py:190} WARNING - /home/***/.local/lib/python3.12/site-packages/***/task/task_runner/standard_task_runner.py:70 DeprecationWarning: This process (pid=1546) is multi-threaded, use of fork() may lead to deadlocks in the child.
[2024-09-02T01:41:28.512+0000] {standard_task_runner.py:104} INFO - Running: ['***', 'tasks', 'run', 'example_python_operator', 'virtualenv_python', 'manual__2024-09-02T01:41:15.472675+00:00', '--job-id', '11', '--raw', '--subdir', '/home/***/.local/lib/python3.12/site-packages/***/example_dags/example_python_operator.py', '--cfg-path', '/tmp/tmpuaynjx26']
[2024-09-02T01:41:28.514+0000] {standard_task_runner.py:72} INFO - Started process 1579 to run task
[2024-09-02T01:41:28.515+0000] {standard_task_runner.py:105} INFO - Job 11: Subtask virtualenv_python
[2024-09-02T01:41:28.557+0000] {task_command.py:467} INFO - Running <TaskInstance: example_python_operator.virtualenv_python manual__2024-09-02T01:41:15.472675+00:00 [running]> on host 453e90e1ba4d
[2024-09-02T01:41:28.598+0000] {taskinstance.py:3122} INFO - Exporting env vars: AIRFLOW_CTX_DAG_OWNER='***' AIRFLOW_CTX_DAG_ID='example_python_operator' AIRFLOW_CTX_TASK_ID='virtualenv_python' AIRFLOW_CTX_EXECUTION_DATE='2024-09-02T01:41:15.472675+00:00' AIRFLOW_CTX_TRY_NUMBER='1' AIRFLOW_CTX_DAG_RUN_ID='manual__2024-09-02T01:41:15.472675+00:00'
[2024-09-02T01:41:28.600+0000] {logging_mixin.py:190} INFO - Task instance is in running state
[2024-09-02T01:41:28.601+0000] {logging_mixin.py:190} INFO -  Previous state of the Task instance: queued
[2024-09-02T01:41:28.602+0000] {logging_mixin.py:190} INFO - Current task name:virtualenv_python state:running start_date:2024-09-02 01:41:28.492153+00:00
[2024-09-02T01:41:28.603+0000] {logging_mixin.py:190} INFO - Dag name:example_python_operator and current dag run status:running
[2024-09-02T01:41:28.604+0000] {taskinstance.py:731} INFO - ::endgroup::
[2024-09-02T01:41:28.606+0000] {baseoperator.py:405} WARNING - PythonVirtualenvOperator.execute cannot be called outside TaskInstance!
[2024-09-02T01:41:28.607+0000] {process_utils.py:186} INFO - Executing cmd: /home/***/.local/bin/python -m virtualenv /tmp/venvr9z3dfeb --python=python
[2024-09-02T01:41:28.608+0000] {process_utils.py:190} INFO - Output:
[2024-09-02T01:41:29.387+0000] {process_utils.py:194} INFO - created virtual environment CPython3.12.5.final.0-64 in 379ms
[2024-09-02T01:41:29.389+0000] {process_utils.py:194} INFO -   creator CPython3Posix(dest=/tmp/venvr9z3dfeb, clear=False, no_vcs_ignore=False, global=False)
[2024-09-02T01:41:29.392+0000] {process_utils.py:194} INFO -   seeder FromAppData(download=False, pip=bundle, via=copy, app_data_dir=/home/***/.local/share/virtualenv)
[2024-09-02T01:41:29.394+0000] {process_utils.py:194} INFO -     added seed packages: pip==24.1
[2024-09-02T01:41:29.396+0000] {process_utils.py:194} INFO -   activators BashActivator,CShellActivator,FishActivator,NushellActivator,PowerShellActivator,PythonActivator
[2024-09-02T01:41:29.422+0000] {process_utils.py:186} INFO - Executing cmd: /tmp/venvr9z3dfeb/bin/pip install -r /tmp/venvr9z3dfeb/requirements.txt
[2024-09-02T01:41:29.423+0000] {process_utils.py:190} INFO - Output:
[2024-09-02T01:41:30.638+0000] {process_utils.py:194} INFO - Collecting colorama==0.4.0 (from -r /tmp/venvr9z3dfeb/requirements.txt (line 1))
[2024-09-02T01:41:30.791+0000] {process_utils.py:194} INFO -   Downloading colorama-0.4.0-py2.py3-none-any.whl.metadata (13 kB)
[2024-09-02T01:41:30.822+0000] {process_utils.py:194} INFO - Downloading colorama-0.4.0-py2.py3-none-any.whl (21 kB)
[2024-09-02T01:41:30.844+0000] {process_utils.py:194} INFO - Installing collected packages: colorama
[2024-09-02T01:41:30.862+0000] {process_utils.py:194} INFO - Successfully installed colorama-0.4.0
[2024-09-02T01:41:31.058+0000] {process_utils.py:194} INFO - 
[2024-09-02T01:41:31.060+0000] {process_utils.py:194} INFO - [notice] A new release of pip is available: 24.1 -> 24.2
[2024-09-02T01:41:31.061+0000] {process_utils.py:194} INFO - [notice] To update, run: python -m pip install --upgrade pip
[2024-09-02T01:41:31.108+0000] {process_utils.py:186} INFO - Executing cmd: /tmp/venvr9z3dfeb/bin/python /tmp/venv-callt5mdq4pi/script.py /tmp/venv-callt5mdq4pi/script.in /tmp/venv-callt5mdq4pi/script.out /tmp/venv-callt5mdq4pi/string_args.txt /tmp/venv-callt5mdq4pi/termination.log
[2024-09-02T01:41:31.110+0000] {process_utils.py:190} INFO - Output:
[2024-09-02T01:41:31.173+0000] {process_utils.py:194} INFO - [31msome red text
[2024-09-02T01:41:31.174+0000] {process_utils.py:194} INFO - [42mand with a green background
[2024-09-02T01:41:31.175+0000] {process_utils.py:194} INFO - [2mand in dim text
[2024-09-02T01:41:31.176+0000] {process_utils.py:194} INFO - [0m
[2024-09-02T01:41:31.177+0000] {process_utils.py:194} INFO - [2mPlease wait...
[2024-09-02T01:41:32.174+0000] {process_utils.py:194} INFO - [2mPlease wait...
[2024-09-02T01:41:33.175+0000] {process_utils.py:194} INFO - [2mPlease wait...
[2024-09-02T01:41:34.175+0000] {process_utils.py:194} INFO - [2mPlease wait...
[2024-09-02T01:41:35.181+0000] {process_utils.py:194} INFO - Finished
[2024-09-02T01:41:35.259+0000] {python.py:240} INFO - Done. Returned value was: None
[2024-09-02T01:41:35.282+0000] {taskinstance.py:340} INFO - ::group::Post task execution logs
[2024-09-02T01:41:35.284+0000] {taskinstance.py:352} INFO - Marking task as SUCCESS. dag_id=example_python_operator, task_id=virtualenv_python, run_id=manual__2024-09-02T01:41:15.472675+00:00, execution_date=20240902T014115, start_date=20240902T014128, end_date=20240902T014135
[2024-09-02T01:41:35.309+0000] {logging_mixin.py:190} INFO - Task instance in success state
[2024-09-02T01:41:35.311+0000] {logging_mixin.py:190} INFO -  Previous state of the Task instance: running
[2024-09-02T01:41:35.312+0000] {logging_mixin.py:190} INFO - Dag name:example_python_operator queued_at:2024-09-02 01:41:15.600936+00:00
[2024-09-02T01:41:35.313+0000] {logging_mixin.py:190} INFO - Task hostname:453e90e1ba4d operator:PythonVirtualenvOperator
[2024-09-02T01:41:35.343+0000] {local_task_job_runner.py:261} INFO - Task exited with return code 0
[2024-09-02T01:41:35.358+0000] {taskinstance.py:3891} INFO - 0 downstream tasks scheduled from follow-on schedule check
[2024-09-02T01:41:35.360+0000] {local_task_job_runner.py:240} INFO - ::endgroup::
