[2024-09-06T21:32:19.130+0000] {local_task_job_runner.py:123} INFO - ::group::Pre task execution logs
[2024-09-06T21:32:19.144+0000] {taskinstance.py:2603} INFO - Dependencies all met for dep_context=non-requeueable deps ti=<TaskInstance: user_input_2sum.get_sum manual__2024-09-06T21:32:00+00:00 [queued]>
[2024-09-06T21:32:19.151+0000] {taskinstance.py:2603} INFO - Dependencies all met for dep_context=requeueable deps ti=<TaskInstance: user_input_2sum.get_sum manual__2024-09-06T21:32:00+00:00 [queued]>
[2024-09-06T21:32:19.152+0000] {taskinstance.py:2856} INFO - Starting attempt 1 of 1
[2024-09-06T21:32:19.169+0000] {taskinstance.py:2879} INFO - Executing <Task(PythonOperator): get_sum> on 2024-09-06 21:32:00+00:00
[2024-09-06T21:32:19.180+0000] {standard_task_runner.py:104} INFO - Running: ['***', 'tasks', 'run', 'user_input_2sum', 'get_sum', 'manual__2024-09-06T21:32:00+00:00', '--job-id', '176', '--raw', '--subdir', 'DAGS_FOLDER/python_operator_dag_with_userinput.py', '--cfg-path', '/tmp/tmpj61p4_z5']
[2024-09-06T21:32:19.185+0000] {standard_task_runner.py:105} INFO - Job 176: Subtask get_sum
[2024-09-06T21:32:19.186+0000] {logging_mixin.py:190} WARNING - /home/***/.local/lib/python3.12/site-packages/***/task/task_runner/standard_task_runner.py:70 DeprecationWarning: This process (pid=42323) is multi-threaded, use of fork() may lead to deadlocks in the child.
[2024-09-06T21:32:19.188+0000] {standard_task_runner.py:72} INFO - Started process 42324 to run task
[2024-09-06T21:32:19.258+0000] {task_command.py:467} INFO - Running <TaskInstance: user_input_2sum.get_sum manual__2024-09-06T21:32:00+00:00 [running]> on host 626f2e28dec2
[2024-09-06T21:32:19.351+0000] {taskinstance.py:3122} INFO - Exporting env vars: AIRFLOW_CTX_DAG_OWNER='abhay' AIRFLOW_CTX_DAG_ID='user_input_2sum' AIRFLOW_CTX_TASK_ID='get_sum' AIRFLOW_CTX_EXECUTION_DATE='2024-09-06T21:32:00+00:00' AIRFLOW_CTX_TRY_NUMBER='1' AIRFLOW_CTX_DAG_RUN_ID='manual__2024-09-06T21:32:00+00:00'
[2024-09-06T21:32:19.356+0000] {taskinstance.py:731} INFO - ::endgroup::
[2024-09-06T21:32:19.375+0000] {logging_mixin.py:190} INFO - Received num1: 60, num2: 80
[2024-09-06T21:32:19.378+0000] {logging_mixin.py:190} INFO - Sum: 140
[2024-09-06T21:32:19.380+0000] {python.py:240} INFO - Done. Returned value was: None
[2024-09-06T21:32:19.394+0000] {taskinstance.py:340} INFO - ::group::Post task execution logs
[2024-09-06T21:32:19.400+0000] {taskinstance.py:352} INFO - Marking task as SUCCESS. dag_id=user_input_2sum, task_id=get_sum, run_id=manual__2024-09-06T21:32:00+00:00, execution_date=20240906T213200, start_date=20240906T213219, end_date=20240906T213219
[2024-09-06T21:32:19.446+0000] {local_task_job_runner.py:261} INFO - Task exited with return code 0
[2024-09-06T21:32:19.462+0000] {taskinstance.py:3891} INFO - 0 downstream tasks scheduled from follow-on schedule check
[2024-09-06T21:32:19.465+0000] {local_task_job_runner.py:240} INFO - ::endgroup::
