[2024-09-07T02:00:00.803+0000] {local_task_job_runner.py:123} INFO - ::group::Pre task execution logs
[2024-09-07T02:00:00.850+0000] {taskinstance.py:2603} INFO - Dependencies all met for dep_context=non-requeueable deps ti=<TaskInstance: user_input_2sum.get_sum scheduled__2024-09-07T01:00:00+00:00 [queued]>
[2024-09-07T02:00:00.865+0000] {taskinstance.py:2603} INFO - Dependencies all met for dep_context=requeueable deps ti=<TaskInstance: user_input_2sum.get_sum scheduled__2024-09-07T01:00:00+00:00 [queued]>
[2024-09-07T02:00:00.868+0000] {taskinstance.py:2856} INFO - Starting attempt 1 of 1
[2024-09-07T02:00:00.886+0000] {taskinstance.py:2879} INFO - Executing <Task(PythonOperator): get_sum> on 2024-09-07 01:00:00+00:00
[2024-09-07T02:00:00.895+0000] {standard_task_runner.py:104} INFO - Running: ['***', 'tasks', 'run', 'user_input_2sum', 'get_sum', 'scheduled__2024-09-07T01:00:00+00:00', '--job-id', '187', '--raw', '--subdir', 'DAGS_FOLDER/python_operator_dag_with_userinput.py', '--cfg-path', '/tmp/tmp2b8du1ph']
[2024-09-07T02:00:00.900+0000] {standard_task_runner.py:105} INFO - Job 187: Subtask get_sum
[2024-09-07T02:00:00.903+0000] {logging_mixin.py:190} WARNING - /home/***/.local/lib/python3.12/site-packages/***/task/task_runner/standard_task_runner.py:70 DeprecationWarning: This process (pid=44161) is multi-threaded, use of fork() may lead to deadlocks in the child.
[2024-09-07T02:00:00.904+0000] {standard_task_runner.py:72} INFO - Started process 44162 to run task
[2024-09-07T02:00:00.955+0000] {task_command.py:467} INFO - Running <TaskInstance: user_input_2sum.get_sum scheduled__2024-09-07T01:00:00+00:00 [running]> on host 626f2e28dec2
[2024-09-07T02:00:01.032+0000] {taskinstance.py:3122} INFO - Exporting env vars: AIRFLOW_CTX_DAG_OWNER='abhay' AIRFLOW_CTX_DAG_ID='user_input_2sum' AIRFLOW_CTX_TASK_ID='get_sum' AIRFLOW_CTX_EXECUTION_DATE='2024-09-07T01:00:00+00:00' AIRFLOW_CTX_TRY_NUMBER='1' AIRFLOW_CTX_DAG_RUN_ID='scheduled__2024-09-07T01:00:00+00:00'
[2024-09-07T02:00:01.034+0000] {taskinstance.py:731} INFO - ::endgroup::
[2024-09-07T02:00:01.051+0000] {logging_mixin.py:190} INFO - Received num1: 0, num2: 0
[2024-09-07T02:00:01.052+0000] {logging_mixin.py:190} INFO - Sum: 0
[2024-09-07T02:00:01.053+0000] {python.py:240} INFO - Done. Returned value was: None
[2024-09-07T02:00:01.084+0000] {taskinstance.py:340} INFO - ::group::Post task execution logs
[2024-09-07T02:00:01.087+0000] {taskinstance.py:352} INFO - Marking task as SUCCESS. dag_id=user_input_2sum, task_id=get_sum, run_id=scheduled__2024-09-07T01:00:00+00:00, execution_date=20240907T010000, start_date=20240907T020000, end_date=20240907T020001
[2024-09-07T02:00:01.124+0000] {local_task_job_runner.py:261} INFO - Task exited with return code 0
[2024-09-07T02:00:01.135+0000] {taskinstance.py:3891} INFO - 0 downstream tasks scheduled from follow-on schedule check
[2024-09-07T02:00:01.137+0000] {local_task_job_runner.py:240} INFO - ::endgroup::
