[2024-09-07T14:25:48.744+0000] {local_task_job_runner.py:123} INFO - ::group::Pre task execution logs
[2024-09-07T14:25:48.756+0000] {taskinstance.py:2603} INFO - Dependencies all met for dep_context=non-requeueable deps ti=<TaskInstance: user_input_2sum.get_sum scheduled__2024-09-07T13:00:00+00:00 [queued]>
[2024-09-07T14:25:48.762+0000] {taskinstance.py:2603} INFO - Dependencies all met for dep_context=requeueable deps ti=<TaskInstance: user_input_2sum.get_sum scheduled__2024-09-07T13:00:00+00:00 [queued]>
[2024-09-07T14:25:48.765+0000] {taskinstance.py:2856} INFO - Starting attempt 1 of 1
[2024-09-07T14:25:48.791+0000] {taskinstance.py:2879} INFO - Executing <Task(PythonOperator): get_sum> on 2024-09-07 13:00:00+00:00
[2024-09-07T14:25:48.801+0000] {standard_task_runner.py:104} INFO - Running: ['***', 'tasks', 'run', 'user_input_2sum', 'get_sum', 'scheduled__2024-09-07T13:00:00+00:00', '--job-id', '199', '--raw', '--subdir', 'DAGS_FOLDER/python_operator_dag_with_userinput.py', '--cfg-path', '/tmp/tmpj273s9sz']
[2024-09-07T14:25:48.805+0000] {standard_task_runner.py:105} INFO - Job 199: Subtask get_sum
[2024-09-07T14:25:48.808+0000] {logging_mixin.py:190} WARNING - /home/***/.local/lib/python3.12/site-packages/***/task/task_runner/standard_task_runner.py:70 DeprecationWarning: This process (pid=45375) is multi-threaded, use of fork() may lead to deadlocks in the child.
[2024-09-07T14:25:48.811+0000] {standard_task_runner.py:72} INFO - Started process 45389 to run task
[2024-09-07T14:25:48.840+0000] {task_command.py:467} INFO - Running <TaskInstance: user_input_2sum.get_sum scheduled__2024-09-07T13:00:00+00:00 [running]> on host 626f2e28dec2
[2024-09-07T14:25:48.945+0000] {taskinstance.py:3122} INFO - Exporting env vars: AIRFLOW_CTX_DAG_OWNER='abhay' AIRFLOW_CTX_DAG_ID='user_input_2sum' AIRFLOW_CTX_TASK_ID='get_sum' AIRFLOW_CTX_EXECUTION_DATE='2024-09-07T13:00:00+00:00' AIRFLOW_CTX_TRY_NUMBER='1' AIRFLOW_CTX_DAG_RUN_ID='scheduled__2024-09-07T13:00:00+00:00'
[2024-09-07T14:25:48.949+0000] {taskinstance.py:731} INFO - ::endgroup::
[2024-09-07T14:25:48.980+0000] {logging_mixin.py:190} INFO - Received num1: 0, num2: 0
[2024-09-07T14:25:48.982+0000] {logging_mixin.py:190} INFO - Sum: 0
[2024-09-07T14:25:48.983+0000] {python.py:240} INFO - Done. Returned value was: None
[2024-09-07T14:25:48.993+0000] {taskinstance.py:340} INFO - ::group::Post task execution logs
[2024-09-07T14:25:48.994+0000] {taskinstance.py:352} INFO - Marking task as SUCCESS. dag_id=user_input_2sum, task_id=get_sum, run_id=scheduled__2024-09-07T13:00:00+00:00, execution_date=20240907T130000, start_date=20240907T142548, end_date=20240907T142548
[2024-09-07T14:25:49.032+0000] {local_task_job_runner.py:261} INFO - Task exited with return code 0
[2024-09-07T14:25:49.052+0000] {taskinstance.py:3891} INFO - 0 downstream tasks scheduled from follow-on schedule check
[2024-09-07T14:25:49.055+0000] {local_task_job_runner.py:240} INFO - ::endgroup::
