[2024-09-04T17:20:31.597+0000] {local_task_job_runner.py:123} INFO - ::group::Pre task execution logs
[2024-09-04T17:20:31.632+0000] {taskinstance.py:2603} INFO - Dependencies all met for dep_context=non-requeueable deps ti=<TaskInstance: my_first_dag_v3.third_task scheduled__2024-09-03T00:00:00+00:00 [queued]>
[2024-09-04T17:20:31.730+0000] {taskinstance.py:2603} INFO - Dependencies all met for dep_context=requeueable deps ti=<TaskInstance: my_first_dag_v3.third_task scheduled__2024-09-03T00:00:00+00:00 [queued]>
[2024-09-04T17:20:31.772+0000] {taskinstance.py:2856} INFO - Starting attempt 1 of 6
[2024-09-04T17:20:31.832+0000] {taskinstance.py:2879} INFO - Executing <Task(BashOperator): third_task> on 2024-09-03 00:00:00+00:00
[2024-09-04T17:20:31.980+0000] {logging_mixin.py:190} WARNING - /home/***/.local/lib/python3.12/site-packages/***/task/task_runner/standard_task_runner.py:70 DeprecationWarning: This process (pid=45838) is multi-threaded, use of fork() may lead to deadlocks in the child.
[2024-09-04T17:20:31.991+0000] {standard_task_runner.py:72} INFO - Started process 45839 to run task
[2024-09-04T17:20:31.981+0000] {standard_task_runner.py:104} INFO - Running: ['***', 'tasks', 'run', 'my_first_dag_v3', 'third_task', 'scheduled__2024-09-03T00:00:00+00:00', '--job-id', '87', '--raw', '--subdir', 'DAGS_FOLDER/our_first_dag.py', '--cfg-path', '/tmp/tmphbtdpz5t']
[2024-09-04T17:20:32.043+0000] {standard_task_runner.py:105} INFO - Job 87: Subtask third_task
[2024-09-04T17:20:32.347+0000] {task_command.py:467} INFO - Running <TaskInstance: my_first_dag_v3.third_task scheduled__2024-09-03T00:00:00+00:00 [running]> on host cedbab6b7256
[2024-09-04T17:20:33.058+0000] {taskinstance.py:3122} INFO - Exporting env vars: AIRFLOW_CTX_DAG_OWNER='abhay' AIRFLOW_CTX_DAG_ID='my_first_dag_v3' AIRFLOW_CTX_TASK_ID='third_task' AIRFLOW_CTX_EXECUTION_DATE='2024-09-03T00:00:00+00:00' AIRFLOW_CTX_TRY_NUMBER='1' AIRFLOW_CTX_DAG_RUN_ID='scheduled__2024-09-03T00:00:00+00:00'
[2024-09-04T17:20:33.067+0000] {taskinstance.py:731} INFO - ::endgroup::
[2024-09-04T17:20:33.188+0000] {subprocess.py:63} INFO - Tmp dir root location: /tmp
[2024-09-04T17:20:33.210+0000] {subprocess.py:75} INFO - Running command: ['/usr/bin/bash', '-c', 'echo Yo I am task3']
[2024-09-04T17:20:33.407+0000] {subprocess.py:86} INFO - Output:
[2024-09-04T17:20:33.420+0000] {subprocess.py:93} INFO - Yo I am task3
[2024-09-04T17:20:33.426+0000] {subprocess.py:97} INFO - Command exited with return code 0
[2024-09-04T17:20:33.722+0000] {taskinstance.py:340} INFO - ::group::Post task execution logs
[2024-09-04T17:20:33.745+0000] {taskinstance.py:352} INFO - Marking task as SUCCESS. dag_id=my_first_dag_v3, task_id=third_task, run_id=scheduled__2024-09-03T00:00:00+00:00, execution_date=20240903T000000, start_date=20240904T172031, end_date=20240904T172033
[2024-09-04T17:20:34.108+0000] {local_task_job_runner.py:261} INFO - Task exited with return code 0
[2024-09-04T17:20:34.398+0000] {taskinstance.py:3891} INFO - 0 downstream tasks scheduled from follow-on schedule check
[2024-09-04T17:20:34.414+0000] {local_task_job_runner.py:240} INFO - ::endgroup::
