[2024-09-05T17:59:49.669+0000] {local_task_job_runner.py:123} INFO - ::group::Pre task execution logs
[2024-09-05T17:59:49.689+0000] {taskinstance.py:2603} INFO - Dependencies all met for dep_context=non-requeueable deps ti=<TaskInstance: user_input_2sum.get_sum manual__2024-09-05T17:59:26+00:00 [queued]>
[2024-09-05T17:59:49.706+0000] {taskinstance.py:2603} INFO - Dependencies all met for dep_context=requeueable deps ti=<TaskInstance: user_input_2sum.get_sum manual__2024-09-05T17:59:26+00:00 [queued]>
[2024-09-05T17:59:49.708+0000] {taskinstance.py:2856} INFO - Starting attempt 1 of 1
[2024-09-05T17:59:49.726+0000] {taskinstance.py:2879} INFO - Executing <Task(PythonOperator): get_sum> on 2024-09-05 17:59:26+00:00
[2024-09-05T17:59:49.742+0000] {standard_task_runner.py:104} INFO - Running: ['***', 'tasks', 'run', 'user_input_2sum', 'get_sum', 'manual__2024-09-05T17:59:26+00:00', '--job-id', '149', '--raw', '--subdir', 'DAGS_FOLDER/python_operator_dag_with_userinput.py', '--cfg-path', '/tmp/tmp0zarvqv1']
[2024-09-05T17:59:49.745+0000] {standard_task_runner.py:105} INFO - Job 149: Subtask get_sum
[2024-09-05T17:59:49.747+0000] {logging_mixin.py:190} WARNING - /home/***/.local/lib/python3.12/site-packages/***/task/task_runner/standard_task_runner.py:70 DeprecationWarning: This process (pid=16663) is multi-threaded, use of fork() may lead to deadlocks in the child.
[2024-09-05T17:59:49.752+0000] {standard_task_runner.py:72} INFO - Started process 16664 to run task
[2024-09-05T17:59:49.795+0000] {task_command.py:467} INFO - Running <TaskInstance: user_input_2sum.get_sum manual__2024-09-05T17:59:26+00:00 [running]> on host 626f2e28dec2
[2024-09-05T17:59:49.901+0000] {taskinstance.py:3122} INFO - Exporting env vars: AIRFLOW_CTX_DAG_OWNER='abhay' AIRFLOW_CTX_DAG_ID='user_input_2sum' AIRFLOW_CTX_TASK_ID='get_sum' AIRFLOW_CTX_EXECUTION_DATE='2024-09-05T17:59:26+00:00' AIRFLOW_CTX_TRY_NUMBER='1' AIRFLOW_CTX_DAG_RUN_ID='manual__2024-09-05T17:59:26+00:00'
[2024-09-05T17:59:49.907+0000] {taskinstance.py:731} INFO - ::endgroup::
[2024-09-05T17:59:49.959+0000] {logging_mixin.py:190} INFO - Received num1: 20, num2: 25
[2024-09-05T17:59:49.962+0000] {logging_mixin.py:190} INFO - Sum: 45
[2024-09-05T17:59:49.963+0000] {python.py:240} INFO - Done. Returned value was: None
[2024-09-05T17:59:49.980+0000] {taskinstance.py:340} INFO - ::group::Post task execution logs
[2024-09-05T17:59:49.982+0000] {taskinstance.py:352} INFO - Marking task as SUCCESS. dag_id=user_input_2sum, task_id=get_sum, run_id=manual__2024-09-05T17:59:26+00:00, execution_date=20240905T175926, start_date=20240905T175949, end_date=20240905T175949
[2024-09-05T17:59:50.015+0000] {local_task_job_runner.py:261} INFO - Task exited with return code 0
[2024-09-05T17:59:50.033+0000] {taskinstance.py:3891} INFO - 0 downstream tasks scheduled from follow-on schedule check
[2024-09-05T17:59:50.037+0000] {local_task_job_runner.py:240} INFO - ::endgroup::
