[2024-09-04T08:39:29.140+0000] {local_task_job_runner.py:123} INFO - ::group::Pre task execution logs
[2024-09-04T08:39:29.150+0000] {taskinstance.py:2603} INFO - Dependencies all met for dep_context=non-requeueable deps ti=<TaskInstance: user_input_2sum.get_sum scheduled__2024-09-04T07:00:00+00:00 [queued]>
[2024-09-04T08:39:29.157+0000] {taskinstance.py:2603} INFO - Dependencies all met for dep_context=requeueable deps ti=<TaskInstance: user_input_2sum.get_sum scheduled__2024-09-04T07:00:00+00:00 [queued]>
[2024-09-04T08:39:29.158+0000] {taskinstance.py:2856} INFO - Starting attempt 1 of 1
[2024-09-04T08:39:29.173+0000] {taskinstance.py:2879} INFO - Executing <Task(PythonOperator): get_sum> on 2024-09-04 07:00:00+00:00
[2024-09-04T08:39:29.182+0000] {standard_task_runner.py:104} INFO - Running: ['***', 'tasks', 'run', 'user_input_2sum', 'get_sum', 'scheduled__2024-09-04T07:00:00+00:00', '--job-id', '75', '--raw', '--subdir', 'DAGS_FOLDER/python_operator_dag_with_userinput.py', '--cfg-path', '/tmp/tmpfhsnqsqs']
[2024-09-04T08:39:29.185+0000] {standard_task_runner.py:105} INFO - Job 75: Subtask get_sum
[2024-09-04T08:39:29.191+0000] {logging_mixin.py:190} WARNING - /home/***/.local/lib/python3.12/site-packages/***/task/task_runner/standard_task_runner.py:70 DeprecationWarning: This process (pid=39607) is multi-threaded, use of fork() may lead to deadlocks in the child.
[2024-09-04T08:39:29.193+0000] {standard_task_runner.py:72} INFO - Started process 39610 to run task
[2024-09-04T08:39:29.219+0000] {task_command.py:467} INFO - Running <TaskInstance: user_input_2sum.get_sum scheduled__2024-09-04T07:00:00+00:00 [running]> on host cedbab6b7256
[2024-09-04T08:39:29.285+0000] {taskinstance.py:3122} INFO - Exporting env vars: AIRFLOW_CTX_DAG_OWNER='abhay' AIRFLOW_CTX_DAG_ID='user_input_2sum' AIRFLOW_CTX_TASK_ID='get_sum' AIRFLOW_CTX_EXECUTION_DATE='2024-09-04T07:00:00+00:00' AIRFLOW_CTX_TRY_NUMBER='1' AIRFLOW_CTX_DAG_RUN_ID='scheduled__2024-09-04T07:00:00+00:00'
[2024-09-04T08:39:29.290+0000] {taskinstance.py:731} INFO - ::endgroup::
[2024-09-04T08:39:29.309+0000] {logging_mixin.py:190} INFO - Received num1: 0, num2: 0
[2024-09-04T08:39:29.311+0000] {logging_mixin.py:190} INFO - Sum: 00
[2024-09-04T08:39:29.313+0000] {python.py:240} INFO - Done. Returned value was: None
[2024-09-04T08:39:29.321+0000] {taskinstance.py:340} INFO - ::group::Post task execution logs
[2024-09-04T08:39:29.322+0000] {taskinstance.py:352} INFO - Marking task as SUCCESS. dag_id=user_input_2sum, task_id=get_sum, run_id=scheduled__2024-09-04T07:00:00+00:00, execution_date=20240904T070000, start_date=20240904T083929, end_date=20240904T083929
[2024-09-04T08:39:29.370+0000] {local_task_job_runner.py:261} INFO - Task exited with return code 0
[2024-09-04T08:39:29.382+0000] {taskinstance.py:3891} INFO - 0 downstream tasks scheduled from follow-on schedule check
[2024-09-04T08:39:29.384+0000] {local_task_job_runner.py:240} INFO - ::endgroup::
