[2024-09-02T01:41:17.382+0000] {local_task_job_runner.py:123} INFO - ::group::Pre task execution logs
[2024-09-02T01:41:17.392+0000] {taskinstance.py:2603} INFO - Dependencies all met for dep_context=non-requeueable deps ti=<TaskInstance: example_python_operator.print_the_context manual__2024-09-02T01:41:15.472675+00:00 [queued]>
[2024-09-02T01:41:17.396+0000] {taskinstance.py:2603} INFO - Dependencies all met for dep_context=requeueable deps ti=<TaskInstance: example_python_operator.print_the_context manual__2024-09-02T01:41:15.472675+00:00 [queued]>
[2024-09-02T01:41:17.397+0000] {taskinstance.py:2856} INFO - Starting attempt 1 of 1
[2024-09-02T01:41:17.403+0000] {taskinstance.py:2879} INFO - Executing <Task(PythonOperator): print_the_context> on 2024-09-02 01:41:15.472675+00:00
[2024-09-02T01:41:17.412+0000] {logging_mixin.py:190} WARNING - /home/***/.local/lib/python3.12/site-packages/***/task/task_runner/standard_task_runner.py:70 DeprecationWarning: This process (pid=1307) is multi-threaded, use of fork() may lead to deadlocks in the child.
[2024-09-02T01:41:17.413+0000] {standard_task_runner.py:104} INFO - Running: ['***', 'tasks', 'run', 'example_python_operator', 'print_the_context', 'manual__2024-09-02T01:41:15.472675+00:00', '--job-id', '3', '--raw', '--subdir', '/home/***/.local/lib/python3.12/site-packages/***/example_dags/example_python_operator.py', '--cfg-path', '/tmp/tmplfqjvhq4']
[2024-09-02T01:41:17.414+0000] {standard_task_runner.py:72} INFO - Started process 1308 to run task
[2024-09-02T01:41:17.415+0000] {standard_task_runner.py:105} INFO - Job 3: Subtask print_the_context
[2024-09-02T01:41:17.466+0000] {task_command.py:467} INFO - Running <TaskInstance: example_python_operator.print_the_context manual__2024-09-02T01:41:15.472675+00:00 [running]> on host 453e90e1ba4d
[2024-09-02T01:41:17.532+0000] {taskinstance.py:3122} INFO - Exporting env vars: AIRFLOW_CTX_DAG_OWNER='***' AIRFLOW_CTX_DAG_ID='example_python_operator' AIRFLOW_CTX_TASK_ID='print_the_context' AIRFLOW_CTX_EXECUTION_DATE='2024-09-02T01:41:15.472675+00:00' AIRFLOW_CTX_TRY_NUMBER='1' AIRFLOW_CTX_DAG_RUN_ID='manual__2024-09-02T01:41:15.472675+00:00'
[2024-09-02T01:41:17.535+0000] {logging_mixin.py:190} INFO - Task instance is in running state
[2024-09-02T01:41:17.536+0000] {logging_mixin.py:190} INFO -  Previous state of the Task instance: queued
[2024-09-02T01:41:17.538+0000] {logging_mixin.py:190} INFO - Current task name:print_the_context state:running start_date:2024-09-02 01:41:17.393332+00:00
[2024-09-02T01:41:17.539+0000] {logging_mixin.py:190} INFO - Dag name:example_python_operator and current dag run status:running
[2024-09-02T01:41:17.540+0000] {taskinstance.py:731} INFO - ::endgroup::
[2024-09-02T01:41:17.542+0000] {logging_mixin.py:190} INFO - ::group::All kwargs
[2024-09-02T01:41:17.552+0000] {logging_mixin.py:190} INFO - {'conf': <***.configuration.AirflowConfigParser object at 0xffff8ae27b90>,
 'conn': None,
 'dag': <DAG: example_python_operator>,
 'dag_run': <DagRun example_python_operator @ 2024-09-02 01:41:15.472675+00:00: manual__2024-09-02T01:41:15.472675+00:00, state:running, queued_at: 2024-09-02 01:41:15.600936+00:00. externally triggered: True>,
 'data_interval_end': DateTime(2024, 9, 2, 1, 41, 15, 472675, tzinfo=Timezone('UTC')),
 'data_interval_start': DateTime(2024, 9, 2, 1, 41, 15, 472675, tzinfo=Timezone('UTC')),
 'ds_nodash': '20240902',
 'execution_date': <Proxy at 0xffff6fac8f00 with factory functools.partial(<function lazy_mapping_from_context.<locals>._deprecated_proxy_factory at 0xffff6f95c220>, 'execution_date', DateTime(2024, 9, 2, 1, 41, 15, 472675, tzinfo=Timezone('UTC')))>,
 'expanded_ti_count': None,
 'inlet_events': InletEventsAccessors(_inlets=[], _datasets={}, _dataset_aliases={}, _session=<sqlalchemy.orm.session.Session object at 0xffff8aec3020>),
 'inlets': [],
 'logical_date': DateTime(2024, 9, 2, 1, 41, 15, 472675, tzinfo=Timezone('UTC')),
 'macros': <module '***.macros' from '/home/***/.local/lib/python3.12/site-packages/***/macros/__init__.py'>,
 'map_index_template': None,
 'next_ds': <Proxy at 0xffff6f95b400 with factory functools.partial(<function lazy_mapping_from_context.<locals>._deprecated_proxy_factory at 0xffff6f95c220>, 'next_ds', '2024-09-02')>,
 'next_ds_nodash': <Proxy at 0xffff6f91b2c0 with factory functools.partial(<function lazy_mapping_from_context.<locals>._deprecated_proxy_factory at 0xffff6f95c220>, 'next_ds_nodash', '20240902')>,
 'next_execution_date': <Proxy at 0xffff6f9b8540 with factory functools.partial(<function lazy_mapping_from_context.<locals>._deprecated_proxy_factory at 0xffff6f95c220>, 'next_execution_date', DateTime(2024, 9, 2, 1, 41, 15, 472675, tzinfo=Timezone('UTC')))>,
 'outlet_events': <***.utils.context.OutletEventAccessors object at 0xffff6f954bf0>,
 'outlets': [],
 'params': {},
 'prev_data_interval_end_success': None,
 'prev_data_interval_start_success': None,
 'prev_ds': <Proxy at 0xffff6f9b8940 with factory functools.partial(<function lazy_mapping_from_context.<locals>._deprecated_proxy_factory at 0xffff6f95c220>, 'prev_ds', '2024-09-02')>,
 'prev_ds_nodash': <Proxy at 0xffff6f9b8580 with factory functools.partial(<function lazy_mapping_from_context.<locals>._deprecated_proxy_factory at 0xffff6f95c220>, 'prev_ds_nodash', '20240902')>,
 'prev_end_date_success': None,
 'prev_execution_date': <Proxy at 0xffff6f9b8240 with factory functools.partial(<function lazy_mapping_from_context.<locals>._deprecated_proxy_factory at 0xffff6f95c220>, 'prev_execution_date', DateTime(2024, 9, 2, 1, 41, 15, 472675, tzinfo=Timezone('UTC')))>,
 'prev_execution_date_success': <Proxy at 0xffff6f9b8200 with factory functools.partial(<function lazy_mapping_from_context.<locals>._deprecated_proxy_factory at 0xffff6f95c220>, 'prev_execution_date_success', None)>,
 'prev_start_date_success': None,
 'run_id': 'manual__2024-09-02T01:41:15.472675+00:00',
 'task': <Task(PythonOperator): print_the_context>,
 'task_instance': <TaskInstance: example_python_operator.print_the_context manual__2024-09-02T01:41:15.472675+00:00 [running]>,
 'task_instance_key_str': 'example_python_operator__print_the_context__20240902',
 'templates_dict': None,
 'test_mode': False,
 'ti': <TaskInstance: example_python_operator.print_the_context manual__2024-09-02T01:41:15.472675+00:00 [running]>,
 'tomorrow_ds': <Proxy at 0xffff6f9b81c0 with factory functools.partial(<function lazy_mapping_from_context.<locals>._deprecated_proxy_factory at 0xffff6f95c220>, 'tomorrow_ds', '2024-09-03')>,
 'tomorrow_ds_nodash': <Proxy at 0xffff6f9b8180 with factory functools.partial(<function lazy_mapping_from_context.<locals>._deprecated_proxy_factory at 0xffff6f95c220>, 'tomorrow_ds_nodash', '20240903')>,
 'triggering_dataset_events': <Proxy at 0xffff6f968300 with factory <function _get_template_context.<locals>.get_triggering_events at 0xffff6f907ce0>>,
 'ts': '2024-09-02T01:41:15.472675+00:00',
 'ts_nodash': '20240902T014115',
 'ts_nodash_with_tz': '20240902T014115.472675+0000',
 'var': {'json': None, 'value': None},
 'yesterday_ds': <Proxy at 0xffff6f9b8140 with factory functools.partial(<function lazy_mapping_from_context.<locals>._deprecated_proxy_factory at 0xffff6f95c220>, 'yesterday_ds', '2024-09-01')>,
 'yesterday_ds_nodash': <Proxy at 0xffff6f9b8100 with factory functools.partial(<function lazy_mapping_from_context.<locals>._deprecated_proxy_factory at 0xffff6f95c220>, 'yesterday_ds_nodash', '20240901')>}
[2024-09-02T01:41:17.560+0000] {logging_mixin.py:190} INFO - ::endgroup::
[2024-09-02T01:41:17.565+0000] {logging_mixin.py:190} INFO - ::group::Context variable ds
[2024-09-02T01:41:17.567+0000] {logging_mixin.py:190} INFO - 2024-09-02
[2024-09-02T01:41:17.568+0000] {logging_mixin.py:190} INFO - ::endgroup::
[2024-09-02T01:41:17.569+0000] {python.py:240} INFO - Done. Returned value was: Whatever you return gets printed in the logs
[2024-09-02T01:41:17.585+0000] {taskinstance.py:340} INFO - ::group::Post task execution logs
[2024-09-02T01:41:17.586+0000] {taskinstance.py:352} INFO - Marking task as SUCCESS. dag_id=example_python_operator, task_id=print_the_context, run_id=manual__2024-09-02T01:41:15.472675+00:00, execution_date=20240902T014115, start_date=20240902T014117, end_date=20240902T014117
[2024-09-02T01:41:17.592+0000] {logging_mixin.py:190} INFO - Task instance in success state
[2024-09-02T01:41:17.593+0000] {logging_mixin.py:190} INFO -  Previous state of the Task instance: running
[2024-09-02T01:41:17.594+0000] {logging_mixin.py:190} INFO - Dag name:example_python_operator queued_at:2024-09-02 01:41:15.600936+00:00
[2024-09-02T01:41:17.595+0000] {logging_mixin.py:190} INFO - Task hostname:453e90e1ba4d operator:PythonOperator
[2024-09-02T01:41:17.635+0000] {local_task_job_runner.py:261} INFO - Task exited with return code 0
[2024-09-02T01:41:17.655+0000] {taskinstance.py:3891} INFO - 2 downstream tasks scheduled from follow-on schedule check
[2024-09-02T01:41:17.657+0000] {local_task_job_runner.py:240} INFO - ::endgroup::
