[2024-09-04T18:23:21.505+0000] {local_task_job_runner.py:123} INFO - ::group::Pre task execution logs
[2024-09-04T18:23:21.518+0000] {taskinstance.py:2603} INFO - Dependencies all met for dep_context=non-requeueable deps ti=<TaskInstance: user_input_2sum.get_sum manual__2024-09-04T18:23:20.374684+00:00 [queued]>
[2024-09-04T18:23:21.530+0000] {taskinstance.py:2603} INFO - Dependencies all met for dep_context=requeueable deps ti=<TaskInstance: user_input_2sum.get_sum manual__2024-09-04T18:23:20.374684+00:00 [queued]>
[2024-09-04T18:23:21.532+0000] {taskinstance.py:2856} INFO - Starting attempt 1 of 1
[2024-09-04T18:23:21.541+0000] {taskinstance.py:2879} INFO - Executing <Task(PythonOperator): get_sum> on 2024-09-04 18:23:20.374684+00:00
[2024-09-04T18:23:21.550+0000] {logging_mixin.py:190} WARNING - /home/***/.local/lib/python3.12/site-packages/***/task/task_runner/standard_task_runner.py:70 DeprecationWarning: This process (pid=601) is multi-threaded, use of fork() may lead to deadlocks in the child.
[2024-09-04T18:23:21.550+0000] {standard_task_runner.py:104} INFO - Running: ['***', 'tasks', 'run', 'user_input_2sum', 'get_sum', 'manual__2024-09-04T18:23:20.374684+00:00', '--job-id', '112', '--raw', '--subdir', 'DAGS_FOLDER/python_operator_dag_with_userinput.py', '--cfg-path', '/tmp/tmpuvuw7sl7']
[2024-09-04T18:23:21.553+0000] {standard_task_runner.py:72} INFO - Started process 602 to run task
[2024-09-04T18:23:21.554+0000] {standard_task_runner.py:105} INFO - Job 112: Subtask get_sum
[2024-09-04T18:23:21.711+0000] {task_command.py:467} INFO - Running <TaskInstance: user_input_2sum.get_sum manual__2024-09-04T18:23:20.374684+00:00 [running]> on host f1e60abe9381
[2024-09-04T18:23:21.789+0000] {taskinstance.py:3122} INFO - Exporting env vars: AIRFLOW_CTX_DAG_OWNER='abhay' AIRFLOW_CTX_DAG_ID='user_input_2sum' AIRFLOW_CTX_TASK_ID='get_sum' AIRFLOW_CTX_EXECUTION_DATE='2024-09-04T18:23:20.374684+00:00' AIRFLOW_CTX_TRY_NUMBER='1' AIRFLOW_CTX_DAG_RUN_ID='manual__2024-09-04T18:23:20.374684+00:00'
[2024-09-04T18:23:21.792+0000] {taskinstance.py:731} INFO - ::endgroup::
[2024-09-04T18:23:21.810+0000] {logging_mixin.py:190} INFO - Received num1: 5, num2: 10
[2024-09-04T18:23:21.813+0000] {logging_mixin.py:190} INFO - Sum: 510
[2024-09-04T18:23:21.821+0000] {python.py:240} INFO - Done. Returned value was: None
[2024-09-04T18:23:21.830+0000] {taskinstance.py:340} INFO - ::group::Post task execution logs
[2024-09-04T18:23:21.832+0000] {taskinstance.py:352} INFO - Marking task as SUCCESS. dag_id=user_input_2sum, task_id=get_sum, run_id=manual__2024-09-04T18:23:20.374684+00:00, execution_date=20240904T182320, start_date=20240904T182321, end_date=20240904T182321
[2024-09-04T18:23:21.854+0000] {local_task_job_runner.py:261} INFO - Task exited with return code 0
[2024-09-04T18:23:21.868+0000] {taskinstance.py:3891} INFO - 0 downstream tasks scheduled from follow-on schedule check
[2024-09-04T18:23:21.871+0000] {local_task_job_runner.py:240} INFO - ::endgroup::
