[2024-09-02T01:54:40.541+0000] {local_task_job_runner.py:123} INFO - ::group::Pre task execution logs
[2024-09-02T01:54:40.610+0000] {taskinstance.py:2603} INFO - Dependencies all met for dep_context=non-requeueable deps ti=<TaskInstance: example_python_operator.sleep_for_4 manual__2024-09-02T01:45:14.618466+00:00 [queued]>
[2024-09-02T01:54:40.652+0000] {taskinstance.py:2603} INFO - Dependencies all met for dep_context=requeueable deps ti=<TaskInstance: example_python_operator.sleep_for_4 manual__2024-09-02T01:45:14.618466+00:00 [queued]>
[2024-09-02T01:54:40.654+0000] {taskinstance.py:2856} INFO - Starting attempt 1 of 1
[2024-09-02T01:54:40.667+0000] {taskinstance.py:2879} INFO - Executing <Task(PythonOperator): sleep_for_4> on 2024-09-02 01:45:14.618466+00:00
[2024-09-02T01:54:40.706+0000] {standard_task_runner.py:104} INFO - Running: ['***', 'tasks', 'run', 'example_python_operator', 'sleep_for_4', 'manual__2024-09-02T01:45:14.618466+00:00', '--job-id', '21', '--raw', '--subdir', '/home/***/.local/lib/python3.12/site-packages/***/example_dags/example_python_operator.py', '--cfg-path', '/tmp/tmp8alp6p3_']
[2024-09-02T01:54:40.709+0000] {standard_task_runner.py:105} INFO - Job 21: Subtask sleep_for_4
[2024-09-02T01:54:40.715+0000] {logging_mixin.py:190} WARNING - /home/***/.local/lib/python3.12/site-packages/***/task/task_runner/standard_task_runner.py:70 DeprecationWarning: This process (pid=300) is multi-threaded, use of fork() may lead to deadlocks in the child.
[2024-09-02T01:54:40.717+0000] {standard_task_runner.py:72} INFO - Started process 350 to run task
[2024-09-02T01:54:40.874+0000] {task_command.py:467} INFO - Running <TaskInstance: example_python_operator.sleep_for_4 manual__2024-09-02T01:45:14.618466+00:00 [running]> on host 453e90e1ba4d
[2024-09-02T01:54:41.577+0000] {taskinstance.py:3122} INFO - Exporting env vars: AIRFLOW_CTX_DAG_OWNER='***' AIRFLOW_CTX_DAG_ID='example_python_operator' AIRFLOW_CTX_TASK_ID='sleep_for_4' AIRFLOW_CTX_EXECUTION_DATE='2024-09-02T01:45:14.618466+00:00' AIRFLOW_CTX_TRY_NUMBER='1' AIRFLOW_CTX_DAG_RUN_ID='manual__2024-09-02T01:45:14.618466+00:00'
[2024-09-02T01:54:41.582+0000] {logging_mixin.py:190} INFO - Task instance is in running state
[2024-09-02T01:54:41.584+0000] {logging_mixin.py:190} INFO -  Previous state of the Task instance: queued
[2024-09-02T01:54:41.585+0000] {logging_mixin.py:190} INFO - Current task name:sleep_for_4 state:running start_date:2024-09-02 01:54:40.612473+00:00
[2024-09-02T01:54:41.587+0000] {logging_mixin.py:190} INFO - Dag name:example_python_operator and current dag run status:running
[2024-09-02T01:54:41.588+0000] {taskinstance.py:731} INFO - ::endgroup::
[2024-09-02T01:54:41.992+0000] {python.py:240} INFO - Done. Returned value was: None
[2024-09-02T01:54:42.009+0000] {taskinstance.py:340} INFO - ::group::Post task execution logs
[2024-09-02T01:54:42.011+0000] {taskinstance.py:352} INFO - Marking task as SUCCESS. dag_id=example_python_operator, task_id=sleep_for_4, run_id=manual__2024-09-02T01:45:14.618466+00:00, execution_date=20240902T014514, start_date=20240902T015440, end_date=20240902T015442
[2024-09-02T01:54:42.027+0000] {logging_mixin.py:190} INFO - Task instance in success state
[2024-09-02T01:54:42.029+0000] {logging_mixin.py:190} INFO -  Previous state of the Task instance: running
[2024-09-02T01:54:42.030+0000] {logging_mixin.py:190} INFO - Dag name:example_python_operator queued_at:2024-09-02 01:45:14.645637+00:00
[2024-09-02T01:54:42.032+0000] {logging_mixin.py:190} INFO - Task hostname:453e90e1ba4d operator:PythonOperator
[2024-09-02T01:54:42.090+0000] {local_task_job_runner.py:261} INFO - Task exited with return code 0
[2024-09-02T01:54:42.130+0000] {taskinstance.py:3891} INFO - 0 downstream tasks scheduled from follow-on schedule check
[2024-09-02T01:54:42.142+0000] {local_task_job_runner.py:240} INFO - ::endgroup::
