[2024-09-04T18:22:19.486+0000] {local_task_job_runner.py:123} INFO - ::group::Pre task execution logs
[2024-09-04T18:22:19.499+0000] {taskinstance.py:2603} INFO - Dependencies all met for dep_context=non-requeueable deps ti=<TaskInstance: my_first_dag_v3.second_task manual__2024-09-04T18:22:17.639165+00:00 [queued]>
[2024-09-04T18:22:19.506+0000] {taskinstance.py:2603} INFO - Dependencies all met for dep_context=requeueable deps ti=<TaskInstance: my_first_dag_v3.second_task manual__2024-09-04T18:22:17.639165+00:00 [queued]>
[2024-09-04T18:22:19.507+0000] {taskinstance.py:2856} INFO - Starting attempt 1 of 6
[2024-09-04T18:22:19.516+0000] {taskinstance.py:2879} INFO - Executing <Task(BashOperator): second_task> on 2024-09-04 18:22:17.639165+00:00
[2024-09-04T18:22:19.525+0000] {logging_mixin.py:190} WARNING - /home/***/.local/lib/python3.12/site-packages/***/task/task_runner/standard_task_runner.py:70 DeprecationWarning: This process (pid=540) is multi-threaded, use of fork() may lead to deadlocks in the child.
[2024-09-04T18:22:19.527+0000] {standard_task_runner.py:72} INFO - Started process 541 to run task
[2024-09-04T18:22:19.526+0000] {standard_task_runner.py:104} INFO - Running: ['***', 'tasks', 'run', 'my_first_dag_v3', 'second_task', 'manual__2024-09-04T18:22:17.639165+00:00', '--job-id', '107', '--raw', '--subdir', 'DAGS_FOLDER/our_first_dag.py', '--cfg-path', '/tmp/tmppatbhs19']
[2024-09-04T18:22:19.529+0000] {standard_task_runner.py:105} INFO - Job 107: Subtask second_task
[2024-09-04T18:22:19.571+0000] {task_command.py:467} INFO - Running <TaskInstance: my_first_dag_v3.second_task manual__2024-09-04T18:22:17.639165+00:00 [running]> on host f1e60abe9381
[2024-09-04T18:22:19.693+0000] {taskinstance.py:3122} INFO - Exporting env vars: AIRFLOW_CTX_DAG_OWNER='abhay' AIRFLOW_CTX_DAG_ID='my_first_dag_v3' AIRFLOW_CTX_TASK_ID='second_task' AIRFLOW_CTX_EXECUTION_DATE='2024-09-04T18:22:17.639165+00:00' AIRFLOW_CTX_TRY_NUMBER='1' AIRFLOW_CTX_DAG_RUN_ID='manual__2024-09-04T18:22:17.639165+00:00'
[2024-09-04T18:22:19.699+0000] {taskinstance.py:731} INFO - ::endgroup::
[2024-09-04T18:22:19.716+0000] {subprocess.py:63} INFO - Tmp dir root location: /tmp
[2024-09-04T18:22:19.723+0000] {subprocess.py:75} INFO - Running command: ['/usr/bin/bash', '-c', 'echo I am the second task!']
[2024-09-04T18:22:19.755+0000] {subprocess.py:86} INFO - Output:
[2024-09-04T18:22:19.757+0000] {subprocess.py:93} INFO - I am the second task!
[2024-09-04T18:22:19.759+0000] {subprocess.py:97} INFO - Command exited with return code 0
[2024-09-04T18:22:19.788+0000] {taskinstance.py:340} INFO - ::group::Post task execution logs
[2024-09-04T18:22:19.791+0000] {taskinstance.py:352} INFO - Marking task as SUCCESS. dag_id=my_first_dag_v3, task_id=second_task, run_id=manual__2024-09-04T18:22:17.639165+00:00, execution_date=20240904T182217, start_date=20240904T182219, end_date=20240904T182219
[2024-09-04T18:22:19.836+0000] {local_task_job_runner.py:261} INFO - Task exited with return code 0
[2024-09-04T18:22:19.869+0000] {local_task_job_runner.py:240} INFO - ::endgroup::
