[2024-09-02T16:29:15.907+0000] {local_task_job_runner.py:123} INFO - ::group::Pre task execution logs
[2024-09-02T16:29:15.920+0000] {taskinstance.py:2603} INFO - Dependencies all met for dep_context=non-requeueable deps ti=<TaskInstance: our_first_dag_v3.first_task manual__2024-09-02T16:29:14.452572+00:00 [queued]>
[2024-09-02T16:29:15.930+0000] {taskinstance.py:2603} INFO - Dependencies all met for dep_context=requeueable deps ti=<TaskInstance: our_first_dag_v3.first_task manual__2024-09-02T16:29:14.452572+00:00 [queued]>
[2024-09-02T16:29:15.932+0000] {taskinstance.py:2856} INFO - Starting attempt 1 of 6
[2024-09-02T16:29:15.942+0000] {taskinstance.py:2879} INFO - Executing <Task(BashOperator): first_task> on 2024-09-02 16:29:14.452572+00:00
[2024-09-02T16:29:15.950+0000] {logging_mixin.py:190} WARNING - /home/***/.local/lib/python3.12/site-packages/***/task/task_runner/standard_task_runner.py:70 DeprecationWarning: This process (pid=4307) is multi-threaded, use of fork() may lead to deadlocks in the child.
[2024-09-02T16:29:15.950+0000] {standard_task_runner.py:104} INFO - Running: ['***', 'tasks', 'run', 'our_first_dag_v3', 'first_task', 'manual__2024-09-02T16:29:14.452572+00:00', '--job-id', '16', '--raw', '--subdir', 'DAGS_FOLDER/our_first_dag.py', '--cfg-path', '/tmp/tmp6s8ks4d2']
[2024-09-02T16:29:15.953+0000] {standard_task_runner.py:72} INFO - Started process 4308 to run task
[2024-09-02T16:29:15.954+0000] {standard_task_runner.py:105} INFO - Job 16: Subtask first_task
[2024-09-02T16:29:15.988+0000] {task_command.py:467} INFO - Running <TaskInstance: our_first_dag_v3.first_task manual__2024-09-02T16:29:14.452572+00:00 [running]> on host cedbab6b7256
[2024-09-02T16:29:16.047+0000] {taskinstance.py:3122} INFO - Exporting env vars: AIRFLOW_CTX_DAG_OWNER='abhay' AIRFLOW_CTX_DAG_ID='our_first_dag_v3' AIRFLOW_CTX_TASK_ID='first_task' AIRFLOW_CTX_EXECUTION_DATE='2024-09-02T16:29:14.452572+00:00' AIRFLOW_CTX_TRY_NUMBER='1' AIRFLOW_CTX_DAG_RUN_ID='manual__2024-09-02T16:29:14.452572+00:00'
[2024-09-02T16:29:16.051+0000] {taskinstance.py:731} INFO - ::endgroup::
[2024-09-02T16:29:16.067+0000] {subprocess.py:63} INFO - Tmp dir root location: /tmp
[2024-09-02T16:29:16.069+0000] {subprocess.py:75} INFO - Running command: ['/usr/bin/bash', '-c', 'echo hello world, this is the first task!']
[2024-09-02T16:29:16.076+0000] {subprocess.py:86} INFO - Output:
[2024-09-02T16:29:16.079+0000] {subprocess.py:93} INFO - hello world, this is the first task!
[2024-09-02T16:29:16.080+0000] {subprocess.py:97} INFO - Command exited with return code 0
[2024-09-02T16:29:16.104+0000] {taskinstance.py:340} INFO - ::group::Post task execution logs
[2024-09-02T16:29:16.106+0000] {taskinstance.py:352} INFO - Marking task as SUCCESS. dag_id=our_first_dag_v3, task_id=first_task, run_id=manual__2024-09-02T16:29:14.452572+00:00, execution_date=20240902T162914, start_date=20240902T162915, end_date=20240902T162916
[2024-09-02T16:29:16.131+0000] {local_task_job_runner.py:261} INFO - Task exited with return code 0
[2024-09-02T16:29:16.146+0000] {taskinstance.py:3891} INFO - 1 downstream tasks scheduled from follow-on schedule check
[2024-09-02T16:29:16.148+0000] {local_task_job_runner.py:240} INFO - ::endgroup::
