[2024-09-04T18:22:01.653+0000] {local_task_job_runner.py:123} INFO - ::group::Pre task execution logs
[2024-09-04T18:22:01.684+0000] {taskinstance.py:2603} INFO - Dependencies all met for dep_context=non-requeueable deps ti=<TaskInstance: my_first_dag_v3.first_task manual__2024-09-04T18:22:00.450616+00:00 [queued]>
[2024-09-04T18:22:01.698+0000] {taskinstance.py:2603} INFO - Dependencies all met for dep_context=requeueable deps ti=<TaskInstance: my_first_dag_v3.first_task manual__2024-09-04T18:22:00.450616+00:00 [queued]>
[2024-09-04T18:22:01.699+0000] {taskinstance.py:2856} INFO - Starting attempt 1 of 6
[2024-09-04T18:22:01.714+0000] {taskinstance.py:2879} INFO - Executing <Task(BashOperator): first_task> on 2024-09-04 18:22:00.450616+00:00
[2024-09-04T18:22:01.739+0000] {logging_mixin.py:190} WARNING - /home/***/.local/lib/python3.12/site-packages/***/task/task_runner/standard_task_runner.py:70 DeprecationWarning: This process (pid=502) is multi-threaded, use of fork() may lead to deadlocks in the child.
[2024-09-04T18:22:01.739+0000] {standard_task_runner.py:104} INFO - Running: ['***', 'tasks', 'run', 'my_first_dag_v3', 'first_task', 'manual__2024-09-04T18:22:00.450616+00:00', '--job-id', '103', '--raw', '--subdir', 'DAGS_FOLDER/our_first_dag.py', '--cfg-path', '/tmp/tmp3o6d1xdf']
[2024-09-04T18:22:01.744+0000] {standard_task_runner.py:72} INFO - Started process 503 to run task
[2024-09-04T18:22:01.746+0000] {standard_task_runner.py:105} INFO - Job 103: Subtask first_task
[2024-09-04T18:22:01.816+0000] {task_command.py:467} INFO - Running <TaskInstance: my_first_dag_v3.first_task manual__2024-09-04T18:22:00.450616+00:00 [running]> on host f1e60abe9381
[2024-09-04T18:22:01.899+0000] {taskinstance.py:3122} INFO - Exporting env vars: AIRFLOW_CTX_DAG_OWNER='abhay' AIRFLOW_CTX_DAG_ID='my_first_dag_v3' AIRFLOW_CTX_TASK_ID='first_task' AIRFLOW_CTX_EXECUTION_DATE='2024-09-04T18:22:00.450616+00:00' AIRFLOW_CTX_TRY_NUMBER='1' AIRFLOW_CTX_DAG_RUN_ID='manual__2024-09-04T18:22:00.450616+00:00'
[2024-09-04T18:22:01.902+0000] {taskinstance.py:731} INFO - ::endgroup::
[2024-09-04T18:22:01.930+0000] {subprocess.py:63} INFO - Tmp dir root location: /tmp
[2024-09-04T18:22:01.932+0000] {subprocess.py:75} INFO - Running command: ['/usr/bin/bash', '-c', 'echo hello world, this is the first task!']
[2024-09-04T18:22:01.942+0000] {subprocess.py:86} INFO - Output:
[2024-09-04T18:22:01.944+0000] {subprocess.py:93} INFO - hello world, this is the first task!
[2024-09-04T18:22:01.945+0000] {subprocess.py:97} INFO - Command exited with return code 0
[2024-09-04T18:22:01.964+0000] {taskinstance.py:340} INFO - ::group::Post task execution logs
[2024-09-04T18:22:01.966+0000] {taskinstance.py:352} INFO - Marking task as SUCCESS. dag_id=my_first_dag_v3, task_id=first_task, run_id=manual__2024-09-04T18:22:00.450616+00:00, execution_date=20240904T182200, start_date=20240904T182201, end_date=20240904T182201
[2024-09-04T18:22:02.008+0000] {local_task_job_runner.py:261} INFO - Task exited with return code 0
[2024-09-04T18:22:02.031+0000] {taskinstance.py:3891} INFO - 2 downstream tasks scheduled from follow-on schedule check
[2024-09-04T18:22:02.033+0000] {local_task_job_runner.py:240} INFO - ::endgroup::
